[0.187s] Invoking command in '/workspaces/isaac_ros-dev/software/library_ws/build/sllidar_ros2': CMAKE_PREFIX_PATH=${CMAKE_PREFIX_PATH}:/workspaces/isaac_ros-dev/yahboomcar_ws2/install/yahboomcar_laser:/workspaces/isaac_ros-dev/yahboomcar_ws2/install/yahboomcar_description:/workspaces/isaac_ros-dev/yahboomcar_ws2/install/yahboomcar_ctrl:/workspaces/isaac_ros-dev/yahboomcar_ws2/install/yahboomcar_bringup:/workspaces/isaac_ros-dev/yahboomcar_ws2/install/robot_pose_publisher:/opt/ros/humble /usr/bin/cmake /workspaces/isaac_ros-dev/software/library_ws/src/sllidar_ros2 -DCMAKE_BUILD_TYPE=RelWithDebInfo -DAMENT_CMAKE_SYMLINK_INSTALL=1 -DCMAKE_INSTALL_PREFIX=/workspaces/isaac_ros-dev/software/library_ws/install/sllidar_ros2
[0.334s] -- The C compiler identification is GNU 9.4.0
[0.466s] -- The CXX compiler identification is GNU 9.4.0
[0.483s] -- Detecting C compiler ABI info
[0.631s] -- Detecting C compiler ABI info - done
[0.653s] -- Check for working C compiler: /usr/bin/cc - skipped
[0.654s] -- Detecting C compile features
[0.655s] -- Detecting C compile features - done
[0.662s] -- Detecting CXX compiler ABI info
[0.843s] -- Detecting CXX compiler ABI info - done
[0.858s] -- Check for working CXX compiler: /usr/bin/c++ - skipped
[0.858s] -- Detecting CXX compile features
[0.859s] -- Detecting CXX compile features - done
[0.868s] -- Found ament_cmake: 1.3.6 (/opt/ros/humble/share/ament_cmake/cmake)
[3.071s] -- Found Python3: /usr/bin/python3.8 (found version "3.8.10") found components: Interpreter 
[3.241s] -- Override CMake install command with custom implementation using symlinks instead of copying resources
[3.351s] -- Found rclcpp: 16.0.7 (/opt/ros/humble/share/rclcpp/cmake)
[3.494s] -- Found rosidl_generator_c: 3.1.5 (/opt/ros/humble/share/rosidl_generator_c/cmake)
[3.512s] -- Found rosidl_adapter: 3.1.5 (/opt/ros/humble/share/rosidl_adapter/cmake)
[3.537s] -- Found rosidl_generator_cpp: 3.1.5 (/opt/ros/humble/share/rosidl_generator_cpp/cmake)
[3.575s] -- Using all available rosidl_typesupport_c: rosidl_typesupport_fastrtps_c;rosidl_typesupport_introspection_c
[3.629s] -- Using all available rosidl_typesupport_cpp: rosidl_typesupport_fastrtps_cpp;rosidl_typesupport_introspection_cpp
[3.814s] -- Found rmw_implementation_cmake: 6.1.1 (/opt/ros/humble/share/rmw_implementation_cmake/cmake)
[3.824s] -- Found rmw_fastrtps_cpp: 6.2.5 (/opt/ros/humble/share/rmw_fastrtps_cpp/cmake)
[4.187s] -- Found OpenSSL: /usr/lib/aarch64-linux-gnu/libcrypto.so (found version "1.1.1f")  
[4.303s] -- Found FastRTPS: /opt/ros/humble/include  
[4.481s] -- Using RMW implementation 'rmw_fastrtps_cpp' as default
[4.515s] -- Looking for pthread.h
[4.671s] -- Looking for pthread.h - found
[4.676s] -- Performing Test CMAKE_HAVE_LIBC_PTHREAD
[4.819s] -- Performing Test CMAKE_HAVE_LIBC_PTHREAD - Failed
[4.819s] -- Looking for pthread_create in pthreads
[4.946s] -- Looking for pthread_create in pthreads - not found
[4.946s] -- Looking for pthread_create in pthread
[5.099s] -- Looking for pthread_create in pthread - found
[5.101s] -- Found Threads: TRUE  
[5.435s] -- Found sensor_msgs: 4.2.3 (/opt/ros/humble/share/sensor_msgs/cmake)
[5.692s] -- Found std_srvs: 4.2.3 (/opt/ros/humble/share/std_srvs/cmake)
[5.926s] -- Configuring done
[5.970s] -- Generating done
[5.973s] -- Build files have been written to: /workspaces/isaac_ros-dev/software/library_ws/build/sllidar_ros2
[6.005s] Invoked command in '/workspaces/isaac_ros-dev/software/library_ws/build/sllidar_ros2' returned '0': CMAKE_PREFIX_PATH=${CMAKE_PREFIX_PATH}:/workspaces/isaac_ros-dev/yahboomcar_ws2/install/yahboomcar_laser:/workspaces/isaac_ros-dev/yahboomcar_ws2/install/yahboomcar_description:/workspaces/isaac_ros-dev/yahboomcar_ws2/install/yahboomcar_ctrl:/workspaces/isaac_ros-dev/yahboomcar_ws2/install/yahboomcar_bringup:/workspaces/isaac_ros-dev/yahboomcar_ws2/install/robot_pose_publisher:/opt/ros/humble /usr/bin/cmake /workspaces/isaac_ros-dev/software/library_ws/src/sllidar_ros2 -DCMAKE_BUILD_TYPE=RelWithDebInfo -DAMENT_CMAKE_SYMLINK_INSTALL=1 -DCMAKE_INSTALL_PREFIX=/workspaces/isaac_ros-dev/software/library_ws/install/sllidar_ros2
[6.015s] Invoking command in '/workspaces/isaac_ros-dev/software/library_ws/build/sllidar_ros2': CMAKE_PREFIX_PATH=${CMAKE_PREFIX_PATH}:/workspaces/isaac_ros-dev/yahboomcar_ws2/install/yahboomcar_laser:/workspaces/isaac_ros-dev/yahboomcar_ws2/install/yahboomcar_description:/workspaces/isaac_ros-dev/yahboomcar_ws2/install/yahboomcar_ctrl:/workspaces/isaac_ros-dev/yahboomcar_ws2/install/yahboomcar_bringup:/workspaces/isaac_ros-dev/yahboomcar_ws2/install/robot_pose_publisher:/opt/ros/humble /usr/bin/cmake --build /workspaces/isaac_ros-dev/software/library_ws/build/sllidar_ros2 -- -j6 -l6
[6.094s] [  5%] [32mBuilding CXX object CMakeFiles/sllidar_client.dir/src/sllidar_client.cpp.o[0m
[6.100s] [ 10%] [32mBuilding CXX object CMakeFiles/sllidar_node.dir/sdk/src/arch/linux/net_serial.cpp.o[0m
[6.100s] [ 15%] [32mBuilding CXX object CMakeFiles/sllidar_node.dir/src/sllidar_node.cpp.o[0m
[7.127s] [ 20%] [32mBuilding CXX object CMakeFiles/sllidar_node.dir/sdk/src/dataunpacker/dataunpacker.cpp.o[0m
[7.923s] [01m[K/workspaces/isaac_ros-dev/software/library_ws/src/sllidar_ros2/sdk/src/arch/linux/net_serial.cpp:[m[K In member function ‘[01m[Kbool rp::arch::net::raw_serial::open(const char*, uint32_t, uint32_t)[m[K’:
[7.924s] [01m[K/workspaces/isaac_ros-dev/software/library_ws/src/sllidar_ros2/sdk/src/arch/linux/net_serial.cpp:97:74:[m[K [01;35m[Kwarning: [m[Kunused parameter ‘[01m[Kflags[m[K’ [[01;35m[K-Wunused-parameter[m[K]
[7.924s]    97 | bool raw_serial::open(const char * portname, uint32_t baudrate, [01;35m[Kuint32_t flags[m[K)
[7.924s]       |                                                                 [01;35m[K~~~~~~~~~^~~~~[m[K
[7.924s] [01m[K/workspaces/isaac_ros-dev/software/library_ws/src/sllidar_ros2/sdk/src/arch/linux/net_serial.cpp:[m[K In member function ‘[01m[Kvirtual void rp::arch::net::raw_serial::flush(_u32)[m[K’:
[7.924s] [01m[K/workspaces/isaac_ros-dev/software/library_ws/src/sllidar_ros2/sdk/src/arch/linux/net_serial.cpp:281:30:[m[K [01;35m[Kwarning: [m[Kunused parameter ‘[01m[Kflags[m[K’ [[01;35m[K-Wunused-parameter[m[K]
[7.924s]   281 | void raw_serial::flush( [01;35m[K_u32 flags[m[K)
[7.925s]       |                         [01;35m[K~~~~~^~~~~[m[K
[7.925s] [01m[K/workspaces/isaac_ros-dev/software/library_ws/src/sllidar_ros2/sdk/src/arch/linux/net_serial.cpp:[m[K In member function ‘[01m[Kvirtual int rp::arch::net::raw_serial::waitforsent(_u32, size_t*)[m[K’:
[7.925s] [01m[K/workspaces/isaac_ros-dev/software/library_ws/src/sllidar_ros2/sdk/src/arch/linux/net_serial.cpp:286:34:[m[K [01;35m[Kwarning: [m[Kunused parameter ‘[01m[Ktimeout[m[K’ [[01;35m[K-Wunused-parameter[m[K]
[7.925s]   286 | int raw_serial::waitforsent([01;35m[K_u32 timeout[m[K, size_t * returned_size)
[7.925s]       |                             [01;35m[K~~~~~^~~~~~~[m[K
[7.925s] [01m[K/workspaces/isaac_ros-dev/software/library_ws/src/sllidar_ros2/sdk/src/arch/linux/net_serial.cpp:[m[K In member function ‘[01m[Kvirtual int rp::arch::net::raw_serial::waitforrecv(_u32, size_t*)[m[K’:
[7.925s] [01m[K/workspaces/isaac_ros-dev/software/library_ws/src/sllidar_ros2/sdk/src/arch/linux/net_serial.cpp:292:34:[m[K [01;35m[Kwarning: [m[Kunused parameter ‘[01m[Ktimeout[m[K’ [[01;35m[K-Wunused-parameter[m[K]
[7.926s]   292 | int raw_serial::waitforrecv([01;35m[K_u32 timeout[m[K, size_t * returned_size)
[7.926s]       |                             [01;35m[K~~~~~^~~~~~~[m[K
[7.928s] [01m[K/workspaces/isaac_ros-dev/software/library_ws/src/sllidar_ros2/sdk/src/arch/linux/net_serial.cpp:[m[K In member function ‘[01m[Kvirtual void rp::arch::net::raw_serial::cancelOperation()[m[K’:
[7.928s] [01m[K/workspaces/isaac_ros-dev/software/library_ws/src/sllidar_ros2/sdk/src/arch/linux/net_serial.cpp:427:5:[m[K [01;35m[Kwarning: [m[Kvalue computed is not used [[01;35m[K-Wunused-value[m[K]
[7.928s]   427 |     [01;35m[K(int)::write(_selfpipe[1], "x", 1)[m[K;
[7.928s]       |     [01;35m[K^~~~~~~~~~~~~~~~~~~~~~~~~~~~~~~~~~[m[K
[8.174s] [01m[K/workspaces/isaac_ros-dev/software/library_ws/src/sllidar_ros2/sdk/src/arch/linux/net_serial.cpp:427:17:[m[K [01;35m[Kwarning: [m[Kignoring return value of ‘[01m[Kssize_t write(int, const void*, size_t)[m[K’, declared with attribute warn_unused_result [[01;35m[K-Wunused-result[m[K]
[8.174s]   427 |     (int)[01;35m[K::write(_selfpipe[1], "x", 1)[m[K;
[8.175s]       |          [01;35m[K~~~~~~~^~~~~~~~~~~~~~~~~~~~~~[m[K
[8.197s] [ 25%] [32mBuilding CXX object CMakeFiles/sllidar_node.dir/sdk/src/arch/linux/timer.cpp.o[0m
[8.274s] In file included from [01m[K/usr/include/string.h:495[m[K,
[8.275s]                  from [01m[K/workspaces/isaac_ros-dev/software/library_ws/src/sllidar_ros2/./sdk/src/arch/linux/arch_linux.h:40[m[K,
[8.275s]                  from [01m[K/workspaces/isaac_ros-dev/software/library_ws/src/sllidar_ros2/sdk/src/arch/linux/net_serial.cpp:35[m[K:
[8.275s] In function ‘[01m[Kchar* strncpy(char*, const char*, size_t)[m[K’,
[8.275s]     inlined from ‘[01m[Kvirtual bool rp::arch::net::raw_serial::bind(const char*, uint32_t, uint32_t)[m[K’ at [01m[K/workspaces/isaac_ros-dev/software/library_ws/src/sllidar_ros2/sdk/src/arch/linux/net_serial.cpp:91:12[m[K:
[8.275s] [01m[K/usr/include/aarch64-linux-gnu/bits/string_fortified.h:106:34:[m[K [01;35m[Kwarning: [m[K‘[01m[Kchar* __builtin_strncpy(char*, const char*, long unsigned int)[m[K’ specified bound 200 equals destination size [[01;35m[K-Wstringop-truncation[m[K]
[8.275s]   106 |   return [01;35m[K__builtin___strncpy_chk (__dest, __src, __len, __bos (__dest))[m[K;
[8.276s]       |          [01;35m[K~~~~~~~~~~~~~~~~~~~~~~~~^~~~~~~~~~~~~~~~~~~~~~~~~~~~~~~~~~~~~~[m[K
[8.699s] In file included from [01m[K/workspaces/isaac_ros-dev/software/library_ws/src/sllidar_ros2/./sdk/include/rplidar_protocol.h:36[m[K,
[8.699s]                  from [01m[K/workspaces/isaac_ros-dev/software/library_ws/src/sllidar_ros2/./sdk/include/rplidar.h:39[m[K,
[8.699s]                  from [01m[K/workspaces/isaac_ros-dev/software/library_ws/src/sllidar_ros2/./sdk/src/sdkcommon.h:49[m[K,
[8.700s]                  from [01m[K/workspaces/isaac_ros-dev/software/library_ws/src/sllidar_ros2/sdk/src/dataunpacker/dataunnpacker_commondef.h:41[m[K,
[8.700s]                  from [01m[K/workspaces/isaac_ros-dev/software/library_ws/src/sllidar_ros2/sdk/src/dataunpacker/dataunpacker.cpp:39[m[K:
[8.700s] [01m[K/workspaces/isaac_ros-dev/software/library_ws/src/sllidar_ros2/./sdk/include/sl_lidar_protocol.h:66:16:[m[K [01;35m[Kwarning: [m[KISO C++ forbids zero-size array ‘[01m[Kdata[m[K’ [[01;35m[K-Wpedantic[m[K]
[8.700s]    66 |     sl_u8 data[[01;35m[K0[m[K];
[8.706s]       |                [01;35m[K^[m[K
[8.710s] In file included from [01m[K/workspaces/isaac_ros-dev/software/library_ws/src/sllidar_ros2/./sdk/include/rplidar_cmd.h:36[m[K,
[8.711s]                  from [01m[K/workspaces/isaac_ros-dev/software/library_ws/src/sllidar_ros2/./sdk/include/rplidar.h:40[m[K,
[8.711s]                  from [01m[K/workspaces/isaac_ros-dev/software/library_ws/src/sllidar_ros2/./sdk/src/sdkcommon.h:49[m[K,
[8.711s]                  from [01m[K/workspaces/isaac_ros-dev/software/library_ws/src/sllidar_ros2/sdk/src/dataunpacker/dataunnpacker_commondef.h:41[m[K,
[8.711s]                  from [01m[K/workspaces/isaac_ros-dev/software/library_ws/src/sllidar_ros2/sdk/src/dataunpacker/dataunpacker.cpp:39[m[K:
[8.712s] [01m[K/workspaces/isaac_ros-dev/software/library_ws/src/sllidar_ros2/./sdk/include/sl_lidar_cmd.h:324:20:[m[K [01;35m[Kwarning: [m[KISO C++ forbids zero-size array ‘[01m[Kpayload[m[K’ [[01;35m[K-Wpedantic[m[K]
[8.712s]   324 |     sl_u8  payload[[01;35m[K0[m[K];
[8.712s]       |                    [01;35m[K^[m[K
[8.932s] [ 30%] [32mBuilding CXX object CMakeFiles/sllidar_node.dir/sdk/src/arch/linux/net_socket.cpp.o[0m
[9.272s] In file included from [01m[K/workspaces/isaac_ros-dev/software/library_ws/src/sllidar_ros2/sdk/src/dataunpacker/dataunpacker.cpp:40[m[K:
[9.273s] [01m[K/workspaces/isaac_ros-dev/software/library_ws/src/sllidar_ros2/sdk/src/dataunpacker/dataunpacker.h:[m[K In member function ‘[01m[Kvirtual void sl::internal::LIDARSampleDataListener::onCustomSampleDataDecoded(_u8, _u32, const void*, size_t)[m[K’:
[9.273s] [01m[K/workspaces/isaac_ros-dev/software/library_ws/src/sllidar_ros2/sdk/src/dataunpacker/dataunpacker.h:54:45:[m[K [01;35m[Kwarning: [m[Kunused parameter ‘[01m[KansType[m[K’ [[01;35m[K-Wunused-parameter[m[K]
[9.273s]    54 |  virtual void onCustomSampleDataDecoded([01;35m[K_u8 ansType[m[K, _u32 customCode, const void* data, size_t size) {}
[9.273s]       |                                         [01;35m[K~~~~^~~~~~~[m[K
[9.274s] [01m[K/workspaces/isaac_ros-dev/software/library_ws/src/sllidar_ros2/sdk/src/dataunpacker/dataunpacker.h:54:59:[m[K [01;35m[Kwarning: [m[Kunused parameter ‘[01m[KcustomCode[m[K’ [[01;35m[K-Wunused-parameter[m[K]
[9.274s]    54 |  virtual void onCustomSampleDataDecoded(_u8 ansType, [01;35m[K_u32 customCode[m[K, const void* data, size_t size) {}
[9.274s]       |                                                      [01;35m[K~~~~~^~~~~~~~~~[m[K
[9.274s] [01m[K/workspaces/isaac_ros-dev/software/library_ws/src/sllidar_ros2/sdk/src/dataunpacker/dataunpacker.h:54:83:[m[K [01;35m[Kwarning: [m[Kunused parameter ‘[01m[Kdata[m[K’ [[01;35m[K-Wunused-parameter[m[K]
[9.274s]    54 |  virtual void onCustomSampleDataDecoded(_u8 ansType, _u32 customCode, [01;35m[Kconst void* data[m[K, size_t size) {}
[9.279s]       |                                                                       [01;35m[K~~~~~~~~~~~~^~~~[m[K
[9.280s] [01m[K/workspaces/isaac_ros-dev/software/library_ws/src/sllidar_ros2/sdk/src/dataunpacker/dataunpacker.h:54:96:[m[K [01;35m[Kwarning: [m[Kunused parameter ‘[01m[Ksize[m[K’ [[01;35m[K-Wunused-parameter[m[K]
[9.281s]    54 |  virtual void onCustomSampleDataDecoded(_u8 ansType, _u32 customCode, const void* data, [01;35m[Ksize_t size[m[K) {}
[9.282s]       |                                                                                         [01;35m[K~~~~~~~^~~~[m[K
[9.283s] [01m[K/workspaces/isaac_ros-dev/software/library_ws/src/sllidar_ros2/sdk/src/dataunpacker/dataunpacker.h:[m[K In member function ‘[01m[Kvirtual void sl::internal::LIDARSampleDataListener::onDecodingError(int, _u8, const void*, size_t)[m[K’:
[9.283s] [01m[K/workspaces/isaac_ros-dev/software/library_ws/src/sllidar_ros2/sdk/src/dataunpacker/dataunpacker.h:56:35:[m[K [01;35m[Kwarning: [m[Kunused parameter ‘[01m[KerrMsg[m[K’ [[01;35m[K-Wunused-parameter[m[K]
[9.284s]    56 |  virtual void onDecodingError([01;35m[Kint errMsg[m[K, _u8 ansType, const void* payload, size_t size) {}
[9.285s]       |                               [01;35m[K~~~~^~~~~~[m[K
[9.285s] [01m[K/workspaces/isaac_ros-dev/software/library_ws/src/sllidar_ros2/sdk/src/dataunpacker/dataunpacker.h:56:47:[m[K [01;35m[Kwarning: [m[Kunused parameter ‘[01m[KansType[m[K’ [[01;35m[K-Wunused-parameter[m[K]
[9.285s]    56 |  virtual void onDecodingError(int errMsg, [01;35m[K_u8 ansType[m[K, const void* payload, size_t size) {}
[9.285s]       |                                           [01;35m[K~~~~^~~~~~~[m[K
[9.288s] [01m[K/workspaces/isaac_ros-dev/software/library_ws/src/sllidar_ros2/sdk/src/dataunpacker/dataunpacker.h:56:68:[m[K [01;35m[Kwarning: [m[Kunused parameter ‘[01m[Kpayload[m[K’ [[01;35m[K-Wunused-parameter[m[K]
[9.288s]    56 |  virtual void onDecodingError(int errMsg, _u8 ansType, [01;35m[Kconst void* payload[m[K, size_t size) {}
[9.289s]       |                                                        [01;35m[K~~~~~~~~~~~~^~~~~~~[m[K
[9.289s] [01m[K/workspaces/isaac_ros-dev/software/library_ws/src/sllidar_ros2/sdk/src/dataunpacker/dataunpacker.h:56:84:[m[K [01;35m[Kwarning: [m[Kunused parameter ‘[01m[Ksize[m[K’ [[01;35m[K-Wunused-parameter[m[K]
[9.289s]    56 |  virtual void onDecodingError(int errMsg, _u8 ansType, const void* payload, [01;35m[Ksize_t size[m[K) {}
[9.289s]       |                                                                             [01;35m[K~~~~~~~^~~~[m[K
[9.978s] [ 35%] [32mBuilding CXX object CMakeFiles/sllidar_node.dir/sdk/src/dataunpacker/unpacker/handler_capsules.cpp.o[0m
[10.059s] [ 40%] [32mBuilding CXX object CMakeFiles/sllidar_node.dir/sdk/src/dataunpacker/unpacker/handler_hqnode.cpp.o[0m
[10.866s] In file included from [01m[K/workspaces/isaac_ros-dev/software/library_ws/src/sllidar_ros2/./sdk/include/rplidar_protocol.h:36[m[K,
[10.867s]                  from [01m[K/workspaces/isaac_ros-dev/software/library_ws/src/sllidar_ros2/./sdk/include/rplidar.h:39[m[K,
[10.868s]                  from [01m[K/workspaces/isaac_ros-dev/software/library_ws/src/sllidar_ros2/./sdk/src/sdkcommon.h:49[m[K,
[10.869s]                  from [01m[K/workspaces/isaac_ros-dev/software/library_ws/src/sllidar_ros2/sdk/src/arch/linux/net_socket.cpp:10[m[K:
[10.870s] [01m[K/workspaces/isaac_ros-dev/software/library_ws/src/sllidar_ros2/./sdk/include/sl_lidar_protocol.h:66:16:[m[K [01;35m[Kwarning: [m[KISO C++ forbids zero-size array ‘[01m[Kdata[m[K’ [[01;35m[K-Wpedantic[m[K]
[10.872s]    66 |     sl_u8 data[[01;35m[K0[m[K];
[10.873s]       |                [01;35m[K^[m[K
[10.880s] In file included from [01m[K/workspaces/isaac_ros-dev/software/library_ws/src/sllidar_ros2/./sdk/include/rplidar_cmd.h:36[m[K,
[10.883s]                  from [01m[K/workspaces/isaac_ros-dev/software/library_ws/src/sllidar_ros2/./sdk/include/rplidar.h:40[m[K,
[10.884s]                  from [01m[K/workspaces/isaac_ros-dev/software/library_ws/src/sllidar_ros2/./sdk/src/sdkcommon.h:49[m[K,
[10.885s]                  from [01m[K/workspaces/isaac_ros-dev/software/library_ws/src/sllidar_ros2/sdk/src/arch/linux/net_socket.cpp:10[m[K:
[10.887s] [01m[K/workspaces/isaac_ros-dev/software/library_ws/src/sllidar_ros2/./sdk/include/sl_lidar_cmd.h:324:20:[m[K [01;35m[Kwarning: [m[KISO C++ forbids zero-size array ‘[01m[Kpayload[m[K’ [[01;35m[K-Wpedantic[m[K]
[10.900s]   324 |     sl_u8  payload[[01;35m[K0[m[K];
[10.901s]       |                    [01;35m[K^[m[K
[11.667s] In file included from [01m[K/workspaces/isaac_ros-dev/software/library_ws/src/sllidar_ros2/./sdk/include/rplidar_protocol.h:36[m[K,
[11.668s]                  from [01m[K/workspaces/isaac_ros-dev/software/library_ws/src/sllidar_ros2/./sdk/include/rplidar.h:39[m[K,
[11.669s]                  from [01m[K/workspaces/isaac_ros-dev/software/library_ws/src/sllidar_ros2/./sdk/src/sdkcommon.h:49[m[K,
[11.669s]                  from [01m[K/workspaces/isaac_ros-dev/software/library_ws/src/sllidar_ros2/sdk/src/dataunpacker/unpacker/../dataunnpacker_commondef.h:41[m[K,
[11.669s]                  from [01m[K/workspaces/isaac_ros-dev/software/library_ws/src/sllidar_ros2/sdk/src/dataunpacker/unpacker/handler_hqnode.cpp:39[m[K:
[11.670s] [01m[K/workspaces/isaac_ros-dev/software/library_ws/src/sllidar_ros2/./sdk/include/sl_lidar_protocol.h:66:16:[m[K [01;35m[Kwarning: [m[KISO C++ forbids zero-size array ‘[01m[Kdata[m[K’ [[01;35m[K-Wpedantic[m[K]
[11.670s]    66 |     sl_u8 data[[01;35m[K0[m[K];
[11.670s]       |                [01;35m[K^[m[K
[11.670s] In file included from [01m[K/workspaces/isaac_ros-dev/software/library_ws/src/sllidar_ros2/./sdk/include/rplidar_cmd.h:36[m[K,
[11.671s]                  from [01m[K/workspaces/isaac_ros-dev/software/library_ws/src/sllidar_ros2/./sdk/include/rplidar.h:40[m[K,
[11.671s]                  from [01m[K/workspaces/isaac_ros-dev/software/library_ws/src/sllidar_ros2/./sdk/src/sdkcommon.h:49[m[K,
[11.671s]                  from [01m[K/workspaces/isaac_ros-dev/software/library_ws/src/sllidar_ros2/sdk/src/dataunpacker/unpacker/../dataunnpacker_commondef.h:41[m[K,
[11.671s]                  from [01m[K/workspaces/isaac_ros-dev/software/library_ws/src/sllidar_ros2/sdk/src/dataunpacker/unpacker/handler_hqnode.cpp:39[m[K:
[11.671s] [01m[K/workspaces/isaac_ros-dev/software/library_ws/src/sllidar_ros2/./sdk/include/sl_lidar_cmd.h:324:20:[m[K [01;35m[Kwarning: [m[KISO C++ forbids zero-size array ‘[01m[Kpayload[m[K’ [[01;35m[K-Wpedantic[m[K]
[11.671s]   324 |     sl_u8  payload[[01;35m[K0[m[K];
[11.672s]       |                    [01;35m[K^[m[K
[11.846s] In file included from [01m[K/workspaces/isaac_ros-dev/software/library_ws/src/sllidar_ros2/./sdk/include/rplidar_protocol.h:36[m[K,
[11.847s]                  from [01m[K/workspaces/isaac_ros-dev/software/library_ws/src/sllidar_ros2/./sdk/include/rplidar.h:39[m[K,
[11.847s]                  from [01m[K/workspaces/isaac_ros-dev/software/library_ws/src/sllidar_ros2/./sdk/src/sdkcommon.h:49[m[K,
[11.847s]                  from [01m[K/workspaces/isaac_ros-dev/software/library_ws/src/sllidar_ros2/sdk/src/dataunpacker/unpacker/../dataunnpacker_commondef.h:41[m[K,
[11.847s]                  from [01m[K/workspaces/isaac_ros-dev/software/library_ws/src/sllidar_ros2/sdk/src/dataunpacker/unpacker/handler_capsules.cpp:39[m[K:
[11.847s] [01m[K/workspaces/isaac_ros-dev/software/library_ws/src/sllidar_ros2/./sdk/include/sl_lidar_protocol.h:66:16:[m[K [01;35m[Kwarning: [m[KISO C++ forbids zero-size array ‘[01m[Kdata[m[K’ [[01;35m[K-Wpedantic[m[K]
[11.847s]    66 |     sl_u8 data[[01;35m[K0[m[K];
[11.847s]       |                [01;35m[K^[m[K
[11.854s] In file included from [01m[K/workspaces/isaac_ros-dev/software/library_ws/src/sllidar_ros2/./sdk/include/rplidar_cmd.h:36[m[K,
[11.854s]                  from [01m[K/workspaces/isaac_ros-dev/software/library_ws/src/sllidar_ros2/./sdk/include/rplidar.h:40[m[K,
[11.854s]                  from [01m[K/workspaces/isaac_ros-dev/software/library_ws/src/sllidar_ros2/./sdk/src/sdkcommon.h:49[m[K,
[11.854s]                  from [01m[K/workspaces/isaac_ros-dev/software/library_ws/src/sllidar_ros2/sdk/src/dataunpacker/unpacker/../dataunnpacker_commondef.h:41[m[K,
[11.855s]                  from [01m[K/workspaces/isaac_ros-dev/software/library_ws/src/sllidar_ros2/sdk/src/dataunpacker/unpacker/handler_capsules.cpp:39[m[K:
[11.855s] [01m[K/workspaces/isaac_ros-dev/software/library_ws/src/sllidar_ros2/./sdk/include/sl_lidar_cmd.h:324:20:[m[K [01;35m[Kwarning: [m[KISO C++ forbids zero-size array ‘[01m[Kpayload[m[K’ [[01;35m[K-Wpedantic[m[K]
[11.855s]   324 |     sl_u8  payload[[01;35m[K0[m[K];
[11.855s]       |                    [01;35m[K^[m[K
[12.325s] In file included from [01m[K/workspaces/isaac_ros-dev/software/library_ws/src/sllidar_ros2/sdk/src/dataunpacker/unpacker/handler_hqnode.cpp:40[m[K:
[12.325s] [01m[K/workspaces/isaac_ros-dev/software/library_ws/src/sllidar_ros2/sdk/src/dataunpacker/unpacker/../dataunpacker.h:[m[K In member function ‘[01m[Kvirtual void sl::internal::LIDARSampleDataListener::onCustomSampleDataDecoded(_u8, _u32, const void*, size_t)[m[K’:
[12.325s] [01m[K/workspaces/isaac_ros-dev/software/library_ws/src/sllidar_ros2/sdk/src/dataunpacker/unpacker/../dataunpacker.h:54:45:[m[K [01;35m[Kwarning: [m[Kunused parameter ‘[01m[KansType[m[K’ [[01;35m[K-Wunused-parameter[m[K]
[12.326s]    54 |  virtual void onCustomSampleDataDecoded([01;35m[K_u8 ansType[m[K, _u32 customCode, const void* data, size_t size) {}
[12.326s]       |                                         [01;35m[K~~~~^~~~~~~[m[K
[12.326s] [01m[K/workspaces/isaac_ros-dev/software/library_ws/src/sllidar_ros2/sdk/src/dataunpacker/unpacker/../dataunpacker.h:54:59:[m[K [01;35m[Kwarning: [m[Kunused parameter ‘[01m[KcustomCode[m[K’ [[01;35m[K-Wunused-parameter[m[K]
[12.326s]    54 |  virtual void onCustomSampleDataDecoded(_u8 ansType, [01;35m[K_u32 customCode[m[K, const void* data, size_t size) {}
[12.326s]       |                                                      [01;35m[K~~~~~^~~~~~~~~~[m[K
[12.326s] [01m[K/workspaces/isaac_ros-dev/software/library_ws/src/sllidar_ros2/sdk/src/dataunpacker/unpacker/../dataunpacker.h:54:83:[m[K [01;35m[Kwarning: [m[Kunused parameter ‘[01m[Kdata[m[K’ [[01;35m[K-Wunused-parameter[m[K]
[12.327s]    54 |  virtual void onCustomSampleDataDecoded(_u8 ansType, _u32 customCode, [01;35m[Kconst void* data[m[K, size_t size) {}
[12.327s]       |                                                                       [01;35m[K~~~~~~~~~~~~^~~~[m[K
[12.327s] [01m[K/workspaces/isaac_ros-dev/software/library_ws/src/sllidar_ros2/sdk/src/dataunpacker/unpacker/../dataunpacker.h:54:96:[m[K [01;35m[Kwarning: [m[Kunused parameter ‘[01m[Ksize[m[K’ [[01;35m[K-Wunused-parameter[m[K]
[12.327s]    54 |  virtual void onCustomSampleDataDecoded(_u8 ansType, _u32 customCode, const void* data, [01;35m[Ksize_t size[m[K) {}
[12.327s]       |                                                                                         [01;35m[K~~~~~~~^~~~[m[K
[12.327s] [01m[K/workspaces/isaac_ros-dev/software/library_ws/src/sllidar_ros2/sdk/src/dataunpacker/unpacker/../dataunpacker.h:[m[K In member function ‘[01m[Kvirtual void sl::internal::LIDARSampleDataListener::onDecodingError(int, _u8, const void*, size_t)[m[K’:
[12.327s] [01m[K/workspaces/isaac_ros-dev/software/library_ws/src/sllidar_ros2/sdk/src/dataunpacker/unpacker/../dataunpacker.h:56:35:[m[K [01;35m[Kwarning: [m[Kunused parameter ‘[01m[KerrMsg[m[K’ [[01;35m[K-Wunused-parameter[m[K]
[12.328s]    56 |  virtual void onDecodingError([01;35m[Kint errMsg[m[K, _u8 ansType, const void* payload, size_t size) {}
[12.328s]       |                               [01;35m[K~~~~^~~~~~[m[K
[12.328s] [01m[K/workspaces/isaac_ros-dev/software/library_ws/src/sllidar_ros2/sdk/src/dataunpacker/unpacker/../dataunpacker.h:56:47:[m[K [01;35m[Kwarning: [m[Kunused parameter ‘[01m[KansType[m[K’ [[01;35m[K-Wunused-parameter[m[K]
[12.328s]    56 |  virtual void onDecodingError(int errMsg, [01;35m[K_u8 ansType[m[K, const void* payload, size_t size) {}
[12.328s]       |                                           [01;35m[K~~~~^~~~~~~[m[K
[12.328s] [01m[K/workspaces/isaac_ros-dev/software/library_ws/src/sllidar_ros2/sdk/src/dataunpacker/unpacker/../dataunpacker.h:56:68:[m[K [01;35m[Kwarning: [m[Kunused parameter ‘[01m[Kpayload[m[K’ [[01;35m[K-Wunused-parameter[m[K]
[12.328s]    56 |  virtual void onDecodingError(int errMsg, _u8 ansType, [01;35m[Kconst void* payload[m[K, size_t size) {}
[12.328s]       |                                                        [01;35m[K~~~~~~~~~~~~^~~~~~~[m[K
[12.329s] [01m[K/workspaces/isaac_ros-dev/software/library_ws/src/sllidar_ros2/sdk/src/dataunpacker/unpacker/../dataunpacker.h:56:84:[m[K [01;35m[Kwarning: [m[Kunused parameter ‘[01m[Ksize[m[K’ [[01;35m[K-Wunused-parameter[m[K]
[12.329s]    56 |  virtual void onDecodingError(int errMsg, _u8 ansType, const void* payload, [01;35m[Ksize_t size[m[K) {}
[12.329s]       |                                                                             [01;35m[K~~~~~~~^~~~[m[K
[12.338s] [01m[K/workspaces/isaac_ros-dev/software/library_ws/src/sllidar_ros2/sdk/src/dataunpacker/unpacker/handler_hqnode.cpp:[m[K In member function ‘[01m[Kvirtual void sl::internal::unpacker::UnpackerHandler_HQNode::onUnpackerContextSet(sl::internal::LIDARSampleDataUnpacker::UnpackerContextType, const void*, size_t)[m[K’:
[12.345s] [01m[K/workspaces/isaac_ros-dev/software/library_ws/src/sllidar_ros2/sdk/src/dataunpacker/unpacker/handler_hqnode.cpp:177:127:[m[K [01;35m[Kwarning: [m[Kunused parameter ‘[01m[Ksize[m[K’ [[01;35m[K-Wunused-parameter[m[K]
[12.345s]   177 | void UnpackerHandler_HQNode::onUnpackerContextSet(LIDARSampleDataUnpacker::UnpackerContextType type, const void* data, [01;35m[Ksize_t size[m[K)
[12.345s]       |                                                                                                                        [01;35m[K~~~~~~~^~~~[m[K
[12.558s] In file included from [01m[K/workspaces/isaac_ros-dev/software/library_ws/src/sllidar_ros2/sdk/src/dataunpacker/unpacker/handler_capsules.cpp:40[m[K:
[12.559s] [01m[K/workspaces/isaac_ros-dev/software/library_ws/src/sllidar_ros2/sdk/src/dataunpacker/unpacker/../dataunpacker.h:[m[K In member function ‘[01m[Kvirtual void sl::internal::LIDARSampleDataListener::onCustomSampleDataDecoded(_u8, _u32, const void*, size_t)[m[K’:
[12.559s] [01m[K/workspaces/isaac_ros-dev/software/library_ws/src/sllidar_ros2/sdk/src/dataunpacker/unpacker/../dataunpacker.h:54:45:[m[K [01;35m[Kwarning: [m[Kunused parameter ‘[01m[KansType[m[K’ [[01;35m[K-Wunused-parameter[m[K]
[12.560s]    54 |  virtual void onCustomSampleDataDecoded([01;35m[K_u8 ansType[m[K, _u32 customCode, const void* data, size_t size) {}
[12.560s]       |                                         [01;35m[K~~~~^~~~~~~[m[K
[12.560s] [01m[K/workspaces/isaac_ros-dev/software/library_ws/src/sllidar_ros2/sdk/src/dataunpacker/unpacker/../dataunpacker.h:54:59:[m[K [01;35m[Kwarning: [m[Kunused parameter ‘[01m[KcustomCode[m[K’ [[01;35m[K-Wunused-parameter[m[K]
[12.560s]    54 |  virtual void onCustomSampleDataDecoded(_u8 ansType, [01;35m[K_u32 customCode[m[K, const void* data, size_t size) {}
[12.560s]       |                                                      [01;35m[K~~~~~^~~~~~~~~~[m[K
[12.560s] [01m[K/workspaces/isaac_ros-dev/software/library_ws/src/sllidar_ros2/sdk/src/dataunpacker/unpacker/../dataunpacker.h:54:83:[m[K [01;35m[Kwarning: [m[Kunused parameter ‘[01m[Kdata[m[K’ [[01;35m[K-Wunused-parameter[m[K]
[12.561s]    54 |  virtual void onCustomSampleDataDecoded(_u8 ansType, _u32 customCode, [01;35m[Kconst void* data[m[K, size_t size) {}
[12.561s]       |                                                                       [01;35m[K~~~~~~~~~~~~^~~~[m[K
[12.561s] [01m[K/workspaces/isaac_ros-dev/software/library_ws/src/sllidar_ros2/sdk/src/dataunpacker/unpacker/../dataunpacker.h:54:96:[m[K [01;35m[Kwarning: [m[Kunused parameter ‘[01m[Ksize[m[K’ [[01;35m[K-Wunused-parameter[m[K]
[12.561s]    54 |  virtual void onCustomSampleDataDecoded(_u8 ansType, _u32 customCode, const void* data, [01;35m[Ksize_t size[m[K) {}
[12.561s]       |                                                                                         [01;35m[K~~~~~~~^~~~[m[K
[12.561s] [01m[K/workspaces/isaac_ros-dev/software/library_ws/src/sllidar_ros2/sdk/src/dataunpacker/unpacker/../dataunpacker.h:[m[K In member function ‘[01m[Kvirtual void sl::internal::LIDARSampleDataListener::onDecodingError(int, _u8, const void*, size_t)[m[K’:
[12.561s] [01m[K/workspaces/isaac_ros-dev/software/library_ws/src/sllidar_ros2/sdk/src/dataunpacker/unpacker/../dataunpacker.h:56:35:[m[K [01;35m[Kwarning: [m[Kunused parameter ‘[01m[KerrMsg[m[K’ [[01;35m[K-Wunused-parameter[m[K]
[12.561s]    56 |  virtual void onDecodingError([01;35m[Kint errMsg[m[K, _u8 ansType, const void* payload, size_t size) {}
[12.562s]       |                               [01;35m[K~~~~^~~~~~[m[K
[12.562s] [01m[K/workspaces/isaac_ros-dev/software/library_ws/src/sllidar_ros2/sdk/src/dataunpacker/unpacker/../dataunpacker.h:56:47:[m[K [01;35m[Kwarning: [m[Kunused parameter ‘[01m[KansType[m[K’ [[01;35m[K-Wunused-parameter[m[K]
[12.562s]    56 |  virtual void onDecodingError(int errMsg, [01;35m[K_u8 ansType[m[K, const void* payload, size_t size) {}
[12.562s]       |                                           [01;35m[K~~~~^~~~~~~[m[K
[12.562s] [01m[K/workspaces/isaac_ros-dev/software/library_ws/src/sllidar_ros2/sdk/src/dataunpacker/unpacker/../dataunpacker.h:56:68:[m[K [01;35m[Kwarning: [m[Kunused parameter ‘[01m[Kpayload[m[K’ [[01;35m[K-Wunused-parameter[m[K]
[12.562s]    56 |  virtual void onDecodingError(int errMsg, _u8 ansType, [01;35m[Kconst void* payload[m[K, size_t size) {}
[12.563s]       |                                                        [01;35m[K~~~~~~~~~~~~^~~~~~~[m[K
[12.563s] [01m[K/workspaces/isaac_ros-dev/software/library_ws/src/sllidar_ros2/sdk/src/dataunpacker/unpacker/../dataunpacker.h:56:84:[m[K [01;35m[Kwarning: [m[Kunused parameter ‘[01m[Ksize[m[K’ [[01;35m[K-Wunused-parameter[m[K]
[12.563s]    56 |  virtual void onDecodingError(int errMsg, _u8 ansType, const void* payload, [01;35m[Ksize_t size[m[K) {}
[12.563s]       |                                                                             [01;35m[K~~~~~~~^~~~[m[K
[12.585s] [01m[K/workspaces/isaac_ros-dev/software/library_ws/src/sllidar_ros2/sdk/src/dataunpacker/unpacker/handler_capsules.cpp:[m[K In member function ‘[01m[Kvirtual void sl::internal::unpacker::UnpackerHandler_CapsuleNode::onUnpackerContextSet(sl::internal::LIDARSampleDataUnpacker::UnpackerContextType, const void*, size_t)[m[K’:
[12.585s] [01m[K/workspaces/isaac_ros-dev/software/library_ws/src/sllidar_ros2/sdk/src/dataunpacker/unpacker/handler_capsules.cpp:93:132:[m[K [01;35m[Kwarning: [m[Kunused parameter ‘[01m[Ksize[m[K’ [[01;35m[K-Wunused-parameter[m[K]
[12.586s]    93 | void UnpackerHandler_CapsuleNode::onUnpackerContextSet(LIDARSampleDataUnpacker::UnpackerContextType type, const void* data, [01;35m[Ksize_t size[m[K)
[12.586s]       |                                                                                                                             [01;35m[K~~~~~~~^~~~[m[K
[12.594s] [01m[K/workspaces/isaac_ros-dev/software/library_ws/src/sllidar_ros2/sdk/src/dataunpacker/unpacker/handler_capsules.cpp:[m[K In member function ‘[01m[Kvirtual void sl::internal::unpacker::UnpackerHandler_UltraCapsuleNode::onUnpackerContextSet(sl::internal::LIDARSampleDataUnpacker::UnpackerContextType, const void*, size_t)[m[K’:
[12.594s] [01m[K/workspaces/isaac_ros-dev/software/library_ws/src/sllidar_ros2/sdk/src/dataunpacker/unpacker/handler_capsules.cpp:310:137:[m[K [01;35m[Kwarning: [m[Kunused parameter ‘[01m[Ksize[m[K’ [[01;35m[K-Wunused-parameter[m[K]
[12.594s]   310 | void UnpackerHandler_UltraCapsuleNode::onUnpackerContextSet(LIDARSampleDataUnpacker::UnpackerContextType type, const void* data, [01;35m[Ksize_t size[m[K)
[12.595s]       |                                                                                                                                  [01;35m[K~~~~~~~^~~~[m[K
[12.607s] [01m[K/workspaces/isaac_ros-dev/software/library_ws/src/sllidar_ros2/sdk/src/dataunpacker/unpacker/handler_capsules.cpp:[m[K In member function ‘[01m[Kvirtual void sl::internal::unpacker::UnpackerHandler_DenseCapsuleNode::onUnpackerContextSet(sl::internal::LIDARSampleDataUnpacker::UnpackerContextType, const void*, size_t)[m[K’:
[12.612s] [01m[K/workspaces/isaac_ros-dev/software/library_ws/src/sllidar_ros2/sdk/src/dataunpacker/unpacker/handler_capsules.cpp:624:137:[m[K [01;35m[Kwarning: [m[Kunused parameter ‘[01m[Ksize[m[K’ [[01;35m[K-Wunused-parameter[m[K]
[12.612s]   624 | void UnpackerHandler_DenseCapsuleNode::onUnpackerContextSet(LIDARSampleDataUnpacker::UnpackerContextType type, const void* data, [01;35m[Ksize_t size[m[K)
[12.612s]       |                                                                                                                                  [01;35m[K~~~~~~~^~~~[m[K
[12.618s] [01m[K/workspaces/isaac_ros-dev/software/library_ws/src/sllidar_ros2/sdk/src/dataunpacker/unpacker/handler_capsules.cpp:[m[K In member function ‘[01m[Kvoid sl::internal::unpacker::UnpackerHandler_DenseCapsuleNode::_onScanNodeDenseCapsuleData(rplidar_response_dense_capsule_measurement_nodes_t&, sl::internal::LIDARSampleDataUnpackerInner*)[m[K’:
[12.619s] [01m[K/workspaces/isaac_ros-dev/software/library_ws/src/sllidar_ros2/sdk/src/dataunpacker/unpacker/handler_capsules.cpp:763:108:[m[K [01;35m[Kwarning: [m[Ktype qualifiers ignored on cast result type [[01;35m[K-Wignored-qualifiers[m[K]
[12.619s]   763 |             const int dist = static_cast<const int>(_cached_previous_dense_capsuledata.cabins[pos].distance[01;35m[K)[m[K;
[12.619s]       |                                                                                                            [01;35m[K^[m[K
[12.623s] [01m[K/workspaces/isaac_ros-dev/software/library_ws/src/sllidar_ros2/sdk/src/dataunpacker/unpacker/handler_capsules.cpp:[m[K In member function ‘[01m[Kvirtual void sl::internal::unpacker::UnpackerHandler_UltraDenseCapsuleNode::onUnpackerContextSet(sl::internal::LIDARSampleDataUnpacker::UnpackerContextType, const void*, size_t)[m[K’:
[12.625s] [01m[K/workspaces/isaac_ros-dev/software/library_ws/src/sllidar_ros2/sdk/src/dataunpacker/unpacker/handler_capsules.cpp:838:142:[m[K [01;35m[Kwarning: [m[Kunused parameter ‘[01m[Ksize[m[K’ [[01;35m[K-Wunused-parameter[m[K]
[12.625s]   838 | void UnpackerHandler_UltraDenseCapsuleNode::onUnpackerContextSet(LIDARSampleDataUnpacker::UnpackerContextType type, const void* data, [01;35m[Ksize_t size[m[K)
[12.625s]       |                                                                                                                                       [01;35m[K~~~~~~~^~~~[m[K
[15.361s] In file included from [01m[K/workspaces/isaac_ros-dev/software/library_ws/src/sllidar_ros2/./sdk/include/sl_lidar_cmd.h:41[m[K,
[15.361s]                  from [01m[K/workspaces/isaac_ros-dev/software/library_ws/src/sllidar_ros2/./sdk/include/sl_lidar_driver.h:54[m[K,
[15.361s]                  from [01m[K/workspaces/isaac_ros-dev/software/library_ws/src/sllidar_ros2/./sdk/include/sl_lidar.h:36[m[K,
[15.361s]                  from [01m[K/workspaces/isaac_ros-dev/software/library_ws/src/sllidar_ros2/src/sllidar_node.cpp:38[m[K:
[15.361s] [01m[K/workspaces/isaac_ros-dev/software/library_ws/src/sllidar_ros2/./sdk/include/sl_lidar_protocol.h:66:16:[m[K [01;35m[Kwarning: [m[KISO C++ forbids zero-size array ‘[01m[Kdata[m[K’ [[01;35m[K-Wpedantic[m[K]
[15.362s]    66 |     sl_u8 data[[01;35m[K0[m[K];
[15.362s]       |                [01;35m[K^[m[K
[15.366s] In file included from [01m[K/workspaces/isaac_ros-dev/software/library_ws/src/sllidar_ros2/./sdk/include/sl_lidar_driver.h:54[m[K,
[15.366s]                  from [01m[K/workspaces/isaac_ros-dev/software/library_ws/src/sllidar_ros2/./sdk/include/sl_lidar.h:36[m[K,
[15.367s]                  from [01m[K/workspaces/isaac_ros-dev/software/library_ws/src/sllidar_ros2/src/sllidar_node.cpp:38[m[K:
[15.367s] [01m[K/workspaces/isaac_ros-dev/software/library_ws/src/sllidar_ros2/./sdk/include/sl_lidar_cmd.h:324:20:[m[K [01;35m[Kwarning: [m[KISO C++ forbids zero-size array ‘[01m[Kpayload[m[K’ [[01;35m[K-Wpedantic[m[K]
[15.367s]   324 |     sl_u8  payload[[01;35m[K0[m[K];
[15.374s]       |                    [01;35m[K^[m[K
[38.857s] [ 45%] [32mBuilding CXX object CMakeFiles/sllidar_node.dir/sdk/src/sl_async_transceiver.cpp.o[0m
[40.083s] In file included from [01m[K/workspaces/isaac_ros-dev/software/library_ws/src/sllidar_ros2/./sdk/include/rplidar_protocol.h:36[m[K,
[40.085s]                  from [01m[K/workspaces/isaac_ros-dev/software/library_ws/src/sllidar_ros2/./sdk/include/rplidar.h:39[m[K,
[40.085s]                  from [01m[K/workspaces/isaac_ros-dev/software/library_ws/src/sllidar_ros2/sdk/src/sdkcommon.h:49[m[K,
[40.085s]                  from [01m[K/workspaces/isaac_ros-dev/software/library_ws/src/sllidar_ros2/sdk/src/sl_async_transceiver.cpp:35[m[K:
[40.085s] [01m[K/workspaces/isaac_ros-dev/software/library_ws/src/sllidar_ros2/./sdk/include/sl_lidar_protocol.h:66:16:[m[K [01;35m[Kwarning: [m[KISO C++ forbids zero-size array ‘[01m[Kdata[m[K’ [[01;35m[K-Wpedantic[m[K]
[40.085s]    66 |     sl_u8 data[[01;35m[K0[m[K];
[40.086s]       |                [01;35m[K^[m[K
[40.089s] In file included from [01m[K/workspaces/isaac_ros-dev/software/library_ws/src/sllidar_ros2/./sdk/include/rplidar_cmd.h:36[m[K,
[40.089s]                  from [01m[K/workspaces/isaac_ros-dev/software/library_ws/src/sllidar_ros2/./sdk/include/rplidar.h:40[m[K,
[40.089s]                  from [01m[K/workspaces/isaac_ros-dev/software/library_ws/src/sllidar_ros2/sdk/src/sdkcommon.h:49[m[K,
[40.089s]                  from [01m[K/workspaces/isaac_ros-dev/software/library_ws/src/sllidar_ros2/sdk/src/sl_async_transceiver.cpp:35[m[K:
[40.089s] [01m[K/workspaces/isaac_ros-dev/software/library_ws/src/sllidar_ros2/./sdk/include/sl_lidar_cmd.h:324:20:[m[K [01;35m[Kwarning: [m[KISO C++ forbids zero-size array ‘[01m[Kpayload[m[K’ [[01;35m[K-Wpedantic[m[K]
[40.089s]   324 |     sl_u8  payload[[01;35m[K0[m[K];
[40.090s]       |                    [01;35m[K^[m[K
[40.341s] In file included from [01m[K/workspaces/isaac_ros-dev/software/library_ws/src/sllidar_ros2/sdk/src/sl_async_transceiver.cpp:44[m[K:
[40.341s] [01m[K/workspaces/isaac_ros-dev/software/library_ws/src/sllidar_ros2/sdk/src/sl_async_transceiver.h:[m[K In member function ‘[01m[Kvirtual void sl::internal::IAsyncProtocolCodec::onChannelError(u_result)[m[K’:
[40.341s] [01m[K/workspaces/isaac_ros-dev/software/library_ws/src/sllidar_ros2/sdk/src/sl_async_transceiver.h:90:41:[m[K [01;35m[Kwarning: [m[Kunused parameter ‘[01m[KerrCode[m[K’ [[01;35m[K-Wunused-parameter[m[K]
[40.341s]    90 |  virtual void   onChannelError([01;35m[Ku_result errCode[m[K) {}
[40.341s]       |                                [01;35m[K~~~~~~~~~^~~~~~~[m[K
[41.012s] [ 50%] [32mBuilding CXX object CMakeFiles/sllidar_node.dir/sdk/src/sl_crc.cpp.o[0m
[41.056s] In file included from [01m[K/workspaces/isaac_ros-dev/software/library_ws/src/sllidar_ros2/./sdk/include/sl_lidar_cmd.h:41[m[K,
[41.057s]                  from [01m[K/workspaces/isaac_ros-dev/software/library_ws/src/sllidar_ros2/./sdk/include/sl_crc.h:36[m[K,
[41.057s]                  from [01m[K/workspaces/isaac_ros-dev/software/library_ws/src/sllidar_ros2/sdk/src/sl_crc.cpp:33[m[K:
[41.057s] [01m[K/workspaces/isaac_ros-dev/software/library_ws/src/sllidar_ros2/./sdk/include/sl_lidar_protocol.h:66:16:[m[K [01;35m[Kwarning: [m[KISO C++ forbids zero-size array ‘[01m[Kdata[m[K’ [[01;35m[K-Wpedantic[m[K]
[41.057s]    66 |     sl_u8 data[[01;35m[K0[m[K];
[41.057s]       |                [01;35m[K^[m[K
[41.058s] In file included from [01m[K/workspaces/isaac_ros-dev/software/library_ws/src/sllidar_ros2/./sdk/include/sl_crc.h:36[m[K,
[41.059s]                  from [01m[K/workspaces/isaac_ros-dev/software/library_ws/src/sllidar_ros2/sdk/src/sl_crc.cpp:33[m[K:
[41.059s] [01m[K/workspaces/isaac_ros-dev/software/library_ws/src/sllidar_ros2/./sdk/include/sl_lidar_cmd.h:324:20:[m[K [01;35m[Kwarning: [m[KISO C++ forbids zero-size array ‘[01m[Kpayload[m[K’ [[01;35m[K-Wpedantic[m[K]
[41.059s]   324 |     sl_u8  payload[[01;35m[K0[m[K];
[41.059s]       |                    [01;35m[K^[m[K
[41.170s] [ 55%] [32mBuilding CXX object CMakeFiles/sllidar_node.dir/sdk/src/sl_lidar_driver.cpp.o[0m
[42.423s] In file included from [01m[K/workspaces/isaac_ros-dev/software/library_ws/src/sllidar_ros2/./sdk/include/rplidar_protocol.h:36[m[K,
[42.423s]                  from [01m[K/workspaces/isaac_ros-dev/software/library_ws/src/sllidar_ros2/./sdk/include/rplidar.h:39[m[K,
[42.424s]                  from [01m[K/workspaces/isaac_ros-dev/software/library_ws/src/sllidar_ros2/sdk/src/sdkcommon.h:49[m[K,
[42.424s]                  from [01m[K/workspaces/isaac_ros-dev/software/library_ws/src/sllidar_ros2/sdk/src/sl_lidar_driver.cpp:33[m[K:
[42.424s] [01m[K/workspaces/isaac_ros-dev/software/library_ws/src/sllidar_ros2/./sdk/include/sl_lidar_protocol.h:66:16:[m[K [01;35m[Kwarning: [m[KISO C++ forbids zero-size array ‘[01m[Kdata[m[K’ [[01;35m[K-Wpedantic[m[K]
[42.424s]    66 |     sl_u8 data[[01;35m[K0[m[K];
[42.425s]       |                [01;35m[K^[m[K
[42.426s] In file included from [01m[K/workspaces/isaac_ros-dev/software/library_ws/src/sllidar_ros2/./sdk/include/rplidar_cmd.h:36[m[K,
[42.426s]                  from [01m[K/workspaces/isaac_ros-dev/software/library_ws/src/sllidar_ros2/./sdk/include/rplidar.h:40[m[K,
[42.426s]                  from [01m[K/workspaces/isaac_ros-dev/software/library_ws/src/sllidar_ros2/sdk/src/sdkcommon.h:49[m[K,
[42.427s]                  from [01m[K/workspaces/isaac_ros-dev/software/library_ws/src/sllidar_ros2/sdk/src/sl_lidar_driver.cpp:33[m[K:
[42.427s] [01m[K/workspaces/isaac_ros-dev/software/library_ws/src/sllidar_ros2/./sdk/include/sl_lidar_cmd.h:324:20:[m[K [01;35m[Kwarning: [m[KISO C++ forbids zero-size array ‘[01m[Kpayload[m[K’ [[01;35m[K-Wpedantic[m[K]
[42.427s]   324 |     sl_u8  payload[[01;35m[K0[m[K];
[42.427s]       |                    [01;35m[K^[m[K
[43.080s] In file included from [01m[K/workspaces/isaac_ros-dev/software/library_ws/src/sllidar_ros2/sdk/src/sl_lidar_driver.cpp:50[m[K:
[43.080s] [01m[K/workspaces/isaac_ros-dev/software/library_ws/src/sllidar_ros2/sdk/src/dataunpacker/dataunpacker.h:[m[K In member function ‘[01m[Kvirtual void sl::internal::LIDARSampleDataListener::onCustomSampleDataDecoded(_u8, _u32, const void*, size_t)[m[K’:
[43.081s] [01m[K/workspaces/isaac_ros-dev/software/library_ws/src/sllidar_ros2/sdk/src/dataunpacker/dataunpacker.h:54:45:[m[K [01;35m[Kwarning: [m[Kunused parameter ‘[01m[KansType[m[K’ [[01;35m[K-Wunused-parameter[m[K]
[43.081s]    54 |  virtual void onCustomSampleDataDecoded([01;35m[K_u8 ansType[m[K, _u32 customCode, const void* data, size_t size) {}
[43.081s]       |                                         [01;35m[K~~~~^~~~~~~[m[K
[43.082s] [01m[K/workspaces/isaac_ros-dev/software/library_ws/src/sllidar_ros2/sdk/src/dataunpacker/dataunpacker.h:54:59:[m[K [01;35m[Kwarning: [m[Kunused parameter ‘[01m[KcustomCode[m[K’ [[01;35m[K-Wunused-parameter[m[K]
[43.082s]    54 |  virtual void onCustomSampleDataDecoded(_u8 ansType, [01;35m[K_u32 customCode[m[K, const void* data, size_t size) {}
[43.082s]       |                                                      [01;35m[K~~~~~^~~~~~~~~~[m[K
[43.083s] [01m[K/workspaces/isaac_ros-dev/software/library_ws/src/sllidar_ros2/sdk/src/dataunpacker/dataunpacker.h:54:83:[m[K [01;35m[Kwarning: [m[Kunused parameter ‘[01m[Kdata[m[K’ [[01;35m[K-Wunused-parameter[m[K]
[43.083s]    54 |  virtual void onCustomSampleDataDecoded(_u8 ansType, _u32 customCode, [01;35m[Kconst void* data[m[K, size_t size) {}
[43.083s]       |                                                                       [01;35m[K~~~~~~~~~~~~^~~~[m[K
[43.084s] [01m[K/workspaces/isaac_ros-dev/software/library_ws/src/sllidar_ros2/sdk/src/dataunpacker/dataunpacker.h:54:96:[m[K [01;35m[Kwarning: [m[Kunused parameter ‘[01m[Ksize[m[K’ [[01;35m[K-Wunused-parameter[m[K]
[43.084s]    54 |  virtual void onCustomSampleDataDecoded(_u8 ansType, _u32 customCode, const void* data, [01;35m[Ksize_t size[m[K) {}
[43.084s]       |                                                                                         [01;35m[K~~~~~~~^~~~[m[K
[43.085s] [01m[K/workspaces/isaac_ros-dev/software/library_ws/src/sllidar_ros2/sdk/src/dataunpacker/dataunpacker.h:[m[K In member function ‘[01m[Kvirtual void sl::internal::LIDARSampleDataListener::onDecodingError(int, _u8, const void*, size_t)[m[K’:
[43.085s] [01m[K/workspaces/isaac_ros-dev/software/library_ws/src/sllidar_ros2/sdk/src/dataunpacker/dataunpacker.h:56:35:[m[K [01;35m[Kwarning: [m[Kunused parameter ‘[01m[KerrMsg[m[K’ [[01;35m[K-Wunused-parameter[m[K]
[43.086s]    56 |  virtual void onDecodingError([01;35m[Kint errMsg[m[K, _u8 ansType, const void* payload, size_t size) {}
[43.088s]       |                               [01;35m[K~~~~^~~~~~[m[K
[43.089s] [01m[K/workspaces/isaac_ros-dev/software/library_ws/src/sllidar_ros2/sdk/src/dataunpacker/dataunpacker.h:56:47:[m[K [01;35m[Kwarning: [m[Kunused parameter ‘[01m[KansType[m[K’ [[01;35m[K-Wunused-parameter[m[K]
[43.089s]    56 |  virtual void onDecodingError(int errMsg, [01;35m[K_u8 ansType[m[K, const void* payload, size_t size) {}
[43.089s]       |                                           [01;35m[K~~~~^~~~~~~[m[K
[43.089s] [01m[K/workspaces/isaac_ros-dev/software/library_ws/src/sllidar_ros2/sdk/src/dataunpacker/dataunpacker.h:56:68:[m[K [01;35m[Kwarning: [m[Kunused parameter ‘[01m[Kpayload[m[K’ [[01;35m[K-Wunused-parameter[m[K]
[43.089s]    56 |  virtual void onDecodingError(int errMsg, _u8 ansType, [01;35m[Kconst void* payload[m[K, size_t size) {}
[43.090s]       |                                                        [01;35m[K~~~~~~~~~~~~^~~~~~~[m[K
[43.090s] [01m[K/workspaces/isaac_ros-dev/software/library_ws/src/sllidar_ros2/sdk/src/dataunpacker/dataunpacker.h:56:84:[m[K [01;35m[Kwarning: [m[Kunused parameter ‘[01m[Ksize[m[K’ [[01;35m[K-Wunused-parameter[m[K]
[43.090s]    56 |  virtual void onDecodingError(int errMsg, _u8 ansType, const void* payload, [01;35m[Ksize_t size[m[K) {}
[43.090s]       |                                                                             [01;35m[K~~~~~~~^~~~[m[K
[43.116s] In file included from [01m[K/workspaces/isaac_ros-dev/software/library_ws/src/sllidar_ros2/sdk/src/sl_lidar_driver.cpp:51[m[K:
[43.116s] [01m[K/workspaces/isaac_ros-dev/software/library_ws/src/sllidar_ros2/sdk/src/sl_async_transceiver.h:[m[K In member function ‘[01m[Kvirtual void sl::internal::IAsyncProtocolCodec::onChannelError(u_result)[m[K’:
[43.116s] [01m[K/workspaces/isaac_ros-dev/software/library_ws/src/sllidar_ros2/sdk/src/sl_async_transceiver.h:90:41:[m[K [01;35m[Kwarning: [m[Kunused parameter ‘[01m[KerrCode[m[K’ [[01;35m[K-Wunused-parameter[m[K]
[43.116s]    90 |  virtual void   onChannelError([01;35m[Ku_result errCode[m[K) {}
[43.116s]       |                                [01;35m[K~~~~~~~~~^~~~~~~[m[K
[43.192s] [01m[K/workspaces/isaac_ros-dev/software/library_ws/src/sllidar_ros2/sdk/src/sl_lidar_driver.cpp:[m[K In member function ‘[01m[Kvirtual sl_result sl::SlamtecLidarDriver::reset(sl_u32)[m[K’:
[43.192s] [01m[K/workspaces/isaac_ros-dev/software/library_ws/src/sllidar_ros2/sdk/src/sl_lidar_driver.cpp:511:32:[m[K [01;35m[Kwarning: [m[Kunused parameter ‘[01m[KtimeoutInMs[m[K’ [[01;35m[K-Wunused-parameter[m[K]
[43.192s]   511 |         sl_result reset([01;35m[Ksl_u32 timeoutInMs = DEFAULT_TIMEOUT[m[K)
[43.192s]       |                         [01;35m[K~~~~~~~^~~~~~~~~~~~~~~~~~~~~~~~~~~~~[m[K
[43.203s] [01m[K/workspaces/isaac_ros-dev/software/library_ws/src/sllidar_ros2/sdk/src/sl_lidar_driver.cpp:[m[K In member function ‘[01m[Kvirtual sl_result sl::SlamtecLidarDriver::startScan(bool, bool, sl_u32, sl::LidarScanMode*)[m[K’:
[43.203s] [01m[K/workspaces/isaac_ros-dev/software/library_ws/src/sllidar_ros2/sdk/src/sl_lidar_driver.cpp:586:69:[m[K [01;35m[Kwarning: [m[Kunused parameter ‘[01m[Koptions[m[K’ [[01;35m[K-Wunused-parameter[m[K]
[43.204s]   586 |         sl_result startScan(bool force, bool useTypicalScan, [01;35m[Ksl_u32 options = 0[m[K, LidarScanMode* outUsedScanMode = nullptr)
[43.204s]       |                                                              [01;35m[K~~~~~~~^~~~~~~~~~~[m[K
[43.209s] [01m[K/workspaces/isaac_ros-dev/software/library_ws/src/sllidar_ros2/sdk/src/sl_lidar_driver.cpp:[m[K In member function ‘[01m[Kvirtual sl_result sl::SlamtecLidarDriver::stop(sl_u32)[m[K’:
[43.210s] [01m[K/workspaces/isaac_ros-dev/software/library_ws/src/sllidar_ros2/sdk/src/sl_lidar_driver.cpp:763:31:[m[K [01;35m[Kwarning: [m[Kunused parameter ‘[01m[Ktimeout[m[K’ [[01;35m[K-Wunused-parameter[m[K]
[43.210s]   763 |         sl_result stop([01;35m[Ksl_u32 timeout = DEFAULT_TIMEOUT[m[K)
[43.210s]       |                        [01;35m[K~~~~~~~^~~~~~~~~~~~~~~~~~~~~~~~~[m[K
[43.216s] [01m[K/workspaces/isaac_ros-dev/software/library_ws/src/sllidar_ros2/sdk/src/sl_lidar_driver.cpp:[m[K In member function ‘[01m[Kvirtual sl_result sl::SlamtecLidarDriver::getFrequency(const sl::LidarScanMode&, const sl_lidar_response_measurement_node_hq_t*, size_t, float&)[m[K’:
[43.216s] [01m[K/workspaces/isaac_ros-dev/software/library_ws/src/sllidar_ros2/sdk/src/sl_lidar_driver.cpp:880:110:[m[K [01;35m[Kwarning: [m[Kunused parameter ‘[01m[Knodes[m[K’ [[01;35m[K-Wunused-parameter[m[K]
[43.216s]   880 |         sl_result getFrequency(const LidarScanMode& scanMode, [01;35m[Kconst sl_lidar_response_measurement_node_hq_t* nodes[m[K, size_t count, float& frequency)
[43.217s]       |                                                               [01;35m[K~~~~~~~~~~~~~~~~~~~~~~~~~~~~~~~~~~~~~~~~~~~~~~~^~~~~[m[K
[43.223s] [01m[K/workspaces/isaac_ros-dev/software/library_ws/src/sllidar_ros2/sdk/src/sl_lidar_driver.cpp:[m[K In member function ‘[01m[Kvirtual sl_result sl::SlamtecLidarDriver::getMotorInfo(sl::LidarMotorInfo&, sl_u32)[m[K’:
[43.223s] [01m[K/workspaces/isaac_ros-dev/software/library_ws/src/sllidar_ros2/sdk/src/sl_lidar_driver.cpp:1023:66:[m[K [01;35m[Kwarning: [m[Kunused parameter ‘[01m[KtimeoutInMs[m[K’ [[01;35m[K-Wunused-parameter[m[K]
[43.223s]  1023 |         sl_result getMotorInfo(LidarMotorInfo &motorInfo, [01;35m[Ksl_u32 timeoutInMs[m[K)
[43.224s]       |                                                           [01;35m[K~~~~~~~^~~~~~~~~~~[m[K
[43.226s] [01m[K/workspaces/isaac_ros-dev/software/library_ws/src/sllidar_ros2/sdk/src/sl_lidar_driver.cpp:[m[K In member function ‘[01m[Ku_result sl::SlamtecLidarDriver::getScanModeCount(sl_u16&, sl_u32)[m[K’:
[43.226s] [01m[K/workspaces/isaac_ros-dev/software/library_ws/src/sllidar_ros2/sdk/src/sl_lidar_driver.cpp:1199:61:[m[K [01;35m[Kwarning: [m[Kunused parameter ‘[01m[KtimeoutInMs[m[K’ [[01;35m[K-Wunused-parameter[m[K]
[43.227s]  1199 |         u_result getScanModeCount(sl_u16& modeCount, [01;35m[Ksl_u32 timeoutInMs = DEFAULT_TIMEOUT[m[K)
[43.227s]       |                                                      [01;35m[K~~~~~~~^~~~~~~~~~~~~~~~~~~~~~~~~~~~~[m[K
[43.332s] /workspaces/isaac_ros-dev/software/library_ws/src/sllidar_ros2/sdk/src/sl_lidar_driver.cpp: In instantiation of ‘[01m[Kvoid sl::RawSampleNodeHolder<T>::pushNode(_u64, const T*) [with T = sl_lidar_response_measurement_node_hq_t; _u64 = long unsigned int][m[K’:
[43.332s] [01m[K/workspaces/isaac_ros-dev/software/library_ws/src/sllidar_ros2/sdk/src/sl_lidar_driver.cpp:1648:61:[m[K   required from here
[43.332s] [01m[K/workspaces/isaac_ros-dev/software/library_ws/src/sllidar_ros2/sdk/src/sl_lidar_driver.cpp:202:28:[m[K [01;35m[Kwarning: [m[Kunused parameter ‘[01m[Ktimestamp_uS[m[K’ [[01;35m[K-Wunused-parameter[m[K]
[43.332s]   202 |         void pushNode([01;35m[K_u64 timestamp_uS[m[K, const T* node)
[43.332s]       |                       [01;35m[K~~~~~^~~~~~~~~~~~[m[K
[43.684s] [01m[K/workspaces/isaac_ros-dev/software/library_ws/src/sllidar_ros2/sdk/src/sl_lidar_driver.cpp:[m[K At global scope:
[43.685s] [01m[K/workspaces/isaac_ros-dev/software/library_ws/src/sllidar_ros2/sdk/src/sl_lidar_driver.cpp:83:17:[m[K [01;35m[Kwarning: [m[K‘[01m[Kvoid sl::convert(const sl_lidar_response_measurement_node_hq_t&, sl_lidar_response_measurement_node_t&)[m[K’ defined but not used [[01;35m[K-Wunused-function[m[K]
[43.685s]    83 |     static void [01;35m[Kconvert[m[K(const sl_lidar_response_measurement_node_hq_t& from, sl_lidar_response_measurement_node_t& to)
[43.685s]       |                 [01;35m[K^~~~~~~[m[K
[43.685s] [01m[K/workspaces/isaac_ros-dev/software/library_ws/src/sllidar_ros2/sdk/src/sl_lidar_driver.cpp:75:17:[m[K [01;35m[Kwarning: [m[K‘[01m[Kvoid sl::convert(const sl_lidar_response_measurement_node_t&, sl_lidar_response_measurement_node_hq_t&)[m[K’ defined but not used [[01;35m[K-Wunused-function[m[K]
[43.685s]    75 |     static void [01;35m[Kconvert[m[K(const sl_lidar_response_measurement_node_t& from, sl_lidar_response_measurement_node_hq_t& to)
[43.685s]       |                 [01;35m[K^~~~~~~[m[K
[43.686s] [01m[K/workspaces/isaac_ros-dev/software/library_ws/src/sllidar_ros2/sdk/src/sl_lidar_driver.cpp:70:17:[m[K [01;35m[Kwarning: [m[K‘[01m[Kvoid sl::printDeprecationWarn(const char*, const char*)[m[K’ defined but not used [[01;35m[K-Wunused-function[m[K]
[43.686s]    70 |     static void [01;35m[KprintDeprecationWarn[m[K(const char* fn, const char* replacement)
[43.686s]       |                 [01;35m[K^~~~~~~~~~~~~~~~~~~~[m[K
[49.874s] [ 60%] [32mBuilding CXX object CMakeFiles/sllidar_node.dir/sdk/src/sl_lidarprotocol_codec.cpp.o[0m
[51.027s] In file included from [01m[K/workspaces/isaac_ros-dev/software/library_ws/src/sllidar_ros2/./sdk/include/rplidar_protocol.h:36[m[K,
[51.028s]                  from [01m[K/workspaces/isaac_ros-dev/software/library_ws/src/sllidar_ros2/./sdk/include/rplidar.h:39[m[K,
[51.028s]                  from [01m[K/workspaces/isaac_ros-dev/software/library_ws/src/sllidar_ros2/sdk/src/sdkcommon.h:49[m[K,
[51.028s]                  from [01m[K/workspaces/isaac_ros-dev/software/library_ws/src/sllidar_ros2/sdk/src/sl_lidarprotocol_codec.cpp:35[m[K:
[51.028s] [01m[K/workspaces/isaac_ros-dev/software/library_ws/src/sllidar_ros2/./sdk/include/sl_lidar_protocol.h:66:16:[m[K [01;35m[Kwarning: [m[KISO C++ forbids zero-size array ‘[01m[Kdata[m[K’ [[01;35m[K-Wpedantic[m[K]
[51.029s]    66 |     sl_u8 data[[01;35m[K0[m[K];
[51.029s]       |                [01;35m[K^[m[K
[51.029s] In file included from [01m[K/workspaces/isaac_ros-dev/software/library_ws/src/sllidar_ros2/./sdk/include/rplidar_cmd.h:36[m[K,
[51.029s]                  from [01m[K/workspaces/isaac_ros-dev/software/library_ws/src/sllidar_ros2/./sdk/include/rplidar.h:40[m[K,
[51.030s]                  from [01m[K/workspaces/isaac_ros-dev/software/library_ws/src/sllidar_ros2/sdk/src/sdkcommon.h:49[m[K,
[51.030s]                  from [01m[K/workspaces/isaac_ros-dev/software/library_ws/src/sllidar_ros2/sdk/src/sl_lidarprotocol_codec.cpp:35[m[K:
[51.030s] [01m[K/workspaces/isaac_ros-dev/software/library_ws/src/sllidar_ros2/./sdk/include/sl_lidar_cmd.h:324:20:[m[K [01;35m[Kwarning: [m[KISO C++ forbids zero-size array ‘[01m[Kpayload[m[K’ [[01;35m[K-Wpedantic[m[K]
[51.030s]   324 |     sl_u8  payload[[01;35m[K0[m[K];
[51.031s]       |                    [01;35m[K^[m[K
[51.529s] In file included from [01m[K/workspaces/isaac_ros-dev/software/library_ws/src/sllidar_ros2/sdk/src/sl_lidarprotocol_codec.cpp:49[m[K:
[51.530s] [01m[K/workspaces/isaac_ros-dev/software/library_ws/src/sllidar_ros2/sdk/src/sl_async_transceiver.h:[m[K In member function ‘[01m[Kvirtual void sl::internal::IAsyncProtocolCodec::onChannelError(u_result)[m[K’:
[51.530s] [01m[K/workspaces/isaac_ros-dev/software/library_ws/src/sllidar_ros2/sdk/src/sl_async_transceiver.h:90:41:[m[K [01;35m[Kwarning: [m[Kunused parameter ‘[01m[KerrCode[m[K’ [[01;35m[K-Wunused-parameter[m[K]
[51.530s]    90 |  virtual void   onChannelError([01;35m[Ku_result errCode[m[K) {}
[51.530s]       |                                [01;35m[K~~~~~~~~~^~~~~~~[m[K
[51.994s] [ 65%] [32mBuilding CXX object CMakeFiles/sllidar_node.dir/sdk/src/sl_serial_channel.cpp.o[0m
[52.743s] In file included from [01m[K/workspaces/isaac_ros-dev/software/library_ws/src/sllidar_ros2/./sdk/include/sl_lidar_cmd.h:41[m[K,
[52.743s]                  from [01m[K/workspaces/isaac_ros-dev/software/library_ws/src/sllidar_ros2/./sdk/include/sl_lidar_driver.h:54[m[K,
[52.743s]                  from [01m[K/workspaces/isaac_ros-dev/software/library_ws/src/sllidar_ros2/sdk/src/sl_serial_channel.cpp:33[m[K:
[52.743s] [01m[K/workspaces/isaac_ros-dev/software/library_ws/src/sllidar_ros2/./sdk/include/sl_lidar_protocol.h:66:16:[m[K [01;35m[Kwarning: [m[KISO C++ forbids zero-size array ‘[01m[Kdata[m[K’ [[01;35m[K-Wpedantic[m[K]
[52.743s]    66 |     sl_u8 data[[01;35m[K0[m[K];
[52.744s]       |                [01;35m[K^[m[K
[52.746s] In file included from [01m[K/workspaces/isaac_ros-dev/software/library_ws/src/sllidar_ros2/./sdk/include/sl_lidar_driver.h:54[m[K,
[52.746s]                  from [01m[K/workspaces/isaac_ros-dev/software/library_ws/src/sllidar_ros2/sdk/src/sl_serial_channel.cpp:33[m[K:
[52.746s] [01m[K/workspaces/isaac_ros-dev/software/library_ws/src/sllidar_ros2/./sdk/include/sl_lidar_cmd.h:324:20:[m[K [01;35m[Kwarning: [m[KISO C++ forbids zero-size array ‘[01m[Kpayload[m[K’ [[01;35m[K-Wpedantic[m[K]
[52.746s]   324 |     sl_u8  payload[[01;35m[K0[m[K];
[52.747s]       |                    [01;35m[K^[m[K
[53.060s] [ 70%] [32mBuilding CXX object CMakeFiles/sllidar_node.dir/sdk/src/sl_tcp_channel.cpp.o[0m
[53.808s] In file included from [01m[K/workspaces/isaac_ros-dev/software/library_ws/src/sllidar_ros2/./sdk/include/sl_lidar_cmd.h:41[m[K,
[53.808s]                  from [01m[K/workspaces/isaac_ros-dev/software/library_ws/src/sllidar_ros2/./sdk/include/sl_lidar_driver.h:54[m[K,
[53.809s]                  from [01m[K/workspaces/isaac_ros-dev/software/library_ws/src/sllidar_ros2/sdk/src/sl_tcp_channel.cpp:33[m[K:
[53.809s] [01m[K/workspaces/isaac_ros-dev/software/library_ws/src/sllidar_ros2/./sdk/include/sl_lidar_protocol.h:66:16:[m[K [01;35m[Kwarning: [m[KISO C++ forbids zero-size array ‘[01m[Kdata[m[K’ [[01;35m[K-Wpedantic[m[K]
[53.809s]    66 |     sl_u8 data[[01;35m[K0[m[K];
[53.809s]       |                [01;35m[K^[m[K
[53.810s] In file included from [01m[K/workspaces/isaac_ros-dev/software/library_ws/src/sllidar_ros2/./sdk/include/sl_lidar_driver.h:54[m[K,
[53.810s]                  from [01m[K/workspaces/isaac_ros-dev/software/library_ws/src/sllidar_ros2/sdk/src/sl_tcp_channel.cpp:33[m[K:
[53.810s] [01m[K/workspaces/isaac_ros-dev/software/library_ws/src/sllidar_ros2/./sdk/include/sl_lidar_cmd.h:324:20:[m[K [01;35m[Kwarning: [m[KISO C++ forbids zero-size array ‘[01m[Kpayload[m[K’ [[01;35m[K-Wpedantic[m[K]
[53.810s]   324 |     sl_u8  payload[[01;35m[K0[m[K];
[53.810s]       |                    [01;35m[K^[m[K
[53.824s] [01m[K/workspaces/isaac_ros-dev/software/library_ws/src/sllidar_ros2/sdk/src/sl_tcp_channel.cpp:[m[K In member function ‘[01m[Kvoid sl::TcpChannel::setStatus(_u32)[m[K’:
[53.824s] [01m[K/workspaces/isaac_ros-dev/software/library_ws/src/sllidar_ros2/sdk/src/sl_tcp_channel.cpp:109:29:[m[K [01;35m[Kwarning: [m[Kunused parameter ‘[01m[Kflag[m[K’ [[01;35m[K-Wunused-parameter[m[K]
[53.824s]   109 |         void setStatus([01;35m[K_u32 flag[m[K){}
[53.825s]       |                        [01;35m[K~~~~~^~~~[m[K
[54.101s] [ 75%] [32mBuilding CXX object CMakeFiles/sllidar_node.dir/sdk/src/sl_udp_channel.cpp.o[0m
[54.843s] In file included from [01m[K/workspaces/isaac_ros-dev/software/library_ws/src/sllidar_ros2/./sdk/include/sl_lidar_cmd.h:41[m[K,
[54.844s]                  from [01m[K/workspaces/isaac_ros-dev/software/library_ws/src/sllidar_ros2/./sdk/include/sl_lidar_driver.h:54[m[K,
[54.844s]                  from [01m[K/workspaces/isaac_ros-dev/software/library_ws/src/sllidar_ros2/sdk/src/sl_udp_channel.cpp:33[m[K:
[54.844s] [01m[K/workspaces/isaac_ros-dev/software/library_ws/src/sllidar_ros2/./sdk/include/sl_lidar_protocol.h:66:16:[m[K [01;35m[Kwarning: [m[KISO C++ forbids zero-size array ‘[01m[Kdata[m[K’ [[01;35m[K-Wpedantic[m[K]
[54.844s]    66 |     sl_u8 data[[01;35m[K0[m[K];
[54.844s]       |                [01;35m[K^[m[K
[54.845s] In file included from [01m[K/workspaces/isaac_ros-dev/software/library_ws/src/sllidar_ros2/./sdk/include/sl_lidar_driver.h:54[m[K,
[54.845s]                  from [01m[K/workspaces/isaac_ros-dev/software/library_ws/src/sllidar_ros2/sdk/src/sl_udp_channel.cpp:33[m[K:
[54.845s] [01m[K/workspaces/isaac_ros-dev/software/library_ws/src/sllidar_ros2/./sdk/include/sl_lidar_cmd.h:324:20:[m[K [01;35m[Kwarning: [m[KISO C++ forbids zero-size array ‘[01m[Kpayload[m[K’ [[01;35m[K-Wpedantic[m[K]
[54.845s]   324 |     sl_u8  payload[[01;35m[K0[m[K];
[54.846s]       |                    [01;35m[K^[m[K
[54.859s] [01m[K/workspaces/isaac_ros-dev/software/library_ws/src/sllidar_ros2/sdk/src/sl_udp_channel.cpp:[m[K In member function ‘[01m[Kvoid sl::UdpChannel::setStatus(_u32)[m[K’:
[54.860s] [01m[K/workspaces/isaac_ros-dev/software/library_ws/src/sllidar_ros2/sdk/src/sl_udp_channel.cpp:112:29:[m[K [01;35m[Kwarning: [m[Kunused parameter ‘[01m[Kflag[m[K’ [[01;35m[K-Wunused-parameter[m[K]
[54.860s]   112 |         void setStatus([01;35m[K_u32 flag[m[K){}
[54.860s]       |                        [01;35m[K~~~~~^~~~[m[K
[55.145s] [ 80%] [32mBuilding CXX object CMakeFiles/sllidar_node.dir/sdk/src/rplidar_driver.cpp.o[0m
[56.447s] [ 85%] [32m[1mLinking CXX executable sllidar_client[0m
[56.481s] In file included from [01m[K/workspaces/isaac_ros-dev/software/library_ws/src/sllidar_ros2/./sdk/include/rplidar_protocol.h:36[m[K,
[56.482s]                  from [01m[K/workspaces/isaac_ros-dev/software/library_ws/src/sllidar_ros2/./sdk/include/rplidar.h:39[m[K,
[56.482s]                  from [01m[K/workspaces/isaac_ros-dev/software/library_ws/src/sllidar_ros2/sdk/src/sdkcommon.h:49[m[K,
[56.482s]                  from [01m[K/workspaces/isaac_ros-dev/software/library_ws/src/sllidar_ros2/sdk/src/rplidar_driver.cpp:33[m[K:
[56.482s] [01m[K/workspaces/isaac_ros-dev/software/library_ws/src/sllidar_ros2/./sdk/include/sl_lidar_protocol.h:66:16:[m[K [01;35m[Kwarning: [m[KISO C++ forbids zero-size array ‘[01m[Kdata[m[K’ [[01;35m[K-Wpedantic[m[K]
[56.482s]    66 |     sl_u8 data[[01;35m[K0[m[K];
[56.482s]       |                [01;35m[K^[m[K
[56.483s] In file included from [01m[K/workspaces/isaac_ros-dev/software/library_ws/src/sllidar_ros2/./sdk/include/rplidar_cmd.h:36[m[K,
[56.483s]                  from [01m[K/workspaces/isaac_ros-dev/software/library_ws/src/sllidar_ros2/./sdk/include/rplidar.h:40[m[K,
[56.484s]                  from [01m[K/workspaces/isaac_ros-dev/software/library_ws/src/sllidar_ros2/sdk/src/sdkcommon.h:49[m[K,
[56.484s]                  from [01m[K/workspaces/isaac_ros-dev/software/library_ws/src/sllidar_ros2/sdk/src/rplidar_driver.cpp:33[m[K:
[56.484s] [01m[K/workspaces/isaac_ros-dev/software/library_ws/src/sllidar_ros2/./sdk/include/sl_lidar_cmd.h:324:20:[m[K [01;35m[Kwarning: [m[KISO C++ forbids zero-size array ‘[01m[Kpayload[m[K’ [[01;35m[K-Wpedantic[m[K]
[56.484s]   324 |     sl_u8  payload[[01;35m[K0[m[K];
[56.484s]       |                    [01;35m[K^[m[K
[56.927s] [01m[K/workspaces/isaac_ros-dev/software/library_ws/src/sllidar_ros2/sdk/src/rplidar_driver.cpp:[m[K In member function ‘[01m[Ku_result rp::standalone::rplidar::RPlidarDriver::connect(const char*, _u32, _u32)[m[K’:
[56.927s] [01m[K/workspaces/isaac_ros-dev/software/library_ws/src/sllidar_ros2/sdk/src/rplidar_driver.cpp:67:77:[m[K [01;35m[Kwarning: [m[Kunused parameter ‘[01m[Kflag[m[K’ [[01;35m[K-Wunused-parameter[m[K]
[56.927s]    67 |     u_result RPlidarDriver::connect(const char *path, _u32 portOrBaud, [01;35m[K_u32 flag[m[K)
[56.927s]       |                                                                        [01;35m[K~~~~~^~~~[m[K
[56.929s] [01m[K/workspaces/isaac_ros-dev/software/library_ws/src/sllidar_ros2/sdk/src/rplidar_driver.cpp:[m[K In member function ‘[01m[Ku_result rp::standalone::rplidar::RPlidarDriver::reset(_u32)[m[K’:
[56.929s] [01m[K/workspaces/isaac_ros-dev/software/library_ws/src/sllidar_ros2/sdk/src/rplidar_driver.cpp:101:40:[m[K [01;35m[Kwarning: [m[Kunused parameter ‘[01m[Ktimeout[m[K’ [[01;35m[K-Wunused-parameter[m[K]
[56.929s]   101 |     u_result RPlidarDriver::reset([01;35m[K_u32 timeout[m[K)
[56.929s]       |                                   [01;35m[K~~~~~^~~~~~~[m[K
[56.930s] [01m[K/workspaces/isaac_ros-dev/software/library_ws/src/sllidar_ros2/sdk/src/rplidar_driver.cpp:[m[K In member function ‘[01m[Ku_result rp::standalone::rplidar::RPlidarDriver::getScanDataWithInterval(rplidar_response_measurement_node_t*, size_t&)[m[K’:
[56.930s] [01m[K/workspaces/isaac_ros-dev/software/library_ws/src/sllidar_ros2/sdk/src/rplidar_driver.cpp:180:91:[m[K [01;35m[Kwarning: [m[Kunused parameter ‘[01m[Knodebuffer[m[K’ [[01;35m[K-Wunused-parameter[m[K]
[56.930s]   180 |     u_result RPlidarDriver::getScanDataWithInterval([01;35m[Krplidar_response_measurement_node_t * nodebuffer[m[K, size_t & count)
[56.930s]       |                                                     [01;35m[K~~~~~~~~~~~~~~~~~~~~~~~~~~~~~~~~~~~~~~^~~~~~~~~~[m[K
[56.931s] [01m[K/workspaces/isaac_ros-dev/software/library_ws/src/sllidar_ros2/sdk/src/rplidar_driver.cpp:180:112:[m[K [01;35m[Kwarning: [m[Kunused parameter ‘[01m[Kcount[m[K’ [[01;35m[K-Wunused-parameter[m[K]
[56.931s]   180 |     u_result RPlidarDriver::getScanDataWithInterval(rplidar_response_measurement_node_t * nodebuffer, [01;35m[Ksize_t & count[m[K)
[56.931s]       |                                                                                                       [01;35m[K~~~~~~~~~^~~~~[m[K
[57.298s] [ 85%] Built target sllidar_client
[57.490s] [ 90%] [32mBuilding CXX object CMakeFiles/sllidar_node.dir/sdk/src/hal/thread.cpp.o[0m
[58.534s] In file included from [01m[K/workspaces/isaac_ros-dev/software/library_ws/src/sllidar_ros2/./sdk/include/rplidar_protocol.h:36[m[K,
[58.535s]                  from [01m[K/workspaces/isaac_ros-dev/software/library_ws/src/sllidar_ros2/./sdk/include/rplidar.h:39[m[K,
[58.535s]                  from [01m[K/workspaces/isaac_ros-dev/software/library_ws/src/sllidar_ros2/./sdk/src/sdkcommon.h:49[m[K,
[58.535s]                  from [01m[K/workspaces/isaac_ros-dev/software/library_ws/src/sllidar_ros2/sdk/src/hal/thread.cpp:35[m[K:
[58.537s] [01m[K/workspaces/isaac_ros-dev/software/library_ws/src/sllidar_ros2/./sdk/include/sl_lidar_protocol.h:66:16:[m[K [01;35m[Kwarning: [m[KISO C++ forbids zero-size array ‘[01m[Kdata[m[K’ [[01;35m[K-Wpedantic[m[K]
[58.537s]    66 |     sl_u8 data[[01;35m[K0[m[K];
[58.538s]       |                [01;35m[K^[m[K
[58.538s] In file included from [01m[K/workspaces/isaac_ros-dev/software/library_ws/src/sllidar_ros2/./sdk/include/rplidar_cmd.h:36[m[K,
[58.538s]                  from [01m[K/workspaces/isaac_ros-dev/software/library_ws/src/sllidar_ros2/./sdk/include/rplidar.h:40[m[K,
[58.538s]                  from [01m[K/workspaces/isaac_ros-dev/software/library_ws/src/sllidar_ros2/./sdk/src/sdkcommon.h:49[m[K,
[58.538s]                  from [01m[K/workspaces/isaac_ros-dev/software/library_ws/src/sllidar_ros2/sdk/src/hal/thread.cpp:35[m[K:
[58.538s] [01m[K/workspaces/isaac_ros-dev/software/library_ws/src/sllidar_ros2/./sdk/include/sl_lidar_cmd.h:324:20:[m[K [01;35m[Kwarning: [m[KISO C++ forbids zero-size array ‘[01m[Kpayload[m[K’ [[01;35m[K-Wpedantic[m[K]
[58.538s]   324 |     sl_u8  payload[[01;35m[K0[m[K];
[58.539s]       |                    [01;35m[K^[m[K
[58.663s] In file included from [01m[K/workspaces/isaac_ros-dev/software/library_ws/src/sllidar_ros2/sdk/src/hal/thread.cpp:43[m[K:
[58.663s] [01m[K/workspaces/isaac_ros-dev/software/library_ws/src/sllidar_ros2/./sdk/src/arch/linux/thread.hpp:[m[K In static member function ‘[01m[Kstatic rp::hal::Thread rp::hal::Thread::create(thread_proc_t, void*)[m[K’:
[58.663s] [01m[K/workspaces/isaac_ros-dev/software/library_ws/src/sllidar_ros2/./sdk/src/arch/linux/thread.hpp:52:77:[m[K [01;35m[Kwarning: [m[Kcast between incompatible function types from ‘[01m[Kthread_proc_t[m[K’ {aka ‘[01m[Klong unsigned int (*)(void*)[m[K’} to ‘[01m[Kvoid* (*)(void*)[m[K’ [[01;35m[K-Wcast-function-type[m[K]
[58.664s]    52 |     pthread_create((pthread_t *)&newborn._handle, NULL, (void * (*)(void *))[01;35m[Kproc[m[K, data);
[58.664s]       |                                                                             [01;35m[K^~~~[m[K
[58.665s] [01m[K/workspaces/isaac_ros-dev/software/library_ws/src/sllidar_ros2/./sdk/src/arch/linux/thread.hpp:[m[K In member function ‘[01m[Ku_result rp::hal::Thread::join(long unsigned int)[m[K’:
[58.665s] [01m[K/workspaces/isaac_ros-dev/software/library_ws/src/sllidar_ros2/./sdk/src/arch/linux/thread.hpp:176:37:[m[K [01;35m[Kwarning: [m[Kunused parameter ‘[01m[Ktimeout[m[K’ [[01;35m[K-Wunused-parameter[m[K]
[58.665s]   176 | u_result Thread::join([01;35m[Kunsigned long timeout[m[K)
[58.665s]       |                       [01;35m[K~~~~~~~~~~~~~~^~~~~~~[m[K
[58.989s] [ 95%] [32mBuilding CXX object CMakeFiles/sllidar_node.dir/sdk/src/dataunpacker/unpacker/handler_normalnode.cpp.o[0m
[60.042s] In file included from [01m[K/workspaces/isaac_ros-dev/software/library_ws/src/sllidar_ros2/./sdk/include/rplidar_protocol.h:36[m[K,
[60.042s]                  from [01m[K/workspaces/isaac_ros-dev/software/library_ws/src/sllidar_ros2/./sdk/include/rplidar.h:39[m[K,
[60.042s]                  from [01m[K/workspaces/isaac_ros-dev/software/library_ws/src/sllidar_ros2/./sdk/src/sdkcommon.h:49[m[K,
[60.042s]                  from [01m[K/workspaces/isaac_ros-dev/software/library_ws/src/sllidar_ros2/sdk/src/dataunpacker/unpacker/../dataunnpacker_commondef.h:41[m[K,
[60.042s]                  from [01m[K/workspaces/isaac_ros-dev/software/library_ws/src/sllidar_ros2/sdk/src/dataunpacker/unpacker/handler_normalnode.cpp:39[m[K:
[60.043s] [01m[K/workspaces/isaac_ros-dev/software/library_ws/src/sllidar_ros2/./sdk/include/sl_lidar_protocol.h:66:16:[m[K [01;35m[Kwarning: [m[KISO C++ forbids zero-size array ‘[01m[Kdata[m[K’ [[01;35m[K-Wpedantic[m[K]
[60.043s]    66 |     sl_u8 data[[01;35m[K0[m[K];
[60.047s]       |                [01;35m[K^[m[K
[60.047s] In file included from [01m[K/workspaces/isaac_ros-dev/software/library_ws/src/sllidar_ros2/./sdk/include/rplidar_cmd.h:36[m[K,
[60.048s]                  from [01m[K/workspaces/isaac_ros-dev/software/library_ws/src/sllidar_ros2/./sdk/include/rplidar.h:40[m[K,
[60.048s]                  from [01m[K/workspaces/isaac_ros-dev/software/library_ws/src/sllidar_ros2/./sdk/src/sdkcommon.h:49[m[K,
[60.048s]                  from [01m[K/workspaces/isaac_ros-dev/software/library_ws/src/sllidar_ros2/sdk/src/dataunpacker/unpacker/../dataunnpacker_commondef.h:41[m[K,
[60.048s]                  from [01m[K/workspaces/isaac_ros-dev/software/library_ws/src/sllidar_ros2/sdk/src/dataunpacker/unpacker/handler_normalnode.cpp:39[m[K:
[60.048s] [01m[K/workspaces/isaac_ros-dev/software/library_ws/src/sllidar_ros2/./sdk/include/sl_lidar_cmd.h:324:20:[m[K [01;35m[Kwarning: [m[KISO C++ forbids zero-size array ‘[01m[Kpayload[m[K’ [[01;35m[K-Wpedantic[m[K]
[60.048s]   324 |     sl_u8  payload[[01;35m[K0[m[K];
[60.048s]       |                    [01;35m[K^[m[K
[60.504s] In file included from [01m[K/workspaces/isaac_ros-dev/software/library_ws/src/sllidar_ros2/sdk/src/dataunpacker/unpacker/handler_normalnode.cpp:40[m[K:
[60.504s] [01m[K/workspaces/isaac_ros-dev/software/library_ws/src/sllidar_ros2/sdk/src/dataunpacker/unpacker/../dataunpacker.h:[m[K In member function ‘[01m[Kvirtual void sl::internal::LIDARSampleDataListener::onCustomSampleDataDecoded(_u8, _u32, const void*, size_t)[m[K’:
[60.504s] [01m[K/workspaces/isaac_ros-dev/software/library_ws/src/sllidar_ros2/sdk/src/dataunpacker/unpacker/../dataunpacker.h:54:45:[m[K [01;35m[Kwarning: [m[Kunused parameter ‘[01m[KansType[m[K’ [[01;35m[K-Wunused-parameter[m[K]
[60.504s]    54 |  virtual void onCustomSampleDataDecoded([01;35m[K_u8 ansType[m[K, _u32 customCode, const void* data, size_t size) {}
[60.505s]       |                                         [01;35m[K~~~~^~~~~~~[m[K
[60.505s] [01m[K/workspaces/isaac_ros-dev/software/library_ws/src/sllidar_ros2/sdk/src/dataunpacker/unpacker/../dataunpacker.h:54:59:[m[K [01;35m[Kwarning: [m[Kunused parameter ‘[01m[KcustomCode[m[K’ [[01;35m[K-Wunused-parameter[m[K]
[60.505s]    54 |  virtual void onCustomSampleDataDecoded(_u8 ansType, [01;35m[K_u32 customCode[m[K, const void* data, size_t size) {}
[60.505s]       |                                                      [01;35m[K~~~~~^~~~~~~~~~[m[K
[60.505s] [01m[K/workspaces/isaac_ros-dev/software/library_ws/src/sllidar_ros2/sdk/src/dataunpacker/unpacker/../dataunpacker.h:54:83:[m[K [01;35m[Kwarning: [m[Kunused parameter ‘[01m[Kdata[m[K’ [[01;35m[K-Wunused-parameter[m[K]
[60.505s]    54 |  virtual void onCustomSampleDataDecoded(_u8 ansType, _u32 customCode, [01;35m[Kconst void* data[m[K, size_t size) {}
[60.505s]       |                                                                       [01;35m[K~~~~~~~~~~~~^~~~[m[K
[60.506s] [01m[K/workspaces/isaac_ros-dev/software/library_ws/src/sllidar_ros2/sdk/src/dataunpacker/unpacker/../dataunpacker.h:54:96:[m[K [01;35m[Kwarning: [m[Kunused parameter ‘[01m[Ksize[m[K’ [[01;35m[K-Wunused-parameter[m[K]
[60.506s]    54 |  virtual void onCustomSampleDataDecoded(_u8 ansType, _u32 customCode, const void* data, [01;35m[Ksize_t size[m[K) {}
[60.506s]       |                                                                                         [01;35m[K~~~~~~~^~~~[m[K
[60.506s] [01m[K/workspaces/isaac_ros-dev/software/library_ws/src/sllidar_ros2/sdk/src/dataunpacker/unpacker/../dataunpacker.h:[m[K In member function ‘[01m[Kvirtual void sl::internal::LIDARSampleDataListener::onDecodingError(int, _u8, const void*, size_t)[m[K’:
[60.506s] [01m[K/workspaces/isaac_ros-dev/software/library_ws/src/sllidar_ros2/sdk/src/dataunpacker/unpacker/../dataunpacker.h:56:35:[m[K [01;35m[Kwarning: [m[Kunused parameter ‘[01m[KerrMsg[m[K’ [[01;35m[K-Wunused-parameter[m[K]
[60.506s]    56 |  virtual void onDecodingError([01;35m[Kint errMsg[m[K, _u8 ansType, const void* payload, size_t size) {}
[60.506s]       |                               [01;35m[K~~~~^~~~~~[m[K
[60.507s] [01m[K/workspaces/isaac_ros-dev/software/library_ws/src/sllidar_ros2/sdk/src/dataunpacker/unpacker/../dataunpacker.h:56:47:[m[K [01;35m[Kwarning: [m[Kunused parameter ‘[01m[KansType[m[K’ [[01;35m[K-Wunused-parameter[m[K]
[60.507s]    56 |  virtual void onDecodingError(int errMsg, [01;35m[K_u8 ansType[m[K, const void* payload, size_t size) {}
[60.507s]       |                                           [01;35m[K~~~~^~~~~~~[m[K
[60.507s] [01m[K/workspaces/isaac_ros-dev/software/library_ws/src/sllidar_ros2/sdk/src/dataunpacker/unpacker/../dataunpacker.h:56:68:[m[K [01;35m[Kwarning: [m[Kunused parameter ‘[01m[Kpayload[m[K’ [[01;35m[K-Wunused-parameter[m[K]
[60.507s]    56 |  virtual void onDecodingError(int errMsg, _u8 ansType, [01;35m[Kconst void* payload[m[K, size_t size) {}
[60.507s]       |                                                        [01;35m[K~~~~~~~~~~~~^~~~~~~[m[K
[60.507s] [01m[K/workspaces/isaac_ros-dev/software/library_ws/src/sllidar_ros2/sdk/src/dataunpacker/unpacker/../dataunpacker.h:56:84:[m[K [01;35m[Kwarning: [m[Kunused parameter ‘[01m[Ksize[m[K’ [[01;35m[K-Wunused-parameter[m[K]
[60.508s]    56 |  virtual void onDecodingError(int errMsg, _u8 ansType, const void* payload, [01;35m[Ksize_t size[m[K) {}
[60.508s]       |                                                                             [01;35m[K~~~~~~~^~~~[m[K
[60.516s] [01m[K/workspaces/isaac_ros-dev/software/library_ws/src/sllidar_ros2/sdk/src/dataunpacker/unpacker/handler_normalnode.cpp:[m[K In member function ‘[01m[Kvirtual void sl::internal::unpacker::UnpackerHandler_NormalNode::onUnpackerContextSet(sl::internal::LIDARSampleDataUnpacker::UnpackerContextType, const void*, size_t)[m[K’:
[60.516s] [01m[K/workspaces/isaac_ros-dev/software/library_ws/src/sllidar_ros2/sdk/src/dataunpacker/unpacker/handler_normalnode.cpp:144:131:[m[K [01;35m[Kwarning: [m[Kunused parameter ‘[01m[Ksize[m[K’ [[01;35m[K-Wunused-parameter[m[K]
[60.517s]   144 | void UnpackerHandler_NormalNode::onUnpackerContextSet(LIDARSampleDataUnpacker::UnpackerContextType type, const void* data, [01;35m[Ksize_t size[m[K)
[60.517s]       |                                                                                                                            [01;35m[K~~~~~~~^~~~[m[K
[61.002s] [100%] [32m[1mLinking CXX executable sllidar_node[0m
[61.737s] [100%] Built target sllidar_node
[61.753s] Invoked command in '/workspaces/isaac_ros-dev/software/library_ws/build/sllidar_ros2' returned '0': CMAKE_PREFIX_PATH=${CMAKE_PREFIX_PATH}:/workspaces/isaac_ros-dev/yahboomcar_ws2/install/yahboomcar_laser:/workspaces/isaac_ros-dev/yahboomcar_ws2/install/yahboomcar_description:/workspaces/isaac_ros-dev/yahboomcar_ws2/install/yahboomcar_ctrl:/workspaces/isaac_ros-dev/yahboomcar_ws2/install/yahboomcar_bringup:/workspaces/isaac_ros-dev/yahboomcar_ws2/install/robot_pose_publisher:/opt/ros/humble /usr/bin/cmake --build /workspaces/isaac_ros-dev/software/library_ws/build/sllidar_ros2 -- -j6 -l6
[61.990s] Invoking command in '/workspaces/isaac_ros-dev/software/library_ws/build/sllidar_ros2': CMAKE_PREFIX_PATH=${CMAKE_PREFIX_PATH}:/workspaces/isaac_ros-dev/yahboomcar_ws2/install/yahboomcar_laser:/workspaces/isaac_ros-dev/yahboomcar_ws2/install/yahboomcar_description:/workspaces/isaac_ros-dev/yahboomcar_ws2/install/yahboomcar_ctrl:/workspaces/isaac_ros-dev/yahboomcar_ws2/install/yahboomcar_bringup:/workspaces/isaac_ros-dev/yahboomcar_ws2/install/robot_pose_publisher:/opt/ros/humble /usr/bin/cmake --install /workspaces/isaac_ros-dev/software/library_ws/build/sllidar_ros2
[62.005s] -- Install configuration: "RelWithDebInfo"
[62.005s] -- Execute custom install script
[62.005s] -- Symlinking: /workspaces/isaac_ros-dev/software/library_ws/install/sllidar_ros2/share/sllidar_ros2/launch/sllidar_a1_launch.py
[62.015s] -- Symlinking: /workspaces/isaac_ros-dev/software/library_ws/install/sllidar_ros2/share/sllidar_ros2/launch/sllidar_a2m12_launch .py
[62.027s] -- Symlinking: /workspaces/isaac_ros-dev/software/library_ws/install/sllidar_ros2/share/sllidar_ros2/launch/sllidar_a2m7_launch.py
[62.036s] -- Symlinking: /workspaces/isaac_ros-dev/software/library_ws/install/sllidar_ros2/share/sllidar_ros2/launch/sllidar_a2m8_launch.py
[62.047s] -- Symlinking: /workspaces/isaac_ros-dev/software/library_ws/install/sllidar_ros2/share/sllidar_ros2/launch/sllidar_a3_launch.py
[62.061s] -- Symlinking: /workspaces/isaac_ros-dev/software/library_ws/install/sllidar_ros2/share/sllidar_ros2/launch/sllidar_c1_launch.py
[62.069s] -- Symlinking: /workspaces/isaac_ros-dev/software/library_ws/install/sllidar_ros2/share/sllidar_ros2/launch/sllidar_s1_launch.py
[62.078s] -- Symlinking: /workspaces/isaac_ros-dev/software/library_ws/install/sllidar_ros2/share/sllidar_ros2/launch/sllidar_s1_tcp_launch.py
[62.089s] -- Symlinking: /workspaces/isaac_ros-dev/software/library_ws/install/sllidar_ros2/share/sllidar_ros2/launch/sllidar_s2_launch.py
[62.098s] -- Symlinking: /workspaces/isaac_ros-dev/software/library_ws/install/sllidar_ros2/share/sllidar_ros2/launch/sllidar_s2e_launch.py
[62.106s] -- Symlinking: /workspaces/isaac_ros-dev/software/library_ws/install/sllidar_ros2/share/sllidar_ros2/launch/sllidar_s3_launch.py
[62.115s] -- Symlinking: /workspaces/isaac_ros-dev/software/library_ws/install/sllidar_ros2/share/sllidar_ros2/launch/sllidar_t1_launch.py
[62.128s] -- Symlinking: /workspaces/isaac_ros-dev/software/library_ws/install/sllidar_ros2/share/sllidar_ros2/launch/view_sllidar_a1_launch.py
[62.139s] -- Symlinking: /workspaces/isaac_ros-dev/software/library_ws/install/sllidar_ros2/share/sllidar_ros2/launch/view_sllidar_a2m12_launch.py
[62.148s] -- Symlinking: /workspaces/isaac_ros-dev/software/library_ws/install/sllidar_ros2/share/sllidar_ros2/launch/view_sllidar_a2m7_launch.py
[62.158s] -- Symlinking: /workspaces/isaac_ros-dev/software/library_ws/install/sllidar_ros2/share/sllidar_ros2/launch/view_sllidar_a2m8_launch.py
[62.167s] -- Symlinking: /workspaces/isaac_ros-dev/software/library_ws/install/sllidar_ros2/share/sllidar_ros2/launch/view_sllidar_a3_launch.py
[62.180s] -- Symlinking: /workspaces/isaac_ros-dev/software/library_ws/install/sllidar_ros2/share/sllidar_ros2/launch/view_sllidar_c1_launch.py
[62.190s] -- Symlinking: /workspaces/isaac_ros-dev/software/library_ws/install/sllidar_ros2/share/sllidar_ros2/launch/view_sllidar_s1_launch.py
[62.198s] -- Symlinking: /workspaces/isaac_ros-dev/software/library_ws/install/sllidar_ros2/share/sllidar_ros2/launch/view_sllidar_s1_tcp_launch.py
[62.217s] -- Symlinking: /workspaces/isaac_ros-dev/software/library_ws/install/sllidar_ros2/share/sllidar_ros2/launch/view_sllidar_s2_launch.py
[62.227s] -- Symlinking: /workspaces/isaac_ros-dev/software/library_ws/install/sllidar_ros2/share/sllidar_ros2/launch/view_sllidar_s2e_launch.py
[62.236s] -- Symlinking: /workspaces/isaac_ros-dev/software/library_ws/install/sllidar_ros2/share/sllidar_ros2/launch/view_sllidar_s3_launch.py
[62.247s] -- Symlinking: /workspaces/isaac_ros-dev/software/library_ws/install/sllidar_ros2/share/sllidar_ros2/launch/view_sllidar_t1_launch.py
[62.262s] -- Symlinking: /workspaces/isaac_ros-dev/software/library_ws/install/sllidar_ros2/share/sllidar_ros2/rviz/sllidar_ros2.rviz
[62.272s] -- Symlinking: /workspaces/isaac_ros-dev/software/library_ws/install/sllidar_ros2/lib/sllidar_ros2/sllidar_node
[62.282s] -- Symlinking: /workspaces/isaac_ros-dev/software/library_ws/install/sllidar_ros2/lib/sllidar_ros2/sllidar_client
[62.294s] -- Symlinking: /workspaces/isaac_ros-dev/software/library_ws/install/sllidar_ros2/share/ament_index/resource_index/package_run_dependencies/sllidar_ros2
[62.303s] -- Symlinking: /workspaces/isaac_ros-dev/software/library_ws/install/sllidar_ros2/share/ament_index/resource_index/parent_prefix_path/sllidar_ros2
[62.313s] -- Symlinking: /workspaces/isaac_ros-dev/software/library_ws/install/sllidar_ros2/share/sllidar_ros2/environment/ament_prefix_path.sh
[62.322s] -- Symlinking: /workspaces/isaac_ros-dev/software/library_ws/install/sllidar_ros2/share/sllidar_ros2/environment/ament_prefix_path.dsv
[62.334s] -- Symlinking: /workspaces/isaac_ros-dev/software/library_ws/install/sllidar_ros2/share/sllidar_ros2/environment/path.sh
[62.344s] -- Symlinking: /workspaces/isaac_ros-dev/software/library_ws/install/sllidar_ros2/share/sllidar_ros2/environment/path.dsv
[62.354s] -- Symlinking: /workspaces/isaac_ros-dev/software/library_ws/install/sllidar_ros2/share/sllidar_ros2/local_setup.bash
[62.365s] -- Symlinking: /workspaces/isaac_ros-dev/software/library_ws/install/sllidar_ros2/share/sllidar_ros2/local_setup.sh
[62.379s] -- Symlinking: /workspaces/isaac_ros-dev/software/library_ws/install/sllidar_ros2/share/sllidar_ros2/local_setup.zsh
[62.389s] -- Symlinking: /workspaces/isaac_ros-dev/software/library_ws/install/sllidar_ros2/share/sllidar_ros2/local_setup.dsv
[62.400s] -- Symlinking: /workspaces/isaac_ros-dev/software/library_ws/install/sllidar_ros2/share/sllidar_ros2/package.dsv
[62.413s] -- Symlinking: /workspaces/isaac_ros-dev/software/library_ws/install/sllidar_ros2/share/ament_index/resource_index/packages/sllidar_ros2
[62.423s] -- Symlinking: /workspaces/isaac_ros-dev/software/library_ws/install/sllidar_ros2/share/sllidar_ros2/cmake/ament_cmake_export_dependencies-extras.cmake
[62.434s] -- Symlinking: /workspaces/isaac_ros-dev/software/library_ws/install/sllidar_ros2/share/sllidar_ros2/cmake/ament_cmake_export_include_directories-extras.cmake
[62.450s] -- Symlinking: /workspaces/isaac_ros-dev/software/library_ws/install/sllidar_ros2/share/sllidar_ros2/cmake/sllidar_ros2Config.cmake
[62.459s] -- Symlinking: /workspaces/isaac_ros-dev/software/library_ws/install/sllidar_ros2/share/sllidar_ros2/cmake/sllidar_ros2Config-version.cmake
[62.469s] -- Symlinking: /workspaces/isaac_ros-dev/software/library_ws/install/sllidar_ros2/share/sllidar_ros2/package.xml
[62.499s] Invoked command in '/workspaces/isaac_ros-dev/software/library_ws/build/sllidar_ros2' returned '0': CMAKE_PREFIX_PATH=${CMAKE_PREFIX_PATH}:/workspaces/isaac_ros-dev/yahboomcar_ws2/install/yahboomcar_laser:/workspaces/isaac_ros-dev/yahboomcar_ws2/install/yahboomcar_description:/workspaces/isaac_ros-dev/yahboomcar_ws2/install/yahboomcar_ctrl:/workspaces/isaac_ros-dev/yahboomcar_ws2/install/yahboomcar_bringup:/workspaces/isaac_ros-dev/yahboomcar_ws2/install/robot_pose_publisher:/opt/ros/humble /usr/bin/cmake --install /workspaces/isaac_ros-dev/software/library_ws/build/sllidar_ros2
