[0.198s] Invoking command in '/workspaces/isaac_ros-dev/software/library_ws/build/astra_camera_msgs': CMAKE_PREFIX_PATH=${CMAKE_PREFIX_PATH}:/workspaces/isaac_ros-dev/yahboomcar_ws2/install/yahboomcar_laser:/workspaces/isaac_ros-dev/yahboomcar_ws2/install/yahboomcar_description:/workspaces/isaac_ros-dev/yahboomcar_ws2/install/yahboomcar_ctrl:/workspaces/isaac_ros-dev/yahboomcar_ws2/install/yahboomcar_bringup:/workspaces/isaac_ros-dev/yahboomcar_ws2/install/robot_pose_publisher:/opt/ros/humble /usr/bin/cmake /workspaces/isaac_ros-dev/software/library_ws/src/ros2_astra_camera/astra_camera_msgs -DCMAKE_BUILD_TYPE=RelWithDebInfo -DAMENT_CMAKE_SYMLINK_INSTALL=1 -DCMAKE_INSTALL_PREFIX=/workspaces/isaac_ros-dev/software/library_ws/install/astra_camera_msgs
[0.368s] -- The C compiler identification is GNU 9.4.0
[0.517s] -- The CXX compiler identification is GNU 9.4.0
[0.534s] -- Detecting C compiler ABI info
[0.681s] -- Detecting C compiler ABI info - done
[0.694s] -- Check for working C compiler: /usr/bin/cc - skipped
[0.695s] -- Detecting C compile features
[0.696s] -- Detecting C compile features - done
[0.702s] -- Detecting CXX compiler ABI info
[0.868s] -- Detecting CXX compiler ABI info - done
[0.883s] -- Check for working CXX compiler: /usr/bin/c++ - skipped
[0.884s] -- Detecting CXX compile features
[0.884s] -- Detecting CXX compile features - done
[0.895s] -- Found ament_cmake: 1.3.6 (/opt/ros/humble/share/ament_cmake/cmake)
[2.990s] -- Found Python3: /usr/bin/python3.8 (found version "3.8.10") found components: Interpreter 
[3.157s] -- Override CMake install command with custom implementation using symlinks instead of copying resources
[3.258s] -- Found rosidl_default_generators: 1.2.0 (/opt/ros/humble/share/rosidl_default_generators/cmake)
[3.270s] -- Using all available rosidl_typesupport_c: rosidl_typesupport_fastrtps_c;rosidl_typesupport_introspection_c
[3.293s] -- Found rosidl_adapter: 3.1.5 (/opt/ros/humble/share/rosidl_adapter/cmake)
[3.421s] -- Using all available rosidl_typesupport_cpp: rosidl_typesupport_fastrtps_cpp;rosidl_typesupport_introspection_cpp
[3.529s] -- Found sensor_msgs: 4.2.3 (/opt/ros/humble/share/sensor_msgs/cmake)
[4.747s] -- Found ament_cmake_ros: 0.10.0 (/opt/ros/humble/share/ament_cmake_ros/cmake)
[5.254s] -- Using all available rosidl_typesupport_c: rosidl_typesupport_fastrtps_c;rosidl_typesupport_introspection_c
[5.943s] -- Using all available rosidl_typesupport_cpp: rosidl_typesupport_fastrtps_cpp;rosidl_typesupport_introspection_cpp
[6.032s] -- Found PythonInterp: /usr/bin/python3 (found suitable version "3.8.10", minimum required is "3.6") 
[6.040s] -- Found python_cmake_module: 0.10.0 (/opt/ros/humble/share/python_cmake_module/cmake)
[6.134s] -- Found PythonLibs: /usr/lib/aarch64-linux-gnu/libpython3.8.so (found suitable version "3.8.10", minimum required is "3.5") 
[6.134s] -- Using PYTHON_EXECUTABLE: /usr/bin/python3
[6.135s] -- Using PYTHON_INCLUDE_DIRS: /usr/include/python3.8
[6.135s] -- Using PYTHON_LIBRARIES: /usr/lib/aarch64-linux-gnu/libpython3.8.so
[6.208s] -- Found PythonExtra: .so  
[6.434s] -- Found ament_lint_auto: 0.12.9 (/opt/ros/humble/share/ament_lint_auto/cmake)
[6.526s] -- Added test 'copyright' to check source files copyright and LICENSE
[6.591s] -- Added test 'cppcheck' to perform static code analysis on C / C++ code
[6.593s] -- Configured cppcheck include dirs: 
[6.593s] -- Configured cppcheck exclude dirs and/or files: 
[6.659s] -- Added test 'cpplint' to check C / C++ code against the Google style
[6.659s] -- Configured cpplint exclude dirs and/or files: 
[6.669s] -- Added test 'flake8' to check Python code syntax and style conventions
[6.687s] -- Added test 'lint_cmake' to check CMake code style
[6.698s] -- Added test 'pep257' to check Python code against some of the docstring style conventions in PEP 257
[6.765s] -- Added test 'uncrustify' to check C / C++ code style
[6.765s] -- Configured uncrustify additional arguments: 
[6.775s] -- Added test 'xmllint' to check XML markup files
[6.786s] -- Configuring done
[6.912s] -- Generating done
[6.919s] -- Build files have been written to: /workspaces/isaac_ros-dev/software/library_ws/build/astra_camera_msgs
[6.948s] Invoked command in '/workspaces/isaac_ros-dev/software/library_ws/build/astra_camera_msgs' returned '0': CMAKE_PREFIX_PATH=${CMAKE_PREFIX_PATH}:/workspaces/isaac_ros-dev/yahboomcar_ws2/install/yahboomcar_laser:/workspaces/isaac_ros-dev/yahboomcar_ws2/install/yahboomcar_description:/workspaces/isaac_ros-dev/yahboomcar_ws2/install/yahboomcar_ctrl:/workspaces/isaac_ros-dev/yahboomcar_ws2/install/yahboomcar_bringup:/workspaces/isaac_ros-dev/yahboomcar_ws2/install/robot_pose_publisher:/opt/ros/humble /usr/bin/cmake /workspaces/isaac_ros-dev/software/library_ws/src/ros2_astra_camera/astra_camera_msgs -DCMAKE_BUILD_TYPE=RelWithDebInfo -DAMENT_CMAKE_SYMLINK_INSTALL=1 -DCMAKE_INSTALL_PREFIX=/workspaces/isaac_ros-dev/software/library_ws/install/astra_camera_msgs
[6.956s] Invoking command in '/workspaces/isaac_ros-dev/software/library_ws/build/astra_camera_msgs': CMAKE_PREFIX_PATH=${CMAKE_PREFIX_PATH}:/workspaces/isaac_ros-dev/yahboomcar_ws2/install/yahboomcar_laser:/workspaces/isaac_ros-dev/yahboomcar_ws2/install/yahboomcar_description:/workspaces/isaac_ros-dev/yahboomcar_ws2/install/yahboomcar_ctrl:/workspaces/isaac_ros-dev/yahboomcar_ws2/install/yahboomcar_bringup:/workspaces/isaac_ros-dev/yahboomcar_ws2/install/robot_pose_publisher:/opt/ros/humble /usr/bin/cmake --build /workspaces/isaac_ros-dev/software/library_ws/build/astra_camera_msgs -- -j6 -l6
[7.024s] [  1%] [34m[1mGenerating C code for ROS interfaces[0m
[7.041s] [  2%] [34m[1mGenerating C++ code for ROS interfaces[0m
[7.055s] [  2%] Built target ament_cmake_python_symlink_astra_camera_msgs
[8.104s] running egg_info
[8.107s] creating astra_camera_msgs.egg-info
[8.144s] writing astra_camera_msgs.egg-info/PKG-INFO
[8.144s] writing dependency_links to astra_camera_msgs.egg-info/dependency_links.txt
[8.145s] writing top-level names to astra_camera_msgs.egg-info/top_level.txt
[8.145s] writing manifest file 'astra_camera_msgs.egg-info/SOURCES.txt'
[8.261s] reading manifest file 'astra_camera_msgs.egg-info/SOURCES.txt'
[8.262s] writing manifest file 'astra_camera_msgs.egg-info/SOURCES.txt'
[8.391s] [  2%] Built target ament_cmake_python_build_astra_camera_msgs_egg
[8.862s] [  3%] [32mBuilding C object CMakeFiles/astra_camera_msgs__rosidl_generator_c.dir/rosidl_generator_c/astra_camera_msgs/msg/detail/extrinsics__functions.c.o[0m
[8.866s] [  4%] [32mBuilding C object CMakeFiles/astra_camera_msgs__rosidl_generator_c.dir/rosidl_generator_c/astra_camera_msgs/msg/detail/device_info__functions.c.o[0m
[8.869s] [  5%] [32mBuilding C object CMakeFiles/astra_camera_msgs__rosidl_generator_c.dir/rosidl_generator_c/astra_camera_msgs/msg/detail/metadata__functions.c.o[0m
[8.871s] [  7%] [32mBuilding C object CMakeFiles/astra_camera_msgs__rosidl_generator_c.dir/rosidl_generator_c/astra_camera_msgs/srv/detail/get_device_info__functions.c.o[0m
[8.871s] [  7%] [32mBuilding C object CMakeFiles/astra_camera_msgs__rosidl_generator_c.dir/rosidl_generator_c/astra_camera_msgs/srv/detail/get_camera_info__functions.c.o[0m
[9.216s] [  8%] [32mBuilding C object CMakeFiles/astra_camera_msgs__rosidl_generator_c.dir/rosidl_generator_c/astra_camera_msgs/srv/detail/get_int32__functions.c.o[0m
[9.224s] [  9%] [32mBuilding C object CMakeFiles/astra_camera_msgs__rosidl_generator_c.dir/rosidl_generator_c/astra_camera_msgs/srv/detail/get_camera_params__functions.c.o[0m
[9.320s] [ 10%] [32mBuilding C object CMakeFiles/astra_camera_msgs__rosidl_generator_c.dir/rosidl_generator_c/astra_camera_msgs/srv/detail/get_string__functions.c.o[0m
[9.390s] [ 10%] Built target astra_camera_msgs__cpp
[9.405s] [ 11%] [32mBuilding C object CMakeFiles/astra_camera_msgs__rosidl_generator_c.dir/rosidl_generator_c/astra_camera_msgs/srv/detail/set_int32__functions.c.o[0m
[9.429s] [ 12%] [34m[1mGenerating C++ type support dispatch for ROS interfaces[0m
[9.645s] [ 13%] [34m[1mGenerating C++ type support for eProsima Fast-RTPS[0m
[9.880s] [ 14%] [34m[1mGenerating C++ introspection for ROS interfaces[0m
[10.122s] [ 15%] [32m[1mLinking C shared library libastra_camera_msgs__rosidl_generator_c.so[0m
[10.288s] [ 15%] Built target astra_camera_msgs__rosidl_generator_c
[10.317s] [ 17%] [34m[1mGenerating C type support dispatch for ROS interfaces[0m
[10.318s] [ 17%] [34m[1mGenerating C introspection for ROS interfaces[0m
[10.333s] [ 18%] [34m[1mGenerating C type support for eProsima Fast-RTPS[0m
[11.369s] [ 20%] [32mBuilding CXX object CMakeFiles/astra_camera_msgs__rosidl_typesupport_cpp.dir/rosidl_typesupport_cpp/astra_camera_msgs/msg/device_info__type_support.cpp.o[0m
[11.903s] [ 21%] [32mBuilding CXX object CMakeFiles/astra_camera_msgs__rosidl_typesupport_c.dir/rosidl_typesupport_c/astra_camera_msgs/msg/device_info__type_support.cpp.o[0m
[12.005s] [ 22%] [32mBuilding CXX object CMakeFiles/astra_camera_msgs__rosidl_typesupport_fastrtps_cpp.dir/rosidl_typesupport_fastrtps_cpp/astra_camera_msgs/msg/detail/dds_fastrtps/device_info__type_support.cpp.o[0m
[12.056s] [ 23%] [32mBuilding CXX object CMakeFiles/astra_camera_msgs__rosidl_typesupport_c.dir/rosidl_typesupport_c/astra_camera_msgs/msg/extrinsics__type_support.cpp.o[0m
[12.200s] [ 24%] [32mBuilding CXX object CMakeFiles/astra_camera_msgs__rosidl_typesupport_introspection_cpp.dir/rosidl_typesupport_introspection_cpp/astra_camera_msgs/msg/detail/device_info__type_support.cpp.o[0m
[12.228s] [ 25%] [32mBuilding CXX object CMakeFiles/astra_camera_msgs__rosidl_typesupport_c.dir/rosidl_typesupport_c/astra_camera_msgs/msg/metadata__type_support.cpp.o[0m
[12.381s] [ 26%] [32mBuilding CXX object CMakeFiles/astra_camera_msgs__rosidl_typesupport_c.dir/rosidl_typesupport_c/astra_camera_msgs/srv/get_device_info__type_support.cpp.o[0m
[12.400s] [ 27%] [32mBuilding C object CMakeFiles/astra_camera_msgs__rosidl_typesupport_introspection_c.dir/rosidl_typesupport_introspection_c/astra_camera_msgs/msg/detail/device_info__type_support.c.o[0m
[12.560s] [ 28%] [32mBuilding CXX object CMakeFiles/astra_camera_msgs__rosidl_typesupport_c.dir/rosidl_typesupport_c/astra_camera_msgs/srv/get_camera_info__type_support.cpp.o[0m
[12.599s] [ 29%] [32mBuilding CXX object CMakeFiles/astra_camera_msgs__rosidl_typesupport_cpp.dir/rosidl_typesupport_cpp/astra_camera_msgs/msg/extrinsics__type_support.cpp.o[0m
[12.644s] [ 30%] [32mBuilding C object CMakeFiles/astra_camera_msgs__rosidl_typesupport_introspection_c.dir/rosidl_typesupport_introspection_c/astra_camera_msgs/msg/detail/extrinsics__type_support.c.o[0m
[12.766s] [ 31%] [32mBuilding CXX object CMakeFiles/astra_camera_msgs__rosidl_typesupport_c.dir/rosidl_typesupport_c/astra_camera_msgs/srv/get_camera_params__type_support.cpp.o[0m
[12.820s] [ 32%] [32mBuilding CXX object CMakeFiles/astra_camera_msgs__rosidl_typesupport_fastrtps_c.dir/rosidl_typesupport_fastrtps_c/astra_camera_msgs/msg/detail/device_info__type_support_c.cpp.o[0m
[12.859s] [ 33%] [32mBuilding C object CMakeFiles/astra_camera_msgs__rosidl_typesupport_introspection_c.dir/rosidl_typesupport_introspection_c/astra_camera_msgs/msg/detail/metadata__type_support.c.o[0m
[12.996s] [ 34%] [32mBuilding C object CMakeFiles/astra_camera_msgs__rosidl_typesupport_introspection_c.dir/rosidl_typesupport_introspection_c/astra_camera_msgs/srv/detail/get_device_info__type_support.c.o[0m
[13.001s] [ 35%] [32mBuilding CXX object CMakeFiles/astra_camera_msgs__rosidl_typesupport_c.dir/rosidl_typesupport_c/astra_camera_msgs/srv/get_int32__type_support.cpp.o[0m
[13.165s] [ 36%] [32mBuilding C object CMakeFiles/astra_camera_msgs__rosidl_typesupport_introspection_c.dir/rosidl_typesupport_introspection_c/astra_camera_msgs/srv/detail/get_camera_info__type_support.c.o[0m
[13.170s] [ 37%] [32mBuilding CXX object CMakeFiles/astra_camera_msgs__rosidl_typesupport_c.dir/rosidl_typesupport_c/astra_camera_msgs/srv/get_string__type_support.cpp.o[0m
[13.356s] [ 38%] [32mBuilding CXX object CMakeFiles/astra_camera_msgs__rosidl_typesupport_c.dir/rosidl_typesupport_c/astra_camera_msgs/srv/set_int32__type_support.cpp.o[0m
[13.429s] [ 40%] [32mBuilding C object CMakeFiles/astra_camera_msgs__rosidl_typesupport_introspection_c.dir/rosidl_typesupport_introspection_c/astra_camera_msgs/srv/detail/get_camera_params__type_support.c.o[0m
[13.562s] [ 41%] [32m[1mLinking CXX shared library libastra_camera_msgs__rosidl_typesupport_c.so[0m
[13.799s] [ 41%] Built target astra_camera_msgs__rosidl_typesupport_c
[13.854s] [ 42%] [32mBuilding C object CMakeFiles/astra_camera_msgs__rosidl_typesupport_introspection_c.dir/rosidl_typesupport_introspection_c/astra_camera_msgs/srv/detail/get_int32__type_support.c.o[0m
[13.984s] [ 43%] [32mBuilding C object CMakeFiles/astra_camera_msgs__rosidl_typesupport_introspection_c.dir/rosidl_typesupport_introspection_c/astra_camera_msgs/srv/detail/get_string__type_support.c.o[0m
[14.029s] [ 44%] [32mBuilding CXX object CMakeFiles/astra_camera_msgs__rosidl_typesupport_cpp.dir/rosidl_typesupport_cpp/astra_camera_msgs/msg/metadata__type_support.cpp.o[0m
[14.119s] [ 45%] [32mBuilding CXX object CMakeFiles/astra_camera_msgs__rosidl_typesupport_fastrtps_cpp.dir/rosidl_typesupport_fastrtps_cpp/astra_camera_msgs/msg/detail/dds_fastrtps/extrinsics__type_support.cpp.o[0m
[14.143s] [ 46%] [32mBuilding C object CMakeFiles/astra_camera_msgs__rosidl_typesupport_introspection_c.dir/rosidl_typesupport_introspection_c/astra_camera_msgs/srv/detail/set_int32__type_support.c.o[0m
[14.292s] [ 47%] [32mBuilding CXX object CMakeFiles/astra_camera_msgs__rosidl_typesupport_introspection_cpp.dir/rosidl_typesupport_introspection_cpp/astra_camera_msgs/msg/detail/extrinsics__type_support.cpp.o[0m
[14.331s] [ 48%] [32mBuilding CXX object CMakeFiles/astra_camera_msgs__rosidl_typesupport_fastrtps_cpp.dir/rosidl_typesupport_fastrtps_cpp/astra_camera_msgs/msg/detail/dds_fastrtps/metadata__type_support.cpp.o[0m
[14.341s] [ 49%] [32m[1mLinking C shared library libastra_camera_msgs__rosidl_typesupport_introspection_c.so[0m
[14.505s] [ 49%] Built target astra_camera_msgs__rosidl_typesupport_introspection_c
[14.549s] [ 50%] [32mBuilding CXX object CMakeFiles/astra_camera_msgs__rosidl_typesupport_cpp.dir/rosidl_typesupport_cpp/astra_camera_msgs/srv/get_device_info__type_support.cpp.o[0m
[15.064s] [ 51%] [32mBuilding CXX object CMakeFiles/astra_camera_msgs__rosidl_typesupport_cpp.dir/rosidl_typesupport_cpp/astra_camera_msgs/srv/get_camera_info__type_support.cpp.o[0m
[15.136s] [ 52%] [32mBuilding CXX object CMakeFiles/astra_camera_msgs__rosidl_typesupport_fastrtps_c.dir/rosidl_typesupport_fastrtps_c/astra_camera_msgs/msg/detail/extrinsics__type_support_c.cpp.o[0m
[16.296s] [ 53%] [32mBuilding CXX object CMakeFiles/astra_camera_msgs__rosidl_typesupport_fastrtps_c.dir/rosidl_typesupport_fastrtps_c/astra_camera_msgs/msg/detail/metadata__type_support_c.cpp.o[0m
[16.341s] [ 54%] [32mBuilding CXX object CMakeFiles/astra_camera_msgs__rosidl_typesupport_cpp.dir/rosidl_typesupport_cpp/astra_camera_msgs/srv/get_camera_params__type_support.cpp.o[0m
[16.368s] [ 55%] [32mBuilding CXX object CMakeFiles/astra_camera_msgs__rosidl_typesupport_fastrtps_cpp.dir/rosidl_typesupport_fastrtps_cpp/astra_camera_msgs/srv/detail/dds_fastrtps/get_device_info__type_support.cpp.o[0m
[16.384s] [ 56%] [32mBuilding CXX object CMakeFiles/astra_camera_msgs__rosidl_typesupport_fastrtps_cpp.dir/rosidl_typesupport_fastrtps_cpp/astra_camera_msgs/srv/detail/dds_fastrtps/get_camera_info__type_support.cpp.o[0m
[16.388s] [ 57%] [32mBuilding CXX object CMakeFiles/astra_camera_msgs__rosidl_typesupport_introspection_cpp.dir/rosidl_typesupport_introspection_cpp/astra_camera_msgs/msg/detail/metadata__type_support.cpp.o[0m
[16.729s] [ 58%] [32mBuilding CXX object CMakeFiles/astra_camera_msgs__rosidl_typesupport_introspection_cpp.dir/rosidl_typesupport_introspection_cpp/astra_camera_msgs/srv/detail/get_device_info__type_support.cpp.o[0m
[17.527s] [ 60%] [32mBuilding CXX object CMakeFiles/astra_camera_msgs__rosidl_typesupport_cpp.dir/rosidl_typesupport_cpp/astra_camera_msgs/srv/get_int32__type_support.cpp.o[0m
[18.352s] [ 61%] [32mBuilding CXX object CMakeFiles/astra_camera_msgs__rosidl_typesupport_fastrtps_c.dir/rosidl_typesupport_fastrtps_c/astra_camera_msgs/srv/detail/get_device_info__type_support_c.cpp.o[0m
[18.713s] [ 62%] [32mBuilding CXX object CMakeFiles/astra_camera_msgs__rosidl_typesupport_introspection_cpp.dir/rosidl_typesupport_introspection_cpp/astra_camera_msgs/srv/detail/get_camera_info__type_support.cpp.o[0m
[19.016s] [ 63%] [32mBuilding CXX object CMakeFiles/astra_camera_msgs__rosidl_typesupport_cpp.dir/rosidl_typesupport_cpp/astra_camera_msgs/srv/get_string__type_support.cpp.o[0m
[19.048s] [ 64%] [32mBuilding CXX object CMakeFiles/astra_camera_msgs__rosidl_typesupport_fastrtps_cpp.dir/rosidl_typesupport_fastrtps_cpp/astra_camera_msgs/srv/detail/dds_fastrtps/get_camera_params__type_support.cpp.o[0m
[19.096s] [ 65%] [32mBuilding CXX object CMakeFiles/astra_camera_msgs__rosidl_typesupport_fastrtps_cpp.dir/rosidl_typesupport_fastrtps_cpp/astra_camera_msgs/srv/detail/dds_fastrtps/get_int32__type_support.cpp.o[0m
[19.246s] [ 66%] [32mBuilding CXX object CMakeFiles/astra_camera_msgs__rosidl_typesupport_introspection_cpp.dir/rosidl_typesupport_introspection_cpp/astra_camera_msgs/srv/detail/get_camera_params__type_support.cpp.o[0m
[20.191s] [ 67%] [32mBuilding CXX object CMakeFiles/astra_camera_msgs__rosidl_typesupport_cpp.dir/rosidl_typesupport_cpp/astra_camera_msgs/srv/set_int32__type_support.cpp.o[0m
[20.801s] [ 68%] [32mBuilding CXX object CMakeFiles/astra_camera_msgs__rosidl_typesupport_fastrtps_c.dir/rosidl_typesupport_fastrtps_c/astra_camera_msgs/srv/detail/get_camera_info__type_support_c.cpp.o[0m
[20.931s] [ 69%] [32mBuilding CXX object CMakeFiles/astra_camera_msgs__rosidl_typesupport_introspection_cpp.dir/rosidl_typesupport_introspection_cpp/astra_camera_msgs/srv/detail/get_int32__type_support.cpp.o[0m
[21.115s] [ 70%] [32mBuilding CXX object CMakeFiles/astra_camera_msgs__rosidl_typesupport_fastrtps_cpp.dir/rosidl_typesupport_fastrtps_cpp/astra_camera_msgs/srv/detail/dds_fastrtps/get_string__type_support.cpp.o[0m
[21.372s] [ 71%] [32mBuilding CXX object CMakeFiles/astra_camera_msgs__rosidl_typesupport_fastrtps_cpp.dir/rosidl_typesupport_fastrtps_cpp/astra_camera_msgs/srv/detail/dds_fastrtps/set_int32__type_support.cpp.o[0m
[21.620s] [ 72%] [32m[1mLinking CXX shared library libastra_camera_msgs__rosidl_typesupport_cpp.so[0m
[21.795s] [ 73%] [32mBuilding CXX object CMakeFiles/astra_camera_msgs__rosidl_typesupport_introspection_cpp.dir/rosidl_typesupport_introspection_cpp/astra_camera_msgs/srv/detail/get_string__type_support.cpp.o[0m
[21.843s] [ 73%] Built target astra_camera_msgs__rosidl_typesupport_cpp
[21.878s] [ 74%] [32mBuilding CXX object CMakeFiles/astra_camera_msgs__rosidl_typesupport_introspection_cpp.dir/rosidl_typesupport_introspection_cpp/astra_camera_msgs/srv/detail/set_int32__type_support.cpp.o[0m
[22.814s] [ 75%] [32mBuilding CXX object CMakeFiles/astra_camera_msgs__rosidl_typesupport_fastrtps_c.dir/rosidl_typesupport_fastrtps_c/astra_camera_msgs/srv/detail/get_camera_params__type_support_c.cpp.o[0m
[23.085s] [ 76%] [32mBuilding CXX object CMakeFiles/astra_camera_msgs__rosidl_typesupport_fastrtps_c.dir/rosidl_typesupport_fastrtps_c/astra_camera_msgs/srv/detail/get_int32__type_support_c.cpp.o[0m
[23.216s] [ 77%] [32mBuilding CXX object CMakeFiles/astra_camera_msgs__rosidl_typesupport_fastrtps_c.dir/rosidl_typesupport_fastrtps_c/astra_camera_msgs/srv/detail/get_string__type_support_c.cpp.o[0m
[23.755s] [ 78%] [32m[1mLinking CXX shared library libastra_camera_msgs__rosidl_typesupport_fastrtps_cpp.so[0m
[24.062s] [ 80%] [32mBuilding CXX object CMakeFiles/astra_camera_msgs__rosidl_typesupport_fastrtps_c.dir/rosidl_typesupport_fastrtps_c/astra_camera_msgs/srv/detail/set_int32__type_support_c.cpp.o[0m
[24.109s] [ 81%] [32m[1mLinking CXX shared library libastra_camera_msgs__rosidl_typesupport_introspection_cpp.so[0m
[24.250s] [ 81%] Built target astra_camera_msgs__rosidl_typesupport_fastrtps_cpp
[24.421s] [ 81%] Built target astra_camera_msgs__rosidl_typesupport_introspection_cpp
[25.573s] [ 82%] [32m[1mLinking CXX shared library libastra_camera_msgs__rosidl_typesupport_fastrtps_c.so[0m
[25.762s] [ 82%] Built target astra_camera_msgs__rosidl_typesupport_fastrtps_c
[25.798s] [ 82%] Built target astra_camera_msgs
[25.832s] [ 83%] [34m[1mGenerating Python code for ROS interfaces[0m
[28.631s] [ 83%] Built target astra_camera_msgs__py
[28.663s] [ 84%] [32mBuilding C object CMakeFiles/astra_camera_msgs__rosidl_generator_py.dir/rosidl_generator_py/astra_camera_msgs/msg/_extrinsics_s.c.o[0m
[28.665s] [ 86%] [32mBuilding C object CMakeFiles/astra_camera_msgs__rosidl_generator_py.dir/rosidl_generator_py/astra_camera_msgs/srv/_get_device_info_s.c.o[0m
[28.667s] [ 86%] [32mBuilding C object CMakeFiles/astra_camera_msgs__rosidl_generator_py.dir/rosidl_generator_py/astra_camera_msgs/msg/_metadata_s.c.o[0m
[28.674s] [ 87%] [32mBuilding C object CMakeFiles/astra_camera_msgs__rosidl_generator_py.dir/rosidl_generator_py/astra_camera_msgs/msg/_device_info_s.c.o[0m
[29.059s] [ 88%] [32mBuilding C object CMakeFiles/astra_camera_msgs__rosidl_generator_py.dir/rosidl_generator_py/astra_camera_msgs/srv/_get_camera_params_s.c.o[0m
[29.093s] [ 89%] [32mBuilding C object CMakeFiles/astra_camera_msgs__rosidl_generator_py.dir/rosidl_generator_py/astra_camera_msgs/srv/_get_int32_s.c.o[0m
[29.109s] [ 90%] [32mBuilding C object CMakeFiles/astra_camera_msgs__rosidl_generator_py.dir/rosidl_generator_py/astra_camera_msgs/srv/_get_string_s.c.o[0m
[29.626s] [ 91%] [32mBuilding C object CMakeFiles/astra_camera_msgs__rosidl_generator_py.dir/rosidl_generator_py/astra_camera_msgs/srv/_set_int32_s.c.o[0m
[30.019s] [ 92%] [32mBuilding C object CMakeFiles/astra_camera_msgs__rosidl_generator_py.dir/rosidl_generator_py/astra_camera_msgs/srv/_get_camera_info_s.c.o[0m
[30.384s] [ 93%] [32m[1mLinking C shared library rosidl_generator_py/astra_camera_msgs/libastra_camera_msgs__rosidl_generator_py.so[0m
[30.478s] [ 93%] Built target astra_camera_msgs__rosidl_generator_py
[30.513s] [ 94%] [32mBuilding C object CMakeFiles/astra_camera_msgs__rosidl_typesupport_introspection_c__pyext.dir/rosidl_generator_py/astra_camera_msgs/_astra_camera_msgs_s.ep.rosidl_typesupport_introspection_c.c.o[0m
[30.518s] [ 95%] [32mBuilding C object CMakeFiles/astra_camera_msgs__rosidl_typesupport_fastrtps_c__pyext.dir/rosidl_generator_py/astra_camera_msgs/_astra_camera_msgs_s.ep.rosidl_typesupport_fastrtps_c.c.o[0m
[31.417s] [ 96%] [32m[1mLinking C shared library rosidl_generator_py/astra_camera_msgs/astra_camera_msgs_s__rosidl_typesupport_fastrtps_c.cpython-38-aarch64-linux-gnu.so[0m
[31.419s] [ 97%] [32m[1mLinking C shared library rosidl_generator_py/astra_camera_msgs/astra_camera_msgs_s__rosidl_typesupport_introspection_c.cpython-38-aarch64-linux-gnu.so[0m
[31.520s] [ 97%] Built target astra_camera_msgs__rosidl_typesupport_fastrtps_c__pyext
[31.538s] [ 97%] Built target astra_camera_msgs__rosidl_typesupport_introspection_c__pyext
[31.556s] [ 98%] [32mBuilding C object CMakeFiles/astra_camera_msgs__rosidl_typesupport_c__pyext.dir/rosidl_generator_py/astra_camera_msgs/_astra_camera_msgs_s.ep.rosidl_typesupport_c.c.o[0m
[32.429s] [100%] [32m[1mLinking C shared library rosidl_generator_py/astra_camera_msgs/astra_camera_msgs_s__rosidl_typesupport_c.cpython-38-aarch64-linux-gnu.so[0m
[32.514s] [100%] Built target astra_camera_msgs__rosidl_typesupport_c__pyext
[32.533s] Invoked command in '/workspaces/isaac_ros-dev/software/library_ws/build/astra_camera_msgs' returned '0': CMAKE_PREFIX_PATH=${CMAKE_PREFIX_PATH}:/workspaces/isaac_ros-dev/yahboomcar_ws2/install/yahboomcar_laser:/workspaces/isaac_ros-dev/yahboomcar_ws2/install/yahboomcar_description:/workspaces/isaac_ros-dev/yahboomcar_ws2/install/yahboomcar_ctrl:/workspaces/isaac_ros-dev/yahboomcar_ws2/install/yahboomcar_bringup:/workspaces/isaac_ros-dev/yahboomcar_ws2/install/robot_pose_publisher:/opt/ros/humble /usr/bin/cmake --build /workspaces/isaac_ros-dev/software/library_ws/build/astra_camera_msgs -- -j6 -l6
[33.211s] Invoking command in '/workspaces/isaac_ros-dev/software/library_ws/build/astra_camera_msgs': CMAKE_PREFIX_PATH=${CMAKE_PREFIX_PATH}:/workspaces/isaac_ros-dev/yahboomcar_ws2/install/yahboomcar_laser:/workspaces/isaac_ros-dev/yahboomcar_ws2/install/yahboomcar_description:/workspaces/isaac_ros-dev/yahboomcar_ws2/install/yahboomcar_ctrl:/workspaces/isaac_ros-dev/yahboomcar_ws2/install/yahboomcar_bringup:/workspaces/isaac_ros-dev/yahboomcar_ws2/install/robot_pose_publisher:/opt/ros/humble /usr/bin/cmake --install /workspaces/isaac_ros-dev/software/library_ws/build/astra_camera_msgs
[33.229s] -- Install configuration: "RelWithDebInfo"
[33.230s] -- Execute custom install script
[33.231s] -- Symlinking: /workspaces/isaac_ros-dev/software/library_ws/install/astra_camera_msgs/share/ament_index/resource_index/rosidl_interfaces/astra_camera_msgs
[33.241s] -- Symlinking: /workspaces/isaac_ros-dev/software/library_ws/install/astra_camera_msgs/include/astra_camera_msgs/astra_camera_msgs/msg/detail/device_info__functions.h
[33.252s] -- Symlinking: /workspaces/isaac_ros-dev/software/library_ws/install/astra_camera_msgs/include/astra_camera_msgs/astra_camera_msgs/msg/detail/device_info__struct.h
[33.261s] -- Symlinking: /workspaces/isaac_ros-dev/software/library_ws/install/astra_camera_msgs/include/astra_camera_msgs/astra_camera_msgs/msg/detail/device_info__type_support.h
[33.270s] -- Symlinking: /workspaces/isaac_ros-dev/software/library_ws/install/astra_camera_msgs/include/astra_camera_msgs/astra_camera_msgs/msg/detail/extrinsics__functions.h
[33.279s] -- Symlinking: /workspaces/isaac_ros-dev/software/library_ws/install/astra_camera_msgs/include/astra_camera_msgs/astra_camera_msgs/msg/detail/extrinsics__struct.h
[33.290s] -- Symlinking: /workspaces/isaac_ros-dev/software/library_ws/install/astra_camera_msgs/include/astra_camera_msgs/astra_camera_msgs/msg/detail/extrinsics__type_support.h
[33.300s] -- Symlinking: /workspaces/isaac_ros-dev/software/library_ws/install/astra_camera_msgs/include/astra_camera_msgs/astra_camera_msgs/msg/detail/metadata__functions.h
[33.308s] -- Symlinking: /workspaces/isaac_ros-dev/software/library_ws/install/astra_camera_msgs/include/astra_camera_msgs/astra_camera_msgs/msg/detail/metadata__struct.h
[33.318s] -- Symlinking: /workspaces/isaac_ros-dev/software/library_ws/install/astra_camera_msgs/include/astra_camera_msgs/astra_camera_msgs/msg/detail/metadata__type_support.h
[33.329s] -- Symlinking: /workspaces/isaac_ros-dev/software/library_ws/install/astra_camera_msgs/include/astra_camera_msgs/astra_camera_msgs/msg/device_info.h
[33.337s] -- Symlinking: /workspaces/isaac_ros-dev/software/library_ws/install/astra_camera_msgs/include/astra_camera_msgs/astra_camera_msgs/msg/extrinsics.h
[33.347s] -- Symlinking: /workspaces/isaac_ros-dev/software/library_ws/install/astra_camera_msgs/include/astra_camera_msgs/astra_camera_msgs/msg/metadata.h
[33.357s] -- Symlinking: /workspaces/isaac_ros-dev/software/library_ws/install/astra_camera_msgs/include/astra_camera_msgs/astra_camera_msgs/msg/rosidl_generator_c__visibility_control.h
[33.366s] -- Symlinking: /workspaces/isaac_ros-dev/software/library_ws/install/astra_camera_msgs/include/astra_camera_msgs/astra_camera_msgs/srv/detail/get_camera_info__functions.h
[33.380s] -- Symlinking: /workspaces/isaac_ros-dev/software/library_ws/install/astra_camera_msgs/include/astra_camera_msgs/astra_camera_msgs/srv/detail/get_camera_info__struct.h
[33.389s] -- Symlinking: /workspaces/isaac_ros-dev/software/library_ws/install/astra_camera_msgs/include/astra_camera_msgs/astra_camera_msgs/srv/detail/get_camera_info__type_support.h
[33.399s] -- Symlinking: /workspaces/isaac_ros-dev/software/library_ws/install/astra_camera_msgs/include/astra_camera_msgs/astra_camera_msgs/srv/detail/get_camera_params__functions.h
[33.412s] -- Symlinking: /workspaces/isaac_ros-dev/software/library_ws/install/astra_camera_msgs/include/astra_camera_msgs/astra_camera_msgs/srv/detail/get_camera_params__struct.h
[33.421s] -- Symlinking: /workspaces/isaac_ros-dev/software/library_ws/install/astra_camera_msgs/include/astra_camera_msgs/astra_camera_msgs/srv/detail/get_camera_params__type_support.h
[33.430s] -- Symlinking: /workspaces/isaac_ros-dev/software/library_ws/install/astra_camera_msgs/include/astra_camera_msgs/astra_camera_msgs/srv/detail/get_device_info__functions.h
[33.438s] -- Symlinking: /workspaces/isaac_ros-dev/software/library_ws/install/astra_camera_msgs/include/astra_camera_msgs/astra_camera_msgs/srv/detail/get_device_info__struct.h
[33.447s] -- Symlinking: /workspaces/isaac_ros-dev/software/library_ws/install/astra_camera_msgs/include/astra_camera_msgs/astra_camera_msgs/srv/detail/get_device_info__type_support.h
[33.457s] -- Symlinking: /workspaces/isaac_ros-dev/software/library_ws/install/astra_camera_msgs/include/astra_camera_msgs/astra_camera_msgs/srv/detail/get_int32__functions.h
[33.471s] -- Symlinking: /workspaces/isaac_ros-dev/software/library_ws/install/astra_camera_msgs/include/astra_camera_msgs/astra_camera_msgs/srv/detail/get_int32__struct.h
[33.480s] -- Symlinking: /workspaces/isaac_ros-dev/software/library_ws/install/astra_camera_msgs/include/astra_camera_msgs/astra_camera_msgs/srv/detail/get_int32__type_support.h
[33.490s] -- Symlinking: /workspaces/isaac_ros-dev/software/library_ws/install/astra_camera_msgs/include/astra_camera_msgs/astra_camera_msgs/srv/detail/get_string__functions.h
[33.503s] -- Symlinking: /workspaces/isaac_ros-dev/software/library_ws/install/astra_camera_msgs/include/astra_camera_msgs/astra_camera_msgs/srv/detail/get_string__struct.h
[33.511s] -- Symlinking: /workspaces/isaac_ros-dev/software/library_ws/install/astra_camera_msgs/include/astra_camera_msgs/astra_camera_msgs/srv/detail/get_string__type_support.h
[33.519s] -- Symlinking: /workspaces/isaac_ros-dev/software/library_ws/install/astra_camera_msgs/include/astra_camera_msgs/astra_camera_msgs/srv/detail/set_int32__functions.h
[33.530s] -- Symlinking: /workspaces/isaac_ros-dev/software/library_ws/install/astra_camera_msgs/include/astra_camera_msgs/astra_camera_msgs/srv/detail/set_int32__struct.h
[33.542s] -- Symlinking: /workspaces/isaac_ros-dev/software/library_ws/install/astra_camera_msgs/include/astra_camera_msgs/astra_camera_msgs/srv/detail/set_int32__type_support.h
[33.551s] -- Symlinking: /workspaces/isaac_ros-dev/software/library_ws/install/astra_camera_msgs/include/astra_camera_msgs/astra_camera_msgs/srv/get_camera_info.h
[33.560s] -- Symlinking: /workspaces/isaac_ros-dev/software/library_ws/install/astra_camera_msgs/include/astra_camera_msgs/astra_camera_msgs/srv/get_camera_params.h
[33.569s] -- Symlinking: /workspaces/isaac_ros-dev/software/library_ws/install/astra_camera_msgs/include/astra_camera_msgs/astra_camera_msgs/srv/get_device_info.h
[33.580s] -- Symlinking: /workspaces/isaac_ros-dev/software/library_ws/install/astra_camera_msgs/include/astra_camera_msgs/astra_camera_msgs/srv/get_int32.h
[33.590s] -- Symlinking: /workspaces/isaac_ros-dev/software/library_ws/install/astra_camera_msgs/include/astra_camera_msgs/astra_camera_msgs/srv/get_string.h
[33.599s] -- Symlinking: /workspaces/isaac_ros-dev/software/library_ws/install/astra_camera_msgs/include/astra_camera_msgs/astra_camera_msgs/srv/set_int32.h
[33.613s] -- Symlinking: /workspaces/isaac_ros-dev/software/library_ws/install/astra_camera_msgs/share/astra_camera_msgs/environment/library_path.sh
[33.623s] -- Symlinking: /workspaces/isaac_ros-dev/software/library_ws/install/astra_camera_msgs/share/astra_camera_msgs/environment/library_path.dsv
[33.634s] -- Symlinking: /workspaces/isaac_ros-dev/software/library_ws/install/astra_camera_msgs/include/astra_camera_msgs/astra_camera_msgs/msg/detail/device_info__rosidl_typesupport_fastrtps_c.h
[33.642s] -- Symlinking: /workspaces/isaac_ros-dev/software/library_ws/install/astra_camera_msgs/include/astra_camera_msgs/astra_camera_msgs/msg/detail/extrinsics__rosidl_typesupport_fastrtps_c.h
[33.652s] -- Symlinking: /workspaces/isaac_ros-dev/software/library_ws/install/astra_camera_msgs/include/astra_camera_msgs/astra_camera_msgs/msg/detail/metadata__rosidl_typesupport_fastrtps_c.h
[33.662s] -- Symlinking: /workspaces/isaac_ros-dev/software/library_ws/install/astra_camera_msgs/include/astra_camera_msgs/astra_camera_msgs/msg/rosidl_typesupport_fastrtps_c__visibility_control.h
[33.671s] -- Symlinking: /workspaces/isaac_ros-dev/software/library_ws/install/astra_camera_msgs/include/astra_camera_msgs/astra_camera_msgs/srv/detail/get_camera_info__rosidl_typesupport_fastrtps_c.h
[33.680s] -- Symlinking: /workspaces/isaac_ros-dev/software/library_ws/install/astra_camera_msgs/include/astra_camera_msgs/astra_camera_msgs/srv/detail/get_camera_params__rosidl_typesupport_fastrtps_c.h
[33.690s] -- Symlinking: /workspaces/isaac_ros-dev/software/library_ws/install/astra_camera_msgs/include/astra_camera_msgs/astra_camera_msgs/srv/detail/get_device_info__rosidl_typesupport_fastrtps_c.h
[33.707s] -- Symlinking: /workspaces/isaac_ros-dev/software/library_ws/install/astra_camera_msgs/include/astra_camera_msgs/astra_camera_msgs/srv/detail/get_int32__rosidl_typesupport_fastrtps_c.h
[33.716s] -- Symlinking: /workspaces/isaac_ros-dev/software/library_ws/install/astra_camera_msgs/include/astra_camera_msgs/astra_camera_msgs/srv/detail/get_string__rosidl_typesupport_fastrtps_c.h
[33.724s] -- Symlinking: /workspaces/isaac_ros-dev/software/library_ws/install/astra_camera_msgs/include/astra_camera_msgs/astra_camera_msgs/srv/detail/set_int32__rosidl_typesupport_fastrtps_c.h
[33.736s] -- Symlinking: /workspaces/isaac_ros-dev/software/library_ws/install/astra_camera_msgs/include/astra_camera_msgs/astra_camera_msgs/msg/detail/device_info__rosidl_typesupport_introspection_c.h
[33.748s] -- Symlinking: /workspaces/isaac_ros-dev/software/library_ws/install/astra_camera_msgs/include/astra_camera_msgs/astra_camera_msgs/msg/detail/extrinsics__rosidl_typesupport_introspection_c.h
[33.757s] -- Symlinking: /workspaces/isaac_ros-dev/software/library_ws/install/astra_camera_msgs/include/astra_camera_msgs/astra_camera_msgs/msg/detail/metadata__rosidl_typesupport_introspection_c.h
[33.766s] -- Symlinking: /workspaces/isaac_ros-dev/software/library_ws/install/astra_camera_msgs/include/astra_camera_msgs/astra_camera_msgs/msg/rosidl_typesupport_introspection_c__visibility_control.h
[33.777s] -- Symlinking: /workspaces/isaac_ros-dev/software/library_ws/install/astra_camera_msgs/include/astra_camera_msgs/astra_camera_msgs/srv/detail/get_camera_info__rosidl_typesupport_introspection_c.h
[33.787s] -- Symlinking: /workspaces/isaac_ros-dev/software/library_ws/install/astra_camera_msgs/include/astra_camera_msgs/astra_camera_msgs/srv/detail/get_camera_params__rosidl_typesupport_introspection_c.h
[33.797s] -- Symlinking: /workspaces/isaac_ros-dev/software/library_ws/install/astra_camera_msgs/include/astra_camera_msgs/astra_camera_msgs/srv/detail/get_device_info__rosidl_typesupport_introspection_c.h
[33.806s] -- Symlinking: /workspaces/isaac_ros-dev/software/library_ws/install/astra_camera_msgs/include/astra_camera_msgs/astra_camera_msgs/srv/detail/get_int32__rosidl_typesupport_introspection_c.h
[33.816s] -- Symlinking: /workspaces/isaac_ros-dev/software/library_ws/install/astra_camera_msgs/include/astra_camera_msgs/astra_camera_msgs/srv/detail/get_string__rosidl_typesupport_introspection_c.h
[33.826s] -- Symlinking: /workspaces/isaac_ros-dev/software/library_ws/install/astra_camera_msgs/include/astra_camera_msgs/astra_camera_msgs/srv/detail/set_int32__rosidl_typesupport_introspection_c.h
[33.836s] -- Symlinking: /workspaces/isaac_ros-dev/software/library_ws/install/astra_camera_msgs/include/astra_camera_msgs/astra_camera_msgs/msg/detail/device_info__builder.hpp
[33.844s] -- Symlinking: /workspaces/isaac_ros-dev/software/library_ws/install/astra_camera_msgs/include/astra_camera_msgs/astra_camera_msgs/msg/detail/device_info__struct.hpp
[33.854s] -- Symlinking: /workspaces/isaac_ros-dev/software/library_ws/install/astra_camera_msgs/include/astra_camera_msgs/astra_camera_msgs/msg/detail/device_info__traits.hpp
[33.864s] -- Symlinking: /workspaces/isaac_ros-dev/software/library_ws/install/astra_camera_msgs/include/astra_camera_msgs/astra_camera_msgs/msg/detail/extrinsics__builder.hpp
[33.873s] -- Symlinking: /workspaces/isaac_ros-dev/software/library_ws/install/astra_camera_msgs/include/astra_camera_msgs/astra_camera_msgs/msg/detail/extrinsics__struct.hpp
[33.882s] -- Symlinking: /workspaces/isaac_ros-dev/software/library_ws/install/astra_camera_msgs/include/astra_camera_msgs/astra_camera_msgs/msg/detail/extrinsics__traits.hpp
[33.891s] -- Symlinking: /workspaces/isaac_ros-dev/software/library_ws/install/astra_camera_msgs/include/astra_camera_msgs/astra_camera_msgs/msg/detail/metadata__builder.hpp
[33.902s] -- Symlinking: /workspaces/isaac_ros-dev/software/library_ws/install/astra_camera_msgs/include/astra_camera_msgs/astra_camera_msgs/msg/detail/metadata__struct.hpp
[33.911s] -- Symlinking: /workspaces/isaac_ros-dev/software/library_ws/install/astra_camera_msgs/include/astra_camera_msgs/astra_camera_msgs/msg/detail/metadata__traits.hpp
[33.920s] -- Symlinking: /workspaces/isaac_ros-dev/software/library_ws/install/astra_camera_msgs/include/astra_camera_msgs/astra_camera_msgs/msg/device_info.hpp
[33.929s] -- Symlinking: /workspaces/isaac_ros-dev/software/library_ws/install/astra_camera_msgs/include/astra_camera_msgs/astra_camera_msgs/msg/extrinsics.hpp
[33.939s] -- Symlinking: /workspaces/isaac_ros-dev/software/library_ws/install/astra_camera_msgs/include/astra_camera_msgs/astra_camera_msgs/msg/metadata.hpp
[33.952s] -- Symlinking: /workspaces/isaac_ros-dev/software/library_ws/install/astra_camera_msgs/include/astra_camera_msgs/astra_camera_msgs/srv/detail/get_camera_info__builder.hpp
[33.962s] -- Symlinking: /workspaces/isaac_ros-dev/software/library_ws/install/astra_camera_msgs/include/astra_camera_msgs/astra_camera_msgs/srv/detail/get_camera_info__struct.hpp
[33.971s] -- Symlinking: /workspaces/isaac_ros-dev/software/library_ws/install/astra_camera_msgs/include/astra_camera_msgs/astra_camera_msgs/srv/detail/get_camera_info__traits.hpp
[33.982s] -- Symlinking: /workspaces/isaac_ros-dev/software/library_ws/install/astra_camera_msgs/include/astra_camera_msgs/astra_camera_msgs/srv/detail/get_camera_params__builder.hpp
[33.993s] -- Symlinking: /workspaces/isaac_ros-dev/software/library_ws/install/astra_camera_msgs/include/astra_camera_msgs/astra_camera_msgs/srv/detail/get_camera_params__struct.hpp
[34.002s] -- Symlinking: /workspaces/isaac_ros-dev/software/library_ws/install/astra_camera_msgs/include/astra_camera_msgs/astra_camera_msgs/srv/detail/get_camera_params__traits.hpp
[34.018s] -- Symlinking: /workspaces/isaac_ros-dev/software/library_ws/install/astra_camera_msgs/include/astra_camera_msgs/astra_camera_msgs/srv/detail/get_device_info__builder.hpp
[34.029s] -- Symlinking: /workspaces/isaac_ros-dev/software/library_ws/install/astra_camera_msgs/include/astra_camera_msgs/astra_camera_msgs/srv/detail/get_device_info__struct.hpp
[34.038s] -- Symlinking: /workspaces/isaac_ros-dev/software/library_ws/install/astra_camera_msgs/include/astra_camera_msgs/astra_camera_msgs/srv/detail/get_device_info__traits.hpp
[34.047s] -- Symlinking: /workspaces/isaac_ros-dev/software/library_ws/install/astra_camera_msgs/include/astra_camera_msgs/astra_camera_msgs/srv/detail/get_int32__builder.hpp
[34.066s] -- Symlinking: /workspaces/isaac_ros-dev/software/library_ws/install/astra_camera_msgs/include/astra_camera_msgs/astra_camera_msgs/srv/detail/get_int32__struct.hpp
[34.074s] -- Symlinking: /workspaces/isaac_ros-dev/software/library_ws/install/astra_camera_msgs/include/astra_camera_msgs/astra_camera_msgs/srv/detail/get_int32__traits.hpp
[34.084s] -- Symlinking: /workspaces/isaac_ros-dev/software/library_ws/install/astra_camera_msgs/include/astra_camera_msgs/astra_camera_msgs/srv/detail/get_string__builder.hpp
[34.097s] -- Symlinking: /workspaces/isaac_ros-dev/software/library_ws/install/astra_camera_msgs/include/astra_camera_msgs/astra_camera_msgs/srv/detail/get_string__struct.hpp
[34.114s] -- Symlinking: /workspaces/isaac_ros-dev/software/library_ws/install/astra_camera_msgs/include/astra_camera_msgs/astra_camera_msgs/srv/detail/get_string__traits.hpp
[34.123s] -- Symlinking: /workspaces/isaac_ros-dev/software/library_ws/install/astra_camera_msgs/include/astra_camera_msgs/astra_camera_msgs/srv/detail/set_int32__builder.hpp
[34.134s] -- Symlinking: /workspaces/isaac_ros-dev/software/library_ws/install/astra_camera_msgs/include/astra_camera_msgs/astra_camera_msgs/srv/detail/set_int32__struct.hpp
[34.147s] -- Symlinking: /workspaces/isaac_ros-dev/software/library_ws/install/astra_camera_msgs/include/astra_camera_msgs/astra_camera_msgs/srv/detail/set_int32__traits.hpp
[34.158s] -- Symlinking: /workspaces/isaac_ros-dev/software/library_ws/install/astra_camera_msgs/include/astra_camera_msgs/astra_camera_msgs/srv/get_camera_info.hpp
[34.169s] -- Symlinking: /workspaces/isaac_ros-dev/software/library_ws/install/astra_camera_msgs/include/astra_camera_msgs/astra_camera_msgs/srv/get_camera_params.hpp
[34.180s] -- Symlinking: /workspaces/isaac_ros-dev/software/library_ws/install/astra_camera_msgs/include/astra_camera_msgs/astra_camera_msgs/srv/get_device_info.hpp
[34.193s] -- Symlinking: /workspaces/isaac_ros-dev/software/library_ws/install/astra_camera_msgs/include/astra_camera_msgs/astra_camera_msgs/srv/get_int32.hpp
[34.203s] -- Symlinking: /workspaces/isaac_ros-dev/software/library_ws/install/astra_camera_msgs/include/astra_camera_msgs/astra_camera_msgs/srv/get_string.hpp
[34.215s] -- Symlinking: /workspaces/isaac_ros-dev/software/library_ws/install/astra_camera_msgs/include/astra_camera_msgs/astra_camera_msgs/srv/set_int32.hpp
[34.228s] -- Symlinking: /workspaces/isaac_ros-dev/software/library_ws/install/astra_camera_msgs/include/astra_camera_msgs/astra_camera_msgs/msg/detail/device_info__rosidl_typesupport_fastrtps_cpp.hpp
[34.238s] -- Symlinking: /workspaces/isaac_ros-dev/software/library_ws/install/astra_camera_msgs/include/astra_camera_msgs/astra_camera_msgs/msg/detail/extrinsics__rosidl_typesupport_fastrtps_cpp.hpp
[34.246s] -- Symlinking: /workspaces/isaac_ros-dev/software/library_ws/install/astra_camera_msgs/include/astra_camera_msgs/astra_camera_msgs/msg/detail/metadata__rosidl_typesupport_fastrtps_cpp.hpp
[34.265s] -- Symlinking: /workspaces/isaac_ros-dev/software/library_ws/install/astra_camera_msgs/include/astra_camera_msgs/astra_camera_msgs/msg/rosidl_typesupport_fastrtps_cpp__visibility_control.h
[34.271s] -- Symlinking: /workspaces/isaac_ros-dev/software/library_ws/install/astra_camera_msgs/include/astra_camera_msgs/astra_camera_msgs/srv/detail/get_camera_info__rosidl_typesupport_fastrtps_cpp.hpp
[34.280s] -- Symlinking: /workspaces/isaac_ros-dev/software/library_ws/install/astra_camera_msgs/include/astra_camera_msgs/astra_camera_msgs/srv/detail/get_camera_params__rosidl_typesupport_fastrtps_cpp.hpp
[34.291s] -- Symlinking: /workspaces/isaac_ros-dev/software/library_ws/install/astra_camera_msgs/include/astra_camera_msgs/astra_camera_msgs/srv/detail/get_device_info__rosidl_typesupport_fastrtps_cpp.hpp
[34.301s] -- Symlinking: /workspaces/isaac_ros-dev/software/library_ws/install/astra_camera_msgs/include/astra_camera_msgs/astra_camera_msgs/srv/detail/get_int32__rosidl_typesupport_fastrtps_cpp.hpp
[34.312s] -- Symlinking: /workspaces/isaac_ros-dev/software/library_ws/install/astra_camera_msgs/include/astra_camera_msgs/astra_camera_msgs/srv/detail/get_string__rosidl_typesupport_fastrtps_cpp.hpp
[34.323s] -- Symlinking: /workspaces/isaac_ros-dev/software/library_ws/install/astra_camera_msgs/include/astra_camera_msgs/astra_camera_msgs/srv/detail/set_int32__rosidl_typesupport_fastrtps_cpp.hpp
[34.338s] -- Symlinking: /workspaces/isaac_ros-dev/software/library_ws/install/astra_camera_msgs/include/astra_camera_msgs/astra_camera_msgs/msg/detail/device_info__rosidl_typesupport_introspection_cpp.hpp
[34.353s] -- Symlinking: /workspaces/isaac_ros-dev/software/library_ws/install/astra_camera_msgs/include/astra_camera_msgs/astra_camera_msgs/msg/detail/extrinsics__rosidl_typesupport_introspection_cpp.hpp
[34.362s] -- Symlinking: /workspaces/isaac_ros-dev/software/library_ws/install/astra_camera_msgs/include/astra_camera_msgs/astra_camera_msgs/msg/detail/metadata__rosidl_typesupport_introspection_cpp.hpp
[34.376s] -- Symlinking: /workspaces/isaac_ros-dev/software/library_ws/install/astra_camera_msgs/include/astra_camera_msgs/astra_camera_msgs/srv/detail/get_camera_info__rosidl_typesupport_introspection_cpp.hpp
[34.390s] -- Symlinking: /workspaces/isaac_ros-dev/software/library_ws/install/astra_camera_msgs/include/astra_camera_msgs/astra_camera_msgs/srv/detail/get_camera_params__rosidl_typesupport_introspection_cpp.hpp
[34.399s] -- Symlinking: /workspaces/isaac_ros-dev/software/library_ws/install/astra_camera_msgs/include/astra_camera_msgs/astra_camera_msgs/srv/detail/get_device_info__rosidl_typesupport_introspection_cpp.hpp
[34.416s] -- Symlinking: /workspaces/isaac_ros-dev/software/library_ws/install/astra_camera_msgs/include/astra_camera_msgs/astra_camera_msgs/srv/detail/get_int32__rosidl_typesupport_introspection_cpp.hpp
[34.428s] -- Symlinking: /workspaces/isaac_ros-dev/software/library_ws/install/astra_camera_msgs/include/astra_camera_msgs/astra_camera_msgs/srv/detail/get_string__rosidl_typesupport_introspection_cpp.hpp
[34.437s] -- Symlinking: /workspaces/isaac_ros-dev/software/library_ws/install/astra_camera_msgs/include/astra_camera_msgs/astra_camera_msgs/srv/detail/set_int32__rosidl_typesupport_introspection_cpp.hpp
[34.449s] -- Symlinking: /workspaces/isaac_ros-dev/software/library_ws/install/astra_camera_msgs/share/astra_camera_msgs/environment/pythonpath.sh
[34.457s] -- Symlinking: /workspaces/isaac_ros-dev/software/library_ws/install/astra_camera_msgs/share/astra_camera_msgs/environment/pythonpath.dsv
[34.471s] -- Symlinking: /workspaces/isaac_ros-dev/software/library_ws/install/astra_camera_msgs/lib/python3.8/site-packages/astra_camera_msgs-1.0.1-py3.8.egg-info/PKG-INFO
[34.481s] -- Symlinking: /workspaces/isaac_ros-dev/software/library_ws/install/astra_camera_msgs/lib/python3.8/site-packages/astra_camera_msgs-1.0.1-py3.8.egg-info/SOURCES.txt
[34.491s] -- Symlinking: /workspaces/isaac_ros-dev/software/library_ws/install/astra_camera_msgs/lib/python3.8/site-packages/astra_camera_msgs-1.0.1-py3.8.egg-info/dependency_links.txt
[34.501s] -- Symlinking: /workspaces/isaac_ros-dev/software/library_ws/install/astra_camera_msgs/lib/python3.8/site-packages/astra_camera_msgs-1.0.1-py3.8.egg-info/top_level.txt
[34.513s] -- Symlinking: /workspaces/isaac_ros-dev/software/library_ws/install/astra_camera_msgs/lib/python3.8/site-packages/astra_camera_msgs/__init__.py
[34.521s] -- Symlinking: /workspaces/isaac_ros-dev/software/library_ws/install/astra_camera_msgs/lib/python3.8/site-packages/astra_camera_msgs/_astra_camera_msgs_s.ep.rosidl_typesupport_c.c
[34.531s] -- Symlinking: /workspaces/isaac_ros-dev/software/library_ws/install/astra_camera_msgs/lib/python3.8/site-packages/astra_camera_msgs/_astra_camera_msgs_s.ep.rosidl_typesupport_fastrtps_c.c
[34.540s] -- Symlinking: /workspaces/isaac_ros-dev/software/library_ws/install/astra_camera_msgs/lib/python3.8/site-packages/astra_camera_msgs/_astra_camera_msgs_s.ep.rosidl_typesupport_introspection_c.c
[34.552s] -- Symlinking: /workspaces/isaac_ros-dev/software/library_ws/install/astra_camera_msgs/lib/python3.8/site-packages/astra_camera_msgs/astra_camera_msgs_s__rosidl_typesupport_c.cpython-38-aarch64-linux-gnu.so
[34.561s] -- Symlinking: /workspaces/isaac_ros-dev/software/library_ws/install/astra_camera_msgs/lib/python3.8/site-packages/astra_camera_msgs/astra_camera_msgs_s__rosidl_typesupport_fastrtps_c.cpython-38-aarch64-linux-gnu.so
[34.572s] -- Symlinking: /workspaces/isaac_ros-dev/software/library_ws/install/astra_camera_msgs/lib/python3.8/site-packages/astra_camera_msgs/astra_camera_msgs_s__rosidl_typesupport_introspection_c.cpython-38-aarch64-linux-gnu.so
[34.587s] -- Symlinking: /workspaces/isaac_ros-dev/software/library_ws/install/astra_camera_msgs/lib/python3.8/site-packages/astra_camera_msgs/libastra_camera_msgs__rosidl_generator_py.so
[34.596s] -- Symlinking: /workspaces/isaac_ros-dev/software/library_ws/install/astra_camera_msgs/lib/python3.8/site-packages/astra_camera_msgs/msg/__init__.py
[34.604s] -- Symlinking: /workspaces/isaac_ros-dev/software/library_ws/install/astra_camera_msgs/lib/python3.8/site-packages/astra_camera_msgs/msg/_device_info.py
[34.616s] -- Symlinking: /workspaces/isaac_ros-dev/software/library_ws/install/astra_camera_msgs/lib/python3.8/site-packages/astra_camera_msgs/msg/_device_info_s.c
[34.627s] -- Symlinking: /workspaces/isaac_ros-dev/software/library_ws/install/astra_camera_msgs/lib/python3.8/site-packages/astra_camera_msgs/msg/_extrinsics.py
[34.636s] -- Symlinking: /workspaces/isaac_ros-dev/software/library_ws/install/astra_camera_msgs/lib/python3.8/site-packages/astra_camera_msgs/msg/_extrinsics_s.c
[34.645s] -- Symlinking: /workspaces/isaac_ros-dev/software/library_ws/install/astra_camera_msgs/lib/python3.8/site-packages/astra_camera_msgs/msg/_metadata.py
[34.654s] -- Symlinking: /workspaces/isaac_ros-dev/software/library_ws/install/astra_camera_msgs/lib/python3.8/site-packages/astra_camera_msgs/msg/_metadata_s.c
[34.668s] -- Symlinking: /workspaces/isaac_ros-dev/software/library_ws/install/astra_camera_msgs/lib/python3.8/site-packages/astra_camera_msgs/srv/__init__.py
[34.673s] -- Symlinking: /workspaces/isaac_ros-dev/software/library_ws/install/astra_camera_msgs/lib/python3.8/site-packages/astra_camera_msgs/srv/_get_camera_info.py
[34.683s] -- Symlinking: /workspaces/isaac_ros-dev/software/library_ws/install/astra_camera_msgs/lib/python3.8/site-packages/astra_camera_msgs/srv/_get_camera_info_s.c
[34.694s] -- Symlinking: /workspaces/isaac_ros-dev/software/library_ws/install/astra_camera_msgs/lib/python3.8/site-packages/astra_camera_msgs/srv/_get_camera_params.py
[34.705s] -- Symlinking: /workspaces/isaac_ros-dev/software/library_ws/install/astra_camera_msgs/lib/python3.8/site-packages/astra_camera_msgs/srv/_get_camera_params_s.c
[34.714s] -- Symlinking: /workspaces/isaac_ros-dev/software/library_ws/install/astra_camera_msgs/lib/python3.8/site-packages/astra_camera_msgs/srv/_get_device_info.py
[34.723s] -- Symlinking: /workspaces/isaac_ros-dev/software/library_ws/install/astra_camera_msgs/lib/python3.8/site-packages/astra_camera_msgs/srv/_get_device_info_s.c
[34.733s] -- Symlinking: /workspaces/isaac_ros-dev/software/library_ws/install/astra_camera_msgs/lib/python3.8/site-packages/astra_camera_msgs/srv/_get_int32.py
[34.743s] -- Symlinking: /workspaces/isaac_ros-dev/software/library_ws/install/astra_camera_msgs/lib/python3.8/site-packages/astra_camera_msgs/srv/_get_int32_s.c
[34.752s] -- Symlinking: /workspaces/isaac_ros-dev/software/library_ws/install/astra_camera_msgs/lib/python3.8/site-packages/astra_camera_msgs/srv/_get_string.py
[34.761s] -- Symlinking: /workspaces/isaac_ros-dev/software/library_ws/install/astra_camera_msgs/lib/python3.8/site-packages/astra_camera_msgs/srv/_get_string_s.c
[34.771s] -- Symlinking: /workspaces/isaac_ros-dev/software/library_ws/install/astra_camera_msgs/lib/python3.8/site-packages/astra_camera_msgs/srv/_set_int32.py
[34.781s] -- Symlinking: /workspaces/isaac_ros-dev/software/library_ws/install/astra_camera_msgs/lib/python3.8/site-packages/astra_camera_msgs/srv/_set_int32_s.c
[34.791s] -- Up-to-date symlink: /workspaces/isaac_ros-dev/software/library_ws/install/astra_camera_msgs/lib/python3.8/site-packages/astra_camera_msgs/astra_camera_msgs_s__rosidl_typesupport_fastrtps_c.cpython-38-aarch64-linux-gnu.so
[34.792s] -- Up-to-date symlink: /workspaces/isaac_ros-dev/software/library_ws/install/astra_camera_msgs/lib/python3.8/site-packages/astra_camera_msgs/astra_camera_msgs_s__rosidl_typesupport_introspection_c.cpython-38-aarch64-linux-gnu.so
[34.792s] -- Up-to-date symlink: /workspaces/isaac_ros-dev/software/library_ws/install/astra_camera_msgs/lib/python3.8/site-packages/astra_camera_msgs/astra_camera_msgs_s__rosidl_typesupport_c.cpython-38-aarch64-linux-gnu.so
[34.793s] -- Symlinking: /workspaces/isaac_ros-dev/software/library_ws/install/astra_camera_msgs/share/astra_camera_msgs/msg/DeviceInfo.idl
[34.802s] -- Symlinking: /workspaces/isaac_ros-dev/software/library_ws/install/astra_camera_msgs/share/astra_camera_msgs/msg/Extrinsics.idl
[34.814s] -- Symlinking: /workspaces/isaac_ros-dev/software/library_ws/install/astra_camera_msgs/share/astra_camera_msgs/msg/Metadata.idl
[34.828s] -- Symlinking: /workspaces/isaac_ros-dev/software/library_ws/install/astra_camera_msgs/share/astra_camera_msgs/srv/GetDeviceInfo.idl
[34.835s] -- Symlinking: /workspaces/isaac_ros-dev/software/library_ws/install/astra_camera_msgs/share/astra_camera_msgs/srv/GetCameraInfo.idl
[34.845s] -- Symlinking: /workspaces/isaac_ros-dev/software/library_ws/install/astra_camera_msgs/share/astra_camera_msgs/srv/GetCameraParams.idl
[34.855s] -- Symlinking: /workspaces/isaac_ros-dev/software/library_ws/install/astra_camera_msgs/share/astra_camera_msgs/srv/GetInt32.idl
[34.867s] -- Symlinking: /workspaces/isaac_ros-dev/software/library_ws/install/astra_camera_msgs/share/astra_camera_msgs/srv/GetString.idl
[34.878s] -- Symlinking: /workspaces/isaac_ros-dev/software/library_ws/install/astra_camera_msgs/share/astra_camera_msgs/srv/SetInt32.idl
[34.887s] -- Symlinking: /workspaces/isaac_ros-dev/software/library_ws/install/astra_camera_msgs/share/astra_camera_msgs/msg/DeviceInfo.msg
[34.898s] -- Symlinking: /workspaces/isaac_ros-dev/software/library_ws/install/astra_camera_msgs/share/astra_camera_msgs/msg/Extrinsics.msg
[34.909s] -- Symlinking: /workspaces/isaac_ros-dev/software/library_ws/install/astra_camera_msgs/share/astra_camera_msgs/msg/Metadata.msg
[34.920s] -- Symlinking: /workspaces/isaac_ros-dev/software/library_ws/install/astra_camera_msgs/share/astra_camera_msgs/srv/GetDeviceInfo.srv
[34.930s] -- Symlinking: /workspaces/isaac_ros-dev/software/library_ws/install/astra_camera_msgs/share/astra_camera_msgs/srv/GetDeviceInfo_Request.msg
[34.944s] -- Symlinking: /workspaces/isaac_ros-dev/software/library_ws/install/astra_camera_msgs/share/astra_camera_msgs/srv/GetDeviceInfo_Response.msg
[34.953s] -- Symlinking: /workspaces/isaac_ros-dev/software/library_ws/install/astra_camera_msgs/share/astra_camera_msgs/srv/GetCameraInfo.srv
[34.963s] -- Symlinking: /workspaces/isaac_ros-dev/software/library_ws/install/astra_camera_msgs/share/astra_camera_msgs/srv/GetCameraInfo_Request.msg
[34.974s] -- Symlinking: /workspaces/isaac_ros-dev/software/library_ws/install/astra_camera_msgs/share/astra_camera_msgs/srv/GetCameraInfo_Response.msg
[34.984s] -- Symlinking: /workspaces/isaac_ros-dev/software/library_ws/install/astra_camera_msgs/share/astra_camera_msgs/srv/GetCameraParams.srv
[34.993s] -- Symlinking: /workspaces/isaac_ros-dev/software/library_ws/install/astra_camera_msgs/share/astra_camera_msgs/srv/GetCameraParams_Request.msg
[35.002s] -- Symlinking: /workspaces/isaac_ros-dev/software/library_ws/install/astra_camera_msgs/share/astra_camera_msgs/srv/GetCameraParams_Response.msg
[35.014s] -- Symlinking: /workspaces/isaac_ros-dev/software/library_ws/install/astra_camera_msgs/share/astra_camera_msgs/srv/GetInt32.srv
[35.023s] -- Symlinking: /workspaces/isaac_ros-dev/software/library_ws/install/astra_camera_msgs/share/astra_camera_msgs/srv/GetInt32_Request.msg
[35.032s] -- Symlinking: /workspaces/isaac_ros-dev/software/library_ws/install/astra_camera_msgs/share/astra_camera_msgs/srv/GetInt32_Response.msg
[35.039s] -- Symlinking: /workspaces/isaac_ros-dev/software/library_ws/install/astra_camera_msgs/share/astra_camera_msgs/srv/GetString.srv
[35.049s] -- Symlinking: /workspaces/isaac_ros-dev/software/library_ws/install/astra_camera_msgs/share/astra_camera_msgs/srv/GetString_Request.msg
[35.062s] -- Symlinking: /workspaces/isaac_ros-dev/software/library_ws/install/astra_camera_msgs/share/astra_camera_msgs/srv/GetString_Response.msg
[35.071s] -- Symlinking: /workspaces/isaac_ros-dev/software/library_ws/install/astra_camera_msgs/share/astra_camera_msgs/srv/SetInt32.srv
[35.081s] -- Symlinking: /workspaces/isaac_ros-dev/software/library_ws/install/astra_camera_msgs/share/astra_camera_msgs/srv/SetInt32_Request.msg
[35.091s] -- Symlinking: /workspaces/isaac_ros-dev/software/library_ws/install/astra_camera_msgs/share/astra_camera_msgs/srv/SetInt32_Response.msg
[35.103s] -- Symlinking: /workspaces/isaac_ros-dev/software/library_ws/install/astra_camera_msgs/share/ament_index/resource_index/package_run_dependencies/astra_camera_msgs
[35.113s] -- Symlinking: /workspaces/isaac_ros-dev/software/library_ws/install/astra_camera_msgs/share/ament_index/resource_index/parent_prefix_path/astra_camera_msgs
[35.121s] -- Symlinking: /workspaces/isaac_ros-dev/software/library_ws/install/astra_camera_msgs/share/astra_camera_msgs/environment/ament_prefix_path.sh
[35.131s] -- Symlinking: /workspaces/isaac_ros-dev/software/library_ws/install/astra_camera_msgs/share/astra_camera_msgs/environment/ament_prefix_path.dsv
[35.142s] -- Symlinking: /workspaces/isaac_ros-dev/software/library_ws/install/astra_camera_msgs/share/astra_camera_msgs/environment/path.sh
[35.154s] -- Symlinking: /workspaces/isaac_ros-dev/software/library_ws/install/astra_camera_msgs/share/astra_camera_msgs/environment/path.dsv
[35.163s] -- Symlinking: /workspaces/isaac_ros-dev/software/library_ws/install/astra_camera_msgs/share/astra_camera_msgs/local_setup.bash
[35.172s] -- Symlinking: /workspaces/isaac_ros-dev/software/library_ws/install/astra_camera_msgs/share/astra_camera_msgs/local_setup.sh
[35.183s] -- Symlinking: /workspaces/isaac_ros-dev/software/library_ws/install/astra_camera_msgs/share/astra_camera_msgs/local_setup.zsh
[35.194s] -- Symlinking: /workspaces/isaac_ros-dev/software/library_ws/install/astra_camera_msgs/share/astra_camera_msgs/local_setup.dsv
[35.204s] -- Symlinking: /workspaces/isaac_ros-dev/software/library_ws/install/astra_camera_msgs/share/astra_camera_msgs/package.dsv
[35.213s] -- Symlinking: /workspaces/isaac_ros-dev/software/library_ws/install/astra_camera_msgs/share/ament_index/resource_index/packages/astra_camera_msgs
[35.224s] -- Symlinking: /workspaces/isaac_ros-dev/software/library_ws/install/astra_camera_msgs/share/astra_camera_msgs/cmake/rosidl_cmake-extras.cmake
[35.233s] -- Symlinking: /workspaces/isaac_ros-dev/software/library_ws/install/astra_camera_msgs/share/astra_camera_msgs/cmake/ament_cmake_export_dependencies-extras.cmake
[35.241s] -- Symlinking: /workspaces/isaac_ros-dev/software/library_ws/install/astra_camera_msgs/share/astra_camera_msgs/cmake/ament_cmake_export_include_directories-extras.cmake
[35.252s] -- Symlinking: /workspaces/isaac_ros-dev/software/library_ws/install/astra_camera_msgs/share/astra_camera_msgs/cmake/ament_cmake_export_libraries-extras.cmake
[35.263s] -- Symlinking: /workspaces/isaac_ros-dev/software/library_ws/install/astra_camera_msgs/share/astra_camera_msgs/cmake/ament_cmake_export_targets-extras.cmake
[35.272s] -- Symlinking: /workspaces/isaac_ros-dev/software/library_ws/install/astra_camera_msgs/share/astra_camera_msgs/cmake/rosidl_cmake_export_typesupport_targets-extras.cmake
[35.283s] -- Symlinking: /workspaces/isaac_ros-dev/software/library_ws/install/astra_camera_msgs/share/astra_camera_msgs/cmake/rosidl_cmake_export_typesupport_libraries-extras.cmake
[35.292s] -- Symlinking: /workspaces/isaac_ros-dev/software/library_ws/install/astra_camera_msgs/share/astra_camera_msgs/cmake/astra_camera_msgsConfig.cmake
[35.305s] -- Symlinking: /workspaces/isaac_ros-dev/software/library_ws/install/astra_camera_msgs/share/astra_camera_msgs/cmake/astra_camera_msgsConfig-version.cmake
[35.314s] -- Symlinking: /workspaces/isaac_ros-dev/software/library_ws/install/astra_camera_msgs/share/astra_camera_msgs/package.xml
[35.323s] -- Installing: /workspaces/isaac_ros-dev/software/library_ws/install/astra_camera_msgs/lib/libastra_camera_msgs__rosidl_generator_c.so
[35.324s] -- Set runtime path of "/workspaces/isaac_ros-dev/software/library_ws/install/astra_camera_msgs/lib/libastra_camera_msgs__rosidl_generator_c.so" to ""
[35.324s] -- Installing: /workspaces/isaac_ros-dev/software/library_ws/install/astra_camera_msgs/lib/libastra_camera_msgs__rosidl_typesupport_fastrtps_c.so
[35.329s] -- Set runtime path of "/workspaces/isaac_ros-dev/software/library_ws/install/astra_camera_msgs/lib/libastra_camera_msgs__rosidl_typesupport_fastrtps_c.so" to ""
[35.330s] -- Installing: /workspaces/isaac_ros-dev/software/library_ws/install/astra_camera_msgs/lib/libastra_camera_msgs__rosidl_typesupport_introspection_c.so
[35.330s] -- Set runtime path of "/workspaces/isaac_ros-dev/software/library_ws/install/astra_camera_msgs/lib/libastra_camera_msgs__rosidl_typesupport_introspection_c.so" to ""
[35.331s] -- Installing: /workspaces/isaac_ros-dev/software/library_ws/install/astra_camera_msgs/lib/libastra_camera_msgs__rosidl_typesupport_c.so
[35.331s] -- Set runtime path of "/workspaces/isaac_ros-dev/software/library_ws/install/astra_camera_msgs/lib/libastra_camera_msgs__rosidl_typesupport_c.so" to ""
[35.331s] -- Installing: /workspaces/isaac_ros-dev/software/library_ws/install/astra_camera_msgs/lib/libastra_camera_msgs__rosidl_typesupport_fastrtps_cpp.so
[35.335s] -- Set runtime path of "/workspaces/isaac_ros-dev/software/library_ws/install/astra_camera_msgs/lib/libastra_camera_msgs__rosidl_typesupport_fastrtps_cpp.so" to ""
[35.335s] -- Installing: /workspaces/isaac_ros-dev/software/library_ws/install/astra_camera_msgs/lib/libastra_camera_msgs__rosidl_typesupport_introspection_cpp.so
[35.345s] -- Set runtime path of "/workspaces/isaac_ros-dev/software/library_ws/install/astra_camera_msgs/lib/libastra_camera_msgs__rosidl_typesupport_introspection_cpp.so" to ""
[35.345s] -- Installing: /workspaces/isaac_ros-dev/software/library_ws/install/astra_camera_msgs/lib/libastra_camera_msgs__rosidl_typesupport_cpp.so
[35.345s] -- Set runtime path of "/workspaces/isaac_ros-dev/software/library_ws/install/astra_camera_msgs/lib/libastra_camera_msgs__rosidl_typesupport_cpp.so" to ""
[35.505s] Listing '/workspaces/isaac_ros-dev/software/library_ws/install/astra_camera_msgs/lib/python3.8/site-packages/astra_camera_msgs'...
[35.505s] Compiling '/workspaces/isaac_ros-dev/software/library_ws/install/astra_camera_msgs/lib/python3.8/site-packages/astra_camera_msgs/__init__.py'...
[35.505s] Listing '/workspaces/isaac_ros-dev/software/library_ws/install/astra_camera_msgs/lib/python3.8/site-packages/astra_camera_msgs/msg'...
[35.505s] Compiling '/workspaces/isaac_ros-dev/software/library_ws/install/astra_camera_msgs/lib/python3.8/site-packages/astra_camera_msgs/msg/__init__.py'...
[35.506s] Compiling '/workspaces/isaac_ros-dev/software/library_ws/install/astra_camera_msgs/lib/python3.8/site-packages/astra_camera_msgs/msg/_device_info.py'...
[35.506s] Compiling '/workspaces/isaac_ros-dev/software/library_ws/install/astra_camera_msgs/lib/python3.8/site-packages/astra_camera_msgs/msg/_extrinsics.py'...
[35.506s] Compiling '/workspaces/isaac_ros-dev/software/library_ws/install/astra_camera_msgs/lib/python3.8/site-packages/astra_camera_msgs/msg/_metadata.py'...
[35.506s] Listing '/workspaces/isaac_ros-dev/software/library_ws/install/astra_camera_msgs/lib/python3.8/site-packages/astra_camera_msgs/srv'...
[35.506s] Compiling '/workspaces/isaac_ros-dev/software/library_ws/install/astra_camera_msgs/lib/python3.8/site-packages/astra_camera_msgs/srv/__init__.py'...
[35.506s] Compiling '/workspaces/isaac_ros-dev/software/library_ws/install/astra_camera_msgs/lib/python3.8/site-packages/astra_camera_msgs/srv/_get_camera_info.py'...
[35.506s] Compiling '/workspaces/isaac_ros-dev/software/library_ws/install/astra_camera_msgs/lib/python3.8/site-packages/astra_camera_msgs/srv/_get_camera_params.py'...
[35.507s] Compiling '/workspaces/isaac_ros-dev/software/library_ws/install/astra_camera_msgs/lib/python3.8/site-packages/astra_camera_msgs/srv/_get_device_info.py'...
[35.507s] Compiling '/workspaces/isaac_ros-dev/software/library_ws/install/astra_camera_msgs/lib/python3.8/site-packages/astra_camera_msgs/srv/_get_int32.py'...
[35.507s] Compiling '/workspaces/isaac_ros-dev/software/library_ws/install/astra_camera_msgs/lib/python3.8/site-packages/astra_camera_msgs/srv/_get_string.py'...
[35.507s] Compiling '/workspaces/isaac_ros-dev/software/library_ws/install/astra_camera_msgs/lib/python3.8/site-packages/astra_camera_msgs/srv/_set_int32.py'...
[35.521s] -- Installing: /workspaces/isaac_ros-dev/software/library_ws/install/astra_camera_msgs/lib/libastra_camera_msgs__rosidl_generator_py.so
[35.522s] -- Set runtime path of "/workspaces/isaac_ros-dev/software/library_ws/install/astra_camera_msgs/lib/libastra_camera_msgs__rosidl_generator_py.so" to ""
[35.523s] -- Installing: /workspaces/isaac_ros-dev/software/library_ws/install/astra_camera_msgs/share/astra_camera_msgs/cmake/export_astra_camera_msgs__rosidl_generator_cExport.cmake
[35.523s] -- Installing: /workspaces/isaac_ros-dev/software/library_ws/install/astra_camera_msgs/share/astra_camera_msgs/cmake/export_astra_camera_msgs__rosidl_generator_cExport-relwithdebinfo.cmake
[35.523s] -- Installing: /workspaces/isaac_ros-dev/software/library_ws/install/astra_camera_msgs/share/astra_camera_msgs/cmake/export_astra_camera_msgs__rosidl_typesupport_fastrtps_cExport.cmake
[35.523s] -- Installing: /workspaces/isaac_ros-dev/software/library_ws/install/astra_camera_msgs/share/astra_camera_msgs/cmake/export_astra_camera_msgs__rosidl_typesupport_fastrtps_cExport-relwithdebinfo.cmake
[35.524s] -- Installing: /workspaces/isaac_ros-dev/software/library_ws/install/astra_camera_msgs/share/astra_camera_msgs/cmake/astra_camera_msgs__rosidl_typesupport_introspection_cExport.cmake
[35.524s] -- Installing: /workspaces/isaac_ros-dev/software/library_ws/install/astra_camera_msgs/share/astra_camera_msgs/cmake/astra_camera_msgs__rosidl_typesupport_introspection_cExport-relwithdebinfo.cmake
[35.526s] -- Installing: /workspaces/isaac_ros-dev/software/library_ws/install/astra_camera_msgs/share/astra_camera_msgs/cmake/astra_camera_msgs__rosidl_typesupport_cExport.cmake
[35.527s] -- Installing: /workspaces/isaac_ros-dev/software/library_ws/install/astra_camera_msgs/share/astra_camera_msgs/cmake/astra_camera_msgs__rosidl_typesupport_cExport-relwithdebinfo.cmake
[35.527s] -- Installing: /workspaces/isaac_ros-dev/software/library_ws/install/astra_camera_msgs/share/astra_camera_msgs/cmake/export_astra_camera_msgs__rosidl_generator_cppExport.cmake
[35.527s] -- Installing: /workspaces/isaac_ros-dev/software/library_ws/install/astra_camera_msgs/share/astra_camera_msgs/cmake/export_astra_camera_msgs__rosidl_typesupport_fastrtps_cppExport.cmake
[35.528s] -- Installing: /workspaces/isaac_ros-dev/software/library_ws/install/astra_camera_msgs/share/astra_camera_msgs/cmake/export_astra_camera_msgs__rosidl_typesupport_fastrtps_cppExport-relwithdebinfo.cmake
[35.528s] -- Installing: /workspaces/isaac_ros-dev/software/library_ws/install/astra_camera_msgs/share/astra_camera_msgs/cmake/astra_camera_msgs__rosidl_typesupport_introspection_cppExport.cmake
[35.528s] -- Installing: /workspaces/isaac_ros-dev/software/library_ws/install/astra_camera_msgs/share/astra_camera_msgs/cmake/astra_camera_msgs__rosidl_typesupport_introspection_cppExport-relwithdebinfo.cmake
[35.528s] -- Installing: /workspaces/isaac_ros-dev/software/library_ws/install/astra_camera_msgs/share/astra_camera_msgs/cmake/astra_camera_msgs__rosidl_typesupport_cppExport.cmake
[35.528s] -- Installing: /workspaces/isaac_ros-dev/software/library_ws/install/astra_camera_msgs/share/astra_camera_msgs/cmake/astra_camera_msgs__rosidl_typesupport_cppExport-relwithdebinfo.cmake
[35.528s] -- Installing: /workspaces/isaac_ros-dev/software/library_ws/install/astra_camera_msgs/share/astra_camera_msgs/cmake/export_astra_camera_msgs__rosidl_generator_pyExport.cmake
[35.529s] -- Installing: /workspaces/isaac_ros-dev/software/library_ws/install/astra_camera_msgs/share/astra_camera_msgs/cmake/export_astra_camera_msgs__rosidl_generator_pyExport-relwithdebinfo.cmake
[35.557s] Invoked command in '/workspaces/isaac_ros-dev/software/library_ws/build/astra_camera_msgs' returned '0': CMAKE_PREFIX_PATH=${CMAKE_PREFIX_PATH}:/workspaces/isaac_ros-dev/yahboomcar_ws2/install/yahboomcar_laser:/workspaces/isaac_ros-dev/yahboomcar_ws2/install/yahboomcar_description:/workspaces/isaac_ros-dev/yahboomcar_ws2/install/yahboomcar_ctrl:/workspaces/isaac_ros-dev/yahboomcar_ws2/install/yahboomcar_bringup:/workspaces/isaac_ros-dev/yahboomcar_ws2/install/robot_pose_publisher:/opt/ros/humble /usr/bin/cmake --install /workspaces/isaac_ros-dev/software/library_ws/build/astra_camera_msgs
