[0.000000] (-) TimerEvent: {}
[0.001017] (-) JobUnselected: {'identifier': 'astra_camera'}
[0.001112] (-) JobUnselected: {'identifier': 'astra_camera_msgs'}
[0.001596] (-) JobUnselected: {'identifier': 'costmap_converter'}
[0.001800] (-) JobUnselected: {'identifier': 'costmap_converter_msgs'}
[0.002050] (-) JobUnselected: {'identifier': 'slam_gmapping'}
[0.002257] (-) JobUnselected: {'identifier': 'sllidar_ros2'}
[0.002586] (openslam_gmapping) JobQueued: {'identifier': 'openslam_gmapping', 'dependencies': OrderedDict()}
[0.002819] (openslam_gmapping) JobStarted: {'identifier': 'openslam_gmapping'}
[0.098567] (-) TimerEvent: {}
[0.199645] (-) TimerEvent: {}
[0.225825] (openslam_gmapping) JobProgress: {'identifier': 'openslam_gmapping', 'progress': 'cmake'}
[0.227369] (openslam_gmapping) Command: {'cmd': ['/usr/bin/cmake', '/workspaces/isaac_ros-dev/software/library_ws/src/ros2_gmapping/openslam_gmapping', '-DCMAKE_BUILD_TYPE=RelWithDebInfo', '-DAMENT_CMAKE_SYMLINK_INSTALL=1', '-DCMAKE_INSTALL_PREFIX=/workspaces/isaac_ros-dev/software/library_ws/install/openslam_gmapping'], 'cwd': '/workspaces/isaac_ros-dev/software/library_ws/build/openslam_gmapping', 'env': OrderedDict([('LESSOPEN', '| /usr/bin/lesspipe %s'), ('VSCODE_CWD', '/root/.vscode-server/bin/863d2581ecda6849923a2118d93a088b0745d9d6'), ('PYTHONWARNINGS', 'ignore:::setuptools.command.install,ignore:::setuptools.command.easy_install,ignore:::pkg_resources'), ('USER', 'mw'), ('VSCODE_NLS_CONFIG', '{"locale":"en","osLocale":"en","availableLanguages":{}}'), ('CAMERA_TYPE', 'astraplus'), ('VSCODE_HANDLES_UNCAUGHT_ERRORS', 'true'), ('HOSTNAME', 'marc-orin'), ('GIT_ASKPASS', '/root/.vscode-server/bin/863d2581ecda6849923a2118d93a088b0745d9d6/extensions/git/dist/askpass.sh'), ('SHLVL', '1'), ('LD_LIBRARY_PATH', '/workspaces/isaac_ros-dev/yahboomcar_ws2/install/yahboomcar_msgs/lib:/workspaces/isaac_ros-dev/software/library_ws/install/costmap_converter/lib:/workspaces/isaac_ros-dev/software/library_ws/install/costmap_converter_msgs/lib:/workspaces/isaac_ros-dev/software/library_ws/install/astra_camera_msgs/lib:/opt/ros/humble/opt/rviz_ogre_vendor/lib:/opt/ros/humble/lib/aarch64-linux-gnu:/opt/ros/humble/lib:/usr/lib/aarch64-linux-gnu/tegra/weston:/usr/lib/aarch64-linux-gnu/tegra-egl:/usr/local/cuda-11.4/targets/aarch64-linux/lib:/usr/lib/aarch64-linux-gnu/tegra:/opt/nvidia/vpi2/lib64::/usr/lib/aarch64-linux-gnu-host:/opt/tritonserver/lib'), ('BROWSER', '/root/.vscode-server/bin/863d2581ecda6849923a2118d93a088b0745d9d6/bin/helpers/browser.sh'), ('HOME', '/root'), ('TERM_PROGRAM_VERSION', '1.87.2'), ('VSCODE_IPC_HOOK_CLI', '/tmp/vscode-ipc-ae371331-847b-4b9a-865f-063804c7730b.sock'), ('APPLICATION_INSIGHTS_NO_DIAGNOSTIC_CHANNEL', '1'), ('ROS_PYTHON_VERSION', '3'), ('VSCODE_GIT_ASKPASS_MAIN', '/root/.vscode-server/bin/863d2581ecda6849923a2118d93a088b0745d9d6/extensions/git/dist/askpass-main.js'), ('VSCODE_GIT_ASKPASS_NODE', '/root/.vscode-server/bin/863d2581ecda6849923a2118d93a088b0745d9d6/node'), ('USER_UID', '1000'), ('COLORTERM', 'truecolor'), ('REMOTE_CONTAINERS', 'true'), ('_colcon_cd_root', '/root/yahboomcar_ros2_ws/yahboomcar_ws'), ('ROBOT_TYPE', 'x3'), ('VSCODE_L10N_BUNDLE_LOCATION', ''), ('COLCON_PREFIX_PATH', '/workspaces/isaac_ros-dev/software/library_ws/install:/workspaces/isaac_ros-dev/yahboomcar_ws2/install'), ('ROS_DISTRO', 'humble'), ('REMOTE_CONTAINERS_IPC', '/tmp/vscode-remote-containers-ipc-59c17165-cc6f-4122-8338-0c5ef344f6ae.sock'), ('_', '/usr/bin/colcon'), ('VSCODE_HANDLES_SIGPIPE', 'true'), ('ROS_VERSION', '2'), ('NVIDIA_DRIVER_CAPABILITIES', 'all'), ('USERNAME', 'admin'), ('TERM', 'xterm-256color'), ('ROS_LOCALHOST_ONLY', '0'), ('PATH', '/root/.vscode-server/bin/863d2581ecda6849923a2118d93a088b0745d9d6/bin/remote-cli:/workspaces/isaac_ros-dev/software/library_ws/install/costmap_converter/bin:/opt/ros/humble/bin:/usr/local/sbin:/usr/local/bin:/usr/sbin:/usr/bin:/sbin:/bin:/opt/nvidia/tao:/usr/local/cuda/bin'), ('FASTRTPS_DEFAULT_PROFILES_FILE', '/usr/local/share/middleware_profiles/rtps_udp_profile.xml'), ('VSCODE_AMD_ENTRYPOINT', 'vs/workbench/api/node/extensionHostProcess'), ('VSCODE_AGENT_FOLDER', '/root/.vscode-server'), ('REMOTE_CONTAINERS_SOCKETS', '["/tmp/vscode-ssh-auth-59c17165-cc6f-4122-8338-0c5ef344f6ae.sock","/tmp/.X11-unix/X1","/root/.gnupg/S.gpg-agent"]'), ('DISPLAY', ':0'), ('LD_PRELOAD', '/usr/lib/aarch64-linux-gnu/libgomp.so.1'), ('LANG', 'en_US.UTF-8'), ('RMW_IMPLEMENTATION', 'rmw_fastrtps_cpp'), ('LS_COLORS', ''), ('VSCODE_GIT_IPC_HANDLE', '/tmp/vscode-git-3a859f14de.sock'), ('ROS_ROOT', '/opt/ros/humble'), ('TERM_PROGRAM', 'vscode'), ('SSH_AUTH_SOCK', '/tmp/vscode-ssh-auth-59c17165-cc6f-4122-8338-0c5ef344f6ae.sock'), ('ROS_DOMAIN_ID', '32'), ('AMENT_PREFIX_PATH', '/workspaces/isaac_ros-dev/yahboomcar_ws2/install/yahboomcar_msgs:/workspaces/isaac_ros-dev/yahboomcar_ws2/install/yahboomcar_laser:/workspaces/isaac_ros-dev/yahboomcar_ws2/install/yahboomcar_description:/workspaces/isaac_ros-dev/yahboomcar_ws2/install/yahboomcar_ctrl:/workspaces/isaac_ros-dev/yahboomcar_ws2/install/yahboomcar_bringup:/workspaces/isaac_ros-dev/yahboomcar_ws2/install/yahboomcar_base_node:/workspaces/isaac_ros-dev/yahboomcar_ws2/install/robot_pose_publisher:/workspaces/isaac_ros-dev/software/library_ws/install/sllidar_ros2:/workspaces/isaac_ros-dev/software/library_ws/install/costmap_converter:/workspaces/isaac_ros-dev/software/library_ws/install/costmap_converter_msgs:/workspaces/isaac_ros-dev/software/library_ws/install/astra_camera_msgs:/opt/ros/humble'), ('DEBIAN_FRONTEND', 'noninteractive'), ('REMOTE_CONTAINERS_DISPLAY_SOCK', '/tmp/.X11-unix/X1'), ('SHELL', '/bin/bash'), ('ELECTRON_RUN_AS_NODE', '1'), ('LESSCLOSE', '/usr/bin/lesspipe %s %s'), ('VSCODE_GIT_ASKPASS_EXTRA_ARGS', ''), ('RPLIDAR_TYPE', 's2'), ('PWD', '/workspaces/isaac_ros-dev/software/library_ws/build/openslam_gmapping'), ('PYTHONPATH', '/workspaces/isaac_ros-dev/yahboomcar_ws2/install/yahboomcar_msgs/lib/python3.8/site-packages:/workspaces/isaac_ros-dev/yahboomcar_ws2/build/yahboomcar_laser:/workspaces/isaac_ros-dev/yahboomcar_ws2/install/yahboomcar_laser/lib/python3.8/site-packages:/workspaces/isaac_ros-dev/yahboomcar_ws2/build/yahboomcar_description:/workspaces/isaac_ros-dev/yahboomcar_ws2/install/yahboomcar_description/lib/python3.8/site-packages:/workspaces/isaac_ros-dev/yahboomcar_ws2/build/yahboomcar_ctrl:/workspaces/isaac_ros-dev/yahboomcar_ws2/install/yahboomcar_ctrl/lib/python3.8/site-packages:/workspaces/isaac_ros-dev/yahboomcar_ws2/build/yahboomcar_bringup:/workspaces/isaac_ros-dev/yahboomcar_ws2/install/yahboomcar_bringup/lib/python3.8/site-packages:/workspaces/isaac_ros-dev/yahboomcar_ws2/build/robot_pose_publisher:/workspaces/isaac_ros-dev/yahboomcar_ws2/install/robot_pose_publisher/lib/python3.8/site-packages:/workspaces/isaac_ros-dev/software/library_ws/install/costmap_converter_msgs/lib/python3.8/site-packages:/workspaces/isaac_ros-dev/software/library_ws/install/astra_camera_msgs/lib/python3.8/site-packages:/opt/ros/humble/lib/python3.8/site-packages'), ('NVIDIA_VISIBLE_DEVICES', 'all'), ('USER_GID', '1000'), ('COLCON', '1'), ('CMAKE_PREFIX_PATH', '/workspaces/isaac_ros-dev/yahboomcar_ws2/install/yahboomcar_msgs:/workspaces/isaac_ros-dev/yahboomcar_ws2/install/yahboomcar_base_node:/workspaces/isaac_ros-dev/software/library_ws/install/sllidar_ros2:/workspaces/isaac_ros-dev/software/library_ws/install/costmap_converter:/workspaces/isaac_ros-dev/software/library_ws/install/costmap_converter_msgs:/workspaces/isaac_ros-dev/software/library_ws/install/astra_camera_msgs:/workspaces/isaac_ros-dev/yahboomcar_ws2/install/yahboomcar_laser:/workspaces/isaac_ros-dev/yahboomcar_ws2/install/yahboomcar_description:/workspaces/isaac_ros-dev/yahboomcar_ws2/install/yahboomcar_ctrl:/workspaces/isaac_ros-dev/yahboomcar_ws2/install/yahboomcar_bringup:/workspaces/isaac_ros-dev/yahboomcar_ws2/install/robot_pose_publisher:/opt/ros/humble')]), 'shell': False}
[0.300037] (-) TimerEvent: {}
[0.401033] (-) TimerEvent: {}
[0.440395] (openslam_gmapping) StdoutLine: {'line': b'-- The C compiler identification is GNU 9.4.0\n'}
[0.501239] (-) TimerEvent: {}
[0.597736] (openslam_gmapping) StdoutLine: {'line': b'-- The CXX compiler identification is GNU 9.4.0\n'}
[0.601311] (-) TimerEvent: {}
[0.618925] (openslam_gmapping) StdoutLine: {'line': b'-- Detecting C compiler ABI info\n'}
[0.701545] (-) TimerEvent: {}
[0.770822] (openslam_gmapping) StdoutLine: {'line': b'-- Detecting C compiler ABI info - done\n'}
[0.791560] (openslam_gmapping) StdoutLine: {'line': b'-- Check for working C compiler: /usr/bin/cc - skipped\n'}
[0.792341] (openslam_gmapping) StdoutLine: {'line': b'-- Detecting C compile features\n'}
[0.793568] (openslam_gmapping) StdoutLine: {'line': b'-- Detecting C compile features - done\n'}
[0.801546] (openslam_gmapping) StdoutLine: {'line': b'-- Detecting CXX compiler ABI info\n'}
[0.802065] (-) TimerEvent: {}
[0.902589] (-) TimerEvent: {}
[0.973485] (openslam_gmapping) StdoutLine: {'line': b'-- Detecting CXX compiler ABI info - done\n'}
[0.990791] (openslam_gmapping) StdoutLine: {'line': b'-- Check for working CXX compiler: /usr/bin/c++ - skipped\n'}
[0.992518] (openslam_gmapping) StdoutLine: {'line': b'-- Detecting CXX compile features\n'}
[0.993644] (openslam_gmapping) StdoutLine: {'line': b'-- Detecting CXX compile features - done\n'}
[1.003410] (-) TimerEvent: {}
[1.016877] (openslam_gmapping) StdoutLine: {'line': b'-- Found ament_cmake: 1.3.6 (/opt/ros/humble/share/ament_cmake/cmake)\n'}
[1.104459] (-) TimerEvent: {}
[1.205180] (-) TimerEvent: {}
[1.305910] (-) TimerEvent: {}
[1.406905] (-) TimerEvent: {}
[1.507637] (-) TimerEvent: {}
[1.608292] (-) TimerEvent: {}
[1.709001] (-) TimerEvent: {}
[1.809809] (-) TimerEvent: {}
[1.910473] (-) TimerEvent: {}
[2.011194] (-) TimerEvent: {}
[2.111888] (-) TimerEvent: {}
[2.212547] (-) TimerEvent: {}
[2.313268] (-) TimerEvent: {}
[2.414647] (-) TimerEvent: {}
[2.515343] (-) TimerEvent: {}
[2.616094] (-) TimerEvent: {}
[2.716907] (-) TimerEvent: {}
[2.817613] (-) TimerEvent: {}
[2.918331] (-) TimerEvent: {}
[3.019462] (-) TimerEvent: {}
[3.120311] (-) TimerEvent: {}
[3.131349] (openslam_gmapping) StdoutLine: {'line': b'-- Found Python3: /usr/bin/python3.8 (found version "3.8.10") found components: Interpreter \n'}
[3.220491] (-) TimerEvent: {}
[3.303500] (openslam_gmapping) StdoutLine: {'line': b'-- Override CMake install command with custom implementation using symlinks instead of copying resources\n'}
[3.320683] (-) TimerEvent: {}
[3.421398] (-) TimerEvent: {}
[3.522128] (-) TimerEvent: {}
[3.623194] (-) TimerEvent: {}
[3.643360] (openslam_gmapping) StdoutLine: {'line': b'-- Configuring done\n'}
[3.681676] (openslam_gmapping) StdoutLine: {'line': b'-- Generating done\n'}
[3.685639] (openslam_gmapping) StdoutLine: {'line': b'-- Build files have been written to: /workspaces/isaac_ros-dev/software/library_ws/build/openslam_gmapping\n'}
[3.702874] (openslam_gmapping) CommandEnded: {'returncode': 0}
[3.706219] (openslam_gmapping) JobProgress: {'identifier': 'openslam_gmapping', 'progress': 'build'}
[3.707706] (openslam_gmapping) Command: {'cmd': ['/usr/bin/cmake', '--build', '/workspaces/isaac_ros-dev/software/library_ws/build/openslam_gmapping', '--', '-j6', '-l6'], 'cwd': '/workspaces/isaac_ros-dev/software/library_ws/build/openslam_gmapping', 'env': OrderedDict([('LESSOPEN', '| /usr/bin/lesspipe %s'), ('VSCODE_CWD', '/root/.vscode-server/bin/863d2581ecda6849923a2118d93a088b0745d9d6'), ('PYTHONWARNINGS', 'ignore:::setuptools.command.install,ignore:::setuptools.command.easy_install,ignore:::pkg_resources'), ('USER', 'mw'), ('VSCODE_NLS_CONFIG', '{"locale":"en","osLocale":"en","availableLanguages":{}}'), ('CAMERA_TYPE', 'astraplus'), ('VSCODE_HANDLES_UNCAUGHT_ERRORS', 'true'), ('HOSTNAME', 'marc-orin'), ('GIT_ASKPASS', '/root/.vscode-server/bin/863d2581ecda6849923a2118d93a088b0745d9d6/extensions/git/dist/askpass.sh'), ('SHLVL', '1'), ('LD_LIBRARY_PATH', '/workspaces/isaac_ros-dev/yahboomcar_ws2/install/yahboomcar_msgs/lib:/workspaces/isaac_ros-dev/software/library_ws/install/costmap_converter/lib:/workspaces/isaac_ros-dev/software/library_ws/install/costmap_converter_msgs/lib:/workspaces/isaac_ros-dev/software/library_ws/install/astra_camera_msgs/lib:/opt/ros/humble/opt/rviz_ogre_vendor/lib:/opt/ros/humble/lib/aarch64-linux-gnu:/opt/ros/humble/lib:/usr/lib/aarch64-linux-gnu/tegra/weston:/usr/lib/aarch64-linux-gnu/tegra-egl:/usr/local/cuda-11.4/targets/aarch64-linux/lib:/usr/lib/aarch64-linux-gnu/tegra:/opt/nvidia/vpi2/lib64::/usr/lib/aarch64-linux-gnu-host:/opt/tritonserver/lib'), ('BROWSER', '/root/.vscode-server/bin/863d2581ecda6849923a2118d93a088b0745d9d6/bin/helpers/browser.sh'), ('HOME', '/root'), ('TERM_PROGRAM_VERSION', '1.87.2'), ('VSCODE_IPC_HOOK_CLI', '/tmp/vscode-ipc-ae371331-847b-4b9a-865f-063804c7730b.sock'), ('APPLICATION_INSIGHTS_NO_DIAGNOSTIC_CHANNEL', '1'), ('ROS_PYTHON_VERSION', '3'), ('VSCODE_GIT_ASKPASS_MAIN', '/root/.vscode-server/bin/863d2581ecda6849923a2118d93a088b0745d9d6/extensions/git/dist/askpass-main.js'), ('VSCODE_GIT_ASKPASS_NODE', '/root/.vscode-server/bin/863d2581ecda6849923a2118d93a088b0745d9d6/node'), ('USER_UID', '1000'), ('COLORTERM', 'truecolor'), ('REMOTE_CONTAINERS', 'true'), ('_colcon_cd_root', '/root/yahboomcar_ros2_ws/yahboomcar_ws'), ('ROBOT_TYPE', 'x3'), ('VSCODE_L10N_BUNDLE_LOCATION', ''), ('COLCON_PREFIX_PATH', '/workspaces/isaac_ros-dev/software/library_ws/install:/workspaces/isaac_ros-dev/yahboomcar_ws2/install'), ('ROS_DISTRO', 'humble'), ('REMOTE_CONTAINERS_IPC', '/tmp/vscode-remote-containers-ipc-59c17165-cc6f-4122-8338-0c5ef344f6ae.sock'), ('_', '/usr/bin/colcon'), ('VSCODE_HANDLES_SIGPIPE', 'true'), ('ROS_VERSION', '2'), ('NVIDIA_DRIVER_CAPABILITIES', 'all'), ('USERNAME', 'admin'), ('TERM', 'xterm-256color'), ('ROS_LOCALHOST_ONLY', '0'), ('PATH', '/root/.vscode-server/bin/863d2581ecda6849923a2118d93a088b0745d9d6/bin/remote-cli:/workspaces/isaac_ros-dev/software/library_ws/install/costmap_converter/bin:/opt/ros/humble/bin:/usr/local/sbin:/usr/local/bin:/usr/sbin:/usr/bin:/sbin:/bin:/opt/nvidia/tao:/usr/local/cuda/bin'), ('FASTRTPS_DEFAULT_PROFILES_FILE', '/usr/local/share/middleware_profiles/rtps_udp_profile.xml'), ('VSCODE_AMD_ENTRYPOINT', 'vs/workbench/api/node/extensionHostProcess'), ('VSCODE_AGENT_FOLDER', '/root/.vscode-server'), ('REMOTE_CONTAINERS_SOCKETS', '["/tmp/vscode-ssh-auth-59c17165-cc6f-4122-8338-0c5ef344f6ae.sock","/tmp/.X11-unix/X1","/root/.gnupg/S.gpg-agent"]'), ('DISPLAY', ':0'), ('LD_PRELOAD', '/usr/lib/aarch64-linux-gnu/libgomp.so.1'), ('LANG', 'en_US.UTF-8'), ('RMW_IMPLEMENTATION', 'rmw_fastrtps_cpp'), ('LS_COLORS', ''), ('VSCODE_GIT_IPC_HANDLE', '/tmp/vscode-git-3a859f14de.sock'), ('ROS_ROOT', '/opt/ros/humble'), ('TERM_PROGRAM', 'vscode'), ('SSH_AUTH_SOCK', '/tmp/vscode-ssh-auth-59c17165-cc6f-4122-8338-0c5ef344f6ae.sock'), ('ROS_DOMAIN_ID', '32'), ('AMENT_PREFIX_PATH', '/workspaces/isaac_ros-dev/yahboomcar_ws2/install/yahboomcar_msgs:/workspaces/isaac_ros-dev/yahboomcar_ws2/install/yahboomcar_laser:/workspaces/isaac_ros-dev/yahboomcar_ws2/install/yahboomcar_description:/workspaces/isaac_ros-dev/yahboomcar_ws2/install/yahboomcar_ctrl:/workspaces/isaac_ros-dev/yahboomcar_ws2/install/yahboomcar_bringup:/workspaces/isaac_ros-dev/yahboomcar_ws2/install/yahboomcar_base_node:/workspaces/isaac_ros-dev/yahboomcar_ws2/install/robot_pose_publisher:/workspaces/isaac_ros-dev/software/library_ws/install/sllidar_ros2:/workspaces/isaac_ros-dev/software/library_ws/install/costmap_converter:/workspaces/isaac_ros-dev/software/library_ws/install/costmap_converter_msgs:/workspaces/isaac_ros-dev/software/library_ws/install/astra_camera_msgs:/opt/ros/humble'), ('DEBIAN_FRONTEND', 'noninteractive'), ('REMOTE_CONTAINERS_DISPLAY_SOCK', '/tmp/.X11-unix/X1'), ('SHELL', '/bin/bash'), ('ELECTRON_RUN_AS_NODE', '1'), ('LESSCLOSE', '/usr/bin/lesspipe %s %s'), ('VSCODE_GIT_ASKPASS_EXTRA_ARGS', ''), ('RPLIDAR_TYPE', 's2'), ('PWD', '/workspaces/isaac_ros-dev/software/library_ws/build/openslam_gmapping'), ('PYTHONPATH', '/workspaces/isaac_ros-dev/yahboomcar_ws2/install/yahboomcar_msgs/lib/python3.8/site-packages:/workspaces/isaac_ros-dev/yahboomcar_ws2/build/yahboomcar_laser:/workspaces/isaac_ros-dev/yahboomcar_ws2/install/yahboomcar_laser/lib/python3.8/site-packages:/workspaces/isaac_ros-dev/yahboomcar_ws2/build/yahboomcar_description:/workspaces/isaac_ros-dev/yahboomcar_ws2/install/yahboomcar_description/lib/python3.8/site-packages:/workspaces/isaac_ros-dev/yahboomcar_ws2/build/yahboomcar_ctrl:/workspaces/isaac_ros-dev/yahboomcar_ws2/install/yahboomcar_ctrl/lib/python3.8/site-packages:/workspaces/isaac_ros-dev/yahboomcar_ws2/build/yahboomcar_bringup:/workspaces/isaac_ros-dev/yahboomcar_ws2/install/yahboomcar_bringup/lib/python3.8/site-packages:/workspaces/isaac_ros-dev/yahboomcar_ws2/build/robot_pose_publisher:/workspaces/isaac_ros-dev/yahboomcar_ws2/install/robot_pose_publisher/lib/python3.8/site-packages:/workspaces/isaac_ros-dev/software/library_ws/install/costmap_converter_msgs/lib/python3.8/site-packages:/workspaces/isaac_ros-dev/software/library_ws/install/astra_camera_msgs/lib/python3.8/site-packages:/opt/ros/humble/lib/python3.8/site-packages'), ('NVIDIA_VISIBLE_DEVICES', 'all'), ('USER_GID', '1000'), ('COLCON', '1'), ('CMAKE_PREFIX_PATH', '/workspaces/isaac_ros-dev/yahboomcar_ws2/install/yahboomcar_msgs:/workspaces/isaac_ros-dev/yahboomcar_ws2/install/yahboomcar_base_node:/workspaces/isaac_ros-dev/software/library_ws/install/sllidar_ros2:/workspaces/isaac_ros-dev/software/library_ws/install/costmap_converter:/workspaces/isaac_ros-dev/software/library_ws/install/costmap_converter_msgs:/workspaces/isaac_ros-dev/software/library_ws/install/astra_camera_msgs:/workspaces/isaac_ros-dev/yahboomcar_ws2/install/yahboomcar_laser:/workspaces/isaac_ros-dev/yahboomcar_ws2/install/yahboomcar_description:/workspaces/isaac_ros-dev/yahboomcar_ws2/install/yahboomcar_ctrl:/workspaces/isaac_ros-dev/yahboomcar_ws2/install/yahboomcar_bringup:/workspaces/isaac_ros-dev/yahboomcar_ws2/install/robot_pose_publisher:/opt/ros/humble')]), 'shell': False}
[3.723388] (-) TimerEvent: {}
[3.780344] (openslam_gmapping) StdoutLine: {'line': b'[  4%] \x1b[32mBuilding CXX object utils/CMakeFiles/utils.dir/movement.cpp.o\x1b[0m\n'}
[3.780921] (openslam_gmapping) StdoutLine: {'line': b'[  9%] \x1b[32mBuilding CXX object sensor/sensor_base/CMakeFiles/sensor_base.dir/sensorreading.cpp.o\x1b[0m\n'}
[3.781235] (openslam_gmapping) StdoutLine: {'line': b'[ 13%] \x1b[32mBuilding CXX object utils/CMakeFiles/utils.dir/stat.cpp.o\x1b[0m\n'}
[3.784803] (openslam_gmapping) StdoutLine: {'line': b'[ 18%] \x1b[32mBuilding CXX object sensor/sensor_base/CMakeFiles/sensor_base.dir/sensor.cpp.o\x1b[0m\n'}
[3.823610] (-) TimerEvent: {}
[3.924386] (-) TimerEvent: {}
[4.025162] (-) TimerEvent: {}
[4.126377] (-) TimerEvent: {}
[4.227114] (-) TimerEvent: {}
[4.327873] (-) TimerEvent: {}
[4.428643] (-) TimerEvent: {}
[4.529665] (-) TimerEvent: {}
[4.596764] (openslam_gmapping) StdoutLine: {'line': b'[ 22%] \x1b[32m\x1b[1mLinking CXX static library libsensor_base.a\x1b[0m\n'}
[4.632321] (-) TimerEvent: {}
[4.677503] (openslam_gmapping) StdoutLine: {'line': b'[ 22%] Built target sensor_base\n'}
[4.730925] (openslam_gmapping) StdoutLine: {'line': b'[ 27%] \x1b[32mBuilding CXX object sensor/sensor_range/CMakeFiles/sensor_range.dir/rangesensor.cpp.o\x1b[0m\n'}
[4.732442] (-) TimerEvent: {}
[4.742577] (openslam_gmapping) StdoutLine: {'line': b'[ 31%] \x1b[32mBuilding CXX object sensor/sensor_odometry/CMakeFiles/sensor_odometry.dir/odometryreading.cpp.o\x1b[0m\n'}
[4.745990] (openslam_gmapping) StdoutLine: {'line': b'[ 36%] \x1b[32mBuilding CXX object sensor/sensor_odometry/CMakeFiles/sensor_odometry.dir/odometrysensor.cpp.o\x1b[0m\n'}
[4.747969] (openslam_gmapping) StdoutLine: {'line': b'[ 40%] \x1b[32mBuilding CXX object sensor/sensor_range/CMakeFiles/sensor_range.dir/rangereading.cpp.o\x1b[0m\n'}
[4.832662] (-) TimerEvent: {}
[4.933518] (-) TimerEvent: {}
[5.034614] (-) TimerEvent: {}
[5.116769] (openslam_gmapping) StdoutLine: {'line': b'[ 45%] \x1b[32m\x1b[1mLinking CXX static library libutils.a\x1b[0m\n'}
[5.134826] (-) TimerEvent: {}
[5.235618] (-) TimerEvent: {}
[5.300838] (openslam_gmapping) StdoutLine: {'line': b'[ 45%] Built target utils\n'}
[5.335812] (-) TimerEvent: {}
[5.436659] (-) TimerEvent: {}
[5.537460] (-) TimerEvent: {}
[5.638248] (-) TimerEvent: {}
[5.739084] (-) TimerEvent: {}
[5.815214] (openslam_gmapping) StdoutLine: {'line': b'[ 50%] \x1b[32m\x1b[1mLinking CXX static library libsensor_odometry.a\x1b[0m\n'}
[5.839285] (-) TimerEvent: {}
[5.881577] (openslam_gmapping) StdoutLine: {'line': b'[ 50%] Built target sensor_odometry\n'}
[5.939506] (-) TimerEvent: {}
[6.040267] (-) TimerEvent: {}
[6.141016] (-) TimerEvent: {}
[6.241798] (-) TimerEvent: {}
[6.342707] (-) TimerEvent: {}
[6.404623] (openslam_gmapping) StdoutLine: {'line': b'[ 54%] \x1b[32m\x1b[1mLinking CXX static library libsensor_range.a\x1b[0m\n'}
[6.442902] (-) TimerEvent: {}
[6.456810] (openslam_gmapping) StdoutLine: {'line': b'[ 54%] Built target sensor_range\n'}
[6.490930] (openslam_gmapping) StdoutLine: {'line': b'[ 59%] \x1b[32mBuilding CXX object scanmatcher/CMakeFiles/scanmatcher.dir/scanmatcherprocessor.cpp.o\x1b[0m\n'}
[6.491896] (openslam_gmapping) StdoutLine: {'line': b'[ 63%] \x1b[32mBuilding CXX object scanmatcher/CMakeFiles/scanmatcher.dir/scanmatcher.cpp.o\x1b[0m\n'}
[6.497242] (openslam_gmapping) StdoutLine: {'line': b'[ 68%] \x1b[32mBuilding CXX object scanmatcher/CMakeFiles/scanmatcher.dir/eig3.cpp.o\x1b[0m\n'}
[6.499482] (openslam_gmapping) StdoutLine: {'line': b'[ 72%] \x1b[32mBuilding CXX object scanmatcher/CMakeFiles/scanmatcher.dir/smmap.cpp.o\x1b[0m\n'}
[6.543081] (-) TimerEvent: {}
[6.643823] (-) TimerEvent: {}
[6.745151] (-) TimerEvent: {}
[6.846525] (-) TimerEvent: {}
[6.951782] (-) TimerEvent: {}
[7.055775] (-) TimerEvent: {}
[7.156615] (-) TimerEvent: {}
[7.257322] (-) TimerEvent: {}
[7.358095] (-) TimerEvent: {}
[7.459008] (-) TimerEvent: {}
[7.559755] (-) TimerEvent: {}
[7.660493] (-) TimerEvent: {}
[7.761231] (-) TimerEvent: {}
[7.861974] (-) TimerEvent: {}
[7.962755] (-) TimerEvent: {}
[8.066077] (-) TimerEvent: {}
[8.166867] (-) TimerEvent: {}
[8.267616] (-) TimerEvent: {}
[8.368382] (-) TimerEvent: {}
[8.469132] (-) TimerEvent: {}
[8.569856] (-) TimerEvent: {}
[8.670622] (-) TimerEvent: {}
[8.771368] (-) TimerEvent: {}
[8.872157] (-) TimerEvent: {}
[8.973723] (-) TimerEvent: {}
[9.074493] (-) TimerEvent: {}
[9.175252] (-) TimerEvent: {}
[9.276087] (-) TimerEvent: {}
[9.376832] (-) TimerEvent: {}
[9.477569] (-) TimerEvent: {}
[9.578294] (-) TimerEvent: {}
[9.679023] (-) TimerEvent: {}
[9.779846] (-) TimerEvent: {}
[9.880694] (-) TimerEvent: {}
[9.981443] (-) TimerEvent: {}
[10.082229] (-) TimerEvent: {}
[10.183013] (-) TimerEvent: {}
[10.283744] (-) TimerEvent: {}
[10.386201] (-) TimerEvent: {}
[10.487005] (-) TimerEvent: {}
[10.587747] (-) TimerEvent: {}
[10.688518] (-) TimerEvent: {}
[10.789257] (-) TimerEvent: {}
[10.885557] (openslam_gmapping) StdoutLine: {'line': b'[ 77%] \x1b[32m\x1b[1mLinking CXX static library libscanmatcher.a\x1b[0m\n'}
[10.889344] (-) TimerEvent: {}
[10.949827] (openslam_gmapping) StdoutLine: {'line': b'[ 77%] Built target scanmatcher\n'}
[10.981504] (openslam_gmapping) StdoutLine: {'line': b'[ 81%] \x1b[32mBuilding CXX object gridfastslam/CMakeFiles/gridfastslam.dir/gfsreader.cpp.o\x1b[0m\n'}
[10.982145] (openslam_gmapping) StdoutLine: {'line': b'[ 90%] \x1b[32mBuilding CXX object gridfastslam/CMakeFiles/gridfastslam.dir/gridslamprocessor.cpp.o\x1b[0m\n'}
[10.982379] (openslam_gmapping) StdoutLine: {'line': b'[ 90%] \x1b[32mBuilding CXX object gridfastslam/CMakeFiles/gridfastslam.dir/gridslamprocessor_tree.cpp.o\x1b[0m\n'}
[10.982559] (openslam_gmapping) StdoutLine: {'line': b'[ 95%] \x1b[32mBuilding CXX object gridfastslam/CMakeFiles/gridfastslam.dir/motionmodel.cpp.o\x1b[0m\n'}
[10.990394] (-) TimerEvent: {}
[11.093459] (-) TimerEvent: {}
[11.194482] (-) TimerEvent: {}
[11.295755] (-) TimerEvent: {}
[11.397662] (-) TimerEvent: {}
[11.498479] (-) TimerEvent: {}
[11.599264] (-) TimerEvent: {}
[11.700019] (-) TimerEvent: {}
[11.801088] (-) TimerEvent: {}
[11.901845] (-) TimerEvent: {}
[12.003139] (-) TimerEvent: {}
[12.103946] (-) TimerEvent: {}
[12.204708] (-) TimerEvent: {}
[12.306203] (-) TimerEvent: {}
[12.406974] (-) TimerEvent: {}
[12.508435] (-) TimerEvent: {}
[12.609518] (-) TimerEvent: {}
[12.710866] (-) TimerEvent: {}
[12.812060] (-) TimerEvent: {}
[12.912809] (-) TimerEvent: {}
[13.014844] (-) TimerEvent: {}
[13.116777] (-) TimerEvent: {}
[13.217584] (-) TimerEvent: {}
[13.318683] (-) TimerEvent: {}
[13.419493] (-) TimerEvent: {}
[13.520352] (-) TimerEvent: {}
[13.621190] (-) TimerEvent: {}
[13.721994] (-) TimerEvent: {}
[13.825624] (-) TimerEvent: {}
[13.926692] (-) TimerEvent: {}
[14.027449] (-) TimerEvent: {}
[14.128586] (-) TimerEvent: {}
[14.229328] (-) TimerEvent: {}
[14.330098] (-) TimerEvent: {}
[14.430829] (-) TimerEvent: {}
[14.531631] (-) TimerEvent: {}
[14.632366] (-) TimerEvent: {}
[14.733093] (-) TimerEvent: {}
[14.834028] (-) TimerEvent: {}
[14.934766] (-) TimerEvent: {}
[15.035519] (-) TimerEvent: {}
[15.136321] (-) TimerEvent: {}
[15.237045] (-) TimerEvent: {}
[15.337764] (-) TimerEvent: {}
[15.438491] (-) TimerEvent: {}
[15.539234] (-) TimerEvent: {}
[15.640005] (-) TimerEvent: {}
[15.740735] (-) TimerEvent: {}
[15.841463] (-) TimerEvent: {}
[15.942233] (-) TimerEvent: {}
[16.042994] (-) TimerEvent: {}
[16.143811] (-) TimerEvent: {}
[16.244543] (-) TimerEvent: {}
[16.345300] (-) TimerEvent: {}
[16.446066] (-) TimerEvent: {}
[16.547275] (-) TimerEvent: {}
[16.568542] (openslam_gmapping) StdoutLine: {'line': b'[100%] \x1b[32m\x1b[1mLinking CXX static library libgridfastslam.a\x1b[0m\n'}
[16.645630] (openslam_gmapping) StdoutLine: {'line': b'[100%] Built target gridfastslam\n'}
[16.647416] (-) TimerEvent: {}
[16.660467] (openslam_gmapping) CommandEnded: {'returncode': 0}
[16.739334] (openslam_gmapping) JobProgress: {'identifier': 'openslam_gmapping', 'progress': 'install'}
[16.747785] (-) TimerEvent: {}
[16.755284] (openslam_gmapping) Command: {'cmd': ['/usr/bin/cmake', '--install', '/workspaces/isaac_ros-dev/software/library_ws/build/openslam_gmapping'], 'cwd': '/workspaces/isaac_ros-dev/software/library_ws/build/openslam_gmapping', 'env': OrderedDict([('LESSOPEN', '| /usr/bin/lesspipe %s'), ('VSCODE_CWD', '/root/.vscode-server/bin/863d2581ecda6849923a2118d93a088b0745d9d6'), ('PYTHONWARNINGS', 'ignore:::setuptools.command.install,ignore:::setuptools.command.easy_install,ignore:::pkg_resources'), ('USER', 'mw'), ('VSCODE_NLS_CONFIG', '{"locale":"en","osLocale":"en","availableLanguages":{}}'), ('CAMERA_TYPE', 'astraplus'), ('VSCODE_HANDLES_UNCAUGHT_ERRORS', 'true'), ('HOSTNAME', 'marc-orin'), ('GIT_ASKPASS', '/root/.vscode-server/bin/863d2581ecda6849923a2118d93a088b0745d9d6/extensions/git/dist/askpass.sh'), ('SHLVL', '1'), ('LD_LIBRARY_PATH', '/workspaces/isaac_ros-dev/yahboomcar_ws2/install/yahboomcar_msgs/lib:/workspaces/isaac_ros-dev/software/library_ws/install/costmap_converter/lib:/workspaces/isaac_ros-dev/software/library_ws/install/costmap_converter_msgs/lib:/workspaces/isaac_ros-dev/software/library_ws/install/astra_camera_msgs/lib:/opt/ros/humble/opt/rviz_ogre_vendor/lib:/opt/ros/humble/lib/aarch64-linux-gnu:/opt/ros/humble/lib:/usr/lib/aarch64-linux-gnu/tegra/weston:/usr/lib/aarch64-linux-gnu/tegra-egl:/usr/local/cuda-11.4/targets/aarch64-linux/lib:/usr/lib/aarch64-linux-gnu/tegra:/opt/nvidia/vpi2/lib64::/usr/lib/aarch64-linux-gnu-host:/opt/tritonserver/lib'), ('BROWSER', '/root/.vscode-server/bin/863d2581ecda6849923a2118d93a088b0745d9d6/bin/helpers/browser.sh'), ('HOME', '/root'), ('TERM_PROGRAM_VERSION', '1.87.2'), ('VSCODE_IPC_HOOK_CLI', '/tmp/vscode-ipc-ae371331-847b-4b9a-865f-063804c7730b.sock'), ('APPLICATION_INSIGHTS_NO_DIAGNOSTIC_CHANNEL', '1'), ('ROS_PYTHON_VERSION', '3'), ('VSCODE_GIT_ASKPASS_MAIN', '/root/.vscode-server/bin/863d2581ecda6849923a2118d93a088b0745d9d6/extensions/git/dist/askpass-main.js'), ('VSCODE_GIT_ASKPASS_NODE', '/root/.vscode-server/bin/863d2581ecda6849923a2118d93a088b0745d9d6/node'), ('USER_UID', '1000'), ('COLORTERM', 'truecolor'), ('REMOTE_CONTAINERS', 'true'), ('_colcon_cd_root', '/root/yahboomcar_ros2_ws/yahboomcar_ws'), ('ROBOT_TYPE', 'x3'), ('VSCODE_L10N_BUNDLE_LOCATION', ''), ('COLCON_PREFIX_PATH', '/workspaces/isaac_ros-dev/software/library_ws/install:/workspaces/isaac_ros-dev/yahboomcar_ws2/install'), ('ROS_DISTRO', 'humble'), ('REMOTE_CONTAINERS_IPC', '/tmp/vscode-remote-containers-ipc-59c17165-cc6f-4122-8338-0c5ef344f6ae.sock'), ('_', '/usr/bin/colcon'), ('VSCODE_HANDLES_SIGPIPE', 'true'), ('ROS_VERSION', '2'), ('NVIDIA_DRIVER_CAPABILITIES', 'all'), ('USERNAME', 'admin'), ('TERM', 'xterm-256color'), ('ROS_LOCALHOST_ONLY', '0'), ('PATH', '/root/.vscode-server/bin/863d2581ecda6849923a2118d93a088b0745d9d6/bin/remote-cli:/workspaces/isaac_ros-dev/software/library_ws/install/costmap_converter/bin:/opt/ros/humble/bin:/usr/local/sbin:/usr/local/bin:/usr/sbin:/usr/bin:/sbin:/bin:/opt/nvidia/tao:/usr/local/cuda/bin'), ('FASTRTPS_DEFAULT_PROFILES_FILE', '/usr/local/share/middleware_profiles/rtps_udp_profile.xml'), ('VSCODE_AMD_ENTRYPOINT', 'vs/workbench/api/node/extensionHostProcess'), ('VSCODE_AGENT_FOLDER', '/root/.vscode-server'), ('REMOTE_CONTAINERS_SOCKETS', '["/tmp/vscode-ssh-auth-59c17165-cc6f-4122-8338-0c5ef344f6ae.sock","/tmp/.X11-unix/X1","/root/.gnupg/S.gpg-agent"]'), ('DISPLAY', ':0'), ('LD_PRELOAD', '/usr/lib/aarch64-linux-gnu/libgomp.so.1'), ('LANG', 'en_US.UTF-8'), ('RMW_IMPLEMENTATION', 'rmw_fastrtps_cpp'), ('LS_COLORS', ''), ('VSCODE_GIT_IPC_HANDLE', '/tmp/vscode-git-3a859f14de.sock'), ('ROS_ROOT', '/opt/ros/humble'), ('TERM_PROGRAM', 'vscode'), ('SSH_AUTH_SOCK', '/tmp/vscode-ssh-auth-59c17165-cc6f-4122-8338-0c5ef344f6ae.sock'), ('ROS_DOMAIN_ID', '32'), ('AMENT_PREFIX_PATH', '/workspaces/isaac_ros-dev/yahboomcar_ws2/install/yahboomcar_msgs:/workspaces/isaac_ros-dev/yahboomcar_ws2/install/yahboomcar_laser:/workspaces/isaac_ros-dev/yahboomcar_ws2/install/yahboomcar_description:/workspaces/isaac_ros-dev/yahboomcar_ws2/install/yahboomcar_ctrl:/workspaces/isaac_ros-dev/yahboomcar_ws2/install/yahboomcar_bringup:/workspaces/isaac_ros-dev/yahboomcar_ws2/install/yahboomcar_base_node:/workspaces/isaac_ros-dev/yahboomcar_ws2/install/robot_pose_publisher:/workspaces/isaac_ros-dev/software/library_ws/install/sllidar_ros2:/workspaces/isaac_ros-dev/software/library_ws/install/costmap_converter:/workspaces/isaac_ros-dev/software/library_ws/install/costmap_converter_msgs:/workspaces/isaac_ros-dev/software/library_ws/install/astra_camera_msgs:/opt/ros/humble'), ('DEBIAN_FRONTEND', 'noninteractive'), ('REMOTE_CONTAINERS_DISPLAY_SOCK', '/tmp/.X11-unix/X1'), ('SHELL', '/bin/bash'), ('ELECTRON_RUN_AS_NODE', '1'), ('LESSCLOSE', '/usr/bin/lesspipe %s %s'), ('VSCODE_GIT_ASKPASS_EXTRA_ARGS', ''), ('RPLIDAR_TYPE', 's2'), ('PWD', '/workspaces/isaac_ros-dev/software/library_ws/build/openslam_gmapping'), ('PYTHONPATH', '/workspaces/isaac_ros-dev/yahboomcar_ws2/install/yahboomcar_msgs/lib/python3.8/site-packages:/workspaces/isaac_ros-dev/yahboomcar_ws2/build/yahboomcar_laser:/workspaces/isaac_ros-dev/yahboomcar_ws2/install/yahboomcar_laser/lib/python3.8/site-packages:/workspaces/isaac_ros-dev/yahboomcar_ws2/build/yahboomcar_description:/workspaces/isaac_ros-dev/yahboomcar_ws2/install/yahboomcar_description/lib/python3.8/site-packages:/workspaces/isaac_ros-dev/yahboomcar_ws2/build/yahboomcar_ctrl:/workspaces/isaac_ros-dev/yahboomcar_ws2/install/yahboomcar_ctrl/lib/python3.8/site-packages:/workspaces/isaac_ros-dev/yahboomcar_ws2/build/yahboomcar_bringup:/workspaces/isaac_ros-dev/yahboomcar_ws2/install/yahboomcar_bringup/lib/python3.8/site-packages:/workspaces/isaac_ros-dev/yahboomcar_ws2/build/robot_pose_publisher:/workspaces/isaac_ros-dev/yahboomcar_ws2/install/robot_pose_publisher/lib/python3.8/site-packages:/workspaces/isaac_ros-dev/software/library_ws/install/costmap_converter_msgs/lib/python3.8/site-packages:/workspaces/isaac_ros-dev/software/library_ws/install/astra_camera_msgs/lib/python3.8/site-packages:/opt/ros/humble/lib/python3.8/site-packages'), ('NVIDIA_VISIBLE_DEVICES', 'all'), ('USER_GID', '1000'), ('COLCON', '1'), ('CMAKE_PREFIX_PATH', '/workspaces/isaac_ros-dev/yahboomcar_ws2/install/yahboomcar_msgs:/workspaces/isaac_ros-dev/yahboomcar_ws2/install/yahboomcar_base_node:/workspaces/isaac_ros-dev/software/library_ws/install/sllidar_ros2:/workspaces/isaac_ros-dev/software/library_ws/install/costmap_converter:/workspaces/isaac_ros-dev/software/library_ws/install/costmap_converter_msgs:/workspaces/isaac_ros-dev/software/library_ws/install/astra_camera_msgs:/workspaces/isaac_ros-dev/yahboomcar_ws2/install/yahboomcar_laser:/workspaces/isaac_ros-dev/yahboomcar_ws2/install/yahboomcar_description:/workspaces/isaac_ros-dev/yahboomcar_ws2/install/yahboomcar_ctrl:/workspaces/isaac_ros-dev/yahboomcar_ws2/install/yahboomcar_bringup:/workspaces/isaac_ros-dev/yahboomcar_ws2/install/robot_pose_publisher:/opt/ros/humble')]), 'shell': False}
[16.773094] (openslam_gmapping) StdoutLine: {'line': b'-- Install configuration: "RelWithDebInfo"\n'}
[16.774023] (openslam_gmapping) StdoutLine: {'line': b'-- Execute custom install script\n'}
[16.775179] (openslam_gmapping) StdoutLine: {'line': b'-- Symlinking: /workspaces/isaac_ros-dev/software/library_ws/install/openslam_gmapping/lib/libgridfastslam.a\n'}
[16.786415] (openslam_gmapping) StdoutLine: {'line': b'-- Symlinking: /workspaces/isaac_ros-dev/software/library_ws/install/openslam_gmapping/lib/libscanmatcher.a\n'}
[16.800927] (openslam_gmapping) StdoutLine: {'line': b'-- Symlinking: /workspaces/isaac_ros-dev/software/library_ws/install/openslam_gmapping/lib/libsensor_base.a\n'}
[16.815831] (openslam_gmapping) StdoutLine: {'line': b'-- Symlinking: /workspaces/isaac_ros-dev/software/library_ws/install/openslam_gmapping/share/openslam_gmapping/environment/library_path.sh\n'}
[16.822103] (openslam_gmapping) StdoutLine: {'line': b'-- Symlinking: /workspaces/isaac_ros-dev/software/library_ws/install/openslam_gmapping/share/openslam_gmapping/environment/library_path.dsv\n'}
[16.836022] (openslam_gmapping) StdoutLine: {'line': b'-- Up-to-date symlink: /workspaces/isaac_ros-dev/software/library_ws/install/openslam_gmapping/share/openslam_gmapping/environment/library_path.sh\n'}
[16.836612] (openslam_gmapping) StdoutLine: {'line': b'-- Up-to-date symlink: /workspaces/isaac_ros-dev/software/library_ws/install/openslam_gmapping/share/openslam_gmapping/environment/library_path.dsv\n'}
[16.836813] (openslam_gmapping) StdoutLine: {'line': b'-- Symlinking: /workspaces/isaac_ros-dev/software/library_ws/install/openslam_gmapping/lib/libsensor_odometry.a\n'}
[16.844505] (openslam_gmapping) StdoutLine: {'line': b'-- Symlinking: /workspaces/isaac_ros-dev/software/library_ws/install/openslam_gmapping/lib/libsensor_range.a\n'}
[16.847818] (-) TimerEvent: {}
[16.854064] (openslam_gmapping) StdoutLine: {'line': b'-- Symlinking: /workspaces/isaac_ros-dev/software/library_ws/install/openslam_gmapping/lib/libutils.a\n'}
[16.866808] (openslam_gmapping) StdoutLine: {'line': b'-- Up-to-date symlink: /workspaces/isaac_ros-dev/software/library_ws/install/openslam_gmapping/share/openslam_gmapping/environment/library_path.sh\n'}
[16.867419] (openslam_gmapping) StdoutLine: {'line': b'-- Up-to-date symlink: /workspaces/isaac_ros-dev/software/library_ws/install/openslam_gmapping/share/openslam_gmapping/environment/library_path.dsv\n'}
[16.867685] (openslam_gmapping) StdoutLine: {'line': b'-- Up-to-date symlink: /workspaces/isaac_ros-dev/software/library_ws/install/openslam_gmapping/share/openslam_gmapping/environment/library_path.sh\n'}
[16.867863] (openslam_gmapping) StdoutLine: {'line': b'-- Up-to-date symlink: /workspaces/isaac_ros-dev/software/library_ws/install/openslam_gmapping/share/openslam_gmapping/environment/library_path.dsv\n'}
[16.873521] (openslam_gmapping) StdoutLine: {'line': b'-- Symlinking: /workspaces/isaac_ros-dev/software/library_ws/install/openslam_gmapping/include//gmapping/grid/accessstate.h\n'}
[16.879483] (openslam_gmapping) StdoutLine: {'line': b'-- Symlinking: /workspaces/isaac_ros-dev/software/library_ws/install/openslam_gmapping/include//gmapping/grid/array2d.h\n'}
[16.888123] (openslam_gmapping) StdoutLine: {'line': b'-- Symlinking: /workspaces/isaac_ros-dev/software/library_ws/install/openslam_gmapping/include//gmapping/grid/harray2d.h\n'}
[16.896967] (openslam_gmapping) StdoutLine: {'line': b'-- Symlinking: /workspaces/isaac_ros-dev/software/library_ws/install/openslam_gmapping/include//gmapping/grid/map.h\n'}
[16.907369] (openslam_gmapping) StdoutLine: {'line': b'-- Symlinking: /workspaces/isaac_ros-dev/software/library_ws/install/openslam_gmapping/include//gmapping/gridfastslam/gridslamprocessor.h\n'}
[16.916949] (openslam_gmapping) StdoutLine: {'line': b'-- Symlinking: /workspaces/isaac_ros-dev/software/library_ws/install/openslam_gmapping/include//gmapping/gridfastslam/gridslamprocessor.hxx\n'}
[16.925565] (openslam_gmapping) StdoutLine: {'line': b'-- Symlinking: /workspaces/isaac_ros-dev/software/library_ws/install/openslam_gmapping/include//gmapping/gridfastslam/motionmodel.h\n'}
[16.934481] (openslam_gmapping) StdoutLine: {'line': b'-- Symlinking: /workspaces/isaac_ros-dev/software/library_ws/install/openslam_gmapping/include//gmapping/log/configuration.h\n'}
[16.945008] (openslam_gmapping) StdoutLine: {'line': b'-- Symlinking: /workspaces/isaac_ros-dev/software/library_ws/install/openslam_gmapping/include//gmapping/log/sensorlog.h\n'}
[16.948017] (-) TimerEvent: {}
[16.956227] (openslam_gmapping) StdoutLine: {'line': b'-- Symlinking: /workspaces/isaac_ros-dev/software/library_ws/install/openslam_gmapping/include//gmapping/particlefilter/particlefilter.h\n'}
[16.965862] (openslam_gmapping) StdoutLine: {'line': b'-- Symlinking: /workspaces/isaac_ros-dev/software/library_ws/install/openslam_gmapping/include//gmapping/scanmatcher/icp.h\n'}
[16.975132] (openslam_gmapping) StdoutLine: {'line': b'-- Symlinking: /workspaces/isaac_ros-dev/software/library_ws/install/openslam_gmapping/include//gmapping/scanmatcher/scanmatcher.h\n'}
[16.985352] (openslam_gmapping) StdoutLine: {'line': b'-- Symlinking: /workspaces/isaac_ros-dev/software/library_ws/install/openslam_gmapping/include//gmapping/scanmatcher/smmap.h\n'}
[16.995512] (openslam_gmapping) StdoutLine: {'line': b'-- Symlinking: /workspaces/isaac_ros-dev/software/library_ws/install/openslam_gmapping/include//gmapping/sensor/sensor_base/sensor.h\n'}
[17.004604] (openslam_gmapping) StdoutLine: {'line': b'-- Symlinking: /workspaces/isaac_ros-dev/software/library_ws/install/openslam_gmapping/include//gmapping/sensor/sensor_base/sensorreading.h\n'}
[17.016357] (openslam_gmapping) StdoutLine: {'line': b'-- Symlinking: /workspaces/isaac_ros-dev/software/library_ws/install/openslam_gmapping/include//gmapping/sensor/sensor_odometry/odometryreading.h\n'}
[17.025543] (openslam_gmapping) StdoutLine: {'line': b'-- Symlinking: /workspaces/isaac_ros-dev/software/library_ws/install/openslam_gmapping/include//gmapping/sensor/sensor_odometry/odometrysensor.h\n'}
[17.037011] (openslam_gmapping) StdoutLine: {'line': b'-- Symlinking: /workspaces/isaac_ros-dev/software/library_ws/install/openslam_gmapping/include//gmapping/sensor/sensor_range/rangereading.h\n'}
[17.045874] (openslam_gmapping) StdoutLine: {'line': b'-- Symlinking: /workspaces/isaac_ros-dev/software/library_ws/install/openslam_gmapping/include//gmapping/sensor/sensor_range/rangesensor.h\n'}
[17.048116] (-) TimerEvent: {}
[17.055418] (openslam_gmapping) StdoutLine: {'line': b'-- Symlinking: /workspaces/isaac_ros-dev/software/library_ws/install/openslam_gmapping/include//gmapping/utils/autoptr.h\n'}
[17.066314] (openslam_gmapping) StdoutLine: {'line': b'-- Symlinking: /workspaces/isaac_ros-dev/software/library_ws/install/openslam_gmapping/include//gmapping/utils/commandline.h\n'}
[17.076888] (openslam_gmapping) StdoutLine: {'line': b'-- Symlinking: /workspaces/isaac_ros-dev/software/library_ws/install/openslam_gmapping/include//gmapping/utils/gvalues.h\n'}
[17.089972] (openslam_gmapping) StdoutLine: {'line': b'-- Symlinking: /workspaces/isaac_ros-dev/software/library_ws/install/openslam_gmapping/include//gmapping/utils/macro_params.h\n'}
[17.100096] (openslam_gmapping) StdoutLine: {'line': b'-- Symlinking: /workspaces/isaac_ros-dev/software/library_ws/install/openslam_gmapping/include//gmapping/utils/point.h\n'}
[17.116565] (openslam_gmapping) StdoutLine: {'line': b'-- Symlinking: /workspaces/isaac_ros-dev/software/library_ws/install/openslam_gmapping/include//gmapping/utils/stat.h\n'}
[17.127269] (openslam_gmapping) StdoutLine: {'line': b'-- Symlinking: /workspaces/isaac_ros-dev/software/library_ws/install/openslam_gmapping/share/ament_index/resource_index/package_run_dependencies/openslam_gmapping\n'}
[17.136691] (openslam_gmapping) StdoutLine: {'line': b'-- Symlinking: /workspaces/isaac_ros-dev/software/library_ws/install/openslam_gmapping/share/ament_index/resource_index/parent_prefix_path/openslam_gmapping\n'}
[17.147747] (openslam_gmapping) StdoutLine: {'line': b'-- Symlinking: /workspaces/isaac_ros-dev/software/library_ws/install/openslam_gmapping/share/openslam_gmapping/environment/ament_prefix_path.sh\n'}
[17.148294] (-) TimerEvent: {}
[17.157716] (openslam_gmapping) StdoutLine: {'line': b'-- Symlinking: /workspaces/isaac_ros-dev/software/library_ws/install/openslam_gmapping/share/openslam_gmapping/environment/ament_prefix_path.dsv\n'}
[17.166819] (openslam_gmapping) StdoutLine: {'line': b'-- Symlinking: /workspaces/isaac_ros-dev/software/library_ws/install/openslam_gmapping/share/openslam_gmapping/environment/path.sh\n'}
[17.176444] (openslam_gmapping) StdoutLine: {'line': b'-- Symlinking: /workspaces/isaac_ros-dev/software/library_ws/install/openslam_gmapping/share/openslam_gmapping/environment/path.dsv\n'}
[17.185728] (openslam_gmapping) StdoutLine: {'line': b'-- Symlinking: /workspaces/isaac_ros-dev/software/library_ws/install/openslam_gmapping/share/openslam_gmapping/local_setup.bash\n'}
[17.195516] (openslam_gmapping) StdoutLine: {'line': b'-- Symlinking: /workspaces/isaac_ros-dev/software/library_ws/install/openslam_gmapping/share/openslam_gmapping/local_setup.sh\n'}
[17.206993] (openslam_gmapping) StdoutLine: {'line': b'-- Symlinking: /workspaces/isaac_ros-dev/software/library_ws/install/openslam_gmapping/share/openslam_gmapping/local_setup.zsh\n'}
[17.214447] (openslam_gmapping) StdoutLine: {'line': b'-- Symlinking: /workspaces/isaac_ros-dev/software/library_ws/install/openslam_gmapping/share/openslam_gmapping/local_setup.dsv\n'}
[17.223548] (openslam_gmapping) StdoutLine: {'line': b'-- Symlinking: /workspaces/isaac_ros-dev/software/library_ws/install/openslam_gmapping/share/openslam_gmapping/package.dsv\n'}
[17.232249] (openslam_gmapping) StdoutLine: {'line': b'-- Symlinking: /workspaces/isaac_ros-dev/software/library_ws/install/openslam_gmapping/share/ament_index/resource_index/packages/openslam_gmapping\n'}
[17.242184] (openslam_gmapping) StdoutLine: {'line': b'-- Symlinking: /workspaces/isaac_ros-dev/software/library_ws/install/openslam_gmapping/share/openslam_gmapping/cmake/ament_cmake_export_libraries-extras.cmake\n'}
[17.248495] (-) TimerEvent: {}
[17.251217] (openslam_gmapping) StdoutLine: {'line': b'-- Symlinking: /workspaces/isaac_ros-dev/software/library_ws/install/openslam_gmapping/share/openslam_gmapping/cmake/ament_cmake_export_include_directories-extras.cmake\n'}
[17.261461] (openslam_gmapping) StdoutLine: {'line': b'-- Symlinking: /workspaces/isaac_ros-dev/software/library_ws/install/openslam_gmapping/share/openslam_gmapping/cmake/openslam_gmappingConfig.cmake\n'}
[17.277950] (openslam_gmapping) StdoutLine: {'line': b'-- Symlinking: /workspaces/isaac_ros-dev/software/library_ws/install/openslam_gmapping/share/openslam_gmapping/cmake/openslam_gmappingConfig-version.cmake\n'}
[17.286968] (openslam_gmapping) StdoutLine: {'line': b'-- Symlinking: /workspaces/isaac_ros-dev/software/library_ws/install/openslam_gmapping/share/openslam_gmapping/package.xml\n'}
[17.300687] (openslam_gmapping) CommandEnded: {'returncode': 0}
[17.348955] (-) TimerEvent: {}
[17.450637] (-) TimerEvent: {}
[17.551739] (-) TimerEvent: {}
[17.653012] (-) TimerEvent: {}
[17.685281] (openslam_gmapping) JobEnded: {'identifier': 'openslam_gmapping', 'rc': 0}
[17.687984] (-) EventReactorShutdown: {}
