[6.704s] DEBUG:colcon:Command line arguments: ['/usr/bin/colcon', 'build', '--packages-select', 'openslam_gmapping', '--symlink-install', '--event-handlers', 'console_cohesion+', '--base-paths', '/workspaces/isaac_ros-dev/software/library_ws', '--cmake-args', '-DCMAKE_BUILD_TYPE=RelWithDebInfo']
[6.704s] DEBUG:colcon:Parsed command line arguments: Namespace(allow_overriding=[], ament_cmake_args=None, base_paths=['/workspaces/isaac_ros-dev/software/library_ws'], build_base='build', catkin_cmake_args=None, catkin_skip_building_tests=False, cmake_args=['-DCMAKE_BUILD_TYPE=RelWithDebInfo'], cmake_clean_cache=False, cmake_clean_first=False, cmake_force_configure=False, cmake_target=None, cmake_target_skip_unavailable=False, continue_on_error=False, event_handlers=['console_cohesion+'], executor='parallel', ignore_user_meta=False, install_base='install', log_base=None, log_level=None, main=<bound method BuildVerb.main of <colcon_core.verb.build.BuildVerb object at 0xffff87648df0>>, merge_install=False, metas=['./colcon.meta'], packages_above=None, packages_above_and_dependencies=None, packages_above_depth=None, packages_end=None, packages_ignore=None, packages_ignore_regex=None, packages_select=['openslam_gmapping'], packages_select_build_failed=False, packages_select_by_dep=None, packages_select_regex=None, packages_select_test_failures=False, packages_skip=None, packages_skip_build_finished=False, packages_skip_by_dep=None, packages_skip_regex=None, packages_skip_test_passed=False, packages_skip_up_to=None, packages_start=None, packages_up_to=None, packages_up_to_regex=None, parallel_workers=6, paths=None, symlink_install=True, test_result_base=None, verb_extension=<colcon_core.verb.build.BuildVerb object at 0xffff87648df0>, verb_name='build', verb_parser=<colcon_defaults.argument_parser.defaults.DefaultArgumentsDecorator object at 0xffff876bfc70>)
[7.032s] Level 1:colcon.colcon_core.package_discovery:discover_packages(colcon_meta) check parameters
[7.032s] Level 1:colcon.colcon_core.package_discovery:discover_packages(recursive) check parameters
[7.033s] Level 1:colcon.colcon_core.package_discovery:discover_packages(ignore) check parameters
[7.033s] Level 1:colcon.colcon_core.package_discovery:discover_packages(path) check parameters
[7.033s] Level 1:colcon.colcon_core.package_discovery:discover_packages(recursive) discover
[7.033s] INFO:colcon.colcon_core.package_discovery:Crawling recursively for packages in '/workspaces/isaac_ros-dev/software/library_ws'
[7.033s] Level 1:colcon.colcon_core.package_identification:_identify(/workspaces/isaac_ros-dev/software/library_ws) by extensions ['ignore', 'ignore_ament_install']
[7.034s] Level 1:colcon.colcon_core.package_identification:_identify(/workspaces/isaac_ros-dev/software/library_ws) by extension 'ignore'
[7.034s] Level 1:colcon.colcon_core.package_identification:_identify(/workspaces/isaac_ros-dev/software/library_ws) by extension 'ignore_ament_install'
[7.034s] Level 1:colcon.colcon_core.package_identification:_identify(/workspaces/isaac_ros-dev/software/library_ws) by extensions ['colcon_pkg']
[7.034s] Level 1:colcon.colcon_core.package_identification:_identify(/workspaces/isaac_ros-dev/software/library_ws) by extension 'colcon_pkg'
[7.034s] Level 1:colcon.colcon_core.package_identification:_identify(/workspaces/isaac_ros-dev/software/library_ws) by extensions ['colcon_meta']
[7.034s] Level 1:colcon.colcon_core.package_identification:_identify(/workspaces/isaac_ros-dev/software/library_ws) by extension 'colcon_meta'
[7.035s] Level 1:colcon.colcon_core.package_identification:_identify(/workspaces/isaac_ros-dev/software/library_ws) by extensions ['ros']
[7.035s] Level 1:colcon.colcon_core.package_identification:_identify(/workspaces/isaac_ros-dev/software/library_ws) by extension 'ros'
[7.069s] Level 1:colcon.colcon_core.package_identification:_identify(/workspaces/isaac_ros-dev/software/library_ws) by extensions ['cmake', 'python']
[7.069s] Level 1:colcon.colcon_core.package_identification:_identify(/workspaces/isaac_ros-dev/software/library_ws) by extension 'cmake'
[7.069s] Level 1:colcon.colcon_core.package_identification:_identify(/workspaces/isaac_ros-dev/software/library_ws) by extension 'python'
[7.070s] Level 1:colcon.colcon_core.package_identification:_identify(/workspaces/isaac_ros-dev/software/library_ws) by extensions ['python_setup_py']
[7.070s] Level 1:colcon.colcon_core.package_identification:_identify(/workspaces/isaac_ros-dev/software/library_ws) by extension 'python_setup_py'
[7.070s] Level 1:colcon.colcon_core.package_identification:_identify(/workspaces/isaac_ros-dev/software/library_ws/build) by extensions ['ignore', 'ignore_ament_install']
[7.070s] Level 1:colcon.colcon_core.package_identification:_identify(/workspaces/isaac_ros-dev/software/library_ws/build) by extension 'ignore'
[7.070s] Level 1:colcon.colcon_core.package_identification:_identify(/workspaces/isaac_ros-dev/software/library_ws/build) ignored
[7.071s] Level 1:colcon.colcon_core.package_identification:_identify(/workspaces/isaac_ros-dev/software/library_ws/install) by extensions ['ignore', 'ignore_ament_install']
[7.071s] Level 1:colcon.colcon_core.package_identification:_identify(/workspaces/isaac_ros-dev/software/library_ws/install) by extension 'ignore'
[7.071s] Level 1:colcon.colcon_core.package_identification:_identify(/workspaces/isaac_ros-dev/software/library_ws/install) ignored
[7.072s] Level 1:colcon.colcon_core.package_identification:_identify(/workspaces/isaac_ros-dev/software/library_ws/log) by extensions ['ignore', 'ignore_ament_install']
[7.072s] Level 1:colcon.colcon_core.package_identification:_identify(/workspaces/isaac_ros-dev/software/library_ws/log) by extension 'ignore'
[7.072s] Level 1:colcon.colcon_core.package_identification:_identify(/workspaces/isaac_ros-dev/software/library_ws/log) ignored
[7.072s] Level 1:colcon.colcon_core.package_identification:_identify(/workspaces/isaac_ros-dev/software/library_ws/src) by extensions ['ignore', 'ignore_ament_install']
[7.072s] Level 1:colcon.colcon_core.package_identification:_identify(/workspaces/isaac_ros-dev/software/library_ws/src) by extension 'ignore'
[7.073s] Level 1:colcon.colcon_core.package_identification:_identify(/workspaces/isaac_ros-dev/software/library_ws/src) by extension 'ignore_ament_install'
[7.073s] Level 1:colcon.colcon_core.package_identification:_identify(/workspaces/isaac_ros-dev/software/library_ws/src) by extensions ['colcon_pkg']
[7.073s] Level 1:colcon.colcon_core.package_identification:_identify(/workspaces/isaac_ros-dev/software/library_ws/src) by extension 'colcon_pkg'
[7.073s] Level 1:colcon.colcon_core.package_identification:_identify(/workspaces/isaac_ros-dev/software/library_ws/src) by extensions ['colcon_meta']
[7.073s] Level 1:colcon.colcon_core.package_identification:_identify(/workspaces/isaac_ros-dev/software/library_ws/src) by extension 'colcon_meta'
[7.073s] Level 1:colcon.colcon_core.package_identification:_identify(/workspaces/isaac_ros-dev/software/library_ws/src) by extensions ['ros']
[7.073s] Level 1:colcon.colcon_core.package_identification:_identify(/workspaces/isaac_ros-dev/software/library_ws/src) by extension 'ros'
[7.074s] Level 1:colcon.colcon_core.package_identification:_identify(/workspaces/isaac_ros-dev/software/library_ws/src) by extensions ['cmake', 'python']
[7.074s] Level 1:colcon.colcon_core.package_identification:_identify(/workspaces/isaac_ros-dev/software/library_ws/src) by extension 'cmake'
[7.074s] Level 1:colcon.colcon_core.package_identification:_identify(/workspaces/isaac_ros-dev/software/library_ws/src) by extension 'python'
[7.074s] Level 1:colcon.colcon_core.package_identification:_identify(/workspaces/isaac_ros-dev/software/library_ws/src) by extensions ['python_setup_py']
[7.074s] Level 1:colcon.colcon_core.package_identification:_identify(/workspaces/isaac_ros-dev/software/library_ws/src) by extension 'python_setup_py'
[7.074s] Level 1:colcon.colcon_core.package_identification:_identify(/workspaces/isaac_ros-dev/software/library_ws/src/costmap_converter-ros2) by extensions ['ignore', 'ignore_ament_install']
[7.074s] Level 1:colcon.colcon_core.package_identification:_identify(/workspaces/isaac_ros-dev/software/library_ws/src/costmap_converter-ros2) by extension 'ignore'
[7.075s] Level 1:colcon.colcon_core.package_identification:_identify(/workspaces/isaac_ros-dev/software/library_ws/src/costmap_converter-ros2) by extension 'ignore_ament_install'
[7.075s] Level 1:colcon.colcon_core.package_identification:_identify(/workspaces/isaac_ros-dev/software/library_ws/src/costmap_converter-ros2) by extensions ['colcon_pkg']
[7.075s] Level 1:colcon.colcon_core.package_identification:_identify(/workspaces/isaac_ros-dev/software/library_ws/src/costmap_converter-ros2) by extension 'colcon_pkg'
[7.075s] Level 1:colcon.colcon_core.package_identification:_identify(/workspaces/isaac_ros-dev/software/library_ws/src/costmap_converter-ros2) by extensions ['colcon_meta']
[7.075s] Level 1:colcon.colcon_core.package_identification:_identify(/workspaces/isaac_ros-dev/software/library_ws/src/costmap_converter-ros2) by extension 'colcon_meta'
[7.075s] Level 1:colcon.colcon_core.package_identification:_identify(/workspaces/isaac_ros-dev/software/library_ws/src/costmap_converter-ros2) by extensions ['ros']
[7.076s] Level 1:colcon.colcon_core.package_identification:_identify(/workspaces/isaac_ros-dev/software/library_ws/src/costmap_converter-ros2) by extension 'ros'
[7.076s] Level 1:colcon.colcon_core.package_identification:_identify(/workspaces/isaac_ros-dev/software/library_ws/src/costmap_converter-ros2) by extensions ['cmake', 'python']
[7.076s] Level 1:colcon.colcon_core.package_identification:_identify(/workspaces/isaac_ros-dev/software/library_ws/src/costmap_converter-ros2) by extension 'cmake'
[7.076s] Level 1:colcon.colcon_core.package_identification:_identify(/workspaces/isaac_ros-dev/software/library_ws/src/costmap_converter-ros2) by extension 'python'
[7.076s] Level 1:colcon.colcon_core.package_identification:_identify(/workspaces/isaac_ros-dev/software/library_ws/src/costmap_converter-ros2) by extensions ['python_setup_py']
[7.076s] Level 1:colcon.colcon_core.package_identification:_identify(/workspaces/isaac_ros-dev/software/library_ws/src/costmap_converter-ros2) by extension 'python_setup_py'
[7.077s] Level 1:colcon.colcon_core.package_identification:_identify(/workspaces/isaac_ros-dev/software/library_ws/src/costmap_converter-ros2/costmap_converter) by extensions ['ignore', 'ignore_ament_install']
[7.077s] Level 1:colcon.colcon_core.package_identification:_identify(/workspaces/isaac_ros-dev/software/library_ws/src/costmap_converter-ros2/costmap_converter) by extension 'ignore'
[7.077s] Level 1:colcon.colcon_core.package_identification:_identify(/workspaces/isaac_ros-dev/software/library_ws/src/costmap_converter-ros2/costmap_converter) by extension 'ignore_ament_install'
[7.077s] Level 1:colcon.colcon_core.package_identification:_identify(/workspaces/isaac_ros-dev/software/library_ws/src/costmap_converter-ros2/costmap_converter) by extensions ['colcon_pkg']
[7.077s] Level 1:colcon.colcon_core.package_identification:_identify(/workspaces/isaac_ros-dev/software/library_ws/src/costmap_converter-ros2/costmap_converter) by extension 'colcon_pkg'
[7.077s] Level 1:colcon.colcon_core.package_identification:_identify(/workspaces/isaac_ros-dev/software/library_ws/src/costmap_converter-ros2/costmap_converter) by extensions ['colcon_meta']
[7.077s] Level 1:colcon.colcon_core.package_identification:_identify(/workspaces/isaac_ros-dev/software/library_ws/src/costmap_converter-ros2/costmap_converter) by extension 'colcon_meta'
[7.077s] Level 1:colcon.colcon_core.package_identification:_identify(/workspaces/isaac_ros-dev/software/library_ws/src/costmap_converter-ros2/costmap_converter) by extensions ['ros']
[7.078s] Level 1:colcon.colcon_core.package_identification:_identify(/workspaces/isaac_ros-dev/software/library_ws/src/costmap_converter-ros2/costmap_converter) by extension 'ros'
[7.084s] DEBUG:colcon.colcon_core.package_identification:Package '/workspaces/isaac_ros-dev/software/library_ws/src/costmap_converter-ros2/costmap_converter' with type 'ros.ament_cmake' and name 'costmap_converter'
[7.085s] Level 1:colcon.colcon_core.package_identification:_identify(/workspaces/isaac_ros-dev/software/library_ws/src/costmap_converter-ros2/costmap_converter_msgs) by extensions ['ignore', 'ignore_ament_install']
[7.085s] Level 1:colcon.colcon_core.package_identification:_identify(/workspaces/isaac_ros-dev/software/library_ws/src/costmap_converter-ros2/costmap_converter_msgs) by extension 'ignore'
[7.085s] Level 1:colcon.colcon_core.package_identification:_identify(/workspaces/isaac_ros-dev/software/library_ws/src/costmap_converter-ros2/costmap_converter_msgs) by extension 'ignore_ament_install'
[7.086s] Level 1:colcon.colcon_core.package_identification:_identify(/workspaces/isaac_ros-dev/software/library_ws/src/costmap_converter-ros2/costmap_converter_msgs) by extensions ['colcon_pkg']
[7.086s] Level 1:colcon.colcon_core.package_identification:_identify(/workspaces/isaac_ros-dev/software/library_ws/src/costmap_converter-ros2/costmap_converter_msgs) by extension 'colcon_pkg'
[7.086s] Level 1:colcon.colcon_core.package_identification:_identify(/workspaces/isaac_ros-dev/software/library_ws/src/costmap_converter-ros2/costmap_converter_msgs) by extensions ['colcon_meta']
[7.086s] Level 1:colcon.colcon_core.package_identification:_identify(/workspaces/isaac_ros-dev/software/library_ws/src/costmap_converter-ros2/costmap_converter_msgs) by extension 'colcon_meta'
[7.086s] Level 1:colcon.colcon_core.package_identification:_identify(/workspaces/isaac_ros-dev/software/library_ws/src/costmap_converter-ros2/costmap_converter_msgs) by extensions ['ros']
[7.086s] Level 1:colcon.colcon_core.package_identification:_identify(/workspaces/isaac_ros-dev/software/library_ws/src/costmap_converter-ros2/costmap_converter_msgs) by extension 'ros'
[7.088s] DEBUG:colcon.colcon_core.package_identification:Package '/workspaces/isaac_ros-dev/software/library_ws/src/costmap_converter-ros2/costmap_converter_msgs' with type 'ros.ament_cmake' and name 'costmap_converter_msgs'
[7.088s] Level 1:colcon.colcon_core.package_identification:_identify(/workspaces/isaac_ros-dev/software/library_ws/src/octomap_mapping-ros2) by extensions ['ignore', 'ignore_ament_install']
[7.088s] Level 1:colcon.colcon_core.package_identification:_identify(/workspaces/isaac_ros-dev/software/library_ws/src/octomap_mapping-ros2) by extension 'ignore'
[7.088s] Level 1:colcon.colcon_core.package_identification:_identify(/workspaces/isaac_ros-dev/software/library_ws/src/octomap_mapping-ros2) ignored
[7.089s] Level 1:colcon.colcon_core.package_identification:_identify(/workspaces/isaac_ros-dev/software/library_ws/src/old_robot_localization) by extensions ['ignore', 'ignore_ament_install']
[7.089s] Level 1:colcon.colcon_core.package_identification:_identify(/workspaces/isaac_ros-dev/software/library_ws/src/old_robot_localization) by extension 'ignore'
[7.089s] Level 1:colcon.colcon_core.package_identification:_identify(/workspaces/isaac_ros-dev/software/library_ws/src/old_robot_localization) ignored
[7.089s] Level 1:colcon.colcon_core.package_identification:_identify(/workspaces/isaac_ros-dev/software/library_ws/src/ros2-ORB_SLAM2) by extensions ['ignore', 'ignore_ament_install']
[7.089s] Level 1:colcon.colcon_core.package_identification:_identify(/workspaces/isaac_ros-dev/software/library_ws/src/ros2-ORB_SLAM2) by extension 'ignore'
[7.089s] Level 1:colcon.colcon_core.package_identification:_identify(/workspaces/isaac_ros-dev/software/library_ws/src/ros2-ORB_SLAM2) ignored
[7.090s] Level 1:colcon.colcon_core.package_identification:_identify(/workspaces/isaac_ros-dev/software/library_ws/src/ros2_astra_camera) by extensions ['ignore', 'ignore_ament_install']
[7.090s] Level 1:colcon.colcon_core.package_identification:_identify(/workspaces/isaac_ros-dev/software/library_ws/src/ros2_astra_camera) by extension 'ignore'
[7.090s] Level 1:colcon.colcon_core.package_identification:_identify(/workspaces/isaac_ros-dev/software/library_ws/src/ros2_astra_camera) by extension 'ignore_ament_install'
[7.090s] Level 1:colcon.colcon_core.package_identification:_identify(/workspaces/isaac_ros-dev/software/library_ws/src/ros2_astra_camera) by extensions ['colcon_pkg']
[7.090s] Level 1:colcon.colcon_core.package_identification:_identify(/workspaces/isaac_ros-dev/software/library_ws/src/ros2_astra_camera) by extension 'colcon_pkg'
[7.090s] Level 1:colcon.colcon_core.package_identification:_identify(/workspaces/isaac_ros-dev/software/library_ws/src/ros2_astra_camera) by extensions ['colcon_meta']
[7.090s] Level 1:colcon.colcon_core.package_identification:_identify(/workspaces/isaac_ros-dev/software/library_ws/src/ros2_astra_camera) by extension 'colcon_meta'
[7.091s] Level 1:colcon.colcon_core.package_identification:_identify(/workspaces/isaac_ros-dev/software/library_ws/src/ros2_astra_camera) by extensions ['ros']
[7.091s] Level 1:colcon.colcon_core.package_identification:_identify(/workspaces/isaac_ros-dev/software/library_ws/src/ros2_astra_camera) by extension 'ros'
[7.091s] Level 1:colcon.colcon_core.package_identification:_identify(/workspaces/isaac_ros-dev/software/library_ws/src/ros2_astra_camera) by extensions ['cmake', 'python']
[7.091s] Level 1:colcon.colcon_core.package_identification:_identify(/workspaces/isaac_ros-dev/software/library_ws/src/ros2_astra_camera) by extension 'cmake'
[7.091s] Level 1:colcon.colcon_core.package_identification:_identify(/workspaces/isaac_ros-dev/software/library_ws/src/ros2_astra_camera) by extension 'python'
[7.091s] Level 1:colcon.colcon_core.package_identification:_identify(/workspaces/isaac_ros-dev/software/library_ws/src/ros2_astra_camera) by extensions ['python_setup_py']
[7.091s] Level 1:colcon.colcon_core.package_identification:_identify(/workspaces/isaac_ros-dev/software/library_ws/src/ros2_astra_camera) by extension 'python_setup_py'
[7.092s] Level 1:colcon.colcon_core.package_identification:_identify(/workspaces/isaac_ros-dev/software/library_ws/src/ros2_astra_camera/astra_camera) by extensions ['ignore', 'ignore_ament_install']
[7.092s] Level 1:colcon.colcon_core.package_identification:_identify(/workspaces/isaac_ros-dev/software/library_ws/src/ros2_astra_camera/astra_camera) by extension 'ignore'
[7.092s] Level 1:colcon.colcon_core.package_identification:_identify(/workspaces/isaac_ros-dev/software/library_ws/src/ros2_astra_camera/astra_camera) by extension 'ignore_ament_install'
[7.092s] Level 1:colcon.colcon_core.package_identification:_identify(/workspaces/isaac_ros-dev/software/library_ws/src/ros2_astra_camera/astra_camera) by extensions ['colcon_pkg']
[7.092s] Level 1:colcon.colcon_core.package_identification:_identify(/workspaces/isaac_ros-dev/software/library_ws/src/ros2_astra_camera/astra_camera) by extension 'colcon_pkg'
[7.092s] Level 1:colcon.colcon_core.package_identification:_identify(/workspaces/isaac_ros-dev/software/library_ws/src/ros2_astra_camera/astra_camera) by extensions ['colcon_meta']
[7.092s] Level 1:colcon.colcon_core.package_identification:_identify(/workspaces/isaac_ros-dev/software/library_ws/src/ros2_astra_camera/astra_camera) by extension 'colcon_meta'
[7.093s] Level 1:colcon.colcon_core.package_identification:_identify(/workspaces/isaac_ros-dev/software/library_ws/src/ros2_astra_camera/astra_camera) by extensions ['ros']
[7.093s] Level 1:colcon.colcon_core.package_identification:_identify(/workspaces/isaac_ros-dev/software/library_ws/src/ros2_astra_camera/astra_camera) by extension 'ros'
[7.097s] DEBUG:colcon.colcon_core.package_identification:Package '/workspaces/isaac_ros-dev/software/library_ws/src/ros2_astra_camera/astra_camera' with type 'ros.ament_cmake' and name 'astra_camera'
[7.097s] Level 1:colcon.colcon_core.package_identification:_identify(/workspaces/isaac_ros-dev/software/library_ws/src/ros2_astra_camera/astra_camera_msgs) by extensions ['ignore', 'ignore_ament_install']
[7.098s] Level 1:colcon.colcon_core.package_identification:_identify(/workspaces/isaac_ros-dev/software/library_ws/src/ros2_astra_camera/astra_camera_msgs) by extension 'ignore'
[7.098s] Level 1:colcon.colcon_core.package_identification:_identify(/workspaces/isaac_ros-dev/software/library_ws/src/ros2_astra_camera/astra_camera_msgs) by extension 'ignore_ament_install'
[7.098s] Level 1:colcon.colcon_core.package_identification:_identify(/workspaces/isaac_ros-dev/software/library_ws/src/ros2_astra_camera/astra_camera_msgs) by extensions ['colcon_pkg']
[7.098s] Level 1:colcon.colcon_core.package_identification:_identify(/workspaces/isaac_ros-dev/software/library_ws/src/ros2_astra_camera/astra_camera_msgs) by extension 'colcon_pkg'
[7.098s] Level 1:colcon.colcon_core.package_identification:_identify(/workspaces/isaac_ros-dev/software/library_ws/src/ros2_astra_camera/astra_camera_msgs) by extensions ['colcon_meta']
[7.098s] Level 1:colcon.colcon_core.package_identification:_identify(/workspaces/isaac_ros-dev/software/library_ws/src/ros2_astra_camera/astra_camera_msgs) by extension 'colcon_meta'
[7.098s] Level 1:colcon.colcon_core.package_identification:_identify(/workspaces/isaac_ros-dev/software/library_ws/src/ros2_astra_camera/astra_camera_msgs) by extensions ['ros']
[7.099s] Level 1:colcon.colcon_core.package_identification:_identify(/workspaces/isaac_ros-dev/software/library_ws/src/ros2_astra_camera/astra_camera_msgs) by extension 'ros'
[7.100s] DEBUG:colcon.colcon_core.package_identification:Package '/workspaces/isaac_ros-dev/software/library_ws/src/ros2_astra_camera/astra_camera_msgs' with type 'ros.ament_cmake' and name 'astra_camera_msgs'
[7.101s] Level 1:colcon.colcon_core.package_identification:_identify(/workspaces/isaac_ros-dev/software/library_ws/src/ros2_gmapping) by extensions ['ignore', 'ignore_ament_install']
[7.101s] Level 1:colcon.colcon_core.package_identification:_identify(/workspaces/isaac_ros-dev/software/library_ws/src/ros2_gmapping) by extension 'ignore'
[7.101s] Level 1:colcon.colcon_core.package_identification:_identify(/workspaces/isaac_ros-dev/software/library_ws/src/ros2_gmapping) by extension 'ignore_ament_install'
[7.102s] Level 1:colcon.colcon_core.package_identification:_identify(/workspaces/isaac_ros-dev/software/library_ws/src/ros2_gmapping) by extensions ['colcon_pkg']
[7.102s] Level 1:colcon.colcon_core.package_identification:_identify(/workspaces/isaac_ros-dev/software/library_ws/src/ros2_gmapping) by extension 'colcon_pkg'
[7.102s] Level 1:colcon.colcon_core.package_identification:_identify(/workspaces/isaac_ros-dev/software/library_ws/src/ros2_gmapping) by extensions ['colcon_meta']
[7.102s] Level 1:colcon.colcon_core.package_identification:_identify(/workspaces/isaac_ros-dev/software/library_ws/src/ros2_gmapping) by extension 'colcon_meta'
[7.102s] Level 1:colcon.colcon_core.package_identification:_identify(/workspaces/isaac_ros-dev/software/library_ws/src/ros2_gmapping) by extensions ['ros']
[7.102s] Level 1:colcon.colcon_core.package_identification:_identify(/workspaces/isaac_ros-dev/software/library_ws/src/ros2_gmapping) by extension 'ros'
[7.102s] Level 1:colcon.colcon_core.package_identification:_identify(/workspaces/isaac_ros-dev/software/library_ws/src/ros2_gmapping) by extensions ['cmake', 'python']
[7.103s] Level 1:colcon.colcon_core.package_identification:_identify(/workspaces/isaac_ros-dev/software/library_ws/src/ros2_gmapping) by extension 'cmake'
[7.103s] Level 1:colcon.colcon_core.package_identification:_identify(/workspaces/isaac_ros-dev/software/library_ws/src/ros2_gmapping) by extension 'python'
[7.103s] Level 1:colcon.colcon_core.package_identification:_identify(/workspaces/isaac_ros-dev/software/library_ws/src/ros2_gmapping) by extensions ['python_setup_py']
[7.103s] Level 1:colcon.colcon_core.package_identification:_identify(/workspaces/isaac_ros-dev/software/library_ws/src/ros2_gmapping) by extension 'python_setup_py'
[7.103s] Level 1:colcon.colcon_core.package_identification:_identify(/workspaces/isaac_ros-dev/software/library_ws/src/ros2_gmapping/openslam_gmapping) by extensions ['ignore', 'ignore_ament_install']
[7.103s] Level 1:colcon.colcon_core.package_identification:_identify(/workspaces/isaac_ros-dev/software/library_ws/src/ros2_gmapping/openslam_gmapping) by extension 'ignore'
[7.104s] Level 1:colcon.colcon_core.package_identification:_identify(/workspaces/isaac_ros-dev/software/library_ws/src/ros2_gmapping/openslam_gmapping) by extension 'ignore_ament_install'
[7.104s] Level 1:colcon.colcon_core.package_identification:_identify(/workspaces/isaac_ros-dev/software/library_ws/src/ros2_gmapping/openslam_gmapping) by extensions ['colcon_pkg']
[7.104s] Level 1:colcon.colcon_core.package_identification:_identify(/workspaces/isaac_ros-dev/software/library_ws/src/ros2_gmapping/openslam_gmapping) by extension 'colcon_pkg'
[7.104s] Level 1:colcon.colcon_core.package_identification:_identify(/workspaces/isaac_ros-dev/software/library_ws/src/ros2_gmapping/openslam_gmapping) by extensions ['colcon_meta']
[7.104s] Level 1:colcon.colcon_core.package_identification:_identify(/workspaces/isaac_ros-dev/software/library_ws/src/ros2_gmapping/openslam_gmapping) by extension 'colcon_meta'
[7.104s] Level 1:colcon.colcon_core.package_identification:_identify(/workspaces/isaac_ros-dev/software/library_ws/src/ros2_gmapping/openslam_gmapping) by extensions ['ros']
[7.104s] Level 1:colcon.colcon_core.package_identification:_identify(/workspaces/isaac_ros-dev/software/library_ws/src/ros2_gmapping/openslam_gmapping) by extension 'ros'
[7.106s] DEBUG:colcon.colcon_core.package_identification:Package '/workspaces/isaac_ros-dev/software/library_ws/src/ros2_gmapping/openslam_gmapping' with type 'ros.ament_cmake' and name 'openslam_gmapping'
[7.106s] Level 1:colcon.colcon_core.package_identification:_identify(/workspaces/isaac_ros-dev/software/library_ws/src/ros2_gmapping/slam_gmapping) by extensions ['ignore', 'ignore_ament_install']
[7.106s] Level 1:colcon.colcon_core.package_identification:_identify(/workspaces/isaac_ros-dev/software/library_ws/src/ros2_gmapping/slam_gmapping) by extension 'ignore'
[7.106s] Level 1:colcon.colcon_core.package_identification:_identify(/workspaces/isaac_ros-dev/software/library_ws/src/ros2_gmapping/slam_gmapping) by extension 'ignore_ament_install'
[7.107s] Level 1:colcon.colcon_core.package_identification:_identify(/workspaces/isaac_ros-dev/software/library_ws/src/ros2_gmapping/slam_gmapping) by extensions ['colcon_pkg']
[7.107s] Level 1:colcon.colcon_core.package_identification:_identify(/workspaces/isaac_ros-dev/software/library_ws/src/ros2_gmapping/slam_gmapping) by extension 'colcon_pkg'
[7.107s] Level 1:colcon.colcon_core.package_identification:_identify(/workspaces/isaac_ros-dev/software/library_ws/src/ros2_gmapping/slam_gmapping) by extensions ['colcon_meta']
[7.107s] Level 1:colcon.colcon_core.package_identification:_identify(/workspaces/isaac_ros-dev/software/library_ws/src/ros2_gmapping/slam_gmapping) by extension 'colcon_meta'
[7.107s] Level 1:colcon.colcon_core.package_identification:_identify(/workspaces/isaac_ros-dev/software/library_ws/src/ros2_gmapping/slam_gmapping) by extensions ['ros']
[7.107s] Level 1:colcon.colcon_core.package_identification:_identify(/workspaces/isaac_ros-dev/software/library_ws/src/ros2_gmapping/slam_gmapping) by extension 'ros'
[7.110s] DEBUG:colcon.colcon_core.package_identification:Package '/workspaces/isaac_ros-dev/software/library_ws/src/ros2_gmapping/slam_gmapping' with type 'ros.ament_cmake' and name 'slam_gmapping'
[7.110s] Level 1:colcon.colcon_core.package_identification:_identify(/workspaces/isaac_ros-dev/software/library_ws/src/sllidar_ros2) by extensions ['ignore', 'ignore_ament_install']
[7.110s] Level 1:colcon.colcon_core.package_identification:_identify(/workspaces/isaac_ros-dev/software/library_ws/src/sllidar_ros2) by extension 'ignore'
[7.111s] Level 1:colcon.colcon_core.package_identification:_identify(/workspaces/isaac_ros-dev/software/library_ws/src/sllidar_ros2) by extension 'ignore_ament_install'
[7.111s] Level 1:colcon.colcon_core.package_identification:_identify(/workspaces/isaac_ros-dev/software/library_ws/src/sllidar_ros2) by extensions ['colcon_pkg']
[7.111s] Level 1:colcon.colcon_core.package_identification:_identify(/workspaces/isaac_ros-dev/software/library_ws/src/sllidar_ros2) by extension 'colcon_pkg'
[7.111s] Level 1:colcon.colcon_core.package_identification:_identify(/workspaces/isaac_ros-dev/software/library_ws/src/sllidar_ros2) by extensions ['colcon_meta']
[7.111s] Level 1:colcon.colcon_core.package_identification:_identify(/workspaces/isaac_ros-dev/software/library_ws/src/sllidar_ros2) by extension 'colcon_meta'
[7.111s] Level 1:colcon.colcon_core.package_identification:_identify(/workspaces/isaac_ros-dev/software/library_ws/src/sllidar_ros2) by extensions ['ros']
[7.111s] Level 1:colcon.colcon_core.package_identification:_identify(/workspaces/isaac_ros-dev/software/library_ws/src/sllidar_ros2) by extension 'ros'
[7.113s] DEBUG:colcon.colcon_core.package_identification:Package '/workspaces/isaac_ros-dev/software/library_ws/src/sllidar_ros2' with type 'ros.ament_cmake' and name 'sllidar_ros2'
[7.113s] Level 1:colcon.colcon_core.package_identification:_identify(/workspaces/isaac_ros-dev/software/library_ws/src/teb_local_planner-foxy-devel) by extensions ['ignore', 'ignore_ament_install']
[7.113s] Level 1:colcon.colcon_core.package_identification:_identify(/workspaces/isaac_ros-dev/software/library_ws/src/teb_local_planner-foxy-devel) by extension 'ignore'
[7.113s] Level 1:colcon.colcon_core.package_identification:_identify(/workspaces/isaac_ros-dev/software/library_ws/src/teb_local_planner-foxy-devel) ignored
[7.114s] Level 1:colcon.colcon_core.package_identification:_identify(/workspaces/isaac_ros-dev/software/library_ws/src/web_video_server-ros2) by extensions ['ignore', 'ignore_ament_install']
[7.114s] Level 1:colcon.colcon_core.package_identification:_identify(/workspaces/isaac_ros-dev/software/library_ws/src/web_video_server-ros2) by extension 'ignore'
[7.114s] Level 1:colcon.colcon_core.package_identification:_identify(/workspaces/isaac_ros-dev/software/library_ws/src/web_video_server-ros2) ignored
[7.114s] Level 1:colcon.colcon_core.package_identification:_identify(/workspaces/isaac_ros-dev/software/library_ws/src/ydlidar_ros2_driver-master) by extensions ['ignore', 'ignore_ament_install']
[7.114s] Level 1:colcon.colcon_core.package_identification:_identify(/workspaces/isaac_ros-dev/software/library_ws/src/ydlidar_ros2_driver-master) by extension 'ignore'
[7.115s] Level 1:colcon.colcon_core.package_identification:_identify(/workspaces/isaac_ros-dev/software/library_ws/src/ydlidar_ros2_driver-master) ignored
[7.115s] Level 1:colcon.colcon_core.package_discovery:discover_packages(recursive) using defaults
[7.266s] INFO:colcon.colcon_core.package_selection:Skipping not selected package 'astra_camera_msgs' in '/workspaces/isaac_ros-dev/software/library_ws/src/ros2_astra_camera/astra_camera_msgs'
[7.266s] INFO:colcon.colcon_core.package_selection:Skipping not selected package 'costmap_converter_msgs' in '/workspaces/isaac_ros-dev/software/library_ws/src/costmap_converter-ros2/costmap_converter_msgs'
[7.266s] INFO:colcon.colcon_core.package_selection:Skipping not selected package 'sllidar_ros2' in '/workspaces/isaac_ros-dev/software/library_ws/src/sllidar_ros2'
[7.266s] INFO:colcon.colcon_core.package_selection:Skipping not selected package 'astra_camera' in '/workspaces/isaac_ros-dev/software/library_ws/src/ros2_astra_camera/astra_camera'
[7.266s] INFO:colcon.colcon_core.package_selection:Skipping not selected package 'costmap_converter' in '/workspaces/isaac_ros-dev/software/library_ws/src/costmap_converter-ros2/costmap_converter'
[7.266s] INFO:colcon.colcon_core.package_selection:Skipping not selected package 'slam_gmapping' in '/workspaces/isaac_ros-dev/software/library_ws/src/ros2_gmapping/slam_gmapping'
[7.331s] Level 1:colcon.colcon_core.package_discovery:discover_packages(prefix_path) check parameters
[7.331s] Level 1:colcon.colcon_core.package_discovery:discover_packages(prefix_path) discover
[7.399s] DEBUG:colcon.colcon_installed_package_information.package_discovery:Found 6 installed packages in /workspaces/isaac_ros-dev/software/library_ws/install
[7.431s] DEBUG:colcon.colcon_installed_package_information.package_discovery:Found 7 installed packages in /workspaces/isaac_ros-dev/yahboomcar_ws2/install
[7.465s] DEBUG:colcon.colcon_installed_package_information.package_discovery:Found 326 installed packages in /opt/ros/humble
[7.468s] Level 1:colcon.colcon_core.package_discovery:discover_packages(prefix_path) using defaults
[7.745s] Level 5:colcon.colcon_core.verb:set package 'openslam_gmapping' build argument 'cmake_args' from command line to '['-DCMAKE_BUILD_TYPE=RelWithDebInfo']'
[7.746s] Level 5:colcon.colcon_core.verb:set package 'openslam_gmapping' build argument 'cmake_target' from command line to 'None'
[7.746s] Level 5:colcon.colcon_core.verb:set package 'openslam_gmapping' build argument 'cmake_target_skip_unavailable' from command line to 'False'
[7.746s] Level 5:colcon.colcon_core.verb:set package 'openslam_gmapping' build argument 'cmake_clean_cache' from command line to 'False'
[7.746s] Level 5:colcon.colcon_core.verb:set package 'openslam_gmapping' build argument 'cmake_clean_first' from command line to 'False'
[7.746s] Level 5:colcon.colcon_core.verb:set package 'openslam_gmapping' build argument 'cmake_force_configure' from command line to 'False'
[7.746s] Level 5:colcon.colcon_core.verb:set package 'openslam_gmapping' build argument 'ament_cmake_args' from command line to 'None'
[7.746s] Level 5:colcon.colcon_core.verb:set package 'openslam_gmapping' build argument 'catkin_cmake_args' from command line to 'None'
[7.746s] Level 5:colcon.colcon_core.verb:set package 'openslam_gmapping' build argument 'catkin_skip_building_tests' from command line to 'False'
[7.746s] DEBUG:colcon.colcon_core.verb:Building package 'openslam_gmapping' with the following arguments: {'ament_cmake_args': None, 'build_base': '/workspaces/isaac_ros-dev/software/library_ws/build/openslam_gmapping', 'catkin_cmake_args': None, 'catkin_skip_building_tests': False, 'cmake_args': ['-DCMAKE_BUILD_TYPE=RelWithDebInfo'], 'cmake_clean_cache': False, 'cmake_clean_first': False, 'cmake_force_configure': False, 'cmake_target': None, 'cmake_target_skip_unavailable': False, 'install_base': '/workspaces/isaac_ros-dev/software/library_ws/install/openslam_gmapping', 'merge_install': False, 'path': '/workspaces/isaac_ros-dev/software/library_ws/src/ros2_gmapping/openslam_gmapping', 'symlink_install': True, 'test_result_base': None}
[7.777s] INFO:colcon.colcon_core.executor:Executing jobs using 'parallel' executor
[7.811s] DEBUG:colcon.colcon_parallel_executor.executor.parallel:run_until_complete
[7.812s] INFO:colcon.colcon_ros.task.ament_cmake.build:Building ROS package in '/workspaces/isaac_ros-dev/software/library_ws/src/ros2_gmapping/openslam_gmapping' with build type 'ament_cmake'
[7.813s] INFO:colcon.colcon_cmake.task.cmake.build:Building CMake package in '/workspaces/isaac_ros-dev/software/library_ws/src/ros2_gmapping/openslam_gmapping'
[7.865s] INFO:colcon.colcon_core.plugin_system:Skipping extension 'colcon_core.shell.bat': Not used on non-Windows systems
[7.867s] INFO:colcon.colcon_core.shell:Skip shell extension 'powershell' for command environment: Not usable outside of PowerShell
[7.867s] DEBUG:colcon.colcon_core.shell:Skip shell extension 'dsv' for command environment
[8.041s] DEBUG:colcon.colcon_core.event_handler.log_command:Invoking command in '/workspaces/isaac_ros-dev/software/library_ws/build/openslam_gmapping': CMAKE_PREFIX_PATH=${CMAKE_PREFIX_PATH}:/workspaces/isaac_ros-dev/yahboomcar_ws2/install/yahboomcar_laser:/workspaces/isaac_ros-dev/yahboomcar_ws2/install/yahboomcar_description:/workspaces/isaac_ros-dev/yahboomcar_ws2/install/yahboomcar_ctrl:/workspaces/isaac_ros-dev/yahboomcar_ws2/install/yahboomcar_bringup:/workspaces/isaac_ros-dev/yahboomcar_ws2/install/robot_pose_publisher:/opt/ros/humble /usr/bin/cmake /workspaces/isaac_ros-dev/software/library_ws/src/ros2_gmapping/openslam_gmapping -DCMAKE_BUILD_TYPE=RelWithDebInfo -DAMENT_CMAKE_SYMLINK_INSTALL=1 -DCMAKE_INSTALL_PREFIX=/workspaces/isaac_ros-dev/software/library_ws/install/openslam_gmapping
[11.516s] DEBUG:colcon.colcon_core.event_handler.log_command:Invoked command in '/workspaces/isaac_ros-dev/software/library_ws/build/openslam_gmapping' returned '0': CMAKE_PREFIX_PATH=${CMAKE_PREFIX_PATH}:/workspaces/isaac_ros-dev/yahboomcar_ws2/install/yahboomcar_laser:/workspaces/isaac_ros-dev/yahboomcar_ws2/install/yahboomcar_description:/workspaces/isaac_ros-dev/yahboomcar_ws2/install/yahboomcar_ctrl:/workspaces/isaac_ros-dev/yahboomcar_ws2/install/yahboomcar_bringup:/workspaces/isaac_ros-dev/yahboomcar_ws2/install/robot_pose_publisher:/opt/ros/humble /usr/bin/cmake /workspaces/isaac_ros-dev/software/library_ws/src/ros2_gmapping/openslam_gmapping -DCMAKE_BUILD_TYPE=RelWithDebInfo -DAMENT_CMAKE_SYMLINK_INSTALL=1 -DCMAKE_INSTALL_PREFIX=/workspaces/isaac_ros-dev/software/library_ws/install/openslam_gmapping
[11.520s] DEBUG:colcon.colcon_core.event_handler.log_command:Invoking command in '/workspaces/isaac_ros-dev/software/library_ws/build/openslam_gmapping': CMAKE_PREFIX_PATH=${CMAKE_PREFIX_PATH}:/workspaces/isaac_ros-dev/yahboomcar_ws2/install/yahboomcar_laser:/workspaces/isaac_ros-dev/yahboomcar_ws2/install/yahboomcar_description:/workspaces/isaac_ros-dev/yahboomcar_ws2/install/yahboomcar_ctrl:/workspaces/isaac_ros-dev/yahboomcar_ws2/install/yahboomcar_bringup:/workspaces/isaac_ros-dev/yahboomcar_ws2/install/robot_pose_publisher:/opt/ros/humble /usr/bin/cmake --build /workspaces/isaac_ros-dev/software/library_ws/build/openslam_gmapping -- -j6 -l6
[24.473s] DEBUG:colcon.colcon_core.event_handler.log_command:Invoked command in '/workspaces/isaac_ros-dev/software/library_ws/build/openslam_gmapping' returned '0': CMAKE_PREFIX_PATH=${CMAKE_PREFIX_PATH}:/workspaces/isaac_ros-dev/yahboomcar_ws2/install/yahboomcar_laser:/workspaces/isaac_ros-dev/yahboomcar_ws2/install/yahboomcar_description:/workspaces/isaac_ros-dev/yahboomcar_ws2/install/yahboomcar_ctrl:/workspaces/isaac_ros-dev/yahboomcar_ws2/install/yahboomcar_bringup:/workspaces/isaac_ros-dev/yahboomcar_ws2/install/robot_pose_publisher:/opt/ros/humble /usr/bin/cmake --build /workspaces/isaac_ros-dev/software/library_ws/build/openslam_gmapping -- -j6 -l6
[24.575s] DEBUG:colcon.colcon_core.event_handler.log_command:Invoking command in '/workspaces/isaac_ros-dev/software/library_ws/build/openslam_gmapping': CMAKE_PREFIX_PATH=${CMAKE_PREFIX_PATH}:/workspaces/isaac_ros-dev/yahboomcar_ws2/install/yahboomcar_laser:/workspaces/isaac_ros-dev/yahboomcar_ws2/install/yahboomcar_description:/workspaces/isaac_ros-dev/yahboomcar_ws2/install/yahboomcar_ctrl:/workspaces/isaac_ros-dev/yahboomcar_ws2/install/yahboomcar_bringup:/workspaces/isaac_ros-dev/yahboomcar_ws2/install/robot_pose_publisher:/opt/ros/humble /usr/bin/cmake --install /workspaces/isaac_ros-dev/software/library_ws/build/openslam_gmapping
[25.112s] Level 1:colcon.colcon_core.environment:create_environment_scripts_only(openslam_gmapping)
[25.114s] DEBUG:colcon.colcon_core.event_handler.log_command:Invoked command in '/workspaces/isaac_ros-dev/software/library_ws/build/openslam_gmapping' returned '0': CMAKE_PREFIX_PATH=${CMAKE_PREFIX_PATH}:/workspaces/isaac_ros-dev/yahboomcar_ws2/install/yahboomcar_laser:/workspaces/isaac_ros-dev/yahboomcar_ws2/install/yahboomcar_description:/workspaces/isaac_ros-dev/yahboomcar_ws2/install/yahboomcar_ctrl:/workspaces/isaac_ros-dev/yahboomcar_ws2/install/yahboomcar_bringup:/workspaces/isaac_ros-dev/yahboomcar_ws2/install/robot_pose_publisher:/opt/ros/humble /usr/bin/cmake --install /workspaces/isaac_ros-dev/software/library_ws/build/openslam_gmapping
[25.169s] Level 1:colcon.colcon_core.environment:checking '/workspaces/isaac_ros-dev/software/library_ws/install/openslam_gmapping' for CMake module files
[25.171s] Level 1:colcon.colcon_core.environment:checking '/workspaces/isaac_ros-dev/software/library_ws/install/openslam_gmapping' for CMake config files
[25.172s] Level 1:colcon.colcon_core.shell:create_environment_hook('openslam_gmapping', 'cmake_prefix_path')
[25.213s] INFO:colcon.colcon_core.shell:Creating environment hook '/workspaces/isaac_ros-dev/software/library_ws/install/openslam_gmapping/share/openslam_gmapping/hook/cmake_prefix_path.ps1'
[25.215s] INFO:colcon.colcon_core.shell:Creating environment descriptor '/workspaces/isaac_ros-dev/software/library_ws/install/openslam_gmapping/share/openslam_gmapping/hook/cmake_prefix_path.dsv'
[25.216s] INFO:colcon.colcon_core.shell:Creating environment hook '/workspaces/isaac_ros-dev/software/library_ws/install/openslam_gmapping/share/openslam_gmapping/hook/cmake_prefix_path.sh'
[25.220s] Level 1:colcon.colcon_core.environment:checking '/workspaces/isaac_ros-dev/software/library_ws/install/openslam_gmapping/lib'
[25.220s] Level 1:colcon.colcon_core.environment:checking '/workspaces/isaac_ros-dev/software/library_ws/install/openslam_gmapping/bin'
[25.221s] Level 1:colcon.colcon_core.environment:checking '/workspaces/isaac_ros-dev/software/library_ws/install/openslam_gmapping/lib/pkgconfig/openslam_gmapping.pc'
[25.221s] Level 1:colcon.colcon_core.environment:checking '/workspaces/isaac_ros-dev/software/library_ws/install/openslam_gmapping/lib/python3.8/site-packages'
[25.222s] Level 1:colcon.colcon_core.environment:checking '/workspaces/isaac_ros-dev/software/library_ws/install/openslam_gmapping/bin'
[25.262s] INFO:colcon.colcon_core.shell:Creating package script '/workspaces/isaac_ros-dev/software/library_ws/install/openslam_gmapping/share/openslam_gmapping/package.ps1'
[25.264s] INFO:colcon.colcon_core.shell:Creating package descriptor '/workspaces/isaac_ros-dev/software/library_ws/install/openslam_gmapping/share/openslam_gmapping/package.dsv'
[25.265s] INFO:colcon.colcon_core.shell:Creating package script '/workspaces/isaac_ros-dev/software/library_ws/install/openslam_gmapping/share/openslam_gmapping/package.sh'
[25.267s] INFO:colcon.colcon_core.shell:Creating package script '/workspaces/isaac_ros-dev/software/library_ws/install/openslam_gmapping/share/openslam_gmapping/package.bash'
[25.268s] INFO:colcon.colcon_core.shell:Creating package script '/workspaces/isaac_ros-dev/software/library_ws/install/openslam_gmapping/share/openslam_gmapping/package.zsh'
[25.269s] Level 1:colcon.colcon_core.environment:create_file_with_runtime_dependencies(/workspaces/isaac_ros-dev/software/library_ws/install/openslam_gmapping/share/colcon-core/packages/openslam_gmapping)
[25.382s] Level 1:colcon.colcon_core.environment:create_environment_scripts_only(openslam_gmapping)
[25.415s] Level 1:colcon.colcon_core.environment:checking '/workspaces/isaac_ros-dev/software/library_ws/install/openslam_gmapping' for CMake module files
[25.417s] Level 1:colcon.colcon_core.environment:checking '/workspaces/isaac_ros-dev/software/library_ws/install/openslam_gmapping' for CMake config files
[25.417s] Level 1:colcon.colcon_core.shell:create_environment_hook('openslam_gmapping', 'cmake_prefix_path')
[25.450s] INFO:colcon.colcon_core.shell:Creating environment hook '/workspaces/isaac_ros-dev/software/library_ws/install/openslam_gmapping/share/openslam_gmapping/hook/cmake_prefix_path.ps1'
[25.452s] INFO:colcon.colcon_core.shell:Creating environment descriptor '/workspaces/isaac_ros-dev/software/library_ws/install/openslam_gmapping/share/openslam_gmapping/hook/cmake_prefix_path.dsv'
[25.452s] INFO:colcon.colcon_core.shell:Creating environment hook '/workspaces/isaac_ros-dev/software/library_ws/install/openslam_gmapping/share/openslam_gmapping/hook/cmake_prefix_path.sh'
[25.454s] Level 1:colcon.colcon_core.environment:checking '/workspaces/isaac_ros-dev/software/library_ws/install/openslam_gmapping/lib'
[25.454s] Level 1:colcon.colcon_core.environment:checking '/workspaces/isaac_ros-dev/software/library_ws/install/openslam_gmapping/bin'
[25.454s] Level 1:colcon.colcon_core.environment:checking '/workspaces/isaac_ros-dev/software/library_ws/install/openslam_gmapping/lib/pkgconfig/openslam_gmapping.pc'
[25.455s] Level 1:colcon.colcon_core.environment:checking '/workspaces/isaac_ros-dev/software/library_ws/install/openslam_gmapping/lib/python3.8/site-packages'
[25.455s] Level 1:colcon.colcon_core.environment:checking '/workspaces/isaac_ros-dev/software/library_ws/install/openslam_gmapping/bin'
[25.489s] INFO:colcon.colcon_core.shell:Creating package script '/workspaces/isaac_ros-dev/software/library_ws/install/openslam_gmapping/share/openslam_gmapping/package.ps1'
[25.491s] INFO:colcon.colcon_core.shell:Creating package descriptor '/workspaces/isaac_ros-dev/software/library_ws/install/openslam_gmapping/share/openslam_gmapping/package.dsv'
[25.492s] INFO:colcon.colcon_core.shell:Creating package script '/workspaces/isaac_ros-dev/software/library_ws/install/openslam_gmapping/share/openslam_gmapping/package.sh'
[25.493s] INFO:colcon.colcon_core.shell:Creating package script '/workspaces/isaac_ros-dev/software/library_ws/install/openslam_gmapping/share/openslam_gmapping/package.bash'
[25.494s] INFO:colcon.colcon_core.shell:Creating package script '/workspaces/isaac_ros-dev/software/library_ws/install/openslam_gmapping/share/openslam_gmapping/package.zsh'
[25.495s] Level 1:colcon.colcon_core.environment:create_file_with_runtime_dependencies(/workspaces/isaac_ros-dev/software/library_ws/install/openslam_gmapping/share/colcon-core/packages/openslam_gmapping)
[25.496s] DEBUG:colcon.colcon_parallel_executor.executor.parallel:closing loop
[25.497s] DEBUG:colcon.colcon_parallel_executor.executor.parallel:loop closed
[25.498s] DEBUG:colcon.colcon_parallel_executor.executor.parallel:run_until_complete finished with '0'
[25.498s] DEBUG:colcon.colcon_core.event_reactor:joining thread
[25.605s] INFO:colcon.colcon_core.plugin_system:Skipping extension 'colcon_notification.desktop_notification.notify_send': Could not find 'notify-send'
[25.606s] INFO:colcon.colcon_core.plugin_system:Skipping extension 'colcon_notification.desktop_notification.terminal_notifier': Not used on non-Darwin systems
[25.606s] INFO:colcon.colcon_core.plugin_system:Skipping extension 'colcon_notification.desktop_notification.win32': Not used on non-Windows systems
[25.606s] INFO:colcon.colcon_notification.desktop_notification:Sending desktop notification using 'notify2'
[25.645s] DEBUG:colcon.colcon_notification.desktop_notification.notify2:Failed to initialize notify2: org.freedesktop.DBus.Error.ServiceUnknown: The name org.freedesktop.Notifications was not provided by any .service files
[25.647s] DEBUG:colcon.colcon_core.event_reactor:joined thread
[25.689s] INFO:colcon.colcon_core.shell:Creating prefix script '/workspaces/isaac_ros-dev/software/library_ws/install/local_setup.ps1'
[25.694s] INFO:colcon.colcon_core.shell:Creating prefix util module '/workspaces/isaac_ros-dev/software/library_ws/install/_local_setup_util_ps1.py'
[25.698s] INFO:colcon.colcon_core.shell:Creating prefix chain script '/workspaces/isaac_ros-dev/software/library_ws/install/setup.ps1'
[25.748s] INFO:colcon.colcon_core.shell:Creating prefix script '/workspaces/isaac_ros-dev/software/library_ws/install/local_setup.sh'
[25.749s] INFO:colcon.colcon_core.shell:Creating prefix util module '/workspaces/isaac_ros-dev/software/library_ws/install/_local_setup_util_sh.py'
[25.750s] INFO:colcon.colcon_core.shell:Creating prefix chain script '/workspaces/isaac_ros-dev/software/library_ws/install/setup.sh'
[25.797s] INFO:colcon.colcon_core.shell:Creating prefix script '/workspaces/isaac_ros-dev/software/library_ws/install/local_setup.bash'
[25.799s] INFO:colcon.colcon_core.shell:Creating prefix chain script '/workspaces/isaac_ros-dev/software/library_ws/install/setup.bash'
[25.844s] INFO:colcon.colcon_core.shell:Creating prefix script '/workspaces/isaac_ros-dev/software/library_ws/install/local_setup.zsh'
[25.847s] INFO:colcon.colcon_core.shell:Creating prefix chain script '/workspaces/isaac_ros-dev/software/library_ws/install/setup.zsh'
