[0m -fuse-ld=lld -Wl,--disable-new-dtags[0m
In file included from [01m[K/workspaces/isaac_ros-dev/software/library_ws/src/ros2_gmapping/slam_gmapping/include/slam_gmapping/slam_gmapping.h:38[m[K,
                 from [01m[K/workspaces/isaac_ros-dev/software/library_ws/src/ros2_gmapping/slam_gmapping/src/slam_gmapping.cpp:24[m[K:
[01m[K/opt/ros/humble/include/tf2_geometry_msgs/tf2_geometry_msgs/tf2_geometry_msgs.h:35:2:[m[K [01;35m[Kwarning: [m[K#warning This header is obsolete, please include tf2_geometry_msgs/tf2_geometry_msgs.hpp instead [[01;35m[K-Wcpp[m[K]
   35 | #[01;35m[Kwarning[m[K This header is obsolete, please include tf2_geometry_msgs/tf2_geometry_msgs.hpp instead
      |  [01;35m[K^~~~~~~[m[K
In file included from [01m[K/workspaces/isaac_ros-dev/software/library_ws/install/openslam_gmapping/include/gmapping/gridfastslam/gridslamprocessor.h:9[m[K,
                 from [01m[K/workspaces/isaac_ros-dev/software/library_ws/src/ros2_gmapping/slam_gmapping/include/slam_gmapping/slam_gmapping.h:45[m[K,
                 from [01m[K/workspaces/isaac_ros-dev/software/library_ws/src/ros2_gmapping/slam_gmapping/src/slam_gmapping.cpp:24[m[K:
[01m[K/workspaces/isaac_ros-dev/software/library_ws/install/openslam_gmapping/include/gmapping/particlefilter/particlefilter.h:[m[K In function ‘[01m[Kvoid rle(OutputIterator&, const Iterator&, const Iterator&)[m[K’:
[01m[K/workspaces/isaac_ros-dev/software/library_ws/install/openslam_gmapping/include/gmapping/particlefilter/particlefilter.h:140:2:[m[K [01;35m[Kwarning: [m[Kthis ‘[01m[Kif[m[K’ clause does not guard... [[01;35m[K-Wmisleading-indentation[m[K]
  140 |  [01;35m[Kif[m[K (count>0)
      |  [01;35m[K^~[m[K
[01m[K/workspaces/isaac_ros-dev/software/library_ws/install/openslam_gmapping/include/gmapping/particlefilter/particlefilter.h:142:3:[m[K [01;36m[Knote: [m[K...this statement, but the latter is misleadingly indented as if it were guarded by the ‘[01m[Kif[m[K’
  142 |   [01;36m[Kout[m[K++;
      |   [01;36m[K^~~[m[K
In file included from [01m[K/workspaces/isaac_ros-dev/software/library_ws/install/openslam_gmapping/include/gmapping/gridfastslam/gridslamprocessor.h:10[m[K,
                 from [01m[K/workspaces/isaac_ros-dev/software/library_ws/src/ros2_gmapping/slam_gmapping/include/slam_gmapping/slam_gmapping.h:45[m[K,
                 from [01m[K/workspaces/isaac_ros-dev/software/library_ws/src/ros2_gmapping/slam_gmapping/src/slam_gmapping.cpp:24[m[K:
[01m[K/workspaces/isaac_ros-dev/software/library_ws/install/openslam_gmapping/include/gmapping/utils/point.h:[m[K At global scope:
[01m[K/workspaces/isaac_ros-dev/software/library_ws/install/openslam_gmapping/include/gmapping/utils/point.h:205:2:[m[K [01;35m[Kwarning: [m[Kextra ‘[01m[K;[m[K’ [[01;35m[K-Wpedantic[m[K]
  205 | }[01;35m[K;[m[K //end namespace
      |  [01;35m[K^[m[K
In file included from [01m[K/workspaces/isaac_ros-dev/software/library_ws/install/openslam_gmapping/include/gmapping/sensor/sensor_base/sensorreading.h:4[m[K,
                 from [01m[K/workspaces/isaac_ros-dev/software/library_ws/install/openslam_gmapping/include/gmapping/log/sensorlog.h:6[m[K,
                 from [01m[K/workspaces/isaac_ros-dev/software/library_ws/install/openslam_gmapping/include/gmapping/gridfastslam/gridslamprocessor.h:12[m[K,
                 from [01m[K/workspaces/isaac_ros-dev/software/library_ws/src/ros2_gmapping/slam_gmapping/include/slam_gmapping/slam_gmapping.h:45[m[K,
                 from [01m[K/workspaces/isaac_ros-dev/software/library_ws/src/ros2_gmapping/slam_gmapping/src/slam_gmapping.cpp:24[m[K:
[01m[K/workspaces/isaac_ros-dev/software/library_ws/install/openslam_gmapping/include/gmapping/sensor/sensor_base/sensor.h:21:2:[m[K [01;35m[Kwarning: [m[Kextra ‘[01m[K;[m[K’ [[01;35m[K-Wpedantic[m[K]
   21 | }[01;35m[K;[m[K //end namespace
      |  [01;35m[K^[m[K
In file included from [01m[K/workspaces/isaac_ros-dev/software/library_ws/install/openslam_gmapping/include/gmapping/log/sensorlog.h:6[m[K,
                 from [01m[K/workspaces/isaac_ros-dev/software/library_ws/install/openslam_gmapping/include/gmapping/gridfastslam/gridslamprocessor.h:12[m[K,
                 from [01m[K/workspaces/isaac_ros-dev/software/library_ws/src/ros2_gmapping/slam_gmapping/include/slam_gmapping/slam_gmapping.h:45[m[K,
                 from [01m[K/workspaces/isaac_ros-dev/software/library_ws/src/ros2_gmapping/slam_gmapping/src/slam_gmapping.cpp:24[m[K:
[01m[K/workspaces/isaac_ros-dev/software/library_ws/install/openslam_gmapping/include/gmapping/sensor/sensor_base/sensorreading.h:23:2:[m[K [01;35m[Kwarning: [m[Kextra ‘[01m[K;[m[K’ [[01;35m[K-Wpedantic[m[K]
   23 | }[01;35m[K;[m[K //end namespace
      |  [01;35m[K^[m[K
In file included from [01m[K/workspaces/isaac_ros-dev/software/library_ws/install/openslam_gmapping/include/gmapping/log/sensorlog.h:7[m[K,
                 from [01m[K/workspaces/isaac_ros-dev/software/library_ws/install/openslam_gmapping/include/gmapping/gridfastslam/gridslamprocessor.h:12[m[K,
                 from [01m[K/workspaces/isaac_ros-dev/software/library_ws/src/ros2_gmapping/slam_gmapping/include/slam_gmapping/slam_gmapping.h:45[m[K,
                 from [01m[K/workspaces/isaac_ros-dev/software/library_ws/src/ros2_gmapping/slam_gmapping/src/slam_gmapping.cpp:24[m[K:
[01m[K/workspaces/isaac_ros-dev/software/library_ws/install/openslam_gmapping/include/gmapping/sensor/sensor_odometry/odometrysensor.h:17:2:[m[K [01;35m[Kwarning: [m[Kextra ‘[01m[K;[m[K’ [[01;35m[K-Wpedantic[m[K]
   17 | }[01;35m[K;[m[K
      |  [01;35m[K^[m[K
In file included from [01m[K/workspaces/isaac_ros-dev/software/library_ws/install/openslam_gmapping/include/gmapping/log/sensorlog.h:8[m[K,
                 from [01m[K/workspaces/isaac_ros-dev/software/library_ws/install/openslam_gmapping/include/gmapping/gridfastslam/gridslamprocessor.h:12[m[K,
                 from [01m[K/workspaces/isaac_ros-dev/software/library_ws/src/ros2_gmapping/slam_gmapping/include/slam_gmapping/slam_gmapping.h:45[m[K,
                 from [01m[K/workspaces/isaac_ros-dev/software/library_ws/src/ros2_gmapping/slam_gmapping/src/slam_gmapping.cpp:24[m[K:
[01m[K/workspaces/isaac_ros-dev/software/library_ws/install/openslam_gmapping/include/gmapping/sensor/sensor_range/rangesensor.h:33:2:[m[K [01;35m[Kwarning: [m[Kextra ‘[01m[K;[m[K’ [[01;35m[K-Wpedantic[m[K]
   33 | }[01;35m[K;[m[K
      |  [01;35m[K^[m[K
In file included from [01m[K/workspaces/isaac_ros-dev/software/library_ws/install/openslam_gmapping/include/gmapping/log/sensorlog.h:9[m[K,
                 from [01m[K/workspaces/isaac_ros-dev/software/library_ws/install/openslam_gmapping/include/gmapping/gridfastslam/gridslamprocessor.h:12[m[K,
                 from [01m[K/workspaces/isaac_ros-dev/software/library_ws/src/ros2_gmapping/slam_gmapping/include/slam_gmapping/slam_gmapping.h:45[m[K,
                 from [01m[K/workspaces/isaac_ros-dev/software/library_ws/src/ros2_gmapping/slam_gmapping/src/slam_gmapping.cpp:24[m[K:
[01m[K/workspaces/isaac_ros-dev/software/library_ws/install/openslam_gmapping/include/gmapping/sensor/sensor_odometry/odometryreading.h:27:2:[m[K [01;35m[Kwarning: [m[Kextra ‘[01m[K;[m[K’ [[01;35m[K-Wpedantic[m[K]
   27 | }[01;35m[K;[m[K
      |  [01;35m[K^[m[K
In file included from [01m[K/workspaces/isaac_ros-dev/software/library_ws/install/openslam_gmapping/include/gmapping/log/sensorlog.h:10[m[K,
                 from [01m[K/workspaces/isaac_ros-dev/software/library_ws/install/openslam_gmapping/include/gmapping/gridfastslam/gridslamprocessor.h:12[m[K,
                 from [01m[K/workspaces/isaac_ros-dev/software/library_ws/src/ros2_gmapping/slam_gmapping/include/slam_gmapping/slam_gmapping.h:45[m[K,
                 from [01m[K/workspaces/isaac_ros-dev/software/library_ws/src/ros2_gmapping/slam_gmapping/src/slam_gmapping.cpp:24[m[K:
[01m[K/workspaces/isaac_ros-dev/software/library_ws/install/openslam_gmapping/include/gmapping/sensor/sensor_range/rangereading.h:24:2:[m[K [01;35m[Kwarning: [m[Kextra ‘[01m[K;[m[K’ [[01;35m[K-Wpedantic[m[K]
   24 | }[01;35m[K;[m[K
      |  [01;35m[K^[m[K
In file included from [01m[K/workspaces/isaac_ros-dev/software/library_ws/install/openslam_gmapping/include/gmapping/log/sensorlog.h:11[m[K,
                 from [01m[K/workspaces/isaac_ros-dev/software/library_ws/install/openslam_gmapping/include/gmapping/gridfastslam/gridslamprocessor.h:12[m[K,
                 from [01m[K/workspaces/isaac_ros-dev/software/library_ws/src/ros2_gmapping/slam_gmapping/include/slam_gmapping/slam_gmapping.h:45[m[K,
                 from [01m[K/workspaces/isaac_ros-dev/software/library_ws/src/ros2_gmapping/slam_gmapping/src/slam_gmapping.cpp:24[m[K:
[01m[K/workspaces/isaac_ros-dev/software/library_ws/install/openslam_gmapping/include/gmapping/log/configuration.h:15:2:[m[K [01;35m[Kwarning: [m[Kextra ‘[01m[K;[m[K’ [[01;35m[K-Wpedantic[m[K]
   15 | }[01;35m[K;[m[K
      |  [01;35m[K^[m[K
In file included from [01m[K/workspaces/isaac_ros-dev/software/library_ws/install/openslam_gmapping/include/gmapping/gridfastslam/gridslamprocessor.h:12[m[K,
                 from [01m[K/workspaces/isaac_ros-dev/software/library_ws/src/ros2_gmapping/slam_gmapping/include/slam_gmapping/slam_gmapping.h:45[m[K,
                 from [01m[K/workspaces/isaac_ros-dev/software/library_ws/src/ros2_gmapping/slam_gmapping/src/slam_gmapping.cpp:24[m[K:
[01m[K/workspaces/isaac_ros-dev/software/library_ws/install/openslam_gmapping/include/gmapping/log/sensorlog.h:27:2:[m[K [01;35m[Kwarning: [m[Kextra ‘[01m[K;[m[K’ [[01;35m[K-Wpedantic[m[K]
   27 | }[01;35m[K;[m[K
      |  [01;35m[K^[m[K
In file included from [01m[K/workspaces/isaac_ros-dev/software/library_ws/install/openslam_gmapping/include/gmapping/grid/map.h:5[m[K,
                 from [01m[K/workspaces/isaac_ros-dev/software/library_ws/install/openslam_gmapping/include/gmapping/scanmatcher/smmap.h:3[m[K,
                 from [01m[K/workspaces/isaac_ros-dev/software/library_ws/install/openslam_gmapping/include/gmapping/scanmatcher/scanmatcher.h:5[m[K,
                 from [01m[K/workspaces/isaac_ros-dev/software/library_ws/install/openslam_gmapping/include/gmapping/gridfastslam/gridslamprocessor.h:15[m[K,
                 from [01m[K/workspaces/isaac_ros-dev/software/library_ws/src/ros2_gmapping/slam_gmapping/include/slam_gmapping/slam_gmapping.h:45[m[K,
                 from [01m[K/workspaces/isaac_ros-dev/software/library_ws/src/ros2_gmapping/slam_gmapping/src/slam_gmapping.cpp:24[m[K:
[01m[K/workspaces/isaac_ros-dev/software/library_ws/install/openslam_gmapping/include/gmapping/grid/accessstate.h:6:2:[m[K [01;35m[Kwarning: [m[Kextra ‘[01m[K;[m[K’ [[01;35m[K-Wpedantic[m[K]
    6 | }[01;35m[K;[m[K
      |  [01;35m[K^[m[K
In file included from [01m[K/workspaces/isaac_ros-dev/software/library_ws/install/openslam_gmapping/include/gmapping/grid/map.h:6[m[K,
                 from [01m[K/workspaces/isaac_ros-dev/software/library_ws/install/openslam_gmapping/include/gmapping/scanmatcher/smmap.h:3[m[K,
                 from [01m[K/workspaces/isaac_ros-dev/software/library_ws/install/openslam_gmapping/include/gmapping/scanmatcher/scanmatcher.h:5[m[K,
                 from [01m[K/workspaces/isaac_ros-dev/software/library_ws/install/openslam_gmapping/include/gmapping/gridfastslam/gridslamprocessor.h:15[m[K,
                 from [01m[K/workspaces/isaac_ros-dev/software/library_ws/src/ros2_gmapping/slam_gmapping/include/slam_gmapping/slam_gmapping.h:45[m[K,
                 from [01m[K/workspaces/isaac_ros-dev/software/library_ws/src/ros2_gmapping/slam_gmapping/src/slam_gmapping.cpp:24[m[K:
[01m[K/workspaces/isaac_ros-dev/software/library_ws/install/openslam_gmapping/include/gmapping/grid/array2d.h:185:2:[m[K [01;35m[Kwarning: [m[Kextra ‘[01m[K;[m[K’ [[01;35m[K-Wpedantic[m[K]
  185 | }[01;35m[K;[m[K
      |  [01;35m[K^[m[K
In file included from [01m[K/workspaces/isaac_ros-dev/software/library_ws/install/openslam_gmapping/include/gmapping/scanmatcher/smmap.h:3[m[K,
                 from [01m[K/workspaces/isaac_ros-dev/software/library_ws/install/openslam_gmapping/include/gmapping/scanmatcher/scanmatcher.h:5[m[K,
                 from [01m[K/workspaces/isaac_ros-dev/software/library_ws/install/openslam_gmapping/include/gmapping/gridfastslam/gridslamprocessor.h:15[m[K,
                 from [01m[K/workspaces/isaac_ros-dev/software/library_ws/src/ros2_gmapping/slam_gmapping/include/slam_gmapping/slam_gmapping.h:45[m[K,
                 from [01m[K/workspaces/isaac_ros-dev/software/library_ws/src/ros2_gmapping/slam_gmapping/src/slam_gmapping.cpp:24[m[K:
[01m[K/workspaces/isaac_ros-dev/software/library_ws/install/openslam_gmapping/include/gmapping/grid/map.h:262:2:[m[K [01;35m[Kwarning: [m[Kextra ‘[01m[K;[m[K’ [[01;35m[K-Wpedantic[m[K]
  262 | }[01;35m[K;[m[K
      |  [01;35m[K^[m[K
In file included from [01m[K/workspaces/isaac_ros-dev/software/library_ws/install/openslam_gmapping/include/gmapping/grid/harray2d.h:5[m[K,
                 from [01m[K/workspaces/isaac_ros-dev/software/library_ws/install/openslam_gmapping/include/gmapping/scanmatcher/smmap.h:4[m[K,
                 from [01m[K/workspaces/isaac_ros-dev/software/library_ws/install/openslam_gmapping/include/gmapping/scanmatcher/scanmatcher.h:5[m[K,
                 from [01m[K/workspaces/isaac_ros-dev/software/library_ws/install/openslam_gmapping/include/gmapping/gridfastslam/gridslamprocessor.h:15[m[K,
                 from [01m[K/workspaces/isaac_ros-dev/software/library_ws/src/ros2_gmapping/slam_gmapping/include/slam_gmapping/slam_gmapping.h:45[m[K,
                 from [01m[K/workspaces/isaac_ros-dev/software/library_ws/src/ros2_gmapping/slam_gmapping/src/slam_gmapping.cpp:24[m[K:
[01m[K/workspaces/isaac_ros-dev/software/library_ws/install/openslam_gmapping/include/gmapping/utils/autoptr.h:96:2:[m[K [01;35m[Kwarning: [m[Kextra ‘[01m[K;[m[K’ [[01;35m[K-Wpedantic[m[K]
   96 | }[01;35m[K;[m[K
      |  [01;35m[K^[m[K
In file included from [01m[K/workspaces/isaac_ros-dev/software/library_ws/install/openslam_gmapping/include/gmapping/scanmatcher/smmap.h:4[m[K,
                 from [01m[K/workspaces/isaac_ros-dev/software/library_ws/install/openslam_gmapping/include/gmapping/scanmatcher/scanmatcher.h:5[m[K,
                 from [01m[K/workspaces/isaac_ros-dev/software/library_ws/install/openslam_gmapping/include/gmapping/gridfastslam/gridslamprocessor.h:15[m[K,
                 from [01m[K/workspaces/isaac_ros-dev/software/library_ws/src/ros2_gmapping/slam_gmapping/include/slam_gmapping/slam_gmapping.h:45[m[K,
                 from [01m[K/workspaces/isaac_ros-dev/software/library_ws/src/ros2_gmapping/slam_gmapping/src/slam_gmapping.cpp:24[m[K:
[01m[K/workspaces/isaac_ros-dev/software/library_ws/install/openslam_gmapping/include/gmapping/grid/harray2d.h:197:2:[m[K [01;35m[Kwarning: [m[Kextra ‘[01m[K;[m[K’ [[01;35m[K-Wpedantic[m[K]
  197 | }[01;35m[K;[m[K
      |  [01;35m[K^[m[K
In file included from [01m[K/workspaces/isaac_ros-dev/software/library_ws/install/openslam_gmapping/include/gmapping/scanmatcher/scanmatcher.h:5[m[K,
                 from [01m[K/workspaces/isaac_ros-dev/software/library_ws/install/openslam_gmapping/include/gmapping/gridfastslam/gridslamprocessor.h:15[m[K,
                 from [01m[K/workspaces/isaac_ros-dev/software/library_ws/src/ros2_gmapping/slam_gmapping/include/slam_gmapping/slam_gmapping.h:45[m[K,
                 from [01m[K/workspaces/isaac_ros-dev/software/library_ws/src/ros2_gmapping/slam_gmapping/src/slam_gmapping.cpp:24[m[K:
[01m[K/workspaces/isaac_ros-dev/software/library_ws/install/openslam_gmapping/include/gmapping/scanmatcher/smmap.h:[m[K In constructor ‘[01m[KGMapping::PointAccumulator::PointAccumulator(int)[m[K’:
[01m[K/workspaces/isaac_ros-dev/software/library_ws/install/openslam_gmapping/include/gmapping/scanmatcher/smmap.h:17:23:[m[K [01;35m[Kwarning: [m[Kunused parameter ‘[01m[Ki[m[K’ [[01;35m[K-Wunused-parameter[m[K]
   17 |  PointAccumulator([01;35m[Kint i[m[K): acc(0,0), n(0), visits(0){assert(i==-1);}
      |                   [01;35m[K~~~~^[m[K
[01m[K/workspaces/isaac_ros-dev/software/library_ws/install/openslam_gmapping/include/gmapping/scanmatcher/smmap.h:[m[K At global scope:
[01m[K/workspaces/isaac_ros-dev/software/library_ws/install/openslam_gmapping/include/gmapping/scanmatcher/smmap.h:52:2:[m[K [01;35m[Kwarning: [m[Kextra ‘[01m[K;[m[K’ [[01;35m[K-Wpedantic[m[K]
   52 | }[01;35m[K;[m[K
      |  [01;35m[K^[m[K
In file included from [01m[K/workspaces/isaac_ros-dev/software/library_ws/install/openslam_gmapping/include/gmapping/scanmatcher/scanmatcher.h:7[m[K,
                 from [01m[K/workspaces/isaac_ros-dev/software/library_ws/install/openslam_gmapping/include/gmapping/gridfastslam/gridslamprocessor.h:15[m[K,
                 from [01m[K/workspaces/isaac_ros-dev/software/library_ws/src/ros2_gmapping/slam_gmapping/include/slam_gmapping/slam_gmapping.h:45[m[K,
                 from [01m[K/workspaces/isaac_ros-dev/software/library_ws/src/ros2_gmapping/slam_gmapping/src/slam_gmapping.cpp:24[m[K:
[01m[K/workspaces/isaac_ros-dev/software/library_ws/install/openslam_gmapping/include/gmapping/utils/stat.h:145:2:[m[K [01;35m[Kwarning: [m[Kextra ‘[01m[K;[m[K’ [[01;35m[K-Wpedantic[m[K]
  145 | }[01;35m[K;[m[K //end namespace
      |  [01;35m[K^[m[K
In file included from [01m[K/workspaces/isaac_ros-dev/software/library_ws/install/openslam_gmapping/include/gmapping/gridfastslam/gridslamprocessor.h:15[m[K,
                 from [01m[K/workspaces/isaac_ros-dev/software/library_ws/src/ros2_gmapping/slam_gmapping/include/slam_gmapping/slam_gmapping.h:45[m[K,
                 from [01m[K/workspaces/isaac_ros-dev/software/library_ws/src/ros2_gmapping/slam_gmapping/src/slam_gmapping.cpp:24[m[K:
[01m[K/workspaces/isaac_ros-dev/software/library_ws/install/openslam_gmapping/include/gmapping/scanmatcher/scanmatcher.h:250:2:[m[K [01;35m[Kwarning: [m[Kextra ‘[01m[K;[m[K’ [[01;35m[K-Wpedantic[m[K]
  250 | }[01;35m[K;[m[K
      |  [01;35m[K^[m[K
In file included from [01m[K/workspaces/isaac_ros-dev/software/library_ws/install/openslam_gmapping/include/gmapping/gridfastslam/gridslamprocessor.h:16[m[K,
                 from [01m[K/workspaces/isaac_ros-dev/software/library_ws/src/ros2_gmapping/slam_gmapping/include/slam_gmapping/slam_gmapping.h:45[m[K,
                 from [01m[K/workspaces/isaac_ros-dev/software/library_ws/src/ros2_gmapping/slam_gmapping/src/slam_gmapping.cpp:24[m[K:
[01m[K/workspaces/isaac_ros-dev/software/library_ws/install/openslam_gmapping/include/gmapping/gridfastslam/motionmodel.h:17:2:[m[K [01;35m[Kwarning: [m[Kextra ‘[01m[K;[m[K’ [[01;35m[K-Wpedantic[m[K]
   17 | }[01;35m[K;[m[K
      |  [01;35m[K^[m[K
In file included from [01m[K/workspaces/isaac_ros-dev/software/library_ws/src/ros2_gmapping/slam_gmapping/include/slam_gmapping/slam_gmapping.h:45[m[K,
                 from [01m[K/workspaces/isaac_ros-dev/software/library_ws/src/ros2_gmapping/slam_gmapping/src/slam_gmapping.cpp:24[m[K:
[01m[K/workspaces/isaac_ros-dev/software/library_ws/install/openslam_gmapping/include/gmapping/gridfastslam/gridslamprocessor.h:335:2:[m[K [01;35m[Kwarning: [m[Kextra ‘[01m[K;[m[K’ [[01;35m[K-Wpedantic[m[K]
  335 | }[01;35m[K;[m[K
      |  [01;35m[K^[m[K
