-- The C compiler identification is GNU 9.4.0
-- The CXX compiler identification is GNU 9.4.0
-- Detecting C compiler ABI info
-- Detecting C compiler ABI info - done
-- Check for working C compiler: /usr/bin/cc - skipped
-- Detecting C compile features
-- Detecting C compile features - done
-- Detecting CXX compiler ABI info
-- Detecting CXX compiler ABI info - done
-- Check for working CXX compiler: /usr/bin/c++ - skipped
-- Detecting CXX compile features
-- Detecting CXX compile features - done
-- Found ament_cmake: 1.3.6 (/opt/ros/humble/share/ament_cmake/cmake)
-- Found Python3: /usr/bin/python3.8 (found version "3.8.10") found components: Interpreter 
-- Override CMake install command with custom implementation using symlinks instead of copying resources
-- Found std_msgs: 4.2.3 (/opt/ros/humble/share/std_msgs/cmake)
-- Found rosidl_generator_c: 3.1.5 (/opt/ros/humble/share/rosidl_generator_c/cmake)
-- Found rosidl_adapter: 3.1.5 (/opt/ros/humble/share/rosidl_adapter/cmake)
-- Found rosidl_generator_cpp: 3.1.5 (/opt/ros/humble/share/rosidl_generator_cpp/cmake)
-- Using all available rosidl_typesupport_c: rosidl_typesupport_fastrtps_c;rosidl_typesupport_introspection_c
-- Using all available rosidl_typesupport_cpp: rosidl_typesupport_fastrtps_cpp;rosidl_typesupport_introspection_cpp
-- Found nav_msgs: 4.2.3 (/opt/ros/humble/share/nav_msgs/cmake)
-- Found tf2: 0.25.5 (/opt/ros/humble/share/tf2/cmake)
-- Found tf2_ros: 0.25.5 (/opt/ros/humble/share/tf2_ros/cmake)
-- Found rmw_implementation_cmake: 6.1.1 (/opt/ros/humble/share/rmw_implementation_cmake/cmake)
-- Found rmw_fastrtps_cpp: 6.2.5 (/opt/ros/humble/share/rmw_fastrtps_cpp/cmake)
-- Found OpenSSL: /usr/lib/aarch64-linux-gnu/libcrypto.so (found version "1.1.1f")  
-- Found FastRTPS: /opt/ros/humble/include  
-- Using RMW implementation 'rmw_fastrtps_cpp' as default
-- Looking for pthread.h
-- Looking for pthread.h - found
-- Performing Test CMAKE_HAVE_LIBC_PTHREAD
-- Performing Test CMAKE_HAVE_LIBC_PTHREAD - Failed
-- Looking for pthread_create in pthreads
-- Looking for pthread_create in pthreads - not found
-- Looking for pthread_create in pthread
-- Looking for pthread_create in pthread - found
-- Found Threads: TRUE  
-- Found tf2_geometry_msgs: 0.25.5 (/opt/ros/humble/share/tf2_geometry_msgs/cmake)
-- Found eigen3_cmake_module: 0.1.1 (/opt/ros/humble/share/eigen3_cmake_module/cmake)
-- Found Eigen3: TRUE (found version "3.3.7") 
-- Ensuring Eigen3 include directory is part of orocos-kdl CMake target
-- Found sensor_msgs: 4.2.3 (/opt/ros/humble/share/sensor_msgs/cmake)
-- Found visualization_msgs: 4.2.3 (/opt/ros/humble/share/visualization_msgs/cmake)
-- Found openslam_gmapping: 0.1.2 (/workspaces/isaac_ros-dev/software/library_ws/install/openslam_gmapping/share/openslam_gmapping/cmake)
-- Found ament_lint_auto: 0.12.9 (/opt/ros/humble/share/ament_lint_auto/cmake)
-- Added test 'cppcheck' to perform static code analysis on C / C++ code
-- Configured cppcheck include dirs: /workspaces/isaac_ros-dev/software/library_ws/src/ros2_gmapping/slam_gmapping/include
-- Configured cppcheck exclude dirs and/or files: 
-- Added test 'flake8' to check Python code syntax and style conventions
-- Added test 'lint_cmake' to check CMake code style
-- Added test 'pep257' to check Python code against some of the docstring style conventions in PEP 257
-- Added test 'uncrustify' to check C / C++ code style
-- Configured uncrustify additional arguments: 
-- Added test 'xmllint' to check XML markup files
-- Configuring done
-- Generating done
-- Build files have been written to: /workspaces/isaac_ros-dev/software/library_ws/build/slam_gmapping
[ 50%] [32mBuilding CXX object CMakeFiles/slam_gmapping.dir/src/slam_gmapping.cpp.o[0m
[100%] [32m[1mLinking CXX executable slam_gmapping[0m
[100%] Built target slam_gmapping
-- Install configuration: "RelWithDebInfo"
-- Execute custom install script
-- Symlinking: /workspaces/isaac_ros-dev/software/library_ws/install/slam_gmapping/lib/slam_gmapping/slam_gmapping
-- Symlinking: /workspaces/isaac_ros-dev/software/library_ws/install/slam_gmapping/share/slam_gmapping/launch/slam_gmapping.launch.py
-- Symlinking: /workspaces/isaac_ros-dev/software/library_ws/install/slam_gmapping/share/slam_gmapping/params/slam_gmapping.yaml
-- Symlinking: /workspaces/isaac_ros-dev/software/library_ws/install/slam_gmapping/share/ament_index/resource_index/package_run_dependencies/slam_gmapping
-- Symlinking: /workspaces/isaac_ros-dev/software/library_ws/install/slam_gmapping/share/ament_index/resource_index/parent_prefix_path/slam_gmapping
-- Symlinking: /workspaces/isaac_ros-dev/software/library_ws/install/slam_gmapping/share/slam_gmapping/environment/ament_prefix_path.sh
-- Symlinking: /workspaces/isaac_ros-dev/software/library_ws/install/slam_gmapping/share/slam_gmapping/environment/ament_prefix_path.dsv
-- Symlinking: /workspaces/isaac_ros-dev/software/library_ws/install/slam_gmapping/share/slam_gmapping/environment/path.sh
-- Symlinking: /workspaces/isaac_ros-dev/software/library_ws/install/slam_gmapping/share/slam_gmapping/environment/path.dsv
-- Symlinking: /workspaces/isaac_ros-dev/software/library_ws/install/slam_gmapping/share/slam_gmapping/local_setup.bash
-- Symlinking: /workspaces/isaac_ros-dev/software/library_ws/install/slam_gmapping/share/slam_gmapping/local_setup.sh
-- Symlinking: /workspaces/isaac_ros-dev/software/library_ws/install/slam_gmapping/share/slam_gmapping/local_setup.zsh
-- Symlinking: /workspaces/isaac_ros-dev/software/library_ws/install/slam_gmapping/share/slam_gmapping/local_setup.dsv
-- Symlinking: /workspaces/isaac_ros-dev/software/library_ws/install/slam_gmapping/share/slam_gmapping/package.dsv
-- Symlinking: /workspaces/isaac_ros-dev/software/library_ws/install/slam_gmapping/share/ament_index/resource_index/packages/slam_gmapping
-- Symlinking: /workspaces/isaac_ros-dev/software/library_ws/install/slam_gmapping/share/slam_gmapping/cmake/slam_gmappingConfig.cmake
-- Symlinking: /workspaces/isaac_ros-dev/software/library_ws/install/slam_gmapping/share/slam_gmapping/cmake/slam_gmappingConfig-version.cmake
-- Symlinking: /workspaces/isaac_ros-dev/software/library_ws/install/slam_gmapping/share/slam_gmapping/package.xml
