[0.213s] Invoking command in '/workspaces/isaac_ros-dev/software/library_ws/build/slam_gmapping': AMENT_PREFIX_PATH=/workspaces/isaac_ros-dev/software/library_ws/install/openslam_gmapping:${AMENT_PREFIX_PATH} CMAKE_PREFIX_PATH=/workspaces/isaac_ros-dev/software/library_ws/install/openslam_gmapping:/workspaces/isaac_ros-dev/yahboomcar_ws2/install/yahboomcar_msgs:/workspaces/isaac_ros-dev/yahboomcar_ws2/install/yahboomcar_base_node:/workspaces/isaac_ros-dev/software/library_ws/install/sllidar_ros2:/workspaces/isaac_ros-dev/software/library_ws/install/costmap_converter:/workspaces/isaac_ros-dev/software/library_ws/install/costmap_converter_msgs:/workspaces/isaac_ros-dev/software/library_ws/install/astra_camera_msgs:/workspaces/isaac_ros-dev/yahboomcar_ws2/install/yahboomcar_laser:/workspaces/isaac_ros-dev/yahboomcar_ws2/install/yahboomcar_description:/workspaces/isaac_ros-dev/yahboomcar_ws2/install/yahboomcar_ctrl:/workspaces/isaac_ros-dev/yahboomcar_ws2/install/yahboomcar_bringup:/workspaces/isaac_ros-dev/yahboomcar_ws2/install/robot_pose_publisher:/opt/ros/humble LD_LIBRARY_PATH=/workspaces/isaac_ros-dev/software/library_ws/install/openslam_gmapping/lib:${LD_LIBRARY_PATH} /usr/bin/cmake /workspaces/isaac_ros-dev/software/library_ws/src/ros2_gmapping/slam_gmapping -DCMAKE_BUILD_TYPE=RelWithDebInfo -DAMENT_CMAKE_SYMLINK_INSTALL=1 -DCMAKE_INSTALL_PREFIX=/workspaces/isaac_ros-dev/software/library_ws/install/slam_gmapping
[0.363s] -- The C compiler identification is GNU 9.4.0
[0.497s] -- The CXX compiler identification is GNU 9.4.0
[0.513s] -- Detecting C compiler ABI info
[0.655s] -- Detecting C compiler ABI info - done
[0.676s] -- Check for working C compiler: /usr/bin/cc - skipped
[0.676s] -- Detecting C compile features
[0.677s] -- Detecting C compile features - done
[0.687s] -- Detecting CXX compiler ABI info
[0.857s] -- Detecting CXX compiler ABI info - done
[0.867s] -- Check for working CXX compiler: /usr/bin/c++ - skipped
[0.867s] -- Detecting CXX compile features
[0.871s] -- Detecting CXX compile features - done
[0.874s] [0m -fuse-ld=lld -Wl,--disable-new-dtags[0m
[0.882s] -- Found ament_cmake: 1.3.6 (/opt/ros/humble/share/ament_cmake/cmake)
[3.078s] -- Found Python3: /usr/bin/python3.8 (found version "3.8.10") found components: Interpreter 
[3.233s] -- Override CMake install command with custom implementation using symlinks instead of copying resources
[3.357s] -- Found std_msgs: 4.2.3 (/opt/ros/humble/share/std_msgs/cmake)
[3.497s] -- Found rosidl_generator_c: 3.1.5 (/opt/ros/humble/share/rosidl_generator_c/cmake)
[3.519s] -- Found rosidl_adapter: 3.1.5 (/opt/ros/humble/share/rosidl_adapter/cmake)
[3.552s] -- Found rosidl_generator_cpp: 3.1.5 (/opt/ros/humble/share/rosidl_generator_cpp/cmake)
[3.604s] -- Using all available rosidl_typesupport_c: rosidl_typesupport_fastrtps_c;rosidl_typesupport_introspection_c
[3.669s] -- Using all available rosidl_typesupport_cpp: rosidl_typesupport_fastrtps_cpp;rosidl_typesupport_introspection_cpp
[3.818s] -- Found nav_msgs: 4.2.3 (/opt/ros/humble/share/nav_msgs/cmake)
[4.107s] -- Found tf2: 0.25.5 (/opt/ros/humble/share/tf2/cmake)
[4.140s] -- Found tf2_ros: 0.25.5 (/opt/ros/humble/share/tf2_ros/cmake)
[4.505s] -- Found rmw_implementation_cmake: 6.1.1 (/opt/ros/humble/share/rmw_implementation_cmake/cmake)
[4.522s] -- Found rmw_fastrtps_cpp: 6.2.5 (/opt/ros/humble/share/rmw_fastrtps_cpp/cmake)
[4.937s] -- Found OpenSSL: /usr/lib/aarch64-linux-gnu/libcrypto.so (found version "1.1.1f")  
[5.052s] -- Found FastRTPS: /opt/ros/humble/include  
[5.234s] -- Using RMW implementation 'rmw_fastrtps_cpp' as default
[5.279s] -- Looking for pthread.h
[5.426s] -- Looking for pthread.h - found
[5.426s] -- Performing Test CMAKE_HAVE_LIBC_PTHREAD
[5.586s] -- Performing Test CMAKE_HAVE_LIBC_PTHREAD - Failed
[5.587s] -- Looking for pthread_create in pthreads
[5.721s] -- Looking for pthread_create in pthreads - not found
[5.722s] -- Looking for pthread_create in pthread
[5.868s] -- Looking for pthread_create in pthread - found
[5.870s] -- Found Threads: TRUE  
[6.843s] -- Found tf2_geometry_msgs: 0.25.5 (/opt/ros/humble/share/tf2_geometry_msgs/cmake)
[6.893s] -- Found eigen3_cmake_module: 0.1.1 (/opt/ros/humble/share/eigen3_cmake_module/cmake)
[6.898s] -- Found Eigen3: TRUE (found version "3.3.7") 
[6.898s] -- Ensuring Eigen3 include directory is part of orocos-kdl CMake target
[6.933s] -- Found sensor_msgs: 4.2.3 (/opt/ros/humble/share/sensor_msgs/cmake)
[7.153s] -- Found visualization_msgs: 4.2.3 (/opt/ros/humble/share/visualization_msgs/cmake)
[7.408s] -- Found openslam_gmapping: 0.1.2 (/workspaces/isaac_ros-dev/software/library_ws/install/openslam_gmapping/share/openslam_gmapping/cmake)
[7.419s] -- Found ament_lint_auto: 0.12.9 (/opt/ros/humble/share/ament_lint_auto/cmake)
[7.701s] -- Added test 'cppcheck' to perform static code analysis on C / C++ code
[7.702s] -- Configured cppcheck include dirs: /workspaces/isaac_ros-dev/software/library_ws/src/ros2_gmapping/slam_gmapping/include
[7.702s] -- Configured cppcheck exclude dirs and/or files: 
[7.703s] -- Added test 'flake8' to check Python code syntax and style conventions
[7.705s] -- Added test 'lint_cmake' to check CMake code style
[7.712s] -- Added test 'pep257' to check Python code against some of the docstring style conventions in PEP 257
[7.716s] -- Added test 'uncrustify' to check C / C++ code style
[7.717s] -- Configured uncrustify additional arguments: 
[7.721s] -- Added test 'xmllint' to check XML markup files
[7.731s] -- Configuring done
[7.784s] -- Generating done
[7.788s] -- Build files have been written to: /workspaces/isaac_ros-dev/software/library_ws/build/slam_gmapping
[7.831s] Invoked command in '/workspaces/isaac_ros-dev/software/library_ws/build/slam_gmapping' returned '0': AMENT_PREFIX_PATH=/workspaces/isaac_ros-dev/software/library_ws/install/openslam_gmapping:${AMENT_PREFIX_PATH} CMAKE_PREFIX_PATH=/workspaces/isaac_ros-dev/software/library_ws/install/openslam_gmapping:/workspaces/isaac_ros-dev/yahboomcar_ws2/install/yahboomcar_msgs:/workspaces/isaac_ros-dev/yahboomcar_ws2/install/yahboomcar_base_node:/workspaces/isaac_ros-dev/software/library_ws/install/sllidar_ros2:/workspaces/isaac_ros-dev/software/library_ws/install/costmap_converter:/workspaces/isaac_ros-dev/software/library_ws/install/costmap_converter_msgs:/workspaces/isaac_ros-dev/software/library_ws/install/astra_camera_msgs:/workspaces/isaac_ros-dev/yahboomcar_ws2/install/yahboomcar_laser:/workspaces/isaac_ros-dev/yahboomcar_ws2/install/yahboomcar_description:/workspaces/isaac_ros-dev/yahboomcar_ws2/install/yahboomcar_ctrl:/workspaces/isaac_ros-dev/yahboomcar_ws2/install/yahboomcar_bringup:/workspaces/isaac_ros-dev/yahboomcar_ws2/install/robot_pose_publisher:/opt/ros/humble LD_LIBRARY_PATH=/workspaces/isaac_ros-dev/software/library_ws/install/openslam_gmapping/lib:${LD_LIBRARY_PATH} /usr/bin/cmake /workspaces/isaac_ros-dev/software/library_ws/src/ros2_gmapping/slam_gmapping -DCMAKE_BUILD_TYPE=RelWithDebInfo -DAMENT_CMAKE_SYMLINK_INSTALL=1 -DCMAKE_INSTALL_PREFIX=/workspaces/isaac_ros-dev/software/library_ws/install/slam_gmapping
[7.833s] Invoking command in '/workspaces/isaac_ros-dev/software/library_ws/build/slam_gmapping': AMENT_PREFIX_PATH=/workspaces/isaac_ros-dev/software/library_ws/install/openslam_gmapping:${AMENT_PREFIX_PATH} CMAKE_PREFIX_PATH=/workspaces/isaac_ros-dev/software/library_ws/install/openslam_gmapping:/workspaces/isaac_ros-dev/yahboomcar_ws2/install/yahboomcar_msgs:/workspaces/isaac_ros-dev/yahboomcar_ws2/install/yahboomcar_base_node:/workspaces/isaac_ros-dev/software/library_ws/install/sllidar_ros2:/workspaces/isaac_ros-dev/software/library_ws/install/costmap_converter:/workspaces/isaac_ros-dev/software/library_ws/install/costmap_converter_msgs:/workspaces/isaac_ros-dev/software/library_ws/install/astra_camera_msgs:/workspaces/isaac_ros-dev/yahboomcar_ws2/install/yahboomcar_laser:/workspaces/isaac_ros-dev/yahboomcar_ws2/install/yahboomcar_description:/workspaces/isaac_ros-dev/yahboomcar_ws2/install/yahboomcar_ctrl:/workspaces/isaac_ros-dev/yahboomcar_ws2/install/yahboomcar_bringup:/workspaces/isaac_ros-dev/yahboomcar_ws2/install/robot_pose_publisher:/opt/ros/humble LD_LIBRARY_PATH=/workspaces/isaac_ros-dev/software/library_ws/install/openslam_gmapping/lib:${LD_LIBRARY_PATH} /usr/bin/cmake --build /workspaces/isaac_ros-dev/software/library_ws/build/slam_gmapping -- -j6 -l6
[7.910s] [ 50%] [32mBuilding CXX object CMakeFiles/slam_gmapping.dir/src/slam_gmapping.cpp.o[0m
[8.620s] In file included from [01m[K/workspaces/isaac_ros-dev/software/library_ws/src/ros2_gmapping/slam_gmapping/include/slam_gmapping/slam_gmapping.h:38[m[K,
[8.620s]                  from [01m[K/workspaces/isaac_ros-dev/software/library_ws/src/ros2_gmapping/slam_gmapping/src/slam_gmapping.cpp:24[m[K:
[8.620s] [01m[K/opt/ros/humble/include/tf2_geometry_msgs/tf2_geometry_msgs/tf2_geometry_msgs.h:35:2:[m[K [01;35m[Kwarning: [m[K#warning This header is obsolete, please include tf2_geometry_msgs/tf2_geometry_msgs.hpp instead [[01;35m[K-Wcpp[m[K]
[8.620s]    35 | #[01;35m[Kwarning[m[K This header is obsolete, please include tf2_geometry_msgs/tf2_geometry_msgs.hpp instead
[8.620s]       |  [01;35m[K^~~~~~~[m[K
[17.732s] In file included from [01m[K/workspaces/isaac_ros-dev/software/library_ws/install/openslam_gmapping/include/gmapping/gridfastslam/gridslamprocessor.h:9[m[K,
[17.732s]                  from [01m[K/workspaces/isaac_ros-dev/software/library_ws/src/ros2_gmapping/slam_gmapping/include/slam_gmapping/slam_gmapping.h:45[m[K,
[17.732s]                  from [01m[K/workspaces/isaac_ros-dev/software/library_ws/src/ros2_gmapping/slam_gmapping/src/slam_gmapping.cpp:24[m[K:
[17.733s] [01m[K/workspaces/isaac_ros-dev/software/library_ws/install/openslam_gmapping/include/gmapping/particlefilter/particlefilter.h:[m[K In function ‘[01m[Kvoid rle(OutputIterator&, const Iterator&, const Iterator&)[m[K’:
[17.735s] [01m[K/workspaces/isaac_ros-dev/software/library_ws/install/openslam_gmapping/include/gmapping/particlefilter/particlefilter.h:140:2:[m[K [01;35m[Kwarning: [m[Kthis ‘[01m[Kif[m[K’ clause does not guard... [[01;35m[K-Wmisleading-indentation[m[K]
[17.736s]   140 |  [01;35m[Kif[m[K (count>0)
[17.736s]       |  [01;35m[K^~[m[K
[17.736s] [01m[K/workspaces/isaac_ros-dev/software/library_ws/install/openslam_gmapping/include/gmapping/particlefilter/particlefilter.h:142:3:[m[K [01;36m[Knote: [m[K...this statement, but the latter is misleadingly indented as if it were guarded by the ‘[01m[Kif[m[K’
[17.736s]   142 |   [01;36m[Kout[m[K++;
[17.737s]       |   [01;36m[K^~~[m[K
[17.759s] In file included from [01m[K/workspaces/isaac_ros-dev/software/library_ws/install/openslam_gmapping/include/gmapping/gridfastslam/gridslamprocessor.h:10[m[K,
[17.760s]                  from [01m[K/workspaces/isaac_ros-dev/software/library_ws/src/ros2_gmapping/slam_gmapping/include/slam_gmapping/slam_gmapping.h:45[m[K,
[17.760s]                  from [01m[K/workspaces/isaac_ros-dev/software/library_ws/src/ros2_gmapping/slam_gmapping/src/slam_gmapping.cpp:24[m[K:
[17.760s] [01m[K/workspaces/isaac_ros-dev/software/library_ws/install/openslam_gmapping/include/gmapping/utils/point.h:[m[K At global scope:
[17.760s] [01m[K/workspaces/isaac_ros-dev/software/library_ws/install/openslam_gmapping/include/gmapping/utils/point.h:205:2:[m[K [01;35m[Kwarning: [m[Kextra ‘[01m[K;[m[K’ [[01;35m[K-Wpedantic[m[K]
[17.760s]   205 | }[01;35m[K;[m[K //end namespace
[17.760s]       |  [01;35m[K^[m[K
[17.761s] In file included from [01m[K/workspaces/isaac_ros-dev/software/library_ws/install/openslam_gmapping/include/gmapping/sensor/sensor_base/sensorreading.h:4[m[K,
[17.761s]                  from [01m[K/workspaces/isaac_ros-dev/software/library_ws/install/openslam_gmapping/include/gmapping/log/sensorlog.h:6[m[K,
[17.761s]                  from [01m[K/workspaces/isaac_ros-dev/software/library_ws/install/openslam_gmapping/include/gmapping/gridfastslam/gridslamprocessor.h:12[m[K,
[17.761s]                  from [01m[K/workspaces/isaac_ros-dev/software/library_ws/src/ros2_gmapping/slam_gmapping/include/slam_gmapping/slam_gmapping.h:45[m[K,
[17.761s]                  from [01m[K/workspaces/isaac_ros-dev/software/library_ws/src/ros2_gmapping/slam_gmapping/src/slam_gmapping.cpp:24[m[K:
[17.761s] [01m[K/workspaces/isaac_ros-dev/software/library_ws/install/openslam_gmapping/include/gmapping/sensor/sensor_base/sensor.h:21:2:[m[K [01;35m[Kwarning: [m[Kextra ‘[01m[K;[m[K’ [[01;35m[K-Wpedantic[m[K]
[17.762s]    21 | }[01;35m[K;[m[K //end namespace
[17.762s]       |  [01;35m[K^[m[K
[17.762s] In file included from [01m[K/workspaces/isaac_ros-dev/software/library_ws/install/openslam_gmapping/include/gmapping/log/sensorlog.h:6[m[K,
[17.762s]                  from [01m[K/workspaces/isaac_ros-dev/software/library_ws/install/openslam_gmapping/include/gmapping/gridfastslam/gridslamprocessor.h:12[m[K,
[17.762s]                  from [01m[K/workspaces/isaac_ros-dev/software/library_ws/src/ros2_gmapping/slam_gmapping/include/slam_gmapping/slam_gmapping.h:45[m[K,
[17.763s]                  from [01m[K/workspaces/isaac_ros-dev/software/library_ws/src/ros2_gmapping/slam_gmapping/src/slam_gmapping.cpp:24[m[K:
[17.763s] [01m[K/workspaces/isaac_ros-dev/software/library_ws/install/openslam_gmapping/include/gmapping/sensor/sensor_base/sensorreading.h:23:2:[m[K [01;35m[Kwarning: [m[Kextra ‘[01m[K;[m[K’ [[01;35m[K-Wpedantic[m[K]
[17.763s]    23 | }[01;35m[K;[m[K //end namespace
[17.763s]       |  [01;35m[K^[m[K
[17.763s] In file included from [01m[K/workspaces/isaac_ros-dev/software/library_ws/install/openslam_gmapping/include/gmapping/log/sensorlog.h:7[m[K,
[17.763s]                  from [01m[K/workspaces/isaac_ros-dev/software/library_ws/install/openslam_gmapping/include/gmapping/gridfastslam/gridslamprocessor.h:12[m[K,
[17.764s]                  from [01m[K/workspaces/isaac_ros-dev/software/library_ws/src/ros2_gmapping/slam_gmapping/include/slam_gmapping/slam_gmapping.h:45[m[K,
[17.764s]                  from [01m[K/workspaces/isaac_ros-dev/software/library_ws/src/ros2_gmapping/slam_gmapping/src/slam_gmapping.cpp:24[m[K:
[17.764s] [01m[K/workspaces/isaac_ros-dev/software/library_ws/install/openslam_gmapping/include/gmapping/sensor/sensor_odometry/odometrysensor.h:17:2:[m[K [01;35m[Kwarning: [m[Kextra ‘[01m[K;[m[K’ [[01;35m[K-Wpedantic[m[K]
[17.764s]    17 | }[01;35m[K;[m[K
[17.765s]       |  [01;35m[K^[m[K
[17.765s] In file included from [01m[K/workspaces/isaac_ros-dev/software/library_ws/install/openslam_gmapping/include/gmapping/log/sensorlog.h:8[m[K,
[17.765s]                  from [01m[K/workspaces/isaac_ros-dev/software/library_ws/install/openslam_gmapping/include/gmapping/gridfastslam/gridslamprocessor.h:12[m[K,
[17.765s]                  from [01m[K/workspaces/isaac_ros-dev/software/library_ws/src/ros2_gmapping/slam_gmapping/include/slam_gmapping/slam_gmapping.h:45[m[K,
[17.765s]                  from [01m[K/workspaces/isaac_ros-dev/software/library_ws/src/ros2_gmapping/slam_gmapping/src/slam_gmapping.cpp:24[m[K:
[17.765s] [01m[K/workspaces/isaac_ros-dev/software/library_ws/install/openslam_gmapping/include/gmapping/sensor/sensor_range/rangesensor.h:33:2:[m[K [01;35m[Kwarning: [m[Kextra ‘[01m[K;[m[K’ [[01;35m[K-Wpedantic[m[K]
[17.766s]    33 | }[01;35m[K;[m[K
[17.774s]       |  [01;35m[K^[m[K
[17.776s] In file included from [01m[K/workspaces/isaac_ros-dev/software/library_ws/install/openslam_gmapping/include/gmapping/log/sensorlog.h:9[m[K,
[17.776s]                  from [01m[K/workspaces/isaac_ros-dev/software/library_ws/install/openslam_gmapping/include/gmapping/gridfastslam/gridslamprocessor.h:12[m[K,
[17.776s]                  from [01m[K/workspaces/isaac_ros-dev/software/library_ws/src/ros2_gmapping/slam_gmapping/include/slam_gmapping/slam_gmapping.h:45[m[K,
[17.776s]                  from [01m[K/workspaces/isaac_ros-dev/software/library_ws/src/ros2_gmapping/slam_gmapping/src/slam_gmapping.cpp:24[m[K:
[17.776s] [01m[K/workspaces/isaac_ros-dev/software/library_ws/install/openslam_gmapping/include/gmapping/sensor/sensor_odometry/odometryreading.h:27:2:[m[K [01;35m[Kwarning: [m[Kextra ‘[01m[K;[m[K’ [[01;35m[K-Wpedantic[m[K]
[17.776s]    27 | }[01;35m[K;[m[K
[17.777s]       |  [01;35m[K^[m[K
[17.777s] In file included from [01m[K/workspaces/isaac_ros-dev/software/library_ws/install/openslam_gmapping/include/gmapping/log/sensorlog.h:10[m[K,
[17.777s]                  from [01m[K/workspaces/isaac_ros-dev/software/library_ws/install/openslam_gmapping/include/gmapping/gridfastslam/gridslamprocessor.h:12[m[K,
[17.777s]                  from [01m[K/workspaces/isaac_ros-dev/software/library_ws/src/ros2_gmapping/slam_gmapping/include/slam_gmapping/slam_gmapping.h:45[m[K,
[17.777s]                  from [01m[K/workspaces/isaac_ros-dev/software/library_ws/src/ros2_gmapping/slam_gmapping/src/slam_gmapping.cpp:24[m[K:
[17.780s] [01m[K/workspaces/isaac_ros-dev/software/library_ws/install/openslam_gmapping/include/gmapping/sensor/sensor_range/rangereading.h:24:2:[m[K [01;35m[Kwarning: [m[Kextra ‘[01m[K;[m[K’ [[01;35m[K-Wpedantic[m[K]
[17.780s]    24 | }[01;35m[K;[m[K
[17.780s]       |  [01;35m[K^[m[K
[17.780s] In file included from [01m[K/workspaces/isaac_ros-dev/software/library_ws/install/openslam_gmapping/include/gmapping/log/sensorlog.h:11[m[K,
[17.785s]                  from [01m[K/workspaces/isaac_ros-dev/software/library_ws/install/openslam_gmapping/include/gmapping/gridfastslam/gridslamprocessor.h:12[m[K,
[17.786s]                  from [01m[K/workspaces/isaac_ros-dev/software/library_ws/src/ros2_gmapping/slam_gmapping/include/slam_gmapping/slam_gmapping.h:45[m[K,
[17.788s]                  from [01m[K/workspaces/isaac_ros-dev/software/library_ws/src/ros2_gmapping/slam_gmapping/src/slam_gmapping.cpp:24[m[K:
[17.788s] [01m[K/workspaces/isaac_ros-dev/software/library_ws/install/openslam_gmapping/include/gmapping/log/configuration.h:15:2:[m[K [01;35m[Kwarning: [m[Kextra ‘[01m[K;[m[K’ [[01;35m[K-Wpedantic[m[K]
[17.789s]    15 | }[01;35m[K;[m[K
[17.789s]       |  [01;35m[K^[m[K
[17.789s] In file included from [01m[K/workspaces/isaac_ros-dev/software/library_ws/install/openslam_gmapping/include/gmapping/gridfastslam/gridslamprocessor.h:12[m[K,
[17.789s]                  from [01m[K/workspaces/isaac_ros-dev/software/library_ws/src/ros2_gmapping/slam_gmapping/include/slam_gmapping/slam_gmapping.h:45[m[K,
[17.789s]                  from [01m[K/workspaces/isaac_ros-dev/software/library_ws/src/ros2_gmapping/slam_gmapping/src/slam_gmapping.cpp:24[m[K:
[17.789s] [01m[K/workspaces/isaac_ros-dev/software/library_ws/install/openslam_gmapping/include/gmapping/log/sensorlog.h:27:2:[m[K [01;35m[Kwarning: [m[Kextra ‘[01m[K;[m[K’ [[01;35m[K-Wpedantic[m[K]
[17.790s]    27 | }[01;35m[K;[m[K
[17.790s]       |  [01;35m[K^[m[K
[17.790s] In file included from [01m[K/workspaces/isaac_ros-dev/software/library_ws/install/openslam_gmapping/include/gmapping/grid/map.h:5[m[K,
[17.791s]                  from [01m[K/workspaces/isaac_ros-dev/software/library_ws/install/openslam_gmapping/include/gmapping/scanmatcher/smmap.h:3[m[K,
[17.791s]                  from [01m[K/workspaces/isaac_ros-dev/software/library_ws/install/openslam_gmapping/include/gmapping/scanmatcher/scanmatcher.h:5[m[K,
[17.792s]                  from [01m[K/workspaces/isaac_ros-dev/software/library_ws/install/openslam_gmapping/include/gmapping/gridfastslam/gridslamprocessor.h:15[m[K,
[17.792s]                  from [01m[K/workspaces/isaac_ros-dev/software/library_ws/src/ros2_gmapping/slam_gmapping/include/slam_gmapping/slam_gmapping.h:45[m[K,
[17.792s]                  from [01m[K/workspaces/isaac_ros-dev/software/library_ws/src/ros2_gmapping/slam_gmapping/src/slam_gmapping.cpp:24[m[K:
[17.792s] [01m[K/workspaces/isaac_ros-dev/software/library_ws/install/openslam_gmapping/include/gmapping/grid/accessstate.h:6:2:[m[K [01;35m[Kwarning: [m[Kextra ‘[01m[K;[m[K’ [[01;35m[K-Wpedantic[m[K]
[17.792s]     6 | }[01;35m[K;[m[K
[17.792s]       |  [01;35m[K^[m[K
[17.798s] In file included from [01m[K/workspaces/isaac_ros-dev/software/library_ws/install/openslam_gmapping/include/gmapping/grid/map.h:6[m[K,
[17.799s]                  from [01m[K/workspaces/isaac_ros-dev/software/library_ws/install/openslam_gmapping/include/gmapping/scanmatcher/smmap.h:3[m[K,
[17.799s]                  from [01m[K/workspaces/isaac_ros-dev/software/library_ws/install/openslam_gmapping/include/gmapping/scanmatcher/scanmatcher.h:5[m[K,
[17.799s]                  from [01m[K/workspaces/isaac_ros-dev/software/library_ws/install/openslam_gmapping/include/gmapping/gridfastslam/gridslamprocessor.h:15[m[K,
[17.799s]                  from [01m[K/workspaces/isaac_ros-dev/software/library_ws/src/ros2_gmapping/slam_gmapping/include/slam_gmapping/slam_gmapping.h:45[m[K,
[17.799s]                  from [01m[K/workspaces/isaac_ros-dev/software/library_ws/src/ros2_gmapping/slam_gmapping/src/slam_gmapping.cpp:24[m[K:
[17.800s] [01m[K/workspaces/isaac_ros-dev/software/library_ws/install/openslam_gmapping/include/gmapping/grid/array2d.h:185:2:[m[K [01;35m[Kwarning: [m[Kextra ‘[01m[K;[m[K’ [[01;35m[K-Wpedantic[m[K]
[17.800s]   185 | }[01;35m[K;[m[K
[17.800s]       |  [01;35m[K^[m[K
[17.802s] In file included from [01m[K/workspaces/isaac_ros-dev/software/library_ws/install/openslam_gmapping/include/gmapping/scanmatcher/smmap.h:3[m[K,
[17.803s]                  from [01m[K/workspaces/isaac_ros-dev/software/library_ws/install/openslam_gmapping/include/gmapping/scanmatcher/scanmatcher.h:5[m[K,
[17.803s]                  from [01m[K/workspaces/isaac_ros-dev/software/library_ws/install/openslam_gmapping/include/gmapping/gridfastslam/gridslamprocessor.h:15[m[K,
[17.803s]                  from [01m[K/workspaces/isaac_ros-dev/software/library_ws/src/ros2_gmapping/slam_gmapping/include/slam_gmapping/slam_gmapping.h:45[m[K,
[17.803s]                  from [01m[K/workspaces/isaac_ros-dev/software/library_ws/src/ros2_gmapping/slam_gmapping/src/slam_gmapping.cpp:24[m[K:
[17.803s] [01m[K/workspaces/isaac_ros-dev/software/library_ws/install/openslam_gmapping/include/gmapping/grid/map.h:262:2:[m[K [01;35m[Kwarning: [m[Kextra ‘[01m[K;[m[K’ [[01;35m[K-Wpedantic[m[K]
[17.804s]   262 | }[01;35m[K;[m[K
[17.804s]       |  [01;35m[K^[m[K
[17.804s] In file included from [01m[K/workspaces/isaac_ros-dev/software/library_ws/install/openslam_gmapping/include/gmapping/grid/harray2d.h:5[m[K,
[17.806s]                  from [01m[K/workspaces/isaac_ros-dev/software/library_ws/install/openslam_gmapping/include/gmapping/scanmatcher/smmap.h:4[m[K,
[17.807s]                  from [01m[K/workspaces/isaac_ros-dev/software/library_ws/install/openslam_gmapping/include/gmapping/scanmatcher/scanmatcher.h:5[m[K,
[17.807s]                  from [01m[K/workspaces/isaac_ros-dev/software/library_ws/install/openslam_gmapping/include/gmapping/gridfastslam/gridslamprocessor.h:15[m[K,
[17.807s]                  from [01m[K/workspaces/isaac_ros-dev/software/library_ws/src/ros2_gmapping/slam_gmapping/include/slam_gmapping/slam_gmapping.h:45[m[K,
[17.807s]                  from [01m[K/workspaces/isaac_ros-dev/software/library_ws/src/ros2_gmapping/slam_gmapping/src/slam_gmapping.cpp:24[m[K:
[17.807s] [01m[K/workspaces/isaac_ros-dev/software/library_ws/install/openslam_gmapping/include/gmapping/utils/autoptr.h:96:2:[m[K [01;35m[Kwarning: [m[Kextra ‘[01m[K;[m[K’ [[01;35m[K-Wpedantic[m[K]
[17.808s]    96 | }[01;35m[K;[m[K
[17.808s]       |  [01;35m[K^[m[K
[17.842s] In file included from [01m[K/workspaces/isaac_ros-dev/software/library_ws/install/openslam_gmapping/include/gmapping/scanmatcher/smmap.h:4[m[K,
[17.842s]                  from [01m[K/workspaces/isaac_ros-dev/software/library_ws/install/openslam_gmapping/include/gmapping/scanmatcher/scanmatcher.h:5[m[K,
[17.843s]                  from [01m[K/workspaces/isaac_ros-dev/software/library_ws/install/openslam_gmapping/include/gmapping/gridfastslam/gridslamprocessor.h:15[m[K,
[17.843s]                  from [01m[K/workspaces/isaac_ros-dev/software/library_ws/src/ros2_gmapping/slam_gmapping/include/slam_gmapping/slam_gmapping.h:45[m[K,
[17.843s]                  from [01m[K/workspaces/isaac_ros-dev/software/library_ws/src/ros2_gmapping/slam_gmapping/src/slam_gmapping.cpp:24[m[K:
[17.843s] [01m[K/workspaces/isaac_ros-dev/software/library_ws/install/openslam_gmapping/include/gmapping/grid/harray2d.h:197:2:[m[K [01;35m[Kwarning: [m[Kextra ‘[01m[K;[m[K’ [[01;35m[K-Wpedantic[m[K]
[17.843s]   197 | }[01;35m[K;[m[K
[17.844s]       |  [01;35m[K^[m[K
[17.844s] In file included from [01m[K/workspaces/isaac_ros-dev/software/library_ws/install/openslam_gmapping/include/gmapping/scanmatcher/scanmatcher.h:5[m[K,
[17.844s]                  from [01m[K/workspaces/isaac_ros-dev/software/library_ws/install/openslam_gmapping/include/gmapping/gridfastslam/gridslamprocessor.h:15[m[K,
[17.844s]                  from [01m[K/workspaces/isaac_ros-dev/software/library_ws/src/ros2_gmapping/slam_gmapping/include/slam_gmapping/slam_gmapping.h:45[m[K,
[17.844s]                  from [01m[K/workspaces/isaac_ros-dev/software/library_ws/src/ros2_gmapping/slam_gmapping/src/slam_gmapping.cpp:24[m[K:
[17.845s] [01m[K/workspaces/isaac_ros-dev/software/library_ws/install/openslam_gmapping/include/gmapping/scanmatcher/smmap.h:[m[K In constructor ‘[01m[KGMapping::PointAccumulator::PointAccumulator(int)[m[K’:
[17.845s] [01m[K/workspaces/isaac_ros-dev/software/library_ws/install/openslam_gmapping/include/gmapping/scanmatcher/smmap.h:17:23:[m[K [01;35m[Kwarning: [m[Kunused parameter ‘[01m[Ki[m[K’ [[01;35m[K-Wunused-parameter[m[K]
[17.845s]    17 |  PointAccumulator([01;35m[Kint i[m[K): acc(0,0), n(0), visits(0){assert(i==-1);}
[17.845s]       |                   [01;35m[K~~~~^[m[K
[17.845s] [01m[K/workspaces/isaac_ros-dev/software/library_ws/install/openslam_gmapping/include/gmapping/scanmatcher/smmap.h:[m[K At global scope:
[17.846s] [01m[K/workspaces/isaac_ros-dev/software/library_ws/install/openslam_gmapping/include/gmapping/scanmatcher/smmap.h:52:2:[m[K [01;35m[Kwarning: [m[Kextra ‘[01m[K;[m[K’ [[01;35m[K-Wpedantic[m[K]
[17.846s]    52 | }[01;35m[K;[m[K
[17.846s]       |  [01;35m[K^[m[K
[17.848s] In file included from [01m[K/workspaces/isaac_ros-dev/software/library_ws/install/openslam_gmapping/include/gmapping/scanmatcher/scanmatcher.h:7[m[K,
[17.849s]                  from [01m[K/workspaces/isaac_ros-dev/software/library_ws/install/openslam_gmapping/include/gmapping/gridfastslam/gridslamprocessor.h:15[m[K,
[17.849s]                  from [01m[K/workspaces/isaac_ros-dev/software/library_ws/src/ros2_gmapping/slam_gmapping/include/slam_gmapping/slam_gmapping.h:45[m[K,
[17.849s]                  from [01m[K/workspaces/isaac_ros-dev/software/library_ws/src/ros2_gmapping/slam_gmapping/src/slam_gmapping.cpp:24[m[K:
[17.849s] [01m[K/workspaces/isaac_ros-dev/software/library_ws/install/openslam_gmapping/include/gmapping/utils/stat.h:145:2:[m[K [01;35m[Kwarning: [m[Kextra ‘[01m[K;[m[K’ [[01;35m[K-Wpedantic[m[K]
[17.849s]   145 | }[01;35m[K;[m[K //end namespace
[17.849s]       |  [01;35m[K^[m[K
[17.887s] In file included from [01m[K/workspaces/isaac_ros-dev/software/library_ws/install/openslam_gmapping/include/gmapping/gridfastslam/gridslamprocessor.h:15[m[K,
[17.887s]                  from [01m[K/workspaces/isaac_ros-dev/software/library_ws/src/ros2_gmapping/slam_gmapping/include/slam_gmapping/slam_gmapping.h:45[m[K,
[17.888s]                  from [01m[K/workspaces/isaac_ros-dev/software/library_ws/src/ros2_gmapping/slam_gmapping/src/slam_gmapping.cpp:24[m[K:
[17.888s] [01m[K/workspaces/isaac_ros-dev/software/library_ws/install/openslam_gmapping/include/gmapping/scanmatcher/scanmatcher.h:250:2:[m[K [01;35m[Kwarning: [m[Kextra ‘[01m[K;[m[K’ [[01;35m[K-Wpedantic[m[K]
[17.889s]   250 | }[01;35m[K;[m[K
[17.889s]       |  [01;35m[K^[m[K
[17.889s] In file included from [01m[K/workspaces/isaac_ros-dev/software/library_ws/install/openslam_gmapping/include/gmapping/gridfastslam/gridslamprocessor.h:16[m[K,
[17.890s]                  from [01m[K/workspaces/isaac_ros-dev/software/library_ws/src/ros2_gmapping/slam_gmapping/include/slam_gmapping/slam_gmapping.h:45[m[K,
[17.891s]                  from [01m[K/workspaces/isaac_ros-dev/software/library_ws/src/ros2_gmapping/slam_gmapping/src/slam_gmapping.cpp:24[m[K:
[17.891s] [01m[K/workspaces/isaac_ros-dev/software/library_ws/install/openslam_gmapping/include/gmapping/gridfastslam/motionmodel.h:17:2:[m[K [01;35m[Kwarning: [m[Kextra ‘[01m[K;[m[K’ [[01;35m[K-Wpedantic[m[K]
[17.891s]    17 | }[01;35m[K;[m[K
[17.891s]       |  [01;35m[K^[m[K
[17.943s] In file included from [01m[K/workspaces/isaac_ros-dev/software/library_ws/src/ros2_gmapping/slam_gmapping/include/slam_gmapping/slam_gmapping.h:45[m[K,
[17.943s]                  from [01m[K/workspaces/isaac_ros-dev/software/library_ws/src/ros2_gmapping/slam_gmapping/src/slam_gmapping.cpp:24[m[K:
[17.944s] [01m[K/workspaces/isaac_ros-dev/software/library_ws/install/openslam_gmapping/include/gmapping/gridfastslam/gridslamprocessor.h:335:2:[m[K [01;35m[Kwarning: [m[Kextra ‘[01m[K;[m[K’ [[01;35m[K-Wpedantic[m[K]
[17.944s]   335 | }[01;35m[K;[m[K
[17.944s]       |  [01;35m[K^[m[K
[83.657s] [100%] [32m[1mLinking CXX executable slam_gmapping[0m
[84.781s] [100%] Built target slam_gmapping
[84.797s] Invoked command in '/workspaces/isaac_ros-dev/software/library_ws/build/slam_gmapping' returned '0': AMENT_PREFIX_PATH=/workspaces/isaac_ros-dev/software/library_ws/install/openslam_gmapping:${AMENT_PREFIX_PATH} CMAKE_PREFIX_PATH=/workspaces/isaac_ros-dev/software/library_ws/install/openslam_gmapping:/workspaces/isaac_ros-dev/yahboomcar_ws2/install/yahboomcar_msgs:/workspaces/isaac_ros-dev/yahboomcar_ws2/install/yahboomcar_base_node:/workspaces/isaac_ros-dev/software/library_ws/install/sllidar_ros2:/workspaces/isaac_ros-dev/software/library_ws/install/costmap_converter:/workspaces/isaac_ros-dev/software/library_ws/install/costmap_converter_msgs:/workspaces/isaac_ros-dev/software/library_ws/install/astra_camera_msgs:/workspaces/isaac_ros-dev/yahboomcar_ws2/install/yahboomcar_laser:/workspaces/isaac_ros-dev/yahboomcar_ws2/install/yahboomcar_description:/workspaces/isaac_ros-dev/yahboomcar_ws2/install/yahboomcar_ctrl:/workspaces/isaac_ros-dev/yahboomcar_ws2/install/yahboomcar_bringup:/workspaces/isaac_ros-dev/yahboomcar_ws2/install/robot_pose_publisher:/opt/ros/humble LD_LIBRARY_PATH=/workspaces/isaac_ros-dev/software/library_ws/install/openslam_gmapping/lib:${LD_LIBRARY_PATH} /usr/bin/cmake --build /workspaces/isaac_ros-dev/software/library_ws/build/slam_gmapping -- -j6 -l6
[84.893s] Invoking command in '/workspaces/isaac_ros-dev/software/library_ws/build/slam_gmapping': AMENT_PREFIX_PATH=/workspaces/isaac_ros-dev/software/library_ws/install/openslam_gmapping:${AMENT_PREFIX_PATH} CMAKE_PREFIX_PATH=/workspaces/isaac_ros-dev/software/library_ws/install/openslam_gmapping:/workspaces/isaac_ros-dev/yahboomcar_ws2/install/yahboomcar_msgs:/workspaces/isaac_ros-dev/yahboomcar_ws2/install/yahboomcar_base_node:/workspaces/isaac_ros-dev/software/library_ws/install/sllidar_ros2:/workspaces/isaac_ros-dev/software/library_ws/install/costmap_converter:/workspaces/isaac_ros-dev/software/library_ws/install/costmap_converter_msgs:/workspaces/isaac_ros-dev/software/library_ws/install/astra_camera_msgs:/workspaces/isaac_ros-dev/yahboomcar_ws2/install/yahboomcar_laser:/workspaces/isaac_ros-dev/yahboomcar_ws2/install/yahboomcar_description:/workspaces/isaac_ros-dev/yahboomcar_ws2/install/yahboomcar_ctrl:/workspaces/isaac_ros-dev/yahboomcar_ws2/install/yahboomcar_bringup:/workspaces/isaac_ros-dev/yahboomcar_ws2/install/robot_pose_publisher:/opt/ros/humble LD_LIBRARY_PATH=/workspaces/isaac_ros-dev/software/library_ws/install/openslam_gmapping/lib:${LD_LIBRARY_PATH} /usr/bin/cmake --install /workspaces/isaac_ros-dev/software/library_ws/build/slam_gmapping
[84.904s] -- Install configuration: "RelWithDebInfo"
[84.905s] -- Execute custom install script
[84.907s] -- Symlinking: /workspaces/isaac_ros-dev/software/library_ws/install/slam_gmapping/lib/slam_gmapping/slam_gmapping
[84.920s] -- Symlinking: /workspaces/isaac_ros-dev/software/library_ws/install/slam_gmapping/share/slam_gmapping/launch/slam_gmapping.launch.py
[84.928s] -- Symlinking: /workspaces/isaac_ros-dev/software/library_ws/install/slam_gmapping/share/slam_gmapping/params/slam_gmapping.yaml
[84.939s] -- Symlinking: /workspaces/isaac_ros-dev/software/library_ws/install/slam_gmapping/share/ament_index/resource_index/package_run_dependencies/slam_gmapping
[84.949s] -- Symlinking: /workspaces/isaac_ros-dev/software/library_ws/install/slam_gmapping/share/ament_index/resource_index/parent_prefix_path/slam_gmapping
[84.960s] -- Symlinking: /workspaces/isaac_ros-dev/software/library_ws/install/slam_gmapping/share/slam_gmapping/environment/ament_prefix_path.sh
[84.967s] -- Symlinking: /workspaces/isaac_ros-dev/software/library_ws/install/slam_gmapping/share/slam_gmapping/environment/ament_prefix_path.dsv
[84.977s] -- Symlinking: /workspaces/isaac_ros-dev/software/library_ws/install/slam_gmapping/share/slam_gmapping/environment/path.sh
[84.989s] -- Symlinking: /workspaces/isaac_ros-dev/software/library_ws/install/slam_gmapping/share/slam_gmapping/environment/path.dsv
[84.998s] -- Symlinking: /workspaces/isaac_ros-dev/software/library_ws/install/slam_gmapping/share/slam_gmapping/local_setup.bash
[85.010s] -- Symlinking: /workspaces/isaac_ros-dev/software/library_ws/install/slam_gmapping/share/slam_gmapping/local_setup.sh
[85.018s] -- Symlinking: /workspaces/isaac_ros-dev/software/library_ws/install/slam_gmapping/share/slam_gmapping/local_setup.zsh
[85.031s] -- Symlinking: /workspaces/isaac_ros-dev/software/library_ws/install/slam_gmapping/share/slam_gmapping/local_setup.dsv
[85.044s] -- Symlinking: /workspaces/isaac_ros-dev/software/library_ws/install/slam_gmapping/share/slam_gmapping/package.dsv
[85.053s] -- Symlinking: /workspaces/isaac_ros-dev/software/library_ws/install/slam_gmapping/share/ament_index/resource_index/packages/slam_gmapping
[85.063s] -- Symlinking: /workspaces/isaac_ros-dev/software/library_ws/install/slam_gmapping/share/slam_gmapping/cmake/slam_gmappingConfig.cmake
[85.075s] -- Symlinking: /workspaces/isaac_ros-dev/software/library_ws/install/slam_gmapping/share/slam_gmapping/cmake/slam_gmappingConfig-version.cmake
[85.085s] -- Symlinking: /workspaces/isaac_ros-dev/software/library_ws/install/slam_gmapping/share/slam_gmapping/package.xml
[85.098s] Invoked command in '/workspaces/isaac_ros-dev/software/library_ws/build/slam_gmapping' returned '0': AMENT_PREFIX_PATH=/workspaces/isaac_ros-dev/software/library_ws/install/openslam_gmapping:${AMENT_PREFIX_PATH} CMAKE_PREFIX_PATH=/workspaces/isaac_ros-dev/software/library_ws/install/openslam_gmapping:/workspaces/isaac_ros-dev/yahboomcar_ws2/install/yahboomcar_msgs:/workspaces/isaac_ros-dev/yahboomcar_ws2/install/yahboomcar_base_node:/workspaces/isaac_ros-dev/software/library_ws/install/sllidar_ros2:/workspaces/isaac_ros-dev/software/library_ws/install/costmap_converter:/workspaces/isaac_ros-dev/software/library_ws/install/costmap_converter_msgs:/workspaces/isaac_ros-dev/software/library_ws/install/astra_camera_msgs:/workspaces/isaac_ros-dev/yahboomcar_ws2/install/yahboomcar_laser:/workspaces/isaac_ros-dev/yahboomcar_ws2/install/yahboomcar_description:/workspaces/isaac_ros-dev/yahboomcar_ws2/install/yahboomcar_ctrl:/workspaces/isaac_ros-dev/yahboomcar_ws2/install/yahboomcar_bringup:/workspaces/isaac_ros-dev/yahboomcar_ws2/install/robot_pose_publisher:/opt/ros/humble LD_LIBRARY_PATH=/workspaces/isaac_ros-dev/software/library_ws/install/openslam_gmapping/lib:${LD_LIBRARY_PATH} /usr/bin/cmake --install /workspaces/isaac_ros-dev/software/library_ws/build/slam_gmapping
