Performing C SOURCE FILE Test CMAKE_HAVE_LIBC_PTHREAD failed with the following output:
Change Dir: /workspaces/isaac_ros-dev/software/library_ws/build/costmap_converter/CMakeFiles/CMakeTmp

Run Build Command(s):/usr/bin/make -f Makefile cmTC_90823/fast && /usr/bin/make  -f CMakeFiles/cmTC_90823.dir/build.make CMakeFiles/cmTC_90823.dir/build
make[1]: Entering directory '/workspaces/isaac_ros-dev/software/library_ws/build/costmap_converter/CMakeFiles/CMakeTmp'
Building C object CMakeFiles/cmTC_90823.dir/src.c.o
/usr/bin/cc -DCMAKE_HAVE_LIBC_PTHREAD   -o CMakeFiles/cmTC_90823.dir/src.c.o -c /workspaces/isaac_ros-dev/software/library_ws/build/costmap_converter/CMakeFiles/CMakeTmp/src.c
Linking C executable cmTC_90823
/usr/bin/cmake -E cmake_link_script CMakeFiles/cmTC_90823.dir/link.txt --verbose=1
/usr/bin/cc CMakeFiles/cmTC_90823.dir/src.c.o -o cmTC_90823 
/usr/bin/ld: CMakeFiles/cmTC_90823.dir/src.c.o: in function `main':
src.c:(.text+0x48): undefined reference to `pthread_create'
/usr/bin/ld: src.c:(.text+0x50): undefined reference to `pthread_detach'
/usr/bin/ld: src.c:(.text+0x58): undefined reference to `pthread_cancel'
/usr/bin/ld: src.c:(.text+0x64): undefined reference to `pthread_join'
collect2: error: ld returned 1 exit status
make[1]: *** [CMakeFiles/cmTC_90823.dir/build.make:99: cmTC_90823] Error 1
make[1]: Leaving directory '/workspaces/isaac_ros-dev/software/library_ws/build/costmap_converter/CMakeFiles/CMakeTmp'
make: *** [Makefile:127: cmTC_90823/fast] Error 2


Source file was:
#include <pthread.h>

static void* test_func(void* data)
{
  return data;
}

int main(void)
{
  pthread_t thread;
  pthread_create(&thread, NULL, test_func, NULL);
  pthread_detach(thread);
  pthread_cancel(thread);
  pthread_join(thread, NULL);
  pthread_atfork(NULL, NULL, NULL);
  pthread_exit(NULL);

  return 0;
}

Determining if the function pthread_create exists in the pthreads failed with the following output:
Change Dir: /workspaces/isaac_ros-dev/software/library_ws/build/costmap_converter/CMakeFiles/CMakeTmp

Run Build Command(s):/usr/bin/make -f Makefile cmTC_78e01/fast && /usr/bin/make  -f CMakeFiles/cmTC_78e01.dir/build.make CMakeFiles/cmTC_78e01.dir/build
make[1]: Entering directory '/workspaces/isaac_ros-dev/software/library_ws/build/costmap_converter/CMakeFiles/CMakeTmp'
Building C object CMakeFiles/cmTC_78e01.dir/CheckFunctionExists.c.o
/usr/bin/cc   -DCHECK_FUNCTION_EXISTS=pthread_create -o CMakeFiles/cmTC_78e01.dir/CheckFunctionExists.c.o -c /usr/share/cmake-3.22/Modules/CheckFunctionExists.c
Linking C executable cmTC_78e01
/usr/bin/cmake -E cmake_link_script CMakeFiles/cmTC_78e01.dir/link.txt --verbose=1
/usr/bin/cc  -DCHECK_FUNCTION_EXISTS=pthread_create CMakeFiles/cmTC_78e01.dir/CheckFunctionExists.c.o -o cmTC_78e01  -lpthreads 
/usr/bin/ld: cannot find -lpthreads
collect2: error: ld returned 1 exit status
make[1]: *** [CMakeFiles/cmTC_78e01.dir/build.make:99: cmTC_78e01] Error 1
make[1]: Leaving directory '/workspaces/isaac_ros-dev/software/library_ws/build/costmap_converter/CMakeFiles/CMakeTmp'
make: *** [Makefile:127: cmTC_78e01/fast] Error 2



