[0.226s] Invoking command in '/workspaces/isaac_ros-dev/software/library_ws/build/openslam_gmapping': CMAKE_PREFIX_PATH=${CMAKE_PREFIX_PATH}:/workspaces/isaac_ros-dev/yahboomcar_ws2/install/yahboomcar_laser:/workspaces/isaac_ros-dev/yahboomcar_ws2/install/yahboomcar_description:/workspaces/isaac_ros-dev/yahboomcar_ws2/install/yahboomcar_ctrl:/workspaces/isaac_ros-dev/yahboomcar_ws2/install/yahboomcar_bringup:/workspaces/isaac_ros-dev/yahboomcar_ws2/install/robot_pose_publisher:/opt/ros/humble /usr/bin/cmake /workspaces/isaac_ros-dev/software/library_ws/src/ros2_gmapping/openslam_gmapping -DCMAKE_BUILD_TYPE=RelWithDebInfo -DAMENT_CMAKE_SYMLINK_INSTALL=1 -DCMAKE_INSTALL_PREFIX=/workspaces/isaac_ros-dev/software/library_ws/install/openslam_gmapping
[0.438s] -- The C compiler identification is GNU 9.4.0
[0.595s] -- The CXX compiler identification is GNU 9.4.0
[0.616s] -- Detecting C compiler ABI info
[0.769s] -- Detecting C compiler ABI info - done
[0.789s] -- Check for working C compiler: /usr/bin/cc - skipped
[0.789s] -- Detecting C compile features
[0.791s] -- Detecting C compile features - done
[0.799s] -- Detecting CXX compiler ABI info
[0.971s] -- Detecting CXX compiler ABI info - done
[0.988s] -- Check for working CXX compiler: /usr/bin/c++ - skipped
[0.990s] -- Detecting CXX compile features
[0.991s] -- Detecting CXX compile features - done
[1.014s] -- Found ament_cmake: 1.3.6 (/opt/ros/humble/share/ament_cmake/cmake)
[3.129s] -- Found Python3: /usr/bin/python3.8 (found version "3.8.10") found components: Interpreter 
[3.301s] -- Override CMake install command with custom implementation using symlinks instead of copying resources
[3.641s] -- Configuring done
[3.679s] -- Generating done
[3.683s] -- Build files have been written to: /workspaces/isaac_ros-dev/software/library_ws/build/openslam_gmapping
[3.701s] Invoked command in '/workspaces/isaac_ros-dev/software/library_ws/build/openslam_gmapping' returned '0': CMAKE_PREFIX_PATH=${CMAKE_PREFIX_PATH}:/workspaces/isaac_ros-dev/yahboomcar_ws2/install/yahboomcar_laser:/workspaces/isaac_ros-dev/yahboomcar_ws2/install/yahboomcar_description:/workspaces/isaac_ros-dev/yahboomcar_ws2/install/yahboomcar_ctrl:/workspaces/isaac_ros-dev/yahboomcar_ws2/install/yahboomcar_bringup:/workspaces/isaac_ros-dev/yahboomcar_ws2/install/robot_pose_publisher:/opt/ros/humble /usr/bin/cmake /workspaces/isaac_ros-dev/software/library_ws/src/ros2_gmapping/openslam_gmapping -DCMAKE_BUILD_TYPE=RelWithDebInfo -DAMENT_CMAKE_SYMLINK_INSTALL=1 -DCMAKE_INSTALL_PREFIX=/workspaces/isaac_ros-dev/software/library_ws/install/openslam_gmapping
[3.705s] Invoking command in '/workspaces/isaac_ros-dev/software/library_ws/build/openslam_gmapping': CMAKE_PREFIX_PATH=${CMAKE_PREFIX_PATH}:/workspaces/isaac_ros-dev/yahboomcar_ws2/install/yahboomcar_laser:/workspaces/isaac_ros-dev/yahboomcar_ws2/install/yahboomcar_description:/workspaces/isaac_ros-dev/yahboomcar_ws2/install/yahboomcar_ctrl:/workspaces/isaac_ros-dev/yahboomcar_ws2/install/yahboomcar_bringup:/workspaces/isaac_ros-dev/yahboomcar_ws2/install/robot_pose_publisher:/opt/ros/humble /usr/bin/cmake --build /workspaces/isaac_ros-dev/software/library_ws/build/openslam_gmapping -- -j6 -l6
[3.778s] [  4%] [32mBuilding CXX object utils/CMakeFiles/utils.dir/movement.cpp.o[0m
[3.778s] [  9%] [32mBuilding CXX object sensor/sensor_base/CMakeFiles/sensor_base.dir/sensorreading.cpp.o[0m
[3.778s] [ 13%] [32mBuilding CXX object utils/CMakeFiles/utils.dir/stat.cpp.o[0m
[3.782s] [ 18%] [32mBuilding CXX object sensor/sensor_base/CMakeFiles/sensor_base.dir/sensor.cpp.o[0m
[4.594s] [ 22%] [32m[1mLinking CXX static library libsensor_base.a[0m
[4.675s] [ 22%] Built target sensor_base
[4.728s] [ 27%] [32mBuilding CXX object sensor/sensor_range/CMakeFiles/sensor_range.dir/rangesensor.cpp.o[0m
[4.740s] [ 31%] [32mBuilding CXX object sensor/sensor_odometry/CMakeFiles/sensor_odometry.dir/odometryreading.cpp.o[0m
[4.743s] [ 36%] [32mBuilding CXX object sensor/sensor_odometry/CMakeFiles/sensor_odometry.dir/odometrysensor.cpp.o[0m
[4.746s] [ 40%] [32mBuilding CXX object sensor/sensor_range/CMakeFiles/sensor_range.dir/rangereading.cpp.o[0m
[5.114s] [ 45%] [32m[1mLinking CXX static library libutils.a[0m
[5.298s] [ 45%] Built target utils
[5.813s] [ 50%] [32m[1mLinking CXX static library libsensor_odometry.a[0m
[5.879s] [ 50%] Built target sensor_odometry
[6.402s] [ 54%] [32m[1mLinking CXX static library libsensor_range.a[0m
[6.454s] [ 54%] Built target sensor_range
[6.488s] [ 59%] [32mBuilding CXX object scanmatcher/CMakeFiles/scanmatcher.dir/scanmatcherprocessor.cpp.o[0m
[6.489s] [ 63%] [32mBuilding CXX object scanmatcher/CMakeFiles/scanmatcher.dir/scanmatcher.cpp.o[0m
[6.494s] [ 68%] [32mBuilding CXX object scanmatcher/CMakeFiles/scanmatcher.dir/eig3.cpp.o[0m
[6.497s] [ 72%] [32mBuilding CXX object scanmatcher/CMakeFiles/scanmatcher.dir/smmap.cpp.o[0m
[10.883s] [ 77%] [32m[1mLinking CXX static library libscanmatcher.a[0m
[10.947s] [ 77%] Built target scanmatcher
[10.979s] [ 81%] [32mBuilding CXX object gridfastslam/CMakeFiles/gridfastslam.dir/gfsreader.cpp.o[0m
[10.979s] [ 90%] [32mBuilding CXX object gridfastslam/CMakeFiles/gridfastslam.dir/gridslamprocessor.cpp.o[0m
[10.979s] [ 90%] [32mBuilding CXX object gridfastslam/CMakeFiles/gridfastslam.dir/gridslamprocessor_tree.cpp.o[0m
[10.980s] [ 95%] [32mBuilding CXX object gridfastslam/CMakeFiles/gridfastslam.dir/motionmodel.cpp.o[0m
[16.566s] [100%] [32m[1mLinking CXX static library libgridfastslam.a[0m
[16.643s] [100%] Built target gridfastslam
[16.658s] Invoked command in '/workspaces/isaac_ros-dev/software/library_ws/build/openslam_gmapping' returned '0': CMAKE_PREFIX_PATH=${CMAKE_PREFIX_PATH}:/workspaces/isaac_ros-dev/yahboomcar_ws2/install/yahboomcar_laser:/workspaces/isaac_ros-dev/yahboomcar_ws2/install/yahboomcar_description:/workspaces/isaac_ros-dev/yahboomcar_ws2/install/yahboomcar_ctrl:/workspaces/isaac_ros-dev/yahboomcar_ws2/install/yahboomcar_bringup:/workspaces/isaac_ros-dev/yahboomcar_ws2/install/robot_pose_publisher:/opt/ros/humble /usr/bin/cmake --build /workspaces/isaac_ros-dev/software/library_ws/build/openslam_gmapping -- -j6 -l6
[16.760s] Invoking command in '/workspaces/isaac_ros-dev/software/library_ws/build/openslam_gmapping': CMAKE_PREFIX_PATH=${CMAKE_PREFIX_PATH}:/workspaces/isaac_ros-dev/yahboomcar_ws2/install/yahboomcar_laser:/workspaces/isaac_ros-dev/yahboomcar_ws2/install/yahboomcar_description:/workspaces/isaac_ros-dev/yahboomcar_ws2/install/yahboomcar_ctrl:/workspaces/isaac_ros-dev/yahboomcar_ws2/install/yahboomcar_bringup:/workspaces/isaac_ros-dev/yahboomcar_ws2/install/robot_pose_publisher:/opt/ros/humble /usr/bin/cmake --install /workspaces/isaac_ros-dev/software/library_ws/build/openslam_gmapping
[16.770s] -- Install configuration: "RelWithDebInfo"
[16.771s] -- Execute custom install script
[16.772s] -- Symlinking: /workspaces/isaac_ros-dev/software/library_ws/install/openslam_gmapping/lib/libgridfastslam.a
[16.784s] -- Symlinking: /workspaces/isaac_ros-dev/software/library_ws/install/openslam_gmapping/lib/libscanmatcher.a
[16.798s] -- Symlinking: /workspaces/isaac_ros-dev/software/library_ws/install/openslam_gmapping/lib/libsensor_base.a
[16.813s] -- Symlinking: /workspaces/isaac_ros-dev/software/library_ws/install/openslam_gmapping/share/openslam_gmapping/environment/library_path.sh
[16.819s] -- Symlinking: /workspaces/isaac_ros-dev/software/library_ws/install/openslam_gmapping/share/openslam_gmapping/environment/library_path.dsv
[16.833s] -- Up-to-date symlink: /workspaces/isaac_ros-dev/software/library_ws/install/openslam_gmapping/share/openslam_gmapping/environment/library_path.sh
[16.834s] -- Up-to-date symlink: /workspaces/isaac_ros-dev/software/library_ws/install/openslam_gmapping/share/openslam_gmapping/environment/library_path.dsv
[16.834s] -- Symlinking: /workspaces/isaac_ros-dev/software/library_ws/install/openslam_gmapping/lib/libsensor_odometry.a
[16.842s] -- Symlinking: /workspaces/isaac_ros-dev/software/library_ws/install/openslam_gmapping/lib/libsensor_range.a
[16.851s] -- Symlinking: /workspaces/isaac_ros-dev/software/library_ws/install/openslam_gmapping/lib/libutils.a
[16.864s] -- Up-to-date symlink: /workspaces/isaac_ros-dev/software/library_ws/install/openslam_gmapping/share/openslam_gmapping/environment/library_path.sh
[16.864s] -- Up-to-date symlink: /workspaces/isaac_ros-dev/software/library_ws/install/openslam_gmapping/share/openslam_gmapping/environment/library_path.dsv
[16.865s] -- Up-to-date symlink: /workspaces/isaac_ros-dev/software/library_ws/install/openslam_gmapping/share/openslam_gmapping/environment/library_path.sh
[16.865s] -- Up-to-date symlink: /workspaces/isaac_ros-dev/software/library_ws/install/openslam_gmapping/share/openslam_gmapping/environment/library_path.dsv
[16.871s] -- Symlinking: /workspaces/isaac_ros-dev/software/library_ws/install/openslam_gmapping/include//gmapping/grid/accessstate.h
[16.877s] -- Symlinking: /workspaces/isaac_ros-dev/software/library_ws/install/openslam_gmapping/include//gmapping/grid/array2d.h
[16.885s] -- Symlinking: /workspaces/isaac_ros-dev/software/library_ws/install/openslam_gmapping/include//gmapping/grid/harray2d.h
[16.894s] -- Symlinking: /workspaces/isaac_ros-dev/software/library_ws/install/openslam_gmapping/include//gmapping/grid/map.h
[16.905s] -- Symlinking: /workspaces/isaac_ros-dev/software/library_ws/install/openslam_gmapping/include//gmapping/gridfastslam/gridslamprocessor.h
[16.914s] -- Symlinking: /workspaces/isaac_ros-dev/software/library_ws/install/openslam_gmapping/include//gmapping/gridfastslam/gridslamprocessor.hxx
[16.923s] -- Symlinking: /workspaces/isaac_ros-dev/software/library_ws/install/openslam_gmapping/include//gmapping/gridfastslam/motionmodel.h
[16.932s] -- Symlinking: /workspaces/isaac_ros-dev/software/library_ws/install/openslam_gmapping/include//gmapping/log/configuration.h
[16.942s] -- Symlinking: /workspaces/isaac_ros-dev/software/library_ws/install/openslam_gmapping/include//gmapping/log/sensorlog.h
[16.953s] -- Symlinking: /workspaces/isaac_ros-dev/software/library_ws/install/openslam_gmapping/include//gmapping/particlefilter/particlefilter.h
[16.963s] -- Symlinking: /workspaces/isaac_ros-dev/software/library_ws/install/openslam_gmapping/include//gmapping/scanmatcher/icp.h
[16.972s] -- Symlinking: /workspaces/isaac_ros-dev/software/library_ws/install/openslam_gmapping/include//gmapping/scanmatcher/scanmatcher.h
[16.983s] -- Symlinking: /workspaces/isaac_ros-dev/software/library_ws/install/openslam_gmapping/include//gmapping/scanmatcher/smmap.h
[16.993s] -- Symlinking: /workspaces/isaac_ros-dev/software/library_ws/install/openslam_gmapping/include//gmapping/sensor/sensor_base/sensor.h
[17.002s] -- Symlinking: /workspaces/isaac_ros-dev/software/library_ws/install/openslam_gmapping/include//gmapping/sensor/sensor_base/sensorreading.h
[17.014s] -- Symlinking: /workspaces/isaac_ros-dev/software/library_ws/install/openslam_gmapping/include//gmapping/sensor/sensor_odometry/odometryreading.h
[17.023s] -- Symlinking: /workspaces/isaac_ros-dev/software/library_ws/install/openslam_gmapping/include//gmapping/sensor/sensor_odometry/odometrysensor.h
[17.034s] -- Symlinking: /workspaces/isaac_ros-dev/software/library_ws/install/openslam_gmapping/include//gmapping/sensor/sensor_range/rangereading.h
[17.043s] -- Symlinking: /workspaces/isaac_ros-dev/software/library_ws/install/openslam_gmapping/include//gmapping/sensor/sensor_range/rangesensor.h
[17.053s] -- Symlinking: /workspaces/isaac_ros-dev/software/library_ws/install/openslam_gmapping/include//gmapping/utils/autoptr.h
[17.064s] -- Symlinking: /workspaces/isaac_ros-dev/software/library_ws/install/openslam_gmapping/include//gmapping/utils/commandline.h
[17.075s] -- Symlinking: /workspaces/isaac_ros-dev/software/library_ws/install/openslam_gmapping/include//gmapping/utils/gvalues.h
[17.087s] -- Symlinking: /workspaces/isaac_ros-dev/software/library_ws/install/openslam_gmapping/include//gmapping/utils/macro_params.h
[17.097s] -- Symlinking: /workspaces/isaac_ros-dev/software/library_ws/install/openslam_gmapping/include//gmapping/utils/point.h
[17.114s] -- Symlinking: /workspaces/isaac_ros-dev/software/library_ws/install/openslam_gmapping/include//gmapping/utils/stat.h
[17.125s] -- Symlinking: /workspaces/isaac_ros-dev/software/library_ws/install/openslam_gmapping/share/ament_index/resource_index/package_run_dependencies/openslam_gmapping
[17.134s] -- Symlinking: /workspaces/isaac_ros-dev/software/library_ws/install/openslam_gmapping/share/ament_index/resource_index/parent_prefix_path/openslam_gmapping
[17.145s] -- Symlinking: /workspaces/isaac_ros-dev/software/library_ws/install/openslam_gmapping/share/openslam_gmapping/environment/ament_prefix_path.sh
[17.155s] -- Symlinking: /workspaces/isaac_ros-dev/software/library_ws/install/openslam_gmapping/share/openslam_gmapping/environment/ament_prefix_path.dsv
[17.164s] -- Symlinking: /workspaces/isaac_ros-dev/software/library_ws/install/openslam_gmapping/share/openslam_gmapping/environment/path.sh
[17.174s] -- Symlinking: /workspaces/isaac_ros-dev/software/library_ws/install/openslam_gmapping/share/openslam_gmapping/environment/path.dsv
[17.183s] -- Symlinking: /workspaces/isaac_ros-dev/software/library_ws/install/openslam_gmapping/share/openslam_gmapping/local_setup.bash
[17.193s] -- Symlinking: /workspaces/isaac_ros-dev/software/library_ws/install/openslam_gmapping/share/openslam_gmapping/local_setup.sh
[17.204s] -- Symlinking: /workspaces/isaac_ros-dev/software/library_ws/install/openslam_gmapping/share/openslam_gmapping/local_setup.zsh
[17.212s] -- Symlinking: /workspaces/isaac_ros-dev/software/library_ws/install/openslam_gmapping/share/openslam_gmapping/local_setup.dsv
[17.221s] -- Symlinking: /workspaces/isaac_ros-dev/software/library_ws/install/openslam_gmapping/share/openslam_gmapping/package.dsv
[17.229s] -- Symlinking: /workspaces/isaac_ros-dev/software/library_ws/install/openslam_gmapping/share/ament_index/resource_index/packages/openslam_gmapping
[17.239s] -- Symlinking: /workspaces/isaac_ros-dev/software/library_ws/install/openslam_gmapping/share/openslam_gmapping/cmake/ament_cmake_export_libraries-extras.cmake
[17.248s] -- Symlinking: /workspaces/isaac_ros-dev/software/library_ws/install/openslam_gmapping/share/openslam_gmapping/cmake/ament_cmake_export_include_directories-extras.cmake
[17.259s] -- Symlinking: /workspaces/isaac_ros-dev/software/library_ws/install/openslam_gmapping/share/openslam_gmapping/cmake/openslam_gmappingConfig.cmake
[17.275s] -- Symlinking: /workspaces/isaac_ros-dev/software/library_ws/install/openslam_gmapping/share/openslam_gmapping/cmake/openslam_gmappingConfig-version.cmake
[17.284s] -- Symlinking: /workspaces/isaac_ros-dev/software/library_ws/install/openslam_gmapping/share/openslam_gmapping/package.xml
[17.300s] Invoked command in '/workspaces/isaac_ros-dev/software/library_ws/build/openslam_gmapping' returned '0': CMAKE_PREFIX_PATH=${CMAKE_PREFIX_PATH}:/workspaces/isaac_ros-dev/yahboomcar_ws2/install/yahboomcar_laser:/workspaces/isaac_ros-dev/yahboomcar_ws2/install/yahboomcar_description:/workspaces/isaac_ros-dev/yahboomcar_ws2/install/yahboomcar_ctrl:/workspaces/isaac_ros-dev/yahboomcar_ws2/install/yahboomcar_bringup:/workspaces/isaac_ros-dev/yahboomcar_ws2/install/robot_pose_publisher:/opt/ros/humble /usr/bin/cmake --install /workspaces/isaac_ros-dev/software/library_ws/build/openslam_gmapping
