[0.199s] Invoking command in '/workspaces/isaac_ros-dev/software/library_ws/build/costmap_converter_msgs': CMAKE_PREFIX_PATH=${CMAKE_PREFIX_PATH}:/workspaces/isaac_ros-dev/yahboomcar_ws2/install/yahboomcar_laser:/workspaces/isaac_ros-dev/yahboomcar_ws2/install/yahboomcar_description:/workspaces/isaac_ros-dev/yahboomcar_ws2/install/yahboomcar_ctrl:/workspaces/isaac_ros-dev/yahboomcar_ws2/install/yahboomcar_bringup:/workspaces/isaac_ros-dev/yahboomcar_ws2/install/robot_pose_publisher:/opt/ros/humble /usr/bin/cmake /workspaces/isaac_ros-dev/software/library_ws/src/costmap_converter-ros2/costmap_converter_msgs -DCMAKE_BUILD_TYPE=RelWithDebInfo -DAMENT_CMAKE_SYMLINK_INSTALL=1 -DCMAKE_INSTALL_PREFIX=/workspaces/isaac_ros-dev/software/library_ws/install/costmap_converter_msgs
[0.342s] -- The C compiler identification is GNU 9.4.0
[0.469s] -- The CXX compiler identification is GNU 9.4.0
[0.484s] -- Detecting C compiler ABI info
[0.615s] -- Detecting C compiler ABI info - done
[0.634s] -- Check for working C compiler: /usr/bin/cc - skipped
[0.634s] -- Detecting C compile features
[0.635s] -- Detecting C compile features - done
[0.643s] -- Detecting CXX compiler ABI info
[0.806s] -- Detecting CXX compiler ABI info - done
[0.823s] -- Check for working CXX compiler: /usr/bin/c++ - skipped
[0.824s] -- Detecting CXX compile features
[0.828s] -- Detecting CXX compile features - done
[0.837s] -- Found ament_cmake: 1.3.6 (/opt/ros/humble/share/ament_cmake/cmake)
[3.010s] -- Found Python3: /usr/bin/python3.8 (found version "3.8.10") found components: Interpreter 
[3.181s] -- Override CMake install command with custom implementation using symlinks instead of copying resources
[3.295s] -- Found builtin_interfaces: 1.2.1 (/opt/ros/humble/share/builtin_interfaces/cmake)
[3.421s] -- Found rosidl_generator_c: 3.1.5 (/opt/ros/humble/share/rosidl_generator_c/cmake)
[3.442s] -- Found rosidl_adapter: 3.1.5 (/opt/ros/humble/share/rosidl_adapter/cmake)
[3.473s] -- Found rosidl_generator_cpp: 3.1.5 (/opt/ros/humble/share/rosidl_generator_cpp/cmake)
[3.518s] -- Using all available rosidl_typesupport_c: rosidl_typesupport_fastrtps_c;rosidl_typesupport_introspection_c
[3.582s] -- Using all available rosidl_typesupport_cpp: rosidl_typesupport_fastrtps_cpp;rosidl_typesupport_introspection_cpp
[3.643s] -- Found geometry_msgs: 4.2.3 (/opt/ros/humble/share/geometry_msgs/cmake)
[3.884s] -- Found rosidl_default_generators: 1.2.0 (/opt/ros/humble/share/rosidl_default_generators/cmake)
[4.526s] -- Found ament_cmake_ros: 0.10.0 (/opt/ros/humble/share/ament_cmake_ros/cmake)
[5.240s] -- Using all available rosidl_typesupport_c: rosidl_typesupport_fastrtps_c;rosidl_typesupport_introspection_c
[5.513s] -- Using all available rosidl_typesupport_cpp: rosidl_typesupport_fastrtps_cpp;rosidl_typesupport_introspection_cpp
[5.604s] -- Found PythonInterp: /usr/bin/python3 (found suitable version "3.8.10", minimum required is "3.6") 
[5.610s] -- Found python_cmake_module: 0.10.0 (/opt/ros/humble/share/python_cmake_module/cmake)
[5.696s] -- Found PythonLibs: /usr/lib/aarch64-linux-gnu/libpython3.8.so (found suitable version "3.8.10", minimum required is "3.5") 
[5.696s] -- Using PYTHON_EXECUTABLE: /usr/bin/python3
[5.697s] -- Using PYTHON_INCLUDE_DIRS: /usr/include/python3.8
[5.697s] -- Using PYTHON_LIBRARIES: /usr/lib/aarch64-linux-gnu/libpython3.8.so
[5.769s] -- Found PythonExtra: .so  
[5.966s] -- Configuring done
[6.064s] -- Generating done
[6.072s] -- Build files have been written to: /workspaces/isaac_ros-dev/software/library_ws/build/costmap_converter_msgs
[6.098s] Invoked command in '/workspaces/isaac_ros-dev/software/library_ws/build/costmap_converter_msgs' returned '0': CMAKE_PREFIX_PATH=${CMAKE_PREFIX_PATH}:/workspaces/isaac_ros-dev/yahboomcar_ws2/install/yahboomcar_laser:/workspaces/isaac_ros-dev/yahboomcar_ws2/install/yahboomcar_description:/workspaces/isaac_ros-dev/yahboomcar_ws2/install/yahboomcar_ctrl:/workspaces/isaac_ros-dev/yahboomcar_ws2/install/yahboomcar_bringup:/workspaces/isaac_ros-dev/yahboomcar_ws2/install/robot_pose_publisher:/opt/ros/humble /usr/bin/cmake /workspaces/isaac_ros-dev/software/library_ws/src/costmap_converter-ros2/costmap_converter_msgs -DCMAKE_BUILD_TYPE=RelWithDebInfo -DAMENT_CMAKE_SYMLINK_INSTALL=1 -DCMAKE_INSTALL_PREFIX=/workspaces/isaac_ros-dev/software/library_ws/install/costmap_converter_msgs
[6.105s] Invoking command in '/workspaces/isaac_ros-dev/software/library_ws/build/costmap_converter_msgs': CMAKE_PREFIX_PATH=${CMAKE_PREFIX_PATH}:/workspaces/isaac_ros-dev/yahboomcar_ws2/install/yahboomcar_laser:/workspaces/isaac_ros-dev/yahboomcar_ws2/install/yahboomcar_description:/workspaces/isaac_ros-dev/yahboomcar_ws2/install/yahboomcar_ctrl:/workspaces/isaac_ros-dev/yahboomcar_ws2/install/yahboomcar_bringup:/workspaces/isaac_ros-dev/yahboomcar_ws2/install/robot_pose_publisher:/opt/ros/humble /usr/bin/cmake --build /workspaces/isaac_ros-dev/software/library_ws/build/costmap_converter_msgs -- -j6 -l6
[6.166s] [  2%] [34m[1mGenerating C code for ROS interfaces[0m
[6.182s] [  5%] [34m[1mGenerating C++ code for ROS interfaces[0m
[6.192s] [  5%] Built target ament_cmake_python_symlink_costmap_converter_msgs
[6.948s] [  5%] Built target costmap_converter_msgs__cpp
[6.978s] [ 10%] [34m[1mGenerating C++ introspection for ROS interfaces[0m
[6.979s] [ 10%] [34m[1mGenerating C++ type support for eProsima Fast-RTPS[0m
[6.992s] [ 12%] [34m[1mGenerating C++ type support dispatch for ROS interfaces[0m
[7.017s] [ 15%] [32mBuilding C object CMakeFiles/costmap_converter_msgs__rosidl_generator_c.dir/rosidl_generator_c/costmap_converter_msgs/msg/detail/obstacle_array_msg__functions.c.o[0m
[7.023s] [ 17%] [32mBuilding C object CMakeFiles/costmap_converter_msgs__rosidl_generator_c.dir/rosidl_generator_c/costmap_converter_msgs/msg/detail/obstacle_msg__functions.c.o[0m
[7.237s] running egg_info
[7.241s] creating costmap_converter_msgs.egg-info
[7.284s] writing costmap_converter_msgs.egg-info/PKG-INFO
[7.285s] writing dependency_links to costmap_converter_msgs.egg-info/dependency_links.txt
[7.286s] writing top-level names to costmap_converter_msgs.egg-info/top_level.txt
[7.286s] writing manifest file 'costmap_converter_msgs.egg-info/SOURCES.txt'
[7.415s] reading manifest file 'costmap_converter_msgs.egg-info/SOURCES.txt'
[7.416s] writing manifest file 'costmap_converter_msgs.egg-info/SOURCES.txt'
[7.504s] [ 20%] [32m[1mLinking C shared library libcostmap_converter_msgs__rosidl_generator_c.so[0m
[7.598s] [ 20%] Built target ament_cmake_python_build_costmap_converter_msgs_egg
[7.640s] [ 20%] Built target costmap_converter_msgs__rosidl_generator_c
[7.662s] [ 23%] [34m[1mGenerating C type support dispatch for ROS interfaces[0m
[7.679s] [ 28%] [34m[1mGenerating C introspection for ROS interfaces[0m
[7.679s] [ 28%] [34m[1mGenerating C type support for eProsima Fast-RTPS[0m
[7.897s] [ 30%] [32mBuilding CXX object CMakeFiles/costmap_converter_msgs__rosidl_typesupport_cpp.dir/rosidl_typesupport_cpp/costmap_converter_msgs/msg/obstacle_msg__type_support.cpp.o[0m
[8.008s] [ 33%] [32mBuilding CXX object CMakeFiles/costmap_converter_msgs__rosidl_typesupport_introspection_cpp.dir/rosidl_typesupport_introspection_cpp/costmap_converter_msgs/msg/detail/obstacle_msg__type_support.cpp.o[0m
[8.105s] [ 35%] [32mBuilding CXX object CMakeFiles/costmap_converter_msgs__rosidl_typesupport_fastrtps_cpp.dir/rosidl_typesupport_fastrtps_cpp/costmap_converter_msgs/msg/detail/dds_fastrtps/obstacle_msg__type_support.cpp.o[0m
[8.646s] [ 38%] [32mBuilding CXX object CMakeFiles/costmap_converter_msgs__rosidl_typesupport_c.dir/rosidl_typesupport_c/costmap_converter_msgs/msg/obstacle_msg__type_support.cpp.o[0m
[8.658s] [ 41%] [32mBuilding CXX object CMakeFiles/costmap_converter_msgs__rosidl_typesupport_fastrtps_c.dir/rosidl_typesupport_fastrtps_c/costmap_converter_msgs/msg/detail/obstacle_msg__type_support_c.cpp.o[0m
[8.908s] [ 43%] [32mBuilding CXX object CMakeFiles/costmap_converter_msgs__rosidl_typesupport_c.dir/rosidl_typesupport_c/costmap_converter_msgs/msg/obstacle_array_msg__type_support.cpp.o[0m
[8.990s] [ 46%] [32mBuilding C object CMakeFiles/costmap_converter_msgs__rosidl_typesupport_introspection_c.dir/rosidl_typesupport_introspection_c/costmap_converter_msgs/msg/detail/obstacle_msg__type_support.c.o[0m
[9.114s] [ 48%] [32m[1mLinking CXX shared library libcostmap_converter_msgs__rosidl_typesupport_c.so[0m
[9.135s] [ 51%] [32mBuilding CXX object CMakeFiles/costmap_converter_msgs__rosidl_typesupport_cpp.dir/rosidl_typesupport_cpp/costmap_converter_msgs/msg/obstacle_array_msg__type_support.cpp.o[0m
[9.236s] [ 53%] [32mBuilding C object CMakeFiles/costmap_converter_msgs__rosidl_typesupport_introspection_c.dir/rosidl_typesupport_introspection_c/costmap_converter_msgs/msg/detail/obstacle_array_msg__type_support.c.o[0m
[9.279s] [ 53%] Built target costmap_converter_msgs__rosidl_typesupport_c
[9.336s] [ 56%] [32mBuilding CXX object CMakeFiles/costmap_converter_msgs__rosidl_typesupport_fastrtps_c.dir/rosidl_typesupport_fastrtps_c/costmap_converter_msgs/msg/detail/obstacle_array_msg__type_support_c.cpp.o[0m
[9.577s] [ 58%] [32m[1mLinking C shared library libcostmap_converter_msgs__rosidl_typesupport_introspection_c.so[0m
[9.733s] [ 58%] Built target costmap_converter_msgs__rosidl_typesupport_introspection_c
[9.773s] [ 61%] [32mBuilding CXX object CMakeFiles/costmap_converter_msgs__rosidl_typesupport_fastrtps_cpp.dir/rosidl_typesupport_fastrtps_cpp/costmap_converter_msgs/msg/detail/dds_fastrtps/obstacle_array_msg__type_support.cpp.o[0m
[10.100s] [ 64%] [32mBuilding CXX object CMakeFiles/costmap_converter_msgs__rosidl_typesupport_introspection_cpp.dir/rosidl_typesupport_introspection_cpp/costmap_converter_msgs/msg/detail/obstacle_array_msg__type_support.cpp.o[0m
[10.437s] [ 66%] [32m[1mLinking CXX shared library libcostmap_converter_msgs__rosidl_typesupport_cpp.so[0m
[10.565s] [ 66%] Built target costmap_converter_msgs__rosidl_typesupport_cpp
[11.033s] [ 69%] [32m[1mLinking CXX shared library libcostmap_converter_msgs__rosidl_typesupport_fastrtps_c.so[0m
[11.288s] [ 69%] Built target costmap_converter_msgs__rosidl_typesupport_fastrtps_c
[11.841s] [ 71%] [32m[1mLinking CXX shared library libcostmap_converter_msgs__rosidl_typesupport_fastrtps_cpp.so[0m
[12.021s] [ 71%] Built target costmap_converter_msgs__rosidl_typesupport_fastrtps_cpp
[12.077s] [ 74%] [32m[1mLinking CXX shared library libcostmap_converter_msgs__rosidl_typesupport_introspection_cpp.so[0m
[12.256s] [ 74%] Built target costmap_converter_msgs__rosidl_typesupport_introspection_cpp
[12.294s] [ 74%] Built target costmap_converter_msgs
[12.328s] [ 76%] [34m[1mGenerating Python code for ROS interfaces[0m
[13.427s] [ 76%] Built target costmap_converter_msgs__py
[13.458s] [ 82%] [32mBuilding C object CMakeFiles/costmap_converter_msgs__rosidl_generator_py.dir/rosidl_generator_py/costmap_converter_msgs/msg/_obstacle_msg_s.c.o[0m
[13.459s] [ 82%] [32mBuilding C object CMakeFiles/costmap_converter_msgs__rosidl_generator_py.dir/rosidl_generator_py/costmap_converter_msgs/msg/_obstacle_array_msg_s.c.o[0m
[13.844s] [ 84%] [32m[1mLinking C shared library rosidl_generator_py/costmap_converter_msgs/libcostmap_converter_msgs__rosidl_generator_py.so[0m
[13.929s] [ 84%] Built target costmap_converter_msgs__rosidl_generator_py
[13.964s] [ 87%] [32mBuilding C object CMakeFiles/costmap_converter_msgs__rosidl_typesupport_introspection_c__pyext.dir/rosidl_generator_py/costmap_converter_msgs/_costmap_converter_msgs_s.ep.rosidl_typesupport_introspection_c.c.o[0m
[13.971s] [ 89%] [32mBuilding C object CMakeFiles/costmap_converter_msgs__rosidl_typesupport_c__pyext.dir/rosidl_generator_py/costmap_converter_msgs/_costmap_converter_msgs_s.ep.rosidl_typesupport_c.c.o[0m
[13.984s] [ 92%] [32mBuilding C object CMakeFiles/costmap_converter_msgs__rosidl_typesupport_fastrtps_c__pyext.dir/rosidl_generator_py/costmap_converter_msgs/_costmap_converter_msgs_s.ep.rosidl_typesupport_fastrtps_c.c.o[0m
[14.393s] [ 94%] [32m[1mLinking C shared library rosidl_generator_py/costmap_converter_msgs/costmap_converter_msgs_s__rosidl_typesupport_c.cpython-38-aarch64-linux-gnu.so[0m
[14.409s] [ 97%] [32m[1mLinking C shared library rosidl_generator_py/costmap_converter_msgs/costmap_converter_msgs_s__rosidl_typesupport_introspection_c.cpython-38-aarch64-linux-gnu.so[0m
[14.423s] [100%] [32m[1mLinking C shared library rosidl_generator_py/costmap_converter_msgs/costmap_converter_msgs_s__rosidl_typesupport_fastrtps_c.cpython-38-aarch64-linux-gnu.so[0m
[14.544s] [100%] Built target costmap_converter_msgs__rosidl_typesupport_c__pyext
[14.585s] [100%] Built target costmap_converter_msgs__rosidl_typesupport_introspection_c__pyext
[14.588s] [100%] Built target costmap_converter_msgs__rosidl_typesupport_fastrtps_c__pyext
[14.616s] Invoked command in '/workspaces/isaac_ros-dev/software/library_ws/build/costmap_converter_msgs' returned '0': CMAKE_PREFIX_PATH=${CMAKE_PREFIX_PATH}:/workspaces/isaac_ros-dev/yahboomcar_ws2/install/yahboomcar_laser:/workspaces/isaac_ros-dev/yahboomcar_ws2/install/yahboomcar_description:/workspaces/isaac_ros-dev/yahboomcar_ws2/install/yahboomcar_ctrl:/workspaces/isaac_ros-dev/yahboomcar_ws2/install/yahboomcar_bringup:/workspaces/isaac_ros-dev/yahboomcar_ws2/install/robot_pose_publisher:/opt/ros/humble /usr/bin/cmake --build /workspaces/isaac_ros-dev/software/library_ws/build/costmap_converter_msgs -- -j6 -l6
[15.100s] Invoking command in '/workspaces/isaac_ros-dev/software/library_ws/build/costmap_converter_msgs': CMAKE_PREFIX_PATH=${CMAKE_PREFIX_PATH}:/workspaces/isaac_ros-dev/yahboomcar_ws2/install/yahboomcar_laser:/workspaces/isaac_ros-dev/yahboomcar_ws2/install/yahboomcar_description:/workspaces/isaac_ros-dev/yahboomcar_ws2/install/yahboomcar_ctrl:/workspaces/isaac_ros-dev/yahboomcar_ws2/install/yahboomcar_bringup:/workspaces/isaac_ros-dev/yahboomcar_ws2/install/robot_pose_publisher:/opt/ros/humble /usr/bin/cmake --install /workspaces/isaac_ros-dev/software/library_ws/build/costmap_converter_msgs
[15.141s] -- Install configuration: "RelWithDebInfo"
[15.144s] -- Execute custom install script
[15.146s] -- Symlinking: /workspaces/isaac_ros-dev/software/library_ws/install/costmap_converter_msgs/share/ament_index/resource_index/rosidl_interfaces/costmap_converter_msgs
[15.178s] -- Symlinking: /workspaces/isaac_ros-dev/software/library_ws/install/costmap_converter_msgs/include/costmap_converter_msgs/costmap_converter_msgs/msg/detail/obstacle_array_msg__functions.h
[15.209s] -- Symlinking: /workspaces/isaac_ros-dev/software/library_ws/install/costmap_converter_msgs/include/costmap_converter_msgs/costmap_converter_msgs/msg/detail/obstacle_array_msg__struct.h
[15.249s] -- Symlinking: /workspaces/isaac_ros-dev/software/library_ws/install/costmap_converter_msgs/include/costmap_converter_msgs/costmap_converter_msgs/msg/detail/obstacle_array_msg__type_support.h
[15.263s] -- Symlinking: /workspaces/isaac_ros-dev/software/library_ws/install/costmap_converter_msgs/include/costmap_converter_msgs/costmap_converter_msgs/msg/detail/obstacle_msg__functions.h
[15.285s] -- Symlinking: /workspaces/isaac_ros-dev/software/library_ws/install/costmap_converter_msgs/include/costmap_converter_msgs/costmap_converter_msgs/msg/detail/obstacle_msg__struct.h
[15.301s] -- Symlinking: /workspaces/isaac_ros-dev/software/library_ws/install/costmap_converter_msgs/include/costmap_converter_msgs/costmap_converter_msgs/msg/detail/obstacle_msg__type_support.h
[15.312s] -- Symlinking: /workspaces/isaac_ros-dev/software/library_ws/install/costmap_converter_msgs/include/costmap_converter_msgs/costmap_converter_msgs/msg/obstacle_array_msg.h
[15.336s] -- Symlinking: /workspaces/isaac_ros-dev/software/library_ws/install/costmap_converter_msgs/include/costmap_converter_msgs/costmap_converter_msgs/msg/obstacle_msg.h
[15.353s] -- Symlinking: /workspaces/isaac_ros-dev/software/library_ws/install/costmap_converter_msgs/include/costmap_converter_msgs/costmap_converter_msgs/msg/rosidl_generator_c__visibility_control.h
[15.365s] -- Symlinking: /workspaces/isaac_ros-dev/software/library_ws/install/costmap_converter_msgs/share/costmap_converter_msgs/environment/library_path.sh
[15.376s] -- Symlinking: /workspaces/isaac_ros-dev/software/library_ws/install/costmap_converter_msgs/share/costmap_converter_msgs/environment/library_path.dsv
[15.390s] -- Symlinking: /workspaces/isaac_ros-dev/software/library_ws/install/costmap_converter_msgs/include/costmap_converter_msgs/costmap_converter_msgs/msg/detail/obstacle_array_msg__rosidl_typesupport_fastrtps_c.h
[15.404s] -- Symlinking: /workspaces/isaac_ros-dev/software/library_ws/install/costmap_converter_msgs/include/costmap_converter_msgs/costmap_converter_msgs/msg/detail/obstacle_msg__rosidl_typesupport_fastrtps_c.h
[15.415s] -- Symlinking: /workspaces/isaac_ros-dev/software/library_ws/install/costmap_converter_msgs/include/costmap_converter_msgs/costmap_converter_msgs/msg/rosidl_typesupport_fastrtps_c__visibility_control.h
[15.432s] -- Symlinking: /workspaces/isaac_ros-dev/software/library_ws/install/costmap_converter_msgs/include/costmap_converter_msgs/costmap_converter_msgs/msg/detail/obstacle_array_msg__builder.hpp
[15.453s] -- Symlinking: /workspaces/isaac_ros-dev/software/library_ws/install/costmap_converter_msgs/include/costmap_converter_msgs/costmap_converter_msgs/msg/detail/obstacle_array_msg__struct.hpp
[15.467s] -- Symlinking: /workspaces/isaac_ros-dev/software/library_ws/install/costmap_converter_msgs/include/costmap_converter_msgs/costmap_converter_msgs/msg/detail/obstacle_array_msg__traits.hpp
[15.483s] -- Symlinking: /workspaces/isaac_ros-dev/software/library_ws/install/costmap_converter_msgs/include/costmap_converter_msgs/costmap_converter_msgs/msg/detail/obstacle_msg__builder.hpp
[15.494s] -- Symlinking: /workspaces/isaac_ros-dev/software/library_ws/install/costmap_converter_msgs/include/costmap_converter_msgs/costmap_converter_msgs/msg/detail/obstacle_msg__struct.hpp
[15.505s] -- Symlinking: /workspaces/isaac_ros-dev/software/library_ws/install/costmap_converter_msgs/include/costmap_converter_msgs/costmap_converter_msgs/msg/detail/obstacle_msg__traits.hpp
[15.516s] -- Symlinking: /workspaces/isaac_ros-dev/software/library_ws/install/costmap_converter_msgs/include/costmap_converter_msgs/costmap_converter_msgs/msg/obstacle_array_msg.hpp
[15.530s] -- Symlinking: /workspaces/isaac_ros-dev/software/library_ws/install/costmap_converter_msgs/include/costmap_converter_msgs/costmap_converter_msgs/msg/obstacle_msg.hpp
[15.539s] -- Symlinking: /workspaces/isaac_ros-dev/software/library_ws/install/costmap_converter_msgs/include/costmap_converter_msgs/costmap_converter_msgs/msg/detail/obstacle_array_msg__rosidl_typesupport_fastrtps_cpp.hpp
[15.555s] -- Symlinking: /workspaces/isaac_ros-dev/software/library_ws/install/costmap_converter_msgs/include/costmap_converter_msgs/costmap_converter_msgs/msg/detail/obstacle_msg__rosidl_typesupport_fastrtps_cpp.hpp
[15.565s] -- Symlinking: /workspaces/isaac_ros-dev/software/library_ws/install/costmap_converter_msgs/include/costmap_converter_msgs/costmap_converter_msgs/msg/rosidl_typesupport_fastrtps_cpp__visibility_control.h
[15.575s] -- Symlinking: /workspaces/isaac_ros-dev/software/library_ws/install/costmap_converter_msgs/include/costmap_converter_msgs/costmap_converter_msgs/msg/detail/obstacle_array_msg__rosidl_typesupport_introspection_c.h
[15.586s] -- Symlinking: /workspaces/isaac_ros-dev/software/library_ws/install/costmap_converter_msgs/include/costmap_converter_msgs/costmap_converter_msgs/msg/detail/obstacle_msg__rosidl_typesupport_introspection_c.h
[15.598s] -- Symlinking: /workspaces/isaac_ros-dev/software/library_ws/install/costmap_converter_msgs/include/costmap_converter_msgs/costmap_converter_msgs/msg/rosidl_typesupport_introspection_c__visibility_control.h
[15.608s] -- Symlinking: /workspaces/isaac_ros-dev/software/library_ws/install/costmap_converter_msgs/include/costmap_converter_msgs/costmap_converter_msgs/msg/detail/obstacle_array_msg__rosidl_typesupport_introspection_cpp.hpp
[15.617s] -- Symlinking: /workspaces/isaac_ros-dev/software/library_ws/install/costmap_converter_msgs/include/costmap_converter_msgs/costmap_converter_msgs/msg/detail/obstacle_msg__rosidl_typesupport_introspection_cpp.hpp
[15.627s] -- Symlinking: /workspaces/isaac_ros-dev/software/library_ws/install/costmap_converter_msgs/share/costmap_converter_msgs/environment/pythonpath.sh
[15.641s] -- Symlinking: /workspaces/isaac_ros-dev/software/library_ws/install/costmap_converter_msgs/share/costmap_converter_msgs/environment/pythonpath.dsv
[15.652s] -- Symlinking: /workspaces/isaac_ros-dev/software/library_ws/install/costmap_converter_msgs/lib/python3.8/site-packages/costmap_converter_msgs-0.1.2-py3.8.egg-info/PKG-INFO
[15.668s] -- Symlinking: /workspaces/isaac_ros-dev/software/library_ws/install/costmap_converter_msgs/lib/python3.8/site-packages/costmap_converter_msgs-0.1.2-py3.8.egg-info/SOURCES.txt
[15.686s] -- Symlinking: /workspaces/isaac_ros-dev/software/library_ws/install/costmap_converter_msgs/lib/python3.8/site-packages/costmap_converter_msgs-0.1.2-py3.8.egg-info/dependency_links.txt
[15.696s] -- Symlinking: /workspaces/isaac_ros-dev/software/library_ws/install/costmap_converter_msgs/lib/python3.8/site-packages/costmap_converter_msgs-0.1.2-py3.8.egg-info/top_level.txt
[15.706s] -- Symlinking: /workspaces/isaac_ros-dev/software/library_ws/install/costmap_converter_msgs/lib/python3.8/site-packages/costmap_converter_msgs/__init__.py
[15.729s] -- Symlinking: /workspaces/isaac_ros-dev/software/library_ws/install/costmap_converter_msgs/lib/python3.8/site-packages/costmap_converter_msgs/_costmap_converter_msgs_s.ep.rosidl_typesupport_c.c
[15.742s] -- Symlinking: /workspaces/isaac_ros-dev/software/library_ws/install/costmap_converter_msgs/lib/python3.8/site-packages/costmap_converter_msgs/_costmap_converter_msgs_s.ep.rosidl_typesupport_fastrtps_c.c
[15.764s] -- Symlinking: /workspaces/isaac_ros-dev/software/library_ws/install/costmap_converter_msgs/lib/python3.8/site-packages/costmap_converter_msgs/_costmap_converter_msgs_s.ep.rosidl_typesupport_introspection_c.c
[15.776s] -- Symlinking: /workspaces/isaac_ros-dev/software/library_ws/install/costmap_converter_msgs/lib/python3.8/site-packages/costmap_converter_msgs/costmap_converter_msgs_s__rosidl_typesupport_c.cpython-38-aarch64-linux-gnu.so
[15.789s] -- Symlinking: /workspaces/isaac_ros-dev/software/library_ws/install/costmap_converter_msgs/lib/python3.8/site-packages/costmap_converter_msgs/costmap_converter_msgs_s__rosidl_typesupport_fastrtps_c.cpython-38-aarch64-linux-gnu.so
[15.804s] -- Symlinking: /workspaces/isaac_ros-dev/software/library_ws/install/costmap_converter_msgs/lib/python3.8/site-packages/costmap_converter_msgs/costmap_converter_msgs_s__rosidl_typesupport_introspection_c.cpython-38-aarch64-linux-gnu.so
[15.817s] -- Symlinking: /workspaces/isaac_ros-dev/software/library_ws/install/costmap_converter_msgs/lib/python3.8/site-packages/costmap_converter_msgs/libcostmap_converter_msgs__rosidl_generator_py.so
[15.828s] -- Symlinking: /workspaces/isaac_ros-dev/software/library_ws/install/costmap_converter_msgs/lib/python3.8/site-packages/costmap_converter_msgs/msg/__init__.py
[15.843s] -- Symlinking: /workspaces/isaac_ros-dev/software/library_ws/install/costmap_converter_msgs/lib/python3.8/site-packages/costmap_converter_msgs/msg/_obstacle_array_msg.py
[15.852s] -- Symlinking: /workspaces/isaac_ros-dev/software/library_ws/install/costmap_converter_msgs/lib/python3.8/site-packages/costmap_converter_msgs/msg/_obstacle_array_msg_s.c
[15.864s] -- Symlinking: /workspaces/isaac_ros-dev/software/library_ws/install/costmap_converter_msgs/lib/python3.8/site-packages/costmap_converter_msgs/msg/_obstacle_msg.py
[15.881s] -- Symlinking: /workspaces/isaac_ros-dev/software/library_ws/install/costmap_converter_msgs/lib/python3.8/site-packages/costmap_converter_msgs/msg/_obstacle_msg_s.c
[15.904s] -- Up-to-date symlink: /workspaces/isaac_ros-dev/software/library_ws/install/costmap_converter_msgs/lib/python3.8/site-packages/costmap_converter_msgs/costmap_converter_msgs_s__rosidl_typesupport_fastrtps_c.cpython-38-aarch64-linux-gnu.so
[15.906s] -- Up-to-date symlink: /workspaces/isaac_ros-dev/software/library_ws/install/costmap_converter_msgs/lib/python3.8/site-packages/costmap_converter_msgs/costmap_converter_msgs_s__rosidl_typesupport_introspection_c.cpython-38-aarch64-linux-gnu.so
[15.908s] -- Up-to-date symlink: /workspaces/isaac_ros-dev/software/library_ws/install/costmap_converter_msgs/lib/python3.8/site-packages/costmap_converter_msgs/costmap_converter_msgs_s__rosidl_typesupport_c.cpython-38-aarch64-linux-gnu.so
[15.910s] -- Symlinking: /workspaces/isaac_ros-dev/software/library_ws/install/costmap_converter_msgs/share/costmap_converter_msgs/msg/ObstacleMsg.idl
[15.924s] -- Symlinking: /workspaces/isaac_ros-dev/software/library_ws/install/costmap_converter_msgs/share/costmap_converter_msgs/msg/ObstacleArrayMsg.idl
[15.938s] -- Symlinking: /workspaces/isaac_ros-dev/software/library_ws/install/costmap_converter_msgs/share/costmap_converter_msgs/msg/ObstacleMsg.msg
[15.948s] -- Symlinking: /workspaces/isaac_ros-dev/software/library_ws/install/costmap_converter_msgs/share/costmap_converter_msgs/msg/ObstacleArrayMsg.msg
[15.964s] -- Symlinking: /workspaces/isaac_ros-dev/software/library_ws/install/costmap_converter_msgs/share/ament_index/resource_index/package_run_dependencies/costmap_converter_msgs
[15.979s] -- Symlinking: /workspaces/isaac_ros-dev/software/library_ws/install/costmap_converter_msgs/share/ament_index/resource_index/parent_prefix_path/costmap_converter_msgs
[15.991s] -- Symlinking: /workspaces/isaac_ros-dev/software/library_ws/install/costmap_converter_msgs/share/costmap_converter_msgs/environment/ament_prefix_path.sh
[16.009s] -- Symlinking: /workspaces/isaac_ros-dev/software/library_ws/install/costmap_converter_msgs/share/costmap_converter_msgs/environment/ament_prefix_path.dsv
[16.025s] -- Symlinking: /workspaces/isaac_ros-dev/software/library_ws/install/costmap_converter_msgs/share/costmap_converter_msgs/environment/path.sh
[16.049s] -- Symlinking: /workspaces/isaac_ros-dev/software/library_ws/install/costmap_converter_msgs/share/costmap_converter_msgs/environment/path.dsv
[16.061s] -- Symlinking: /workspaces/isaac_ros-dev/software/library_ws/install/costmap_converter_msgs/share/costmap_converter_msgs/local_setup.bash
[16.078s] -- Symlinking: /workspaces/isaac_ros-dev/software/library_ws/install/costmap_converter_msgs/share/costmap_converter_msgs/local_setup.sh
[16.091s] -- Symlinking: /workspaces/isaac_ros-dev/software/library_ws/install/costmap_converter_msgs/share/costmap_converter_msgs/local_setup.zsh
[16.103s] -- Symlinking: /workspaces/isaac_ros-dev/software/library_ws/install/costmap_converter_msgs/share/costmap_converter_msgs/local_setup.dsv
[16.116s] -- Symlinking: /workspaces/isaac_ros-dev/software/library_ws/install/costmap_converter_msgs/share/costmap_converter_msgs/package.dsv
[16.127s] -- Symlinking: /workspaces/isaac_ros-dev/software/library_ws/install/costmap_converter_msgs/share/ament_index/resource_index/packages/costmap_converter_msgs
[16.137s] -- Symlinking: /workspaces/isaac_ros-dev/software/library_ws/install/costmap_converter_msgs/share/costmap_converter_msgs/cmake/rosidl_cmake-extras.cmake
[16.146s] -- Symlinking: /workspaces/isaac_ros-dev/software/library_ws/install/costmap_converter_msgs/share/costmap_converter_msgs/cmake/ament_cmake_export_dependencies-extras.cmake
[16.156s] -- Symlinking: /workspaces/isaac_ros-dev/software/library_ws/install/costmap_converter_msgs/share/costmap_converter_msgs/cmake/ament_cmake_export_include_directories-extras.cmake
[16.199s] -- Symlinking: /workspaces/isaac_ros-dev/software/library_ws/install/costmap_converter_msgs/share/costmap_converter_msgs/cmake/ament_cmake_export_libraries-extras.cmake
[16.224s] -- Symlinking: /workspaces/isaac_ros-dev/software/library_ws/install/costmap_converter_msgs/share/costmap_converter_msgs/cmake/ament_cmake_export_targets-extras.cmake
[16.235s] -- Symlinking: /workspaces/isaac_ros-dev/software/library_ws/install/costmap_converter_msgs/share/costmap_converter_msgs/cmake/rosidl_cmake_export_typesupport_targets-extras.cmake
[16.253s] -- Symlinking: /workspaces/isaac_ros-dev/software/library_ws/install/costmap_converter_msgs/share/costmap_converter_msgs/cmake/rosidl_cmake_export_typesupport_libraries-extras.cmake
[16.266s] -- Symlinking: /workspaces/isaac_ros-dev/software/library_ws/install/costmap_converter_msgs/share/costmap_converter_msgs/cmake/costmap_converter_msgsConfig.cmake
[16.282s] -- Symlinking: /workspaces/isaac_ros-dev/software/library_ws/install/costmap_converter_msgs/share/costmap_converter_msgs/cmake/costmap_converter_msgsConfig-version.cmake
[16.292s] -- Symlinking: /workspaces/isaac_ros-dev/software/library_ws/install/costmap_converter_msgs/share/costmap_converter_msgs/package.xml
[16.303s] -- Installing: /workspaces/isaac_ros-dev/software/library_ws/install/costmap_converter_msgs/lib/libcostmap_converter_msgs__rosidl_generator_c.so
[16.304s] -- Set runtime path of "/workspaces/isaac_ros-dev/software/library_ws/install/costmap_converter_msgs/lib/libcostmap_converter_msgs__rosidl_generator_c.so" to ""
[16.304s] -- Installing: /workspaces/isaac_ros-dev/software/library_ws/install/costmap_converter_msgs/lib/libcostmap_converter_msgs__rosidl_typesupport_fastrtps_c.so
[16.308s] -- Set runtime path of "/workspaces/isaac_ros-dev/software/library_ws/install/costmap_converter_msgs/lib/libcostmap_converter_msgs__rosidl_typesupport_fastrtps_c.so" to ""
[16.309s] -- Installing: /workspaces/isaac_ros-dev/software/library_ws/install/costmap_converter_msgs/lib/libcostmap_converter_msgs__rosidl_typesupport_fastrtps_cpp.so
[16.309s] -- Set runtime path of "/workspaces/isaac_ros-dev/software/library_ws/install/costmap_converter_msgs/lib/libcostmap_converter_msgs__rosidl_typesupport_fastrtps_cpp.so" to ""
[16.309s] -- Installing: /workspaces/isaac_ros-dev/software/library_ws/install/costmap_converter_msgs/lib/libcostmap_converter_msgs__rosidl_typesupport_introspection_c.so
[16.309s] -- Set runtime path of "/workspaces/isaac_ros-dev/software/library_ws/install/costmap_converter_msgs/lib/libcostmap_converter_msgs__rosidl_typesupport_introspection_c.so" to ""
[16.309s] -- Installing: /workspaces/isaac_ros-dev/software/library_ws/install/costmap_converter_msgs/lib/libcostmap_converter_msgs__rosidl_typesupport_c.so
[16.309s] -- Set runtime path of "/workspaces/isaac_ros-dev/software/library_ws/install/costmap_converter_msgs/lib/libcostmap_converter_msgs__rosidl_typesupport_c.so" to ""
[16.310s] -- Installing: /workspaces/isaac_ros-dev/software/library_ws/install/costmap_converter_msgs/lib/libcostmap_converter_msgs__rosidl_typesupport_introspection_cpp.so
[16.310s] -- Set runtime path of "/workspaces/isaac_ros-dev/software/library_ws/install/costmap_converter_msgs/lib/libcostmap_converter_msgs__rosidl_typesupport_introspection_cpp.so" to ""
[16.311s] -- Installing: /workspaces/isaac_ros-dev/software/library_ws/install/costmap_converter_msgs/lib/libcostmap_converter_msgs__rosidl_typesupport_cpp.so
[16.311s] -- Set runtime path of "/workspaces/isaac_ros-dev/software/library_ws/install/costmap_converter_msgs/lib/libcostmap_converter_msgs__rosidl_typesupport_cpp.so" to ""
[16.431s] Listing '/workspaces/isaac_ros-dev/software/library_ws/install/costmap_converter_msgs/lib/python3.8/site-packages/costmap_converter_msgs'...
[16.431s] Compiling '/workspaces/isaac_ros-dev/software/library_ws/install/costmap_converter_msgs/lib/python3.8/site-packages/costmap_converter_msgs/__init__.py'...
[16.432s] Listing '/workspaces/isaac_ros-dev/software/library_ws/install/costmap_converter_msgs/lib/python3.8/site-packages/costmap_converter_msgs/msg'...
[16.432s] Compiling '/workspaces/isaac_ros-dev/software/library_ws/install/costmap_converter_msgs/lib/python3.8/site-packages/costmap_converter_msgs/msg/__init__.py'...
[16.432s] Compiling '/workspaces/isaac_ros-dev/software/library_ws/install/costmap_converter_msgs/lib/python3.8/site-packages/costmap_converter_msgs/msg/_obstacle_array_msg.py'...
[16.432s] Compiling '/workspaces/isaac_ros-dev/software/library_ws/install/costmap_converter_msgs/lib/python3.8/site-packages/costmap_converter_msgs/msg/_obstacle_msg.py'...
[16.439s] -- Installing: /workspaces/isaac_ros-dev/software/library_ws/install/costmap_converter_msgs/lib/libcostmap_converter_msgs__rosidl_generator_py.so
[16.441s] -- Set runtime path of "/workspaces/isaac_ros-dev/software/library_ws/install/costmap_converter_msgs/lib/libcostmap_converter_msgs__rosidl_generator_py.so" to ""
[16.442s] -- Installing: /workspaces/isaac_ros-dev/software/library_ws/install/costmap_converter_msgs/share/costmap_converter_msgs/cmake/export_costmap_converter_msgs__rosidl_generator_cExport.cmake
[16.442s] -- Installing: /workspaces/isaac_ros-dev/software/library_ws/install/costmap_converter_msgs/share/costmap_converter_msgs/cmake/export_costmap_converter_msgs__rosidl_generator_cExport-relwithdebinfo.cmake
[16.442s] -- Installing: /workspaces/isaac_ros-dev/software/library_ws/install/costmap_converter_msgs/share/costmap_converter_msgs/cmake/export_costmap_converter_msgs__rosidl_typesupport_fastrtps_cExport.cmake
[16.442s] -- Installing: /workspaces/isaac_ros-dev/software/library_ws/install/costmap_converter_msgs/share/costmap_converter_msgs/cmake/export_costmap_converter_msgs__rosidl_typesupport_fastrtps_cExport-relwithdebinfo.cmake
[16.442s] -- Installing: /workspaces/isaac_ros-dev/software/library_ws/install/costmap_converter_msgs/share/costmap_converter_msgs/cmake/export_costmap_converter_msgs__rosidl_generator_cppExport.cmake
[16.443s] -- Installing: /workspaces/isaac_ros-dev/software/library_ws/install/costmap_converter_msgs/share/costmap_converter_msgs/cmake/export_costmap_converter_msgs__rosidl_typesupport_fastrtps_cppExport.cmake
[16.443s] -- Installing: /workspaces/isaac_ros-dev/software/library_ws/install/costmap_converter_msgs/share/costmap_converter_msgs/cmake/export_costmap_converter_msgs__rosidl_typesupport_fastrtps_cppExport-relwithdebinfo.cmake
[16.444s] -- Installing: /workspaces/isaac_ros-dev/software/library_ws/install/costmap_converter_msgs/share/costmap_converter_msgs/cmake/costmap_converter_msgs__rosidl_typesupport_introspection_cExport.cmake
[16.445s] -- Installing: /workspaces/isaac_ros-dev/software/library_ws/install/costmap_converter_msgs/share/costmap_converter_msgs/cmake/costmap_converter_msgs__rosidl_typesupport_introspection_cExport-relwithdebinfo.cmake
[16.445s] -- Installing: /workspaces/isaac_ros-dev/software/library_ws/install/costmap_converter_msgs/share/costmap_converter_msgs/cmake/costmap_converter_msgs__rosidl_typesupport_cExport.cmake
[16.445s] -- Installing: /workspaces/isaac_ros-dev/software/library_ws/install/costmap_converter_msgs/share/costmap_converter_msgs/cmake/costmap_converter_msgs__rosidl_typesupport_cExport-relwithdebinfo.cmake
[16.445s] -- Installing: /workspaces/isaac_ros-dev/software/library_ws/install/costmap_converter_msgs/share/costmap_converter_msgs/cmake/costmap_converter_msgs__rosidl_typesupport_introspection_cppExport.cmake
[16.446s] -- Installing: /workspaces/isaac_ros-dev/software/library_ws/install/costmap_converter_msgs/share/costmap_converter_msgs/cmake/costmap_converter_msgs__rosidl_typesupport_introspection_cppExport-relwithdebinfo.cmake
[16.446s] -- Installing: /workspaces/isaac_ros-dev/software/library_ws/install/costmap_converter_msgs/share/costmap_converter_msgs/cmake/costmap_converter_msgs__rosidl_typesupport_cppExport.cmake
[16.446s] -- Installing: /workspaces/isaac_ros-dev/software/library_ws/install/costmap_converter_msgs/share/costmap_converter_msgs/cmake/costmap_converter_msgs__rosidl_typesupport_cppExport-relwithdebinfo.cmake
[16.447s] -- Installing: /workspaces/isaac_ros-dev/software/library_ws/install/costmap_converter_msgs/share/costmap_converter_msgs/cmake/export_costmap_converter_msgs__rosidl_generator_pyExport.cmake
[16.447s] -- Installing: /workspaces/isaac_ros-dev/software/library_ws/install/costmap_converter_msgs/share/costmap_converter_msgs/cmake/export_costmap_converter_msgs__rosidl_generator_pyExport-relwithdebinfo.cmake
[16.470s] Invoked command in '/workspaces/isaac_ros-dev/software/library_ws/build/costmap_converter_msgs' returned '0': CMAKE_PREFIX_PATH=${CMAKE_PREFIX_PATH}:/workspaces/isaac_ros-dev/yahboomcar_ws2/install/yahboomcar_laser:/workspaces/isaac_ros-dev/yahboomcar_ws2/install/yahboomcar_description:/workspaces/isaac_ros-dev/yahboomcar_ws2/install/yahboomcar_ctrl:/workspaces/isaac_ros-dev/yahboomcar_ws2/install/yahboomcar_bringup:/workspaces/isaac_ros-dev/yahboomcar_ws2/install/robot_pose_publisher:/opt/ros/humble /usr/bin/cmake --install /workspaces/isaac_ros-dev/software/library_ws/build/costmap_converter_msgs
