-- The C compiler identification is GNU 9.4.0
-- The CXX compiler identification is GNU 9.4.0
-- Detecting C compiler ABI info
-- Detecting C compiler ABI info - done
-- Check for working C compiler: /usr/bin/cc - skipped
-- Detecting C compile features
-- Detecting C compile features - done
-- Detecting CXX compiler ABI info
-- Detecting CXX compiler ABI info - done
-- Check for working CXX compiler: /usr/bin/c++ - skipped
-- Detecting CXX compile features
-- Detecting CXX compile features - done
-- Found ament_cmake: 1.3.6 (/opt/ros/humble/share/ament_cmake/cmake)
-- Found Python3: /usr/bin/python3.8 (found version "3.8.10") found components: Interpreter 
-- Override CMake install command with custom implementation using symlinks instead of copying resources
-- Found class_loader: 2.2.0 (/opt/ros/humble/share/class_loader/cmake)
-- Found costmap_converter_msgs: 0.1.2 (/workspaces/isaac_ros-dev/software/library_ws/install/costmap_converter_msgs/share/costmap_converter_msgs/cmake)
-- Found rosidl_generator_c: 3.1.5 (/opt/ros/humble/share/rosidl_generator_c/cmake)
-- Found rosidl_adapter: 3.1.5 (/opt/ros/humble/share/rosidl_adapter/cmake)
-- Found rosidl_generator_cpp: 3.1.5 (/opt/ros/humble/share/rosidl_generator_cpp/cmake)
-- Using all available rosidl_typesupport_c: rosidl_typesupport_fastrtps_c;rosidl_typesupport_introspection_c
-- Using all available rosidl_typesupport_cpp: rosidl_typesupport_fastrtps_cpp;rosidl_typesupport_introspection_cpp
-- Found cv_bridge: 3.2.1 (/opt/ros/humble/share/cv_bridge/cmake)
-- Found nav2_costmap_2d: 1.1.12 (/opt/ros/humble/share/nav2_costmap_2d/cmake)
-- Found rmw_implementation_cmake: 6.1.1 (/opt/ros/humble/share/rmw_implementation_cmake/cmake)
-- Found rmw_fastrtps_cpp: 6.2.5 (/opt/ros/humble/share/rmw_fastrtps_cpp/cmake)
-- Found OpenSSL: /usr/lib/aarch64-linux-gnu/libcrypto.so (found version "1.1.1f")  
-- Found FastRTPS: /opt/ros/humble/include  
-- Using RMW implementation 'rmw_fastrtps_cpp' as default
-- Looking for pthread.h
-- Looking for pthread.h - found
-- Performing Test CMAKE_HAVE_LIBC_PTHREAD
-- Performing Test CMAKE_HAVE_LIBC_PTHREAD - Failed
-- Looking for pthread_create in pthreads
-- Looking for pthread_create in pthreads - not found
-- Looking for pthread_create in pthread
-- Looking for pthread_create in pthread - found
-- Found Threads: TRUE  
-- Found Eigen3: TRUE (found version "3.3.7") 
-- Ensuring Eigen3 include directory is part of orocos-kdl CMake target
-- Found OpenCV: /usr (found version "4.2.0") 
-- Found ament_cmake_gtest: 1.3.6 (/opt/ros/humble/share/ament_cmake_gtest/cmake)
-- Found gtest sources under '/usr/src/gtest': C++ tests using 'Google Test' will be built
-- Found PythonInterp: /usr/bin/python (found version "3.8.10") 
-- Check if compiler accepts -pthread
-- Check if compiler accepts -pthread - yes
-- Configuring done
-- Generating done
-- Build files have been written to: /workspaces/isaac_ros-dev/software/library_ws/build/costmap_converter
[  5%] [32mBuilding CXX object gtest/CMakeFiles/gtest.dir/src/gtest-all.cc.o[0m
[ 10%] [32mBuilding CXX object CMakeFiles/costmap_converter.dir/src/costmap_to_polygons.cpp.o[0m
[ 15%] [32mBuilding CXX object CMakeFiles/costmap_converter.dir/src/costmap_to_lines_convex_hull.cpp.o[0m
[ 21%] [32mBuilding CXX object CMakeFiles/costmap_converter.dir/src/costmap_to_dynamic_obstacles/costmap_to_dynamic_obstacles.cpp.o[0m
[ 26%] [32mBuilding CXX object CMakeFiles/costmap_converter.dir/src/costmap_to_lines_ransac.cpp.o[0m
[ 31%] [32mBuilding CXX object CMakeFiles/costmap_converter.dir/src/costmap_to_polygons_concave.cpp.o[0m
[ 36%] [32m[1mLinking CXX static library ../lib/libgtest.a[0m
[ 36%] Built target gtest
[ 42%] [32mBuilding CXX object CMakeFiles/costmap_converter.dir/src/costmap_to_dynamic_obstacles/multitarget_tracker/HungarianAlg.cpp.o[0m
[ 47%] [32mBuilding CXX object CMakeFiles/costmap_converter.dir/src/costmap_to_dynamic_obstacles/multitarget_tracker/Kalman.cpp.o[0m
[ 57%] [32mBuilding CXX object CMakeFiles/costmap_converter.dir/src/costmap_to_dynamic_obstacles/background_subtractor.cpp.o[0m
[ 57%] [32mBuilding CXX object CMakeFiles/costmap_converter.dir/src/costmap_to_dynamic_obstacles/multitarget_tracker/Ctracker.cpp.o[0m
[ 63%] [32mBuilding CXX object CMakeFiles/costmap_converter.dir/src/costmap_to_dynamic_obstacles/blob_detector.cpp.o[0m
[ 68%] [32m[1mLinking CXX shared library libcostmap_converter.so[0m
[ 68%] Built target costmap_converter
[ 73%] [32mBuilding CXX object gtest/CMakeFiles/gtest_main.dir/src/gtest_main.cc.o[0m
[ 78%] [32mBuilding CXX object CMakeFiles/standalone_converter.dir/src/costmap_converter_node.cpp.o[0m
[ 84%] [32m[1mLinking CXX static library ../lib/libgtest_main.a[0m
[ 84%] Built target gtest_main
[ 89%] [32mBuilding CXX object CMakeFiles/test_costmap_polygons.dir/test/costmap_polygons.cpp.o[0m
[ 94%] [32m[1mLinking CXX executable test_costmap_polygons[0m
[ 94%] Built target test_costmap_polygons
[100%] [32m[1mLinking CXX executable standalone_converter[0m
[100%] Built target standalone_converter
-- Install configuration: "Release"
-- Execute custom install script
-- Symlinking: /workspaces/isaac_ros-dev/software/library_ws/install/costmap_converter/lib/libcostmap_converter.so
-- Symlinking: /workspaces/isaac_ros-dev/software/library_ws/install/costmap_converter/bin/standalone_converter
-- Symlinking: /workspaces/isaac_ros-dev/software/library_ws/install/costmap_converter/include//costmap_converter/costmap_converter_interface.h
-- Symlinking: /workspaces/isaac_ros-dev/software/library_ws/install/costmap_converter/include//costmap_converter/costmap_to_dynamic_obstacles/background_subtractor.h
-- Symlinking: /workspaces/isaac_ros-dev/software/library_ws/install/costmap_converter/include//costmap_converter/costmap_to_dynamic_obstacles/blob_detector.h
-- Symlinking: /workspaces/isaac_ros-dev/software/library_ws/install/costmap_converter/include//costmap_converter/costmap_to_dynamic_obstacles/costmap_to_dynamic_obstacles.h
-- Symlinking: /workspaces/isaac_ros-dev/software/library_ws/install/costmap_converter/include//costmap_converter/costmap_to_dynamic_obstacles/multitarget_tracker/Ctracker.h
-- Symlinking: /workspaces/isaac_ros-dev/software/library_ws/install/costmap_converter/include//costmap_converter/costmap_to_dynamic_obstacles/multitarget_tracker/HungarianAlg.h
-- Symlinking: /workspaces/isaac_ros-dev/software/library_ws/install/costmap_converter/include//costmap_converter/costmap_to_dynamic_obstacles/multitarget_tracker/Kalman.h
-- Symlinking: /workspaces/isaac_ros-dev/software/library_ws/install/costmap_converter/include//costmap_converter/costmap_to_dynamic_obstacles/multitarget_tracker/README.md
-- Symlinking: /workspaces/isaac_ros-dev/software/library_ws/install/costmap_converter/include//costmap_converter/costmap_to_dynamic_obstacles/multitarget_tracker/defines.h
-- Symlinking: /workspaces/isaac_ros-dev/software/library_ws/install/costmap_converter/include//costmap_converter/costmap_to_lines_convex_hull.h
-- Symlinking: /workspaces/isaac_ros-dev/software/library_ws/install/costmap_converter/include//costmap_converter/costmap_to_lines_ransac.h
-- Symlinking: /workspaces/isaac_ros-dev/software/library_ws/install/costmap_converter/include//costmap_converter/costmap_to_polygons.h
-- Symlinking: /workspaces/isaac_ros-dev/software/library_ws/install/costmap_converter/include//costmap_converter/costmap_to_polygons_concave.h
-- Symlinking: /workspaces/isaac_ros-dev/software/library_ws/install/costmap_converter/include//costmap_converter/misc.h
-- Symlinking: /workspaces/isaac_ros-dev/software/library_ws/install/costmap_converter/share/costmap_converter/environment/library_path.sh
-- Symlinking: /workspaces/isaac_ros-dev/software/library_ws/install/costmap_converter/share/costmap_converter/environment/library_path.dsv
-- Symlinking: /workspaces/isaac_ros-dev/software/library_ws/install/costmap_converter/share/costmap_converter//costmap_converter_plugins.xml
-- Symlinking: /workspaces/isaac_ros-dev/software/library_ws/install/costmap_converter/share/ament_index/resource_index/package_run_dependencies/costmap_converter
-- Symlinking: /workspaces/isaac_ros-dev/software/library_ws/install/costmap_converter/share/ament_index/resource_index/parent_prefix_path/costmap_converter
-- Symlinking: /workspaces/isaac_ros-dev/software/library_ws/install/costmap_converter/share/costmap_converter/environment/ament_prefix_path.sh
-- Symlinking: /workspaces/isaac_ros-dev/software/library_ws/install/costmap_converter/share/costmap_converter/environment/ament_prefix_path.dsv
-- Symlinking: /workspaces/isaac_ros-dev/software/library_ws/install/costmap_converter/share/costmap_converter/environment/path.sh
-- Symlinking: /workspaces/isaac_ros-dev/software/library_ws/install/costmap_converter/share/costmap_converter/environment/path.dsv
-- Symlinking: /workspaces/isaac_ros-dev/software/library_ws/install/costmap_converter/share/costmap_converter/local_setup.bash
-- Symlinking: /workspaces/isaac_ros-dev/software/library_ws/install/costmap_converter/share/costmap_converter/local_setup.sh
-- Symlinking: /workspaces/isaac_ros-dev/software/library_ws/install/costmap_converter/share/costmap_converter/local_setup.zsh
-- Symlinking: /workspaces/isaac_ros-dev/software/library_ws/install/costmap_converter/share/costmap_converter/local_setup.dsv
-- Symlinking: /workspaces/isaac_ros-dev/software/library_ws/install/costmap_converter/share/costmap_converter/package.dsv
-- Symlinking: /workspaces/isaac_ros-dev/software/library_ws/install/costmap_converter/share/ament_index/resource_index/packages/costmap_converter
-- Symlinking: /workspaces/isaac_ros-dev/software/library_ws/install/costmap_converter/share/ament_index/resource_index/costmap_converter__pluginlib__plugin/costmap_converter
-- Symlinking: /workspaces/isaac_ros-dev/software/library_ws/install/costmap_converter/share/costmap_converter/cmake/ament_cmake_export_include_directories-extras.cmake
-- Symlinking: /workspaces/isaac_ros-dev/software/library_ws/install/costmap_converter/share/costmap_converter/cmake/ament_cmake_export_libraries-extras.cmake
-- Symlinking: /workspaces/isaac_ros-dev/software/library_ws/install/costmap_converter/share/costmap_converter/cmake/ament_cmake_export_dependencies-extras.cmake
-- Symlinking: /workspaces/isaac_ros-dev/software/library_ws/install/costmap_converter/share/costmap_converter/cmake/costmap_converterConfig.cmake
-- Symlinking: /workspaces/isaac_ros-dev/software/library_ws/install/costmap_converter/share/costmap_converter/cmake/costmap_converterConfig-version.cmake
-- Symlinking: /workspaces/isaac_ros-dev/software/library_ws/install/costmap_converter/share/costmap_converter/package.xml
