[0.199s] Invoking command in '/workspaces/isaac_ros-dev/software/library_ws/build/costmap_converter': AMENT_PREFIX_PATH=/workspaces/isaac_ros-dev/software/library_ws/install/costmap_converter_msgs:${AMENT_PREFIX_PATH} CMAKE_PREFIX_PATH=/workspaces/isaac_ros-dev/software/library_ws/install/costmap_converter_msgs:/workspaces/isaac_ros-dev/yahboomcar_ws2/install/yahboomcar_msgs:/workspaces/isaac_ros-dev/yahboomcar_ws2/install/yahboomcar_base_node:/workspaces/isaac_ros-dev/software/library_ws/install/sllidar_ros2:/workspaces/isaac_ros-dev/software/library_ws/install/astra_camera_msgs:/workspaces/isaac_ros-dev/yahboomcar_ws2/install/yahboomcar_laser:/workspaces/isaac_ros-dev/yahboomcar_ws2/install/yahboomcar_description:/workspaces/isaac_ros-dev/yahboomcar_ws2/install/yahboomcar_ctrl:/workspaces/isaac_ros-dev/yahboomcar_ws2/install/yahboomcar_bringup:/workspaces/isaac_ros-dev/yahboomcar_ws2/install/robot_pose_publisher:/opt/ros/humble LD_LIBRARY_PATH=/workspaces/isaac_ros-dev/software/library_ws/install/costmap_converter_msgs/lib:/workspaces/isaac_ros-dev/yahboomcar_ws2/install/yahboomcar_msgs/lib:/workspaces/isaac_ros-dev/software/library_ws/install/astra_camera_msgs/lib:/opt/ros/humble/opt/rviz_ogre_vendor/lib:/opt/ros/humble/lib/aarch64-linux-gnu:/opt/ros/humble/lib:/usr/lib/aarch64-linux-gnu/tegra/weston:/usr/lib/aarch64-linux-gnu/tegra-egl:/usr/local/cuda-11.4/targets/aarch64-linux/lib:/usr/lib/aarch64-linux-gnu/tegra:/opt/nvidia/vpi2/lib64:/usr/lib/aarch64-linux-gnu-host:/opt/tritonserver/lib PYTHONPATH=/workspaces/isaac_ros-dev/software/library_ws/install/costmap_converter_msgs/lib/python3.8/site-packages:${PYTHONPATH} /usr/bin/cmake /workspaces/isaac_ros-dev/software/library_ws/src/costmap_converter-ros2/costmap_converter -DCMAKE_BUILD_TYPE=RelWithDebInfo -DAMENT_CMAKE_SYMLINK_INSTALL=1 -DCMAKE_INSTALL_PREFIX=/workspaces/isaac_ros-dev/software/library_ws/install/costmap_converter
[0.348s] -- The C compiler identification is GNU 9.4.0
[0.482s] -- The CXX compiler identification is GNU 9.4.0
[0.500s] -- Detecting C compiler ABI info
[0.671s] -- Detecting C compiler ABI info - done
[0.713s] -- Check for working C compiler: /usr/bin/cc - skipped
[0.714s] -- Detecting C compile features
[0.717s] -- Detecting C compile features - done
[0.730s] -- Detecting CXX compiler ABI info
[0.976s] -- Detecting CXX compiler ABI info - done
[1.007s] -- Check for working CXX compiler: /usr/bin/c++ - skipped
[1.007s] -- Detecting CXX compile features
[1.008s] -- Detecting CXX compile features - done
[1.020s] -- Found ament_cmake: 1.3.6 (/opt/ros/humble/share/ament_cmake/cmake)
[3.117s] -- Found Python3: /usr/bin/python3.8 (found version "3.8.10") found components: Interpreter 
[3.273s] -- Override CMake install command with custom implementation using symlinks instead of copying resources
[3.376s] -- Found class_loader: 2.2.0 (/opt/ros/humble/share/class_loader/cmake)
[3.431s] -- Found costmap_converter_msgs: 0.1.2 (/workspaces/isaac_ros-dev/software/library_ws/install/costmap_converter_msgs/share/costmap_converter_msgs/cmake)
[3.513s] -- Found rosidl_generator_c: 3.1.5 (/opt/ros/humble/share/rosidl_generator_c/cmake)
[3.530s] -- Found rosidl_adapter: 3.1.5 (/opt/ros/humble/share/rosidl_adapter/cmake)
[3.556s] -- Found rosidl_generator_cpp: 3.1.5 (/opt/ros/humble/share/rosidl_generator_cpp/cmake)
[3.596s] -- Using all available rosidl_typesupport_c: rosidl_typesupport_fastrtps_c;rosidl_typesupport_introspection_c
[3.639s] -- Using all available rosidl_typesupport_cpp: rosidl_typesupport_fastrtps_cpp;rosidl_typesupport_introspection_cpp
[4.069s] -- Found cv_bridge: 3.2.1 (/opt/ros/humble/share/cv_bridge/cmake)
[4.287s] -- Found nav2_costmap_2d: 1.1.12 (/opt/ros/humble/share/nav2_costmap_2d/cmake)
[4.497s] -- Found rmw_implementation_cmake: 6.1.1 (/opt/ros/humble/share/rmw_implementation_cmake/cmake)
[4.507s] -- Found rmw_fastrtps_cpp: 6.2.5 (/opt/ros/humble/share/rmw_fastrtps_cpp/cmake)
[4.842s] -- Found OpenSSL: /usr/lib/aarch64-linux-gnu/libcrypto.so (found version "1.1.1f")  
[4.929s] -- Found FastRTPS: /opt/ros/humble/include  
[5.085s] -- Using RMW implementation 'rmw_fastrtps_cpp' as default
[5.117s] -- Looking for pthread.h
[5.257s] -- Looking for pthread.h - found
[5.258s] -- Performing Test CMAKE_HAVE_LIBC_PTHREAD
[5.415s] -- Performing Test CMAKE_HAVE_LIBC_PTHREAD - Failed
[5.416s] -- Looking for pthread_create in pthreads
[5.535s] -- Looking for pthread_create in pthreads - not found
[5.535s] -- Looking for pthread_create in pthread
[5.677s] -- Looking for pthread_create in pthread - found
[5.679s] -- Found Threads: TRUE  
[7.657s] -- Found Eigen3: TRUE (found version "3.3.7") 
[7.657s] -- Ensuring Eigen3 include directory is part of orocos-kdl CMake target
[9.389s] -- Found OpenCV: /usr (found version "4.2.0") 
[11.247s] -- Found ament_cmake_gtest: 1.3.6 (/opt/ros/humble/share/ament_cmake_gtest/cmake)
[11.258s] -- Found gtest sources under '/usr/src/gtest': C++ tests using 'Google Test' will be built
[11.264s] [33mCMake Warning at /usr/src/gtest/CMakeLists.txt:54 (project):
[11.264s]   VERSION keyword not followed by a value or was followed by a value that
[11.264s]   expanded to nothing.
[11.264s] 
[11.264s] [0m
[11.264s] [0mCMake Deprecation Warning at /usr/src/gtest/CMakeLists.txt:56 (cmake_minimum_required):
[11.265s]   Compatibility with CMake < 2.8.12 will be removed from a future version of
[11.265s]   CMake.
[11.265s] 
[11.265s]   Update the VERSION argument <min> value or use a ...<max> suffix to tell
[11.265s]   CMake that the project does not need compatibility with older versions.
[11.265s] 
[11.265s] [0m
[11.353s] -- Found PythonInterp: /usr/bin/python (found version "3.8.10") 
[11.361s] -- Check if compiler accepts -pthread
[11.513s] -- Check if compiler accepts -pthread - yes
[12.614s] -- Configuring done
[12.937s] -- Generating done
[12.943s] -- Build files have been written to: /workspaces/isaac_ros-dev/software/library_ws/build/costmap_converter
[12.986s] Invoked command in '/workspaces/isaac_ros-dev/software/library_ws/build/costmap_converter' returned '0': AMENT_PREFIX_PATH=/workspaces/isaac_ros-dev/software/library_ws/install/costmap_converter_msgs:${AMENT_PREFIX_PATH} CMAKE_PREFIX_PATH=/workspaces/isaac_ros-dev/software/library_ws/install/costmap_converter_msgs:/workspaces/isaac_ros-dev/yahboomcar_ws2/install/yahboomcar_msgs:/workspaces/isaac_ros-dev/yahboomcar_ws2/install/yahboomcar_base_node:/workspaces/isaac_ros-dev/software/library_ws/install/sllidar_ros2:/workspaces/isaac_ros-dev/software/library_ws/install/astra_camera_msgs:/workspaces/isaac_ros-dev/yahboomcar_ws2/install/yahboomcar_laser:/workspaces/isaac_ros-dev/yahboomcar_ws2/install/yahboomcar_description:/workspaces/isaac_ros-dev/yahboomcar_ws2/install/yahboomcar_ctrl:/workspaces/isaac_ros-dev/yahboomcar_ws2/install/yahboomcar_bringup:/workspaces/isaac_ros-dev/yahboomcar_ws2/install/robot_pose_publisher:/opt/ros/humble LD_LIBRARY_PATH=/workspaces/isaac_ros-dev/software/library_ws/install/costmap_converter_msgs/lib:/workspaces/isaac_ros-dev/yahboomcar_ws2/install/yahboomcar_msgs/lib:/workspaces/isaac_ros-dev/software/library_ws/install/astra_camera_msgs/lib:/opt/ros/humble/opt/rviz_ogre_vendor/lib:/opt/ros/humble/lib/aarch64-linux-gnu:/opt/ros/humble/lib:/usr/lib/aarch64-linux-gnu/tegra/weston:/usr/lib/aarch64-linux-gnu/tegra-egl:/usr/local/cuda-11.4/targets/aarch64-linux/lib:/usr/lib/aarch64-linux-gnu/tegra:/opt/nvidia/vpi2/lib64:/usr/lib/aarch64-linux-gnu-host:/opt/tritonserver/lib PYTHONPATH=/workspaces/isaac_ros-dev/software/library_ws/install/costmap_converter_msgs/lib/python3.8/site-packages:${PYTHONPATH} /usr/bin/cmake /workspaces/isaac_ros-dev/software/library_ws/src/costmap_converter-ros2/costmap_converter -DCMAKE_BUILD_TYPE=RelWithDebInfo -DAMENT_CMAKE_SYMLINK_INSTALL=1 -DCMAKE_INSTALL_PREFIX=/workspaces/isaac_ros-dev/software/library_ws/install/costmap_converter
[12.993s] Invoking command in '/workspaces/isaac_ros-dev/software/library_ws/build/costmap_converter': AMENT_PREFIX_PATH=/workspaces/isaac_ros-dev/software/library_ws/install/costmap_converter_msgs:${AMENT_PREFIX_PATH} CMAKE_PREFIX_PATH=/workspaces/isaac_ros-dev/software/library_ws/install/costmap_converter_msgs:/workspaces/isaac_ros-dev/yahboomcar_ws2/install/yahboomcar_msgs:/workspaces/isaac_ros-dev/yahboomcar_ws2/install/yahboomcar_base_node:/workspaces/isaac_ros-dev/software/library_ws/install/sllidar_ros2:/workspaces/isaac_ros-dev/software/library_ws/install/astra_camera_msgs:/workspaces/isaac_ros-dev/yahboomcar_ws2/install/yahboomcar_laser:/workspaces/isaac_ros-dev/yahboomcar_ws2/install/yahboomcar_description:/workspaces/isaac_ros-dev/yahboomcar_ws2/install/yahboomcar_ctrl:/workspaces/isaac_ros-dev/yahboomcar_ws2/install/yahboomcar_bringup:/workspaces/isaac_ros-dev/yahboomcar_ws2/install/robot_pose_publisher:/opt/ros/humble LD_LIBRARY_PATH=/workspaces/isaac_ros-dev/software/library_ws/install/costmap_converter_msgs/lib:/workspaces/isaac_ros-dev/yahboomcar_ws2/install/yahboomcar_msgs/lib:/workspaces/isaac_ros-dev/software/library_ws/install/astra_camera_msgs/lib:/opt/ros/humble/opt/rviz_ogre_vendor/lib:/opt/ros/humble/lib/aarch64-linux-gnu:/opt/ros/humble/lib:/usr/lib/aarch64-linux-gnu/tegra/weston:/usr/lib/aarch64-linux-gnu/tegra-egl:/usr/local/cuda-11.4/targets/aarch64-linux/lib:/usr/lib/aarch64-linux-gnu/tegra:/opt/nvidia/vpi2/lib64:/usr/lib/aarch64-linux-gnu-host:/opt/tritonserver/lib PYTHONPATH=/workspaces/isaac_ros-dev/software/library_ws/install/costmap_converter_msgs/lib/python3.8/site-packages:${PYTHONPATH} /usr/bin/cmake --build /workspaces/isaac_ros-dev/software/library_ws/build/costmap_converter -- -j6 -l6
[13.073s] [  5%] [32mBuilding CXX object gtest/CMakeFiles/gtest.dir/src/gtest-all.cc.o[0m
[13.077s] [ 10%] [32mBuilding CXX object CMakeFiles/costmap_converter.dir/src/costmap_to_polygons.cpp.o[0m
[13.080s] [ 15%] [32mBuilding CXX object CMakeFiles/costmap_converter.dir/src/costmap_to_lines_convex_hull.cpp.o[0m
[13.089s] [ 21%] [32mBuilding CXX object CMakeFiles/costmap_converter.dir/src/costmap_to_dynamic_obstacles/costmap_to_dynamic_obstacles.cpp.o[0m
[13.094s] [ 26%] [32mBuilding CXX object CMakeFiles/costmap_converter.dir/src/costmap_to_lines_ransac.cpp.o[0m
[13.099s] [ 31%] [32mBuilding CXX object CMakeFiles/costmap_converter.dir/src/costmap_to_polygons_concave.cpp.o[0m
[15.828s] In file included from [01m[K/workspaces/isaac_ros-dev/software/library_ws/src/costmap_converter-ros2/costmap_converter/src/costmap_to_dynamic_obstacles/costmap_to_dynamic_obstacles.cpp:6[m[K:
[15.837s] [01m[K/opt/ros/humble/include/tf2_geometry_msgs/tf2_geometry_msgs/tf2_geometry_msgs.h:35:2:[m[K [01;35m[Kwarning: [m[K#warning This header is obsolete, please include tf2_geometry_msgs/tf2_geometry_msgs.hpp instead [[01;35m[K-Wcpp[m[K]
[15.837s]    35 | #[01;35m[Kwarning[m[K This header is obsolete, please include tf2_geometry_msgs/tf2_geometry_msgs.hpp instead
[15.837s]       |  [01;35m[K^~~~~~~[m[K
[27.852s] In file included from [01m[K/opt/ros/humble/include/rclcpp/rclcpp/logging.hpp:24[m[K,
[27.853s]                  from [01m[K/opt/ros/humble/include/rclcpp/rclcpp/client.hpp:40[m[K,
[27.853s]                  from [01m[K/opt/ros/humble/include/rclcpp/rclcpp/callback_group.hpp:24[m[K,
[27.853s]                  from [01m[K/opt/ros/humble/include/rclcpp/rclcpp/any_executable.hpp:20[m[K,
[27.853s]                  from [01m[K/opt/ros/humble/include/rclcpp/rclcpp/memory_strategy.hpp:25[m[K,
[27.853s]                  from [01m[K/opt/ros/humble/include/rclcpp/rclcpp/memory_strategies.hpp:18[m[K,
[27.854s]                  from [01m[K/opt/ros/humble/include/rclcpp/rclcpp/executor_options.hpp:20[m[K,
[27.854s]                  from [01m[K/opt/ros/humble/include/rclcpp/rclcpp/executor.hpp:37[m[K,
[27.854s]                  from [01m[K/opt/ros/humble/include/rclcpp/rclcpp/executors/multi_threaded_executor.hpp:25[m[K,
[27.854s]                  from [01m[K/opt/ros/humble/include/rclcpp/rclcpp/executors.hpp:21[m[K,
[27.854s]                  from [01m[K/opt/ros/humble/include/rclcpp/rclcpp/rclcpp.hpp:155[m[K,
[27.854s]                  from [01m[K/workspaces/isaac_ros-dev/software/library_ws/src/costmap_converter-ros2/costmap_converter/include/costmap_converter/costmap_converter_interface.h:46[m[K,
[27.854s]                  from [01m[K/workspaces/isaac_ros-dev/software/library_ws/src/costmap_converter-ros2/costmap_converter/include/costmap_converter/costmap_to_lines_ransac.h:42[m[K,
[27.855s]                  from [01m[K/workspaces/isaac_ros-dev/software/library_ws/src/costmap_converter-ros2/costmap_converter/src/costmap_to_lines_ransac.cpp:39[m[K:
[27.855s] [01m[K/workspaces/isaac_ros-dev/software/library_ws/src/costmap_converter-ros2/costmap_converter/include/costmap_converter/costmap_converter_interface.h:[m[K In member function ‘[01m[Kvoid costmap_converter::BaseCostmapToPolygons::startWorker(rclcpp::GenericRate<std::chrono::_V2::system_clock>::SharedPtr, nav2_costmap_2d::Costmap2D*, bool)[m[K’:
[27.855s] [01m[K/workspaces/isaac_ros-dev/software/library_ws/src/costmap_converter-ros2/costmap_converter/include/costmap_converter/costmap_converter_interface.h:197:41:[m[K [01;35m[Kwarning: [m[Ktoo many arguments for format [[01;35m[K-Wformat-extra-args[m[K]
[27.855s]   197 |         RCLCPP_DEBUG(nh_->get_logger(), [01;35m[K"costmap_converter"[m[K, "Spinning up a thread for the CostmapToPolygons plugin");
[27.855s]       |                                         [01;35m[K^~~~~~~~~~~~~~~~~~~[m[K
[27.924s] [01m[K/workspaces/isaac_ros-dev/software/library_ws/src/costmap_converter-ros2/costmap_converter/include/costmap_converter/costmap_converter_interface.h:[m[K In member function ‘[01m[Kvoid costmap_converter::BaseCostmapToDynamicObstacles::loadStaticCostmapConverterPlugin(const string&, rclcpp::Node::SharedPtr)[m[K’:
[27.925s] [01m[K/workspaces/isaac_ros-dev/software/library_ws/src/costmap_converter-ros2/costmap_converter/include/costmap_converter/costmap_converter_interface.h:313:32:[m[K [01;35m[Kwarning: [m[Kformat ‘[01m[K%s[m[K’ expects argument of type ‘[01m[Kchar*[m[K’, but argument 5 has type ‘[01m[Kconst string[m[K’ {aka ‘[01m[Kconst std::__cxx11::basic_string<char>[m[K’} [[01;35m[K-Wformat=[m[K]
[27.926s]   313 |       RCLCPP_INFO(getLogger(), [01;35m[K"CostmapToDynamicObstacles: underlying costmap conversion plugin for static obstacles %s loaded."[m[K, plugin_name);
[27.927s]       |                                [01;35m[K^~~~~~~~~~~~~~~~~~~~~~~~~~~~~~~~~~~~~~~~~~~~~~~~~~~~~~~~~~~~~~~~~~~~~~~~~~~~~~~~~~~~~~~~~~~~~~~~~[m[K
[27.927s] In file included from [01m[K/workspaces/isaac_ros-dev/software/library_ws/src/costmap_converter-ros2/costmap_converter/include/costmap_converter/costmap_to_lines_ransac.h:42[m[K,
[27.927s]                  from [01m[K/workspaces/isaac_ros-dev/software/library_ws/src/costmap_converter-ros2/costmap_converter/src/costmap_to_lines_ransac.cpp:39[m[K:
[27.927s] [01m[K/workspaces/isaac_ros-dev/software/library_ws/src/costmap_converter-ros2/costmap_converter/include/costmap_converter/costmap_converter_interface.h:313:119:[m[K [01;36m[Knote: [m[Kformat string is defined here
[27.928s]   313 |       RCLCPP_INFO(getLogger(), "CostmapToDynamicObstacles: underlying costmap conversion plugin for static obstacles [01;36m[K%s[m[K loaded.", plugin_name);
[27.928s]       |                                                                                                                      [01;36m[K~^[m[K
[27.928s]       |                                                                                                                       [01;36m[K|[m[K
[27.928s]       |                                                                                                                       [01;36m[Kchar*[m[K
[28.060s] In file included from [01m[K/opt/ros/humble/include/rclcpp/rclcpp/logging.hpp:24[m[K,
[28.060s]                  from [01m[K/opt/ros/humble/include/rclcpp/rclcpp/client.hpp:40[m[K,
[28.060s]                  from [01m[K/opt/ros/humble/include/rclcpp/rclcpp/callback_group.hpp:24[m[K,
[28.066s]                  from [01m[K/opt/ros/humble/include/rclcpp/rclcpp/any_executable.hpp:20[m[K,
[28.067s]                  from [01m[K/opt/ros/humble/include/rclcpp/rclcpp/memory_strategy.hpp:25[m[K,
[28.067s]                  from [01m[K/opt/ros/humble/include/rclcpp/rclcpp/memory_strategies.hpp:18[m[K,
[28.068s]                  from [01m[K/opt/ros/humble/include/rclcpp/rclcpp/executor_options.hpp:20[m[K,
[28.068s]                  from [01m[K/opt/ros/humble/include/rclcpp/rclcpp/executor.hpp:37[m[K,
[28.068s]                  from [01m[K/opt/ros/humble/include/rclcpp/rclcpp/executors/multi_threaded_executor.hpp:25[m[K,
[28.068s]                  from [01m[K/opt/ros/humble/include/rclcpp/rclcpp/executors.hpp:21[m[K,
[28.068s]                  from [01m[K/opt/ros/humble/include/rclcpp/rclcpp/rclcpp.hpp:155[m[K,
[28.068s]                  from [01m[K/workspaces/isaac_ros-dev/software/library_ws/src/costmap_converter-ros2/costmap_converter/include/costmap_converter/costmap_to_polygons.h:42[m[K,
[28.068s]                  from [01m[K/workspaces/isaac_ros-dev/software/library_ws/src/costmap_converter-ros2/costmap_converter/src/costmap_to_polygons.cpp:39[m[K:
[28.069s] [01m[K/workspaces/isaac_ros-dev/software/library_ws/src/costmap_converter-ros2/costmap_converter/include/costmap_converter/costmap_converter_interface.h:[m[K In member function ‘[01m[Kvoid costmap_converter::BaseCostmapToPolygons::startWorker(rclcpp::GenericRate<std::chrono::_V2::system_clock>::SharedPtr, nav2_costmap_2d::Costmap2D*, bool)[m[K’:
[28.069s] [01m[K/workspaces/isaac_ros-dev/software/library_ws/src/costmap_converter-ros2/costmap_converter/include/costmap_converter/costmap_converter_interface.h:197:41:[m[K [01;35m[Kwarning: [m[Ktoo many arguments for format [[01;35m[K-Wformat-extra-args[m[K]
[28.069s]   197 |         RCLCPP_DEBUG(nh_->get_logger(), [01;35m[K"costmap_converter"[m[K, "Spinning up a thread for the CostmapToPolygons plugin");
[28.069s]       |                                         [01;35m[K^~~~~~~~~~~~~~~~~~~[m[K
[28.144s] [01m[K/workspaces/isaac_ros-dev/software/library_ws/src/costmap_converter-ros2/costmap_converter/include/costmap_converter/costmap_converter_interface.h:[m[K In member function ‘[01m[Kvoid costmap_converter::BaseCostmapToDynamicObstacles::loadStaticCostmapConverterPlugin(const string&, rclcpp::Node::SharedPtr)[m[K’:
[28.144s] [01m[K/workspaces/isaac_ros-dev/software/library_ws/src/costmap_converter-ros2/costmap_converter/include/costmap_converter/costmap_converter_interface.h:313:32:[m[K [01;35m[Kwarning: [m[Kformat ‘[01m[K%s[m[K’ expects argument of type ‘[01m[Kchar*[m[K’, but argument 5 has type ‘[01m[Kconst string[m[K’ {aka ‘[01m[Kconst std::__cxx11::basic_string<char>[m[K’} [[01;35m[K-Wformat=[m[K]
[28.144s]   313 |       RCLCPP_INFO(getLogger(), [01;35m[K"CostmapToDynamicObstacles: underlying costmap conversion plugin for static obstacles %s loaded."[m[K, plugin_name);
[28.146s]       |                                [01;35m[K^~~~~~~~~~~~~~~~~~~~~~~~~~~~~~~~~~~~~~~~~~~~~~~~~~~~~~~~~~~~~~~~~~~~~~~~~~~~~~~~~~~~~~~~~~~~~~~~~[m[K
[28.146s] In file included from [01m[K/workspaces/isaac_ros-dev/software/library_ws/src/costmap_converter-ros2/costmap_converter/include/costmap_converter/costmap_to_polygons.h:43[m[K,
[28.146s]                  from [01m[K/workspaces/isaac_ros-dev/software/library_ws/src/costmap_converter-ros2/costmap_converter/src/costmap_to_polygons.cpp:39[m[K:
[28.146s] [01m[K/workspaces/isaac_ros-dev/software/library_ws/src/costmap_converter-ros2/costmap_converter/include/costmap_converter/costmap_converter_interface.h:313:119:[m[K [01;36m[Knote: [m[Kformat string is defined here
[28.147s]   313 |       RCLCPP_INFO(getLogger(), "CostmapToDynamicObstacles: underlying costmap conversion plugin for static obstacles [01;36m[K%s[m[K loaded.", plugin_name);
[28.147s]       |                                                                                                                      [01;36m[K~^[m[K
[28.147s]       |                                                                                                                       [01;36m[K|[m[K
[28.147s]       |                                                                                                                       [01;36m[Kchar*[m[K
[28.461s] In file included from [01m[K/opt/ros/humble/include/rclcpp/rclcpp/logging.hpp:24[m[K,
[28.462s]                  from [01m[K/opt/ros/humble/include/rclcpp/rclcpp/client.hpp:40[m[K,
[28.462s]                  from [01m[K/opt/ros/humble/include/rclcpp/rclcpp/callback_group.hpp:24[m[K,
[28.462s]                  from [01m[K/opt/ros/humble/include/rclcpp/rclcpp/any_executable.hpp:20[m[K,
[28.463s]                  from [01m[K/opt/ros/humble/include/rclcpp/rclcpp/memory_strategy.hpp:25[m[K,
[28.463s]                  from [01m[K/opt/ros/humble/include/rclcpp/rclcpp/memory_strategies.hpp:18[m[K,
[28.463s]                  from [01m[K/opt/ros/humble/include/rclcpp/rclcpp/executor_options.hpp:20[m[K,
[28.463s]                  from [01m[K/opt/ros/humble/include/rclcpp/rclcpp/executor.hpp:37[m[K,
[28.463s]                  from [01m[K/opt/ros/humble/include/rclcpp/rclcpp/executors/multi_threaded_executor.hpp:25[m[K,
[28.463s]                  from [01m[K/opt/ros/humble/include/rclcpp/rclcpp/executors.hpp:21[m[K,
[28.468s]                  from [01m[K/opt/ros/humble/include/rclcpp/rclcpp/rclcpp.hpp:155[m[K,
[28.468s]                  from [01m[K/workspaces/isaac_ros-dev/software/library_ws/src/costmap_converter-ros2/costmap_converter/include/costmap_converter/costmap_converter_interface.h:46[m[K,
[28.468s]                  from [01m[K/workspaces/isaac_ros-dev/software/library_ws/src/costmap_converter-ros2/costmap_converter/include/costmap_converter/costmap_to_dynamic_obstacles/costmap_to_dynamic_obstacles.h:47[m[K,
[28.468s]                  from [01m[K/workspaces/isaac_ros-dev/software/library_ws/src/costmap_converter-ros2/costmap_converter/src/costmap_to_dynamic_obstacles/costmap_to_dynamic_obstacles.cpp:1[m[K:
[28.468s] [01m[K/workspaces/isaac_ros-dev/software/library_ws/src/costmap_converter-ros2/costmap_converter/include/costmap_converter/costmap_converter_interface.h:[m[K In member function ‘[01m[Kvoid costmap_converter::BaseCostmapToPolygons::startWorker(rclcpp::GenericRate<std::chrono::_V2::system_clock>::SharedPtr, nav2_costmap_2d::Costmap2D*, bool)[m[K’:
[28.468s] [01m[K/workspaces/isaac_ros-dev/software/library_ws/src/costmap_converter-ros2/costmap_converter/include/costmap_converter/costmap_converter_interface.h:197:41:[m[K [01;35m[Kwarning: [m[Ktoo many arguments for format [[01;35m[K-Wformat-extra-args[m[K]
[28.469s]   197 |         RCLCPP_DEBUG(nh_->get_logger(), [01;35m[K"costmap_converter"[m[K, "Spinning up a thread for the CostmapToPolygons plugin");
[28.469s]       |                                         [01;35m[K^~~~~~~~~~~~~~~~~~~[m[K
[28.550s] [01m[K/workspaces/isaac_ros-dev/software/library_ws/src/costmap_converter-ros2/costmap_converter/include/costmap_converter/costmap_converter_interface.h:[m[K In member function ‘[01m[Kvoid costmap_converter::BaseCostmapToDynamicObstacles::loadStaticCostmapConverterPlugin(const string&, rclcpp::Node::SharedPtr)[m[K’:
[28.550s] [01m[K/workspaces/isaac_ros-dev/software/library_ws/src/costmap_converter-ros2/costmap_converter/include/costmap_converter/costmap_converter_interface.h:313:32:[m[K [01;35m[Kwarning: [m[Kformat ‘[01m[K%s[m[K’ expects argument of type ‘[01m[Kchar*[m[K’, but argument 5 has type ‘[01m[Kconst string[m[K’ {aka ‘[01m[Kconst std::__cxx11::basic_string<char>[m[K’} [[01;35m[K-Wformat=[m[K]
[28.551s]   313 |       RCLCPP_INFO(getLogger(), [01;35m[K"CostmapToDynamicObstacles: underlying costmap conversion plugin for static obstacles %s loaded."[m[K, plugin_name);
[28.551s]       |                                [01;35m[K^~~~~~~~~~~~~~~~~~~~~~~~~~~~~~~~~~~~~~~~~~~~~~~~~~~~~~~~~~~~~~~~~~~~~~~~~~~~~~~~~~~~~~~~~~~~~~~~~[m[K
[28.551s] In file included from [01m[K/workspaces/isaac_ros-dev/software/library_ws/src/costmap_converter-ros2/costmap_converter/include/costmap_converter/costmap_to_dynamic_obstacles/costmap_to_dynamic_obstacles.h:47[m[K,
[28.551s]                  from [01m[K/workspaces/isaac_ros-dev/software/library_ws/src/costmap_converter-ros2/costmap_converter/src/costmap_to_dynamic_obstacles/costmap_to_dynamic_obstacles.cpp:1[m[K:
[28.551s] [01m[K/workspaces/isaac_ros-dev/software/library_ws/src/costmap_converter-ros2/costmap_converter/include/costmap_converter/costmap_converter_interface.h:313:119:[m[K [01;36m[Knote: [m[Kformat string is defined here
[28.551s]   313 |       RCLCPP_INFO(getLogger(), "CostmapToDynamicObstacles: underlying costmap conversion plugin for static obstacles [01;36m[K%s[m[K loaded.", plugin_name);
[28.552s]       |                                                                                                                      [01;36m[K~^[m[K
[28.552s]       |                                                                                                                       [01;36m[K|[m[K
[28.552s]       |                                                                                                                       [01;36m[Kchar*[m[K
[28.653s] In file included from [01m[K/opt/ros/humble/include/rclcpp/rclcpp/logging.hpp:24[m[K,
[28.654s]                  from [01m[K/opt/ros/humble/include/rclcpp/rclcpp/client.hpp:40[m[K,
[28.654s]                  from [01m[K/opt/ros/humble/include/rclcpp/rclcpp/callback_group.hpp:24[m[K,
[28.654s]                  from [01m[K/opt/ros/humble/include/rclcpp/rclcpp/any_executable.hpp:20[m[K,
[28.654s]                  from [01m[K/opt/ros/humble/include/rclcpp/rclcpp/memory_strategy.hpp:25[m[K,
[28.654s]                  from [01m[K/opt/ros/humble/include/rclcpp/rclcpp/memory_strategies.hpp:18[m[K,
[28.654s]                  from [01m[K/opt/ros/humble/include/rclcpp/rclcpp/executor_options.hpp:20[m[K,
[28.655s]                  from [01m[K/opt/ros/humble/include/rclcpp/rclcpp/executor.hpp:37[m[K,
[28.655s]                  from [01m[K/opt/ros/humble/include/rclcpp/rclcpp/executors/multi_threaded_executor.hpp:25[m[K,
[28.655s]                  from [01m[K/opt/ros/humble/include/rclcpp/rclcpp/executors.hpp:21[m[K,
[28.655s]                  from [01m[K/opt/ros/humble/include/rclcpp/rclcpp/rclcpp.hpp:155[m[K,
[28.655s]                  from [01m[K/workspaces/isaac_ros-dev/software/library_ws/src/costmap_converter-ros2/costmap_converter/include/costmap_converter/costmap_converter_interface.h:46[m[K,
[28.655s]                  from [01m[K/workspaces/isaac_ros-dev/software/library_ws/src/costmap_converter-ros2/costmap_converter/include/costmap_converter/costmap_to_lines_convex_hull.h:42[m[K,
[28.655s]                  from [01m[K/workspaces/isaac_ros-dev/software/library_ws/src/costmap_converter-ros2/costmap_converter/src/costmap_to_lines_convex_hull.cpp:39[m[K:
[28.656s] [01m[K/workspaces/isaac_ros-dev/software/library_ws/src/costmap_converter-ros2/costmap_converter/include/costmap_converter/costmap_converter_interface.h:[m[K In member function ‘[01m[Kvoid costmap_converter::BaseCostmapToPolygons::startWorker(rclcpp::GenericRate<std::chrono::_V2::system_clock>::SharedPtr, nav2_costmap_2d::Costmap2D*, bool)[m[K’:
[28.656s] [01m[K/workspaces/isaac_ros-dev/software/library_ws/src/costmap_converter-ros2/costmap_converter/include/costmap_converter/costmap_converter_interface.h:197:41:[m[K [01;35m[Kwarning: [m[Ktoo many arguments for format [[01;35m[K-Wformat-extra-args[m[K]
[28.656s]   197 |         RCLCPP_DEBUG(nh_->get_logger(), [01;35m[K"costmap_converter"[m[K, "Spinning up a thread for the CostmapToPolygons plugin");
[28.656s]       |                                         [01;35m[K^~~~~~~~~~~~~~~~~~~[m[K
[28.728s] [01m[K/workspaces/isaac_ros-dev/software/library_ws/src/costmap_converter-ros2/costmap_converter/include/costmap_converter/costmap_converter_interface.h:[m[K In member function ‘[01m[Kvoid costmap_converter::BaseCostmapToDynamicObstacles::loadStaticCostmapConverterPlugin(const string&, rclcpp::Node::SharedPtr)[m[K’:
[28.728s] [01m[K/workspaces/isaac_ros-dev/software/library_ws/src/costmap_converter-ros2/costmap_converter/include/costmap_converter/costmap_converter_interface.h:313:32:[m[K [01;35m[Kwarning: [m[Kformat ‘[01m[K%s[m[K’ expects argument of type ‘[01m[Kchar*[m[K’, but argument 5 has type ‘[01m[Kconst string[m[K’ {aka ‘[01m[Kconst std::__cxx11::basic_string<char>[m[K’} [[01;35m[K-Wformat=[m[K]
[28.728s]   313 |       RCLCPP_INFO(getLogger(), [01;35m[K"CostmapToDynamicObstacles: underlying costmap conversion plugin for static obstacles %s loaded."[m[K, plugin_name);
[28.728s]       |                                [01;35m[K^~~~~~~~~~~~~~~~~~~~~~~~~~~~~~~~~~~~~~~~~~~~~~~~~~~~~~~~~~~~~~~~~~~~~~~~~~~~~~~~~~~~~~~~~~~~~~~~~[m[K
[28.729s] In file included from [01m[K/workspaces/isaac_ros-dev/software/library_ws/src/costmap_converter-ros2/costmap_converter/include/costmap_converter/costmap_to_lines_convex_hull.h:42[m[K,
[28.729s]                  from [01m[K/workspaces/isaac_ros-dev/software/library_ws/src/costmap_converter-ros2/costmap_converter/src/costmap_to_lines_convex_hull.cpp:39[m[K:
[28.729s] [01m[K/workspaces/isaac_ros-dev/software/library_ws/src/costmap_converter-ros2/costmap_converter/include/costmap_converter/costmap_converter_interface.h:313:119:[m[K [01;36m[Knote: [m[Kformat string is defined here
[28.729s]   313 |       RCLCPP_INFO(getLogger(), "CostmapToDynamicObstacles: underlying costmap conversion plugin for static obstacles [01;36m[K%s[m[K loaded.", plugin_name);
[28.729s]       |                                                                                                                      [01;36m[K~^[m[K
[28.729s]       |                                                                                                                       [01;36m[K|[m[K
[28.729s]       |                                                                                                                       [01;36m[Kchar*[m[K
[28.872s] In file included from [01m[K/opt/ros/humble/include/rclcpp/rclcpp/logging.hpp:24[m[K,
[28.874s]                  from [01m[K/opt/ros/humble/include/rclcpp/rclcpp/client.hpp:40[m[K,
[28.877s]                  from [01m[K/opt/ros/humble/include/rclcpp/rclcpp/callback_group.hpp:24[m[K,
[28.880s]                  from [01m[K/opt/ros/humble/include/rclcpp/rclcpp/any_executable.hpp:20[m[K,
[28.881s]                  from [01m[K/opt/ros/humble/include/rclcpp/rclcpp/memory_strategy.hpp:25[m[K,
[28.882s]                  from [01m[K/opt/ros/humble/include/rclcpp/rclcpp/memory_strategies.hpp:18[m[K,
[28.882s]                  from [01m[K/opt/ros/humble/include/rclcpp/rclcpp/executor_options.hpp:20[m[K,
[28.883s]                  from [01m[K/opt/ros/humble/include/rclcpp/rclcpp/executor.hpp:37[m[K,
[28.885s]                  from [01m[K/opt/ros/humble/include/rclcpp/rclcpp/executors/multi_threaded_executor.hpp:25[m[K,
[28.886s]                  from [01m[K/opt/ros/humble/include/rclcpp/rclcpp/executors.hpp:21[m[K,
[28.887s]                  from [01m[K/opt/ros/humble/include/rclcpp/rclcpp/rclcpp.hpp:155[m[K,
[28.888s]                  from [01m[K/workspaces/isaac_ros-dev/software/library_ws/src/costmap_converter-ros2/costmap_converter/include/costmap_converter/costmap_to_polygons.h:42[m[K,
[28.889s]                  from [01m[K/workspaces/isaac_ros-dev/software/library_ws/src/costmap_converter-ros2/costmap_converter/include/costmap_converter/costmap_to_polygons_concave.h:42[m[K,
[28.890s]                  from [01m[K/workspaces/isaac_ros-dev/software/library_ws/src/costmap_converter-ros2/costmap_converter/src/costmap_to_polygons_concave.cpp:39[m[K:
[28.891s] [01m[K/workspaces/isaac_ros-dev/software/library_ws/src/costmap_converter-ros2/costmap_converter/include/costmap_converter/costmap_converter_interface.h:[m[K In member function ‘[01m[Kvoid costmap_converter::BaseCostmapToPolygons::startWorker(rclcpp::GenericRate<std::chrono::_V2::system_clock>::SharedPtr, nav2_costmap_2d::Costmap2D*, bool)[m[K’:
[28.892s] [01m[K/workspaces/isaac_ros-dev/software/library_ws/src/costmap_converter-ros2/costmap_converter/include/costmap_converter/costmap_converter_interface.h:197:41:[m[K [01;35m[Kwarning: [m[Ktoo many arguments for format [[01;35m[K-Wformat-extra-args[m[K]
[28.893s]   197 |         RCLCPP_DEBUG(nh_->get_logger(), [01;35m[K"costmap_converter"[m[K, "Spinning up a thread for the CostmapToPolygons plugin");
[28.894s]       |                                         [01;35m[K^~~~~~~~~~~~~~~~~~~[m[K
[28.964s] [01m[K/workspaces/isaac_ros-dev/software/library_ws/src/costmap_converter-ros2/costmap_converter/include/costmap_converter/costmap_converter_interface.h:[m[K In member function ‘[01m[Kvoid costmap_converter::BaseCostmapToDynamicObstacles::loadStaticCostmapConverterPlugin(const string&, rclcpp::Node::SharedPtr)[m[K’:
[28.969s] [01m[K/workspaces/isaac_ros-dev/software/library_ws/src/costmap_converter-ros2/costmap_converter/include/costmap_converter/costmap_converter_interface.h:313:32:[m[K [01;35m[Kwarning: [m[Kformat ‘[01m[K%s[m[K’ expects argument of type ‘[01m[Kchar*[m[K’, but argument 5 has type ‘[01m[Kconst string[m[K’ {aka ‘[01m[Kconst std::__cxx11::basic_string<char>[m[K’} [[01;35m[K-Wformat=[m[K]
[28.971s]   313 |       RCLCPP_INFO(getLogger(), [01;35m[K"CostmapToDynamicObstacles: underlying costmap conversion plugin for static obstacles %s loaded."[m[K, plugin_name);
[28.971s]       |                                [01;35m[K^~~~~~~~~~~~~~~~~~~~~~~~~~~~~~~~~~~~~~~~~~~~~~~~~~~~~~~~~~~~~~~~~~~~~~~~~~~~~~~~~~~~~~~~~~~~~~~~~[m[K
[28.972s] In file included from [01m[K/workspaces/isaac_ros-dev/software/library_ws/src/costmap_converter-ros2/costmap_converter/include/costmap_converter/costmap_to_polygons.h:43[m[K,
[28.972s]                  from [01m[K/workspaces/isaac_ros-dev/software/library_ws/src/costmap_converter-ros2/costmap_converter/include/costmap_converter/costmap_to_polygons_concave.h:42[m[K,
[28.973s]                  from [01m[K/workspaces/isaac_ros-dev/software/library_ws/src/costmap_converter-ros2/costmap_converter/src/costmap_to_polygons_concave.cpp:39[m[K:
[28.973s] [01m[K/workspaces/isaac_ros-dev/software/library_ws/src/costmap_converter-ros2/costmap_converter/include/costmap_converter/costmap_converter_interface.h:313:119:[m[K [01;36m[Knote: [m[Kformat string is defined here
[28.973s]   313 |       RCLCPP_INFO(getLogger(), "CostmapToDynamicObstacles: underlying costmap conversion plugin for static obstacles [01;36m[K%s[m[K loaded.", plugin_name);
[28.975s]       |                                                                                                                      [01;36m[K~^[m[K
[28.975s]       |                                                                                                                       [01;36m[K|[m[K
[28.975s]       |                                                                                                                       [01;36m[Kchar*[m[K
[41.140s] [ 36%] [32m[1mLinking CXX static library ../lib/libgtest.a[0m
[41.214s] [ 36%] Built target gtest
[77.450s] [ 42%] [32mBuilding CXX object CMakeFiles/costmap_converter.dir/src/costmap_to_dynamic_obstacles/multitarget_tracker/HungarianAlg.cpp.o[0m
[85.182s] [ 47%] [32mBuilding CXX object CMakeFiles/costmap_converter.dir/src/costmap_to_dynamic_obstacles/multitarget_tracker/Kalman.cpp.o[0m
[93.119s] [ 57%] [32mBuilding CXX object CMakeFiles/costmap_converter.dir/src/costmap_to_dynamic_obstacles/background_subtractor.cpp.o[0m
[93.119s] [ 57%] [32mBuilding CXX object CMakeFiles/costmap_converter.dir/src/costmap_to_dynamic_obstacles/multitarget_tracker/Ctracker.cpp.o[0m
[93.122s] [ 63%] [32mBuilding CXX object CMakeFiles/costmap_converter.dir/src/costmap_to_dynamic_obstacles/blob_detector.cpp.o[0m
[102.068s] [ 68%] [32m[1mLinking CXX shared library libcostmap_converter.so[0m
[103.305s] [ 68%] Built target costmap_converter
[103.337s] [ 73%] [32mBuilding CXX object gtest/CMakeFiles/gtest_main.dir/src/gtest_main.cc.o[0m
[103.339s] [ 78%] [32mBuilding CXX object CMakeFiles/standalone_converter.dir/src/costmap_converter_node.cpp.o[0m
[105.155s] [ 84%] [32m[1mLinking CXX static library ../lib/libgtest_main.a[0m
[105.207s] [ 84%] Built target gtest_main
[105.250s] [ 89%] [32mBuilding CXX object CMakeFiles/test_costmap_polygons.dir/test/costmap_polygons.cpp.o[0m
[113.336s] In file included from [01m[K/opt/ros/humble/include/rclcpp/rclcpp/logging.hpp:24[m[K,
[113.337s]                  from [01m[K/opt/ros/humble/include/rclcpp/rclcpp/client.hpp:40[m[K,
[113.338s]                  from [01m[K/opt/ros/humble/include/rclcpp/rclcpp/callback_group.hpp:24[m[K,
[113.338s]                  from [01m[K/opt/ros/humble/include/rclcpp/rclcpp/any_executable.hpp:20[m[K,
[113.338s]                  from [01m[K/opt/ros/humble/include/rclcpp/rclcpp/memory_strategy.hpp:25[m[K,
[113.338s]                  from [01m[K/opt/ros/humble/include/rclcpp/rclcpp/memory_strategies.hpp:18[m[K,
[113.338s]                  from [01m[K/opt/ros/humble/include/rclcpp/rclcpp/executor_options.hpp:20[m[K,
[113.338s]                  from [01m[K/opt/ros/humble/include/rclcpp/rclcpp/executor.hpp:37[m[K,
[113.338s]                  from [01m[K/opt/ros/humble/include/rclcpp/rclcpp/executors/multi_threaded_executor.hpp:25[m[K,
[113.339s]                  from [01m[K/opt/ros/humble/include/rclcpp/rclcpp/executors.hpp:21[m[K,
[113.339s]                  from [01m[K/opt/ros/humble/include/rclcpp/rclcpp/rclcpp.hpp:155[m[K,
[113.339s]                  from [01m[K/workspaces/isaac_ros-dev/software/library_ws/src/costmap_converter-ros2/costmap_converter/src/costmap_converter_node.cpp:40[m[K:
[113.339s] [01m[K/workspaces/isaac_ros-dev/software/library_ws/src/costmap_converter-ros2/costmap_converter/include/costmap_converter/costmap_converter_interface.h:[m[K In member function ‘[01m[Kvoid costmap_converter::BaseCostmapToPolygons::startWorker(rclcpp::GenericRate<std::chrono::_V2::system_clock>::SharedPtr, nav2_costmap_2d::Costmap2D*, bool)[m[K’:
[113.339s] [01m[K/workspaces/isaac_ros-dev/software/library_ws/src/costmap_converter-ros2/costmap_converter/include/costmap_converter/costmap_converter_interface.h:197:41:[m[K [01;35m[Kwarning: [m[Ktoo many arguments for format [[01;35m[K-Wformat-extra-args[m[K]
[113.339s]   197 |         RCLCPP_DEBUG(nh_->get_logger(), [01;35m[K"costmap_converter"[m[K, "Spinning up a thread for the CostmapToPolygons plugin");
[113.340s]       |                                         [01;35m[K^~~~~~~~~~~~~~~~~~~[m[K
[113.391s] [01m[K/workspaces/isaac_ros-dev/software/library_ws/src/costmap_converter-ros2/costmap_converter/include/costmap_converter/costmap_converter_interface.h:[m[K In member function ‘[01m[Kvoid costmap_converter::BaseCostmapToDynamicObstacles::loadStaticCostmapConverterPlugin(const string&, rclcpp::Node::SharedPtr)[m[K’:
[113.392s] [01m[K/workspaces/isaac_ros-dev/software/library_ws/src/costmap_converter-ros2/costmap_converter/include/costmap_converter/costmap_converter_interface.h:313:32:[m[K [01;35m[Kwarning: [m[Kformat ‘[01m[K%s[m[K’ expects argument of type ‘[01m[Kchar*[m[K’, but argument 5 has type ‘[01m[Kconst string[m[K’ {aka ‘[01m[Kconst std::__cxx11::basic_string<char>[m[K’} [[01;35m[K-Wformat=[m[K]
[113.392s]   313 |       RCLCPP_INFO(getLogger(), [01;35m[K"CostmapToDynamicObstacles: underlying costmap conversion plugin for static obstacles %s loaded."[m[K, plugin_name);
[113.392s]       |                                [01;35m[K^~~~~~~~~~~~~~~~~~~~~~~~~~~~~~~~~~~~~~~~~~~~~~~~~~~~~~~~~~~~~~~~~~~~~~~~~~~~~~~~~~~~~~~~~~~~~~~~~[m[K
[113.392s] In file included from [01m[K/workspaces/isaac_ros-dev/software/library_ws/src/costmap_converter-ros2/costmap_converter/src/costmap_converter_node.cpp:47[m[K:
[113.393s] [01m[K/workspaces/isaac_ros-dev/software/library_ws/src/costmap_converter-ros2/costmap_converter/include/costmap_converter/costmap_converter_interface.h:313:119:[m[K [01;36m[Knote: [m[Kformat string is defined here
[113.393s]   313 |       RCLCPP_INFO(getLogger(), "CostmapToDynamicObstacles: underlying costmap conversion plugin for static obstacles [01;36m[K%s[m[K loaded.", plugin_name);
[113.393s]       |                                                                                                                      [01;36m[K~^[m[K
[113.393s]       |                                                                                                                       [01;36m[K|[m[K
[113.393s]       |                                                                                                                       [01;36m[Kchar*[m[K
[117.927s] In file included from [01m[K/opt/ros/humble/include/rclcpp/rclcpp/logging.hpp:24[m[K,
[117.927s]                  from [01m[K/opt/ros/humble/include/rclcpp/rclcpp/client.hpp:40[m[K,
[117.928s]                  from [01m[K/opt/ros/humble/include/rclcpp/rclcpp/callback_group.hpp:24[m[K,
[117.928s]                  from [01m[K/opt/ros/humble/include/rclcpp/rclcpp/any_executable.hpp:20[m[K,
[117.928s]                  from [01m[K/opt/ros/humble/include/rclcpp/rclcpp/memory_strategy.hpp:25[m[K,
[117.928s]                  from [01m[K/opt/ros/humble/include/rclcpp/rclcpp/memory_strategies.hpp:18[m[K,
[117.928s]                  from [01m[K/opt/ros/humble/include/rclcpp/rclcpp/executor_options.hpp:20[m[K,
[117.928s]                  from [01m[K/opt/ros/humble/include/rclcpp/rclcpp/executor.hpp:37[m[K,
[117.929s]                  from [01m[K/opt/ros/humble/include/rclcpp/rclcpp/executors/multi_threaded_executor.hpp:25[m[K,
[117.929s]                  from [01m[K/opt/ros/humble/include/rclcpp/rclcpp/executors.hpp:21[m[K,
[117.930s]                  from [01m[K/opt/ros/humble/include/rclcpp/rclcpp/rclcpp.hpp:155[m[K,
[117.930s]                  from [01m[K/workspaces/isaac_ros-dev/software/library_ws/src/costmap_converter-ros2/costmap_converter/include/costmap_converter/costmap_to_polygons.h:42[m[K,
[117.930s]                  from [01m[K/workspaces/isaac_ros-dev/software/library_ws/src/costmap_converter-ros2/costmap_converter/test/costmap_polygons.cpp:5[m[K:
[117.930s] [01m[K/workspaces/isaac_ros-dev/software/library_ws/src/costmap_converter-ros2/costmap_converter/include/costmap_converter/costmap_converter_interface.h:[m[K In member function ‘[01m[Kvoid costmap_converter::BaseCostmapToPolygons::startWorker(rclcpp::GenericRate<std::chrono::_V2::system_clock>::SharedPtr, nav2_costmap_2d::Costmap2D*, bool)[m[K’:
[117.930s] [01m[K/workspaces/isaac_ros-dev/software/library_ws/src/costmap_converter-ros2/costmap_converter/include/costmap_converter/costmap_converter_interface.h:197:41:[m[K [01;35m[Kwarning: [m[Ktoo many arguments for format [[01;35m[K-Wformat-extra-args[m[K]
[117.930s]   197 |         RCLCPP_DEBUG(nh_->get_logger(), [01;35m[K"costmap_converter"[m[K, "Spinning up a thread for the CostmapToPolygons plugin");
[117.931s]       |                                         [01;35m[K^~~~~~~~~~~~~~~~~~~[m[K
[117.982s] [01m[K/workspaces/isaac_ros-dev/software/library_ws/src/costmap_converter-ros2/costmap_converter/include/costmap_converter/costmap_converter_interface.h:[m[K In member function ‘[01m[Kvoid costmap_converter::BaseCostmapToDynamicObstacles::loadStaticCostmapConverterPlugin(const string&, rclcpp::Node::SharedPtr)[m[K’:
[117.982s] [01m[K/workspaces/isaac_ros-dev/software/library_ws/src/costmap_converter-ros2/costmap_converter/include/costmap_converter/costmap_converter_interface.h:313:32:[m[K [01;35m[Kwarning: [m[Kformat ‘[01m[K%s[m[K’ expects argument of type ‘[01m[Kchar*[m[K’, but argument 5 has type ‘[01m[Kconst string[m[K’ {aka ‘[01m[Kconst std::__cxx11::basic_string<char>[m[K’} [[01;35m[K-Wformat=[m[K]
[117.982s]   313 |       RCLCPP_INFO(getLogger(), [01;35m[K"CostmapToDynamicObstacles: underlying costmap conversion plugin for static obstacles %s loaded."[m[K, plugin_name);
[117.982s]       |                                [01;35m[K^~~~~~~~~~~~~~~~~~~~~~~~~~~~~~~~~~~~~~~~~~~~~~~~~~~~~~~~~~~~~~~~~~~~~~~~~~~~~~~~~~~~~~~~~~~~~~~~~[m[K
[117.983s] In file included from [01m[K/workspaces/isaac_ros-dev/software/library_ws/src/costmap_converter-ros2/costmap_converter/include/costmap_converter/costmap_to_polygons.h:43[m[K,
[117.983s]                  from [01m[K/workspaces/isaac_ros-dev/software/library_ws/src/costmap_converter-ros2/costmap_converter/test/costmap_polygons.cpp:5[m[K:
[117.983s] [01m[K/workspaces/isaac_ros-dev/software/library_ws/src/costmap_converter-ros2/costmap_converter/include/costmap_converter/costmap_converter_interface.h:313:119:[m[K [01;36m[Knote: [m[Kformat string is defined here
[117.983s]   313 |       RCLCPP_INFO(getLogger(), "CostmapToDynamicObstacles: underlying costmap conversion plugin for static obstacles [01;36m[K%s[m[K loaded.", plugin_name);
[117.983s]       |                                                                                                                      [01;36m[K~^[m[K
[117.984s]       |                                                                                                                       [01;36m[K|[m[K
[117.984s]       |                                                                                                                       [01;36m[Kchar*[m[K
[126.512s] [ 94%] [32m[1mLinking CXX executable test_costmap_polygons[0m
[128.470s] [ 94%] Built target test_costmap_polygons
[141.427s] [100%] [32m[1mLinking CXX executable standalone_converter[0m
[142.418s] [100%] Built target standalone_converter
[142.438s] Invoked command in '/workspaces/isaac_ros-dev/software/library_ws/build/costmap_converter' returned '0': AMENT_PREFIX_PATH=/workspaces/isaac_ros-dev/software/library_ws/install/costmap_converter_msgs:${AMENT_PREFIX_PATH} CMAKE_PREFIX_PATH=/workspaces/isaac_ros-dev/software/library_ws/install/costmap_converter_msgs:/workspaces/isaac_ros-dev/yahboomcar_ws2/install/yahboomcar_msgs:/workspaces/isaac_ros-dev/yahboomcar_ws2/install/yahboomcar_base_node:/workspaces/isaac_ros-dev/software/library_ws/install/sllidar_ros2:/workspaces/isaac_ros-dev/software/library_ws/install/astra_camera_msgs:/workspaces/isaac_ros-dev/yahboomcar_ws2/install/yahboomcar_laser:/workspaces/isaac_ros-dev/yahboomcar_ws2/install/yahboomcar_description:/workspaces/isaac_ros-dev/yahboomcar_ws2/install/yahboomcar_ctrl:/workspaces/isaac_ros-dev/yahboomcar_ws2/install/yahboomcar_bringup:/workspaces/isaac_ros-dev/yahboomcar_ws2/install/robot_pose_publisher:/opt/ros/humble LD_LIBRARY_PATH=/workspaces/isaac_ros-dev/software/library_ws/install/costmap_converter_msgs/lib:/workspaces/isaac_ros-dev/yahboomcar_ws2/install/yahboomcar_msgs/lib:/workspaces/isaac_ros-dev/software/library_ws/install/astra_camera_msgs/lib:/opt/ros/humble/opt/rviz_ogre_vendor/lib:/opt/ros/humble/lib/aarch64-linux-gnu:/opt/ros/humble/lib:/usr/lib/aarch64-linux-gnu/tegra/weston:/usr/lib/aarch64-linux-gnu/tegra-egl:/usr/local/cuda-11.4/targets/aarch64-linux/lib:/usr/lib/aarch64-linux-gnu/tegra:/opt/nvidia/vpi2/lib64:/usr/lib/aarch64-linux-gnu-host:/opt/tritonserver/lib PYTHONPATH=/workspaces/isaac_ros-dev/software/library_ws/install/costmap_converter_msgs/lib/python3.8/site-packages:${PYTHONPATH} /usr/bin/cmake --build /workspaces/isaac_ros-dev/software/library_ws/build/costmap_converter -- -j6 -l6
[142.616s] Invoking command in '/workspaces/isaac_ros-dev/software/library_ws/build/costmap_converter': AMENT_PREFIX_PATH=/workspaces/isaac_ros-dev/software/library_ws/install/costmap_converter_msgs:${AMENT_PREFIX_PATH} CMAKE_PREFIX_PATH=/workspaces/isaac_ros-dev/software/library_ws/install/costmap_converter_msgs:/workspaces/isaac_ros-dev/yahboomcar_ws2/install/yahboomcar_msgs:/workspaces/isaac_ros-dev/yahboomcar_ws2/install/yahboomcar_base_node:/workspaces/isaac_ros-dev/software/library_ws/install/sllidar_ros2:/workspaces/isaac_ros-dev/software/library_ws/install/astra_camera_msgs:/workspaces/isaac_ros-dev/yahboomcar_ws2/install/yahboomcar_laser:/workspaces/isaac_ros-dev/yahboomcar_ws2/install/yahboomcar_description:/workspaces/isaac_ros-dev/yahboomcar_ws2/install/yahboomcar_ctrl:/workspaces/isaac_ros-dev/yahboomcar_ws2/install/yahboomcar_bringup:/workspaces/isaac_ros-dev/yahboomcar_ws2/install/robot_pose_publisher:/opt/ros/humble LD_LIBRARY_PATH=/workspaces/isaac_ros-dev/software/library_ws/install/costmap_converter_msgs/lib:/workspaces/isaac_ros-dev/yahboomcar_ws2/install/yahboomcar_msgs/lib:/workspaces/isaac_ros-dev/software/library_ws/install/astra_camera_msgs/lib:/opt/ros/humble/opt/rviz_ogre_vendor/lib:/opt/ros/humble/lib/aarch64-linux-gnu:/opt/ros/humble/lib:/usr/lib/aarch64-linux-gnu/tegra/weston:/usr/lib/aarch64-linux-gnu/tegra-egl:/usr/local/cuda-11.4/targets/aarch64-linux/lib:/usr/lib/aarch64-linux-gnu/tegra:/opt/nvidia/vpi2/lib64:/usr/lib/aarch64-linux-gnu-host:/opt/tritonserver/lib PYTHONPATH=/workspaces/isaac_ros-dev/software/library_ws/install/costmap_converter_msgs/lib/python3.8/site-packages:${PYTHONPATH} /usr/bin/cmake --install /workspaces/isaac_ros-dev/software/library_ws/build/costmap_converter
[142.635s] -- Install configuration: "Release"
[142.635s] -- Execute custom install script
[142.637s] -- Symlinking: /workspaces/isaac_ros-dev/software/library_ws/install/costmap_converter/lib/libcostmap_converter.so
[142.647s] -- Symlinking: /workspaces/isaac_ros-dev/software/library_ws/install/costmap_converter/bin/standalone_converter
[142.657s] -- Symlinking: /workspaces/isaac_ros-dev/software/library_ws/install/costmap_converter/include//costmap_converter/costmap_converter_interface.h
[142.668s] -- Symlinking: /workspaces/isaac_ros-dev/software/library_ws/install/costmap_converter/include//costmap_converter/costmap_to_dynamic_obstacles/background_subtractor.h
[142.677s] -- Symlinking: /workspaces/isaac_ros-dev/software/library_ws/install/costmap_converter/include//costmap_converter/costmap_to_dynamic_obstacles/blob_detector.h
[142.685s] -- Symlinking: /workspaces/isaac_ros-dev/software/library_ws/install/costmap_converter/include//costmap_converter/costmap_to_dynamic_obstacles/costmap_to_dynamic_obstacles.h
[142.693s] -- Symlinking: /workspaces/isaac_ros-dev/software/library_ws/install/costmap_converter/include//costmap_converter/costmap_to_dynamic_obstacles/multitarget_tracker/Ctracker.h
[142.701s] -- Symlinking: /workspaces/isaac_ros-dev/software/library_ws/install/costmap_converter/include//costmap_converter/costmap_to_dynamic_obstacles/multitarget_tracker/HungarianAlg.h
[142.711s] -- Symlinking: /workspaces/isaac_ros-dev/software/library_ws/install/costmap_converter/include//costmap_converter/costmap_to_dynamic_obstacles/multitarget_tracker/Kalman.h
[142.720s] -- Symlinking: /workspaces/isaac_ros-dev/software/library_ws/install/costmap_converter/include//costmap_converter/costmap_to_dynamic_obstacles/multitarget_tracker/README.md
[142.728s] -- Symlinking: /workspaces/isaac_ros-dev/software/library_ws/install/costmap_converter/include//costmap_converter/costmap_to_dynamic_obstacles/multitarget_tracker/defines.h
[142.737s] -- Symlinking: /workspaces/isaac_ros-dev/software/library_ws/install/costmap_converter/include//costmap_converter/costmap_to_lines_convex_hull.h
[142.748s] -- Symlinking: /workspaces/isaac_ros-dev/software/library_ws/install/costmap_converter/include//costmap_converter/costmap_to_lines_ransac.h
[142.760s] -- Symlinking: /workspaces/isaac_ros-dev/software/library_ws/install/costmap_converter/include//costmap_converter/costmap_to_polygons.h
[142.769s] -- Symlinking: /workspaces/isaac_ros-dev/software/library_ws/install/costmap_converter/include//costmap_converter/costmap_to_polygons_concave.h
[142.776s] -- Symlinking: /workspaces/isaac_ros-dev/software/library_ws/install/costmap_converter/include//costmap_converter/misc.h
[142.788s] -- Symlinking: /workspaces/isaac_ros-dev/software/library_ws/install/costmap_converter/share/costmap_converter/environment/library_path.sh
[142.797s] -- Symlinking: /workspaces/isaac_ros-dev/software/library_ws/install/costmap_converter/share/costmap_converter/environment/library_path.dsv
[142.807s] -- Symlinking: /workspaces/isaac_ros-dev/software/library_ws/install/costmap_converter/share/costmap_converter//costmap_converter_plugins.xml
[142.816s] -- Symlinking: /workspaces/isaac_ros-dev/software/library_ws/install/costmap_converter/share/ament_index/resource_index/package_run_dependencies/costmap_converter
[142.827s] -- Symlinking: /workspaces/isaac_ros-dev/software/library_ws/install/costmap_converter/share/ament_index/resource_index/parent_prefix_path/costmap_converter
[142.840s] -- Symlinking: /workspaces/isaac_ros-dev/software/library_ws/install/costmap_converter/share/costmap_converter/environment/ament_prefix_path.sh
[142.849s] -- Symlinking: /workspaces/isaac_ros-dev/software/library_ws/install/costmap_converter/share/costmap_converter/environment/ament_prefix_path.dsv
[142.861s] -- Symlinking: /workspaces/isaac_ros-dev/software/library_ws/install/costmap_converter/share/costmap_converter/environment/path.sh
[142.870s] -- Symlinking: /workspaces/isaac_ros-dev/software/library_ws/install/costmap_converter/share/costmap_converter/environment/path.dsv
[142.882s] -- Symlinking: /workspaces/isaac_ros-dev/software/library_ws/install/costmap_converter/share/costmap_converter/local_setup.bash
[142.891s] -- Symlinking: /workspaces/isaac_ros-dev/software/library_ws/install/costmap_converter/share/costmap_converter/local_setup.sh
[142.900s] -- Symlinking: /workspaces/isaac_ros-dev/software/library_ws/install/costmap_converter/share/costmap_converter/local_setup.zsh
[142.911s] -- Symlinking: /workspaces/isaac_ros-dev/software/library_ws/install/costmap_converter/share/costmap_converter/local_setup.dsv
[142.920s] -- Symlinking: /workspaces/isaac_ros-dev/software/library_ws/install/costmap_converter/share/costmap_converter/package.dsv
[142.929s] -- Symlinking: /workspaces/isaac_ros-dev/software/library_ws/install/costmap_converter/share/ament_index/resource_index/packages/costmap_converter
[142.939s] -- Symlinking: /workspaces/isaac_ros-dev/software/library_ws/install/costmap_converter/share/ament_index/resource_index/costmap_converter__pluginlib__plugin/costmap_converter
[142.955s] -- Symlinking: /workspaces/isaac_ros-dev/software/library_ws/install/costmap_converter/share/costmap_converter/cmake/ament_cmake_export_include_directories-extras.cmake
[142.961s] -- Symlinking: /workspaces/isaac_ros-dev/software/library_ws/install/costmap_converter/share/costmap_converter/cmake/ament_cmake_export_libraries-extras.cmake
[142.971s] -- Symlinking: /workspaces/isaac_ros-dev/software/library_ws/install/costmap_converter/share/costmap_converter/cmake/ament_cmake_export_dependencies-extras.cmake
[142.980s] -- Symlinking: /workspaces/isaac_ros-dev/software/library_ws/install/costmap_converter/share/costmap_converter/cmake/costmap_converterConfig.cmake
[142.989s] -- Symlinking: /workspaces/isaac_ros-dev/software/library_ws/install/costmap_converter/share/costmap_converter/cmake/costmap_converterConfig-version.cmake
[142.998s] -- Symlinking: /workspaces/isaac_ros-dev/software/library_ws/install/costmap_converter/share/costmap_converter/package.xml
[143.011s] Invoked command in '/workspaces/isaac_ros-dev/software/library_ws/build/costmap_converter' returned '0': AMENT_PREFIX_PATH=/workspaces/isaac_ros-dev/software/library_ws/install/costmap_converter_msgs:${AMENT_PREFIX_PATH} CMAKE_PREFIX_PATH=/workspaces/isaac_ros-dev/software/library_ws/install/costmap_converter_msgs:/workspaces/isaac_ros-dev/yahboomcar_ws2/install/yahboomcar_msgs:/workspaces/isaac_ros-dev/yahboomcar_ws2/install/yahboomcar_base_node:/workspaces/isaac_ros-dev/software/library_ws/install/sllidar_ros2:/workspaces/isaac_ros-dev/software/library_ws/install/astra_camera_msgs:/workspaces/isaac_ros-dev/yahboomcar_ws2/install/yahboomcar_laser:/workspaces/isaac_ros-dev/yahboomcar_ws2/install/yahboomcar_description:/workspaces/isaac_ros-dev/yahboomcar_ws2/install/yahboomcar_ctrl:/workspaces/isaac_ros-dev/yahboomcar_ws2/install/yahboomcar_bringup:/workspaces/isaac_ros-dev/yahboomcar_ws2/install/robot_pose_publisher:/opt/ros/humble LD_LIBRARY_PATH=/workspaces/isaac_ros-dev/software/library_ws/install/costmap_converter_msgs/lib:/workspaces/isaac_ros-dev/yahboomcar_ws2/install/yahboomcar_msgs/lib:/workspaces/isaac_ros-dev/software/library_ws/install/astra_camera_msgs/lib:/opt/ros/humble/opt/rviz_ogre_vendor/lib:/opt/ros/humble/lib/aarch64-linux-gnu:/opt/ros/humble/lib:/usr/lib/aarch64-linux-gnu/tegra/weston:/usr/lib/aarch64-linux-gnu/tegra-egl:/usr/local/cuda-11.4/targets/aarch64-linux/lib:/usr/lib/aarch64-linux-gnu/tegra:/opt/nvidia/vpi2/lib64:/usr/lib/aarch64-linux-gnu-host:/opt/tritonserver/lib PYTHONPATH=/workspaces/isaac_ros-dev/software/library_ws/install/costmap_converter_msgs/lib/python3.8/site-packages:${PYTHONPATH} /usr/bin/cmake --install /workspaces/isaac_ros-dev/software/library_ws/build/costmap_converter
