[0.000000] (-) TimerEvent: {}
[0.000793] (-) JobUnselected: {'identifier': 'astra_camera_msgs'}
[0.001398] (-) JobUnselected: {'identifier': 'sllidar_ros2'}
[0.001750] (astra_camera) JobQueued: {'identifier': 'astra_camera', 'dependencies': OrderedDict([('astra_camera_msgs', '/workspaces/isaac_ros-dev/software/library_ws/install/astra_camera_msgs')])}
[0.001948] (astra_camera) JobStarted: {'identifier': 'astra_camera'}
[0.099469] (-) TimerEvent: {}
[0.195736] (astra_camera) JobProgress: {'identifier': 'astra_camera', 'progress': 'cmake'}
[0.198413] (astra_camera) Command: {'cmd': ['/usr/bin/cmake', '/workspaces/isaac_ros-dev/software/library_ws/src/ros2_astra_camera/astra_camera', '-DCMAKE_BUILD_TYPE=RelWithDebInfo', '-DAMENT_CMAKE_SYMLINK_INSTALL=1', '-DCMAKE_INSTALL_PREFIX=/workspaces/isaac_ros-dev/software/library_ws/install/astra_camera'], 'cwd': '/workspaces/isaac_ros-dev/software/library_ws/build/astra_camera', 'env': OrderedDict([('LESSOPEN', '| /usr/bin/lesspipe %s'), ('VSCODE_CWD', '/root/.vscode-server/bin/863d2581ecda6849923a2118d93a088b0745d9d6'), ('PYTHONWARNINGS', 'ignore:::setuptools.command.install,ignore:::setuptools.command.easy_install,ignore:::pkg_resources'), ('USER', 'mw'), ('VSCODE_NLS_CONFIG', '{"locale":"en","osLocale":"en","availableLanguages":{}}'), ('CAMERA_TYPE', 'astraplus'), ('VSCODE_HANDLES_UNCAUGHT_ERRORS', 'true'), ('HOSTNAME', 'marc-orin'), ('GIT_ASKPASS', '/root/.vscode-server/bin/863d2581ecda6849923a2118d93a088b0745d9d6/extensions/git/dist/askpass.sh'), ('SHLVL', '1'), ('LD_LIBRARY_PATH', '/workspaces/isaac_ros-dev/software/library_ws/install/astra_camera_msgs/lib:/workspaces/isaac_ros-dev/yahboomcar_ws2/install/yahboomcar_msgs/lib:/opt/ros/humble/opt/rviz_ogre_vendor/lib:/opt/ros/humble/lib/aarch64-linux-gnu:/opt/ros/humble/lib:/usr/lib/aarch64-linux-gnu/tegra/weston:/usr/lib/aarch64-linux-gnu/tegra-egl:/usr/local/cuda-11.4/targets/aarch64-linux/lib:/usr/lib/aarch64-linux-gnu/tegra:/opt/nvidia/vpi2/lib64:/usr/lib/aarch64-linux-gnu-host:/opt/tritonserver/lib'), ('BROWSER', '/root/.vscode-server/bin/863d2581ecda6849923a2118d93a088b0745d9d6/bin/helpers/browser.sh'), ('HOME', '/root'), ('TERM_PROGRAM_VERSION', '1.87.2'), ('VSCODE_IPC_HOOK_CLI', '/tmp/vscode-ipc-a67748c1-b010-4b03-941b-b2ec183cfbc7.sock'), ('APPLICATION_INSIGHTS_NO_DIAGNOSTIC_CHANNEL', '1'), ('ROS_PYTHON_VERSION', '3'), ('VSCODE_GIT_ASKPASS_MAIN', '/root/.vscode-server/bin/863d2581ecda6849923a2118d93a088b0745d9d6/extensions/git/dist/askpass-main.js'), ('VSCODE_GIT_ASKPASS_NODE', '/root/.vscode-server/bin/863d2581ecda6849923a2118d93a088b0745d9d6/node'), ('USER_UID', '1000'), ('COLORTERM', 'truecolor'), ('REMOTE_CONTAINERS', 'true'), ('_colcon_cd_root', '/root/yahboomcar_ros2_ws/yahboomcar_ws'), ('ROBOT_TYPE', 'x3'), ('VSCODE_L10N_BUNDLE_LOCATION', ''), ('COLCON_PREFIX_PATH', '/workspaces/isaac_ros-dev/software/library_ws/install:/workspaces/isaac_ros-dev/yahboomcar_ws2/install'), ('ROS_DISTRO', 'humble'), ('REMOTE_CONTAINERS_IPC', '/tmp/vscode-remote-containers-ipc-0dac57fe-98d2-4667-914b-ed6c4ebcb1f2.sock'), ('_', '/usr/bin/colcon'), ('VSCODE_HANDLES_SIGPIPE', 'true'), ('ROS_VERSION', '2'), ('NVIDIA_DRIVER_CAPABILITIES', 'all'), ('USERNAME', 'admin'), ('TERM', 'xterm-256color'), ('ROS_LOCALHOST_ONLY', '0'), ('PATH', '/root/.vscode-server/bin/863d2581ecda6849923a2118d93a088b0745d9d6/bin/remote-cli:/opt/ros/humble/bin:/usr/local/sbin:/usr/local/bin:/usr/sbin:/usr/bin:/sbin:/bin:/opt/nvidia/tao:/usr/local/cuda/bin'), ('FASTRTPS_DEFAULT_PROFILES_FILE', '/usr/local/share/middleware_profiles/rtps_udp_profile.xml'), ('VSCODE_AMD_ENTRYPOINT', 'vs/workbench/api/node/extensionHostProcess'), ('VSCODE_AGENT_FOLDER', '/root/.vscode-server'), ('REMOTE_CONTAINERS_SOCKETS', '["/tmp/vscode-ssh-auth-0dac57fe-98d2-4667-914b-ed6c4ebcb1f2.sock","/tmp/.X11-unix/X1","/root/.gnupg/S.gpg-agent"]'), ('DISPLAY', ':0'), ('LD_PRELOAD', '/usr/lib/aarch64-linux-gnu/libgomp.so.1'), ('LANG', 'en_US.UTF-8'), ('RMW_IMPLEMENTATION', 'rmw_fastrtps_cpp'), ('LS_COLORS', ''), ('VSCODE_GIT_IPC_HANDLE', '/tmp/vscode-git-3a859f14de.sock'), ('ROS_ROOT', '/opt/ros/humble'), ('TERM_PROGRAM', 'vscode'), ('SSH_AUTH_SOCK', '/tmp/vscode-ssh-auth-0dac57fe-98d2-4667-914b-ed6c4ebcb1f2.sock'), ('ROS_DOMAIN_ID', '32'), ('AMENT_PREFIX_PATH', '/workspaces/isaac_ros-dev/yahboomcar_ws2/install/yahboomcar_msgs:/workspaces/isaac_ros-dev/yahboomcar_ws2/install/yahboomcar_laser:/workspaces/isaac_ros-dev/yahboomcar_ws2/install/yahboomcar_description:/workspaces/isaac_ros-dev/yahboomcar_ws2/install/yahboomcar_ctrl:/workspaces/isaac_ros-dev/yahboomcar_ws2/install/yahboomcar_bringup:/workspaces/isaac_ros-dev/yahboomcar_ws2/install/yahboomcar_base_node:/workspaces/isaac_ros-dev/yahboomcar_ws2/install/robot_pose_publisher:/workspaces/isaac_ros-dev/software/library_ws/install/sllidar_ros2:/workspaces/isaac_ros-dev/software/library_ws/install/astra_camera_msgs:/opt/ros/humble'), ('DEBIAN_FRONTEND', 'noninteractive'), ('REMOTE_CONTAINERS_DISPLAY_SOCK', '/tmp/.X11-unix/X1'), ('SHELL', '/bin/bash'), ('ELECTRON_RUN_AS_NODE', '1'), ('LESSCLOSE', '/usr/bin/lesspipe %s %s'), ('VSCODE_GIT_ASKPASS_EXTRA_ARGS', ''), ('RPLIDAR_TYPE', 's2'), ('PWD', '/workspaces/isaac_ros-dev/software/library_ws/build/astra_camera'), ('PYTHONPATH', '/workspaces/isaac_ros-dev/software/library_ws/install/astra_camera_msgs/lib/python3.8/site-packages:/workspaces/isaac_ros-dev/yahboomcar_ws2/install/yahboomcar_msgs/lib/python3.8/site-packages:/workspaces/isaac_ros-dev/yahboomcar_ws2/build/yahboomcar_laser:/workspaces/isaac_ros-dev/yahboomcar_ws2/install/yahboomcar_laser/lib/python3.8/site-packages:/workspaces/isaac_ros-dev/yahboomcar_ws2/build/yahboomcar_description:/workspaces/isaac_ros-dev/yahboomcar_ws2/install/yahboomcar_description/lib/python3.8/site-packages:/workspaces/isaac_ros-dev/yahboomcar_ws2/build/yahboomcar_ctrl:/workspaces/isaac_ros-dev/yahboomcar_ws2/install/yahboomcar_ctrl/lib/python3.8/site-packages:/workspaces/isaac_ros-dev/yahboomcar_ws2/build/yahboomcar_bringup:/workspaces/isaac_ros-dev/yahboomcar_ws2/install/yahboomcar_bringup/lib/python3.8/site-packages:/workspaces/isaac_ros-dev/yahboomcar_ws2/build/robot_pose_publisher:/workspaces/isaac_ros-dev/yahboomcar_ws2/install/robot_pose_publisher/lib/python3.8/site-packages:/opt/ros/humble/lib/python3.8/site-packages'), ('NVIDIA_VISIBLE_DEVICES', 'all'), ('USER_GID', '1000'), ('COLCON', '1'), ('CMAKE_PREFIX_PATH', '/workspaces/isaac_ros-dev/software/library_ws/install/astra_camera_msgs:/workspaces/isaac_ros-dev/yahboomcar_ws2/install/yahboomcar_msgs:/workspaces/isaac_ros-dev/yahboomcar_ws2/install/yahboomcar_base_node:/workspaces/isaac_ros-dev/software/library_ws/install/sllidar_ros2:/workspaces/isaac_ros-dev/yahboomcar_ws2/install/yahboomcar_laser:/workspaces/isaac_ros-dev/yahboomcar_ws2/install/yahboomcar_description:/workspaces/isaac_ros-dev/yahboomcar_ws2/install/yahboomcar_ctrl:/workspaces/isaac_ros-dev/yahboomcar_ws2/install/yahboomcar_bringup:/workspaces/isaac_ros-dev/yahboomcar_ws2/install/robot_pose_publisher:/opt/ros/humble')]), 'shell': False}
[0.201731] (-) TimerEvent: {}
[0.302799] (-) TimerEvent: {}
[0.337750] (astra_camera) StdoutLine: {'line': b'-- The C compiler identification is GNU 9.4.0\n'}
[0.402937] (-) TimerEvent: {}
[0.458281] (astra_camera) StdoutLine: {'line': b'-- The CXX compiler identification is GNU 9.4.0\n'}
[0.474712] (astra_camera) StdoutLine: {'line': b'-- Detecting C compiler ABI info\n'}
[0.503145] (-) TimerEvent: {}
[0.603992] (-) TimerEvent: {}
[0.611359] (astra_camera) StdoutLine: {'line': b'-- Detecting C compiler ABI info - done\n'}
[0.629089] (astra_camera) StdoutLine: {'line': b'-- Check for working C compiler: /usr/bin/cc - skipped\n'}
[0.629824] (astra_camera) StdoutLine: {'line': b'-- Detecting C compile features\n'}
[0.630658] (astra_camera) StdoutLine: {'line': b'-- Detecting C compile features - done\n'}
[0.637537] (astra_camera) StdoutLine: {'line': b'-- Detecting CXX compiler ABI info\n'}
[0.704191] (-) TimerEvent: {}
[0.789364] (astra_camera) StdoutLine: {'line': b'-- Detecting CXX compiler ABI info - done\n'}
[0.804325] (-) TimerEvent: {}
[0.807060] (astra_camera) StdoutLine: {'line': b'-- Check for working CXX compiler: /usr/bin/c++ - skipped\n'}
[0.808023] (astra_camera) StdoutLine: {'line': b'-- Detecting CXX compile features\n'}
[0.808964] (astra_camera) StdoutLine: {'line': b'-- Detecting CXX compile features - done\n'}
[0.820101] (astra_camera) StdoutLine: {'line': b'-- Found ament_cmake: 1.3.6 (/opt/ros/humble/share/ament_cmake/cmake)\n'}
[0.904573] (-) TimerEvent: {}
[1.005285] (-) TimerEvent: {}
[1.108368] (-) TimerEvent: {}
[1.208998] (-) TimerEvent: {}
[1.309704] (-) TimerEvent: {}
[1.410502] (-) TimerEvent: {}
[1.511166] (-) TimerEvent: {}
[1.611924] (-) TimerEvent: {}
[1.712665] (-) TimerEvent: {}
[1.813414] (-) TimerEvent: {}
[1.914112] (-) TimerEvent: {}
[2.014971] (-) TimerEvent: {}
[2.115797] (-) TimerEvent: {}
[2.216570] (-) TimerEvent: {}
[2.317198] (-) TimerEvent: {}
[2.417826] (-) TimerEvent: {}
[2.518510] (-) TimerEvent: {}
[2.619147] (-) TimerEvent: {}
[2.719799] (-) TimerEvent: {}
[2.820471] (-) TimerEvent: {}
[2.902555] (astra_camera) StdoutLine: {'line': b'-- Found Python3: /usr/bin/python3.8 (found version "3.8.10") found components: Interpreter \n'}
[2.920765] (-) TimerEvent: {}
[3.021469] (-) TimerEvent: {}
[3.068025] (astra_camera) StdoutLine: {'line': b'-- Override CMake install command with custom implementation using symlinks instead of copying resources\n'}
[3.121671] (-) TimerEvent: {}
[3.171418] (astra_camera) StdoutLine: {'line': b'-- Found ament_index_cpp: 1.4.0 (/opt/ros/humble/share/ament_index_cpp/cmake)\n'}
[3.173287] (astra_camera) StdoutLine: {'line': b'-- Found astra_camera_msgs: 1.0.1 (/workspaces/isaac_ros-dev/software/library_ws/install/astra_camera_msgs/share/astra_camera_msgs/cmake)\n'}
[3.221814] (-) TimerEvent: {}
[3.289986] (astra_camera) StdoutLine: {'line': b'-- Found rosidl_generator_c: 3.1.5 (/opt/ros/humble/share/rosidl_generator_c/cmake)\n'}
[3.306038] (astra_camera) StdoutLine: {'line': b'-- Found rosidl_adapter: 3.1.5 (/opt/ros/humble/share/rosidl_adapter/cmake)\n'}
[3.322034] (-) TimerEvent: {}
[3.331609] (astra_camera) StdoutLine: {'line': b'-- Found rosidl_generator_cpp: 3.1.5 (/opt/ros/humble/share/rosidl_generator_cpp/cmake)\n'}
[3.369523] (astra_camera) StdoutLine: {'line': b'-- Using all available rosidl_typesupport_c: rosidl_typesupport_fastrtps_c;rosidl_typesupport_introspection_c\n'}
[3.421304] (astra_camera) StdoutLine: {'line': b'-- Using all available rosidl_typesupport_cpp: rosidl_typesupport_fastrtps_cpp;rosidl_typesupport_introspection_cpp\n'}
[3.422081] (-) TimerEvent: {}
[3.522575] (-) TimerEvent: {}
[3.623260] (-) TimerEvent: {}
[3.723993] (-) TimerEvent: {}
[3.825016] (-) TimerEvent: {}
[3.925734] (-) TimerEvent: {}
[4.026497] (-) TimerEvent: {}
[4.066721] (astra_camera) StdoutLine: {'line': b'-- Found camera_info_manager: 3.1.7 (/opt/ros/humble/share/camera_info_manager/cmake)\n'}
[4.126635] (-) TimerEvent: {}
[4.227332] (-) TimerEvent: {}
[4.270465] (astra_camera) StdoutLine: {'line': b'-- Found rmw_implementation_cmake: 6.1.1 (/opt/ros/humble/share/rmw_implementation_cmake/cmake)\n'}
[4.283763] (astra_camera) StdoutLine: {'line': b'-- Found rmw_fastrtps_cpp: 6.2.5 (/opt/ros/humble/share/rmw_fastrtps_cpp/cmake)\n'}
[4.327519] (-) TimerEvent: {}
[4.428260] (-) TimerEvent: {}
[4.528999] (-) TimerEvent: {}
[4.629732] (-) TimerEvent: {}
[4.654044] (astra_camera) StdoutLine: {'line': b'-- Found OpenSSL: /usr/lib/aarch64-linux-gnu/libcrypto.so (found version "1.1.1f")  \n'}
[4.729919] (-) TimerEvent: {}
[4.749191] (astra_camera) StdoutLine: {'line': b'-- Found FastRTPS: /opt/ros/humble/include  \n'}
[4.830103] (-) TimerEvent: {}
[4.905529] (astra_camera) StdoutLine: {'line': b"-- Using RMW implementation 'rmw_fastrtps_cpp' as default\n"}
[4.930307] (-) TimerEvent: {}
[4.938462] (astra_camera) StdoutLine: {'line': b'-- Looking for pthread.h\n'}
[5.030510] (-) TimerEvent: {}
[5.088197] (astra_camera) StdoutLine: {'line': b'-- Looking for pthread.h - found\n'}
[5.088883] (astra_camera) StdoutLine: {'line': b'-- Performing Test CMAKE_HAVE_LIBC_PTHREAD\n'}
[5.130662] (-) TimerEvent: {}
[5.231568] (-) TimerEvent: {}
[5.238268] (astra_camera) StdoutLine: {'line': b'-- Performing Test CMAKE_HAVE_LIBC_PTHREAD - Failed\n'}
[5.239937] (astra_camera) StdoutLine: {'line': b'-- Looking for pthread_create in pthreads\n'}
[5.333238] (-) TimerEvent: {}
[5.381797] (astra_camera) StdoutLine: {'line': b'-- Looking for pthread_create in pthreads - not found\n'}
[5.382330] (astra_camera) StdoutLine: {'line': b'-- Looking for pthread_create in pthread\n'}
[5.433425] (-) TimerEvent: {}
[5.534207] (-) TimerEvent: {}
[5.548581] (astra_camera) StdoutLine: {'line': b'-- Looking for pthread_create in pthread - found\n'}
[5.551091] (astra_camera) StdoutLine: {'line': b'-- Found Threads: TRUE  \n'}
[5.634386] (-) TimerEvent: {}
[5.735123] (-) TimerEvent: {}
[5.835871] (-) TimerEvent: {}
[5.936596] (-) TimerEvent: {}
[5.979496] (astra_camera) StdoutLine: {'line': b'-- Found class_loader: 2.2.0 (/opt/ros/humble/share/class_loader/cmake)\n'}
[5.993855] (astra_camera) StdoutLine: {'line': b'-- Found cv_bridge: 3.2.1 (/opt/ros/humble/share/cv_bridge/cmake)\n'}
[6.036845] (-) TimerEvent: {}
[6.041833] (astra_camera) StdoutLine: {'line': b'-- Found message_filters: 4.3.3 (/opt/ros/humble/share/message_filters/cmake)\n'}
[6.070484] (astra_camera) StdoutLine: {'line': b'-- Found image_geometry: 3.2.1 (/opt/ros/humble/share/image_geometry/cmake)\n'}
[6.092317] (astra_camera) StdoutLine: {'line': b'-- Found image_publisher: 3.0.0 (/opt/ros/humble/share/image_publisher/cmake)\n'}
[6.137063] (-) TimerEvent: {}
[6.237752] (-) TimerEvent: {}
[6.339544] (-) TimerEvent: {}
[6.348483] (astra_camera) StdoutLine: {'line': b'-- Found OpenCV: /usr (found version "4.2.0") \n'}
[6.356858] (astra_camera) StdoutLine: {'line': b'-- Found std_srvs: 4.2.3 (/opt/ros/humble/share/std_srvs/cmake)\n'}
[6.401001] (astra_camera) StdoutLine: {'line': b'-- Found tf2: 0.25.5 (/opt/ros/humble/share/tf2/cmake)\n'}
[6.422469] (astra_camera) StdoutLine: {'line': b'-- Found tf2_eigen: 0.25.5 (/opt/ros/humble/share/tf2_eigen/cmake)\n'}
[6.439735] (-) TimerEvent: {}
[6.540509] (-) TimerEvent: {}
[6.641232] (-) TimerEvent: {}
[6.741995] (-) TimerEvent: {}
[6.842761] (-) TimerEvent: {}
[6.943505] (-) TimerEvent: {}
[6.979121] (astra_camera) StdoutLine: {'line': b'-- Found tf2_sensor_msgs: 0.25.5 (/opt/ros/humble/share/tf2_sensor_msgs/cmake)\n'}
[7.032808] (astra_camera) StdoutLine: {'line': b'-- Found PkgConfig: /usr/bin/pkg-config (found version "0.29.1") \n'}
[7.033799] (astra_camera) StdoutLine: {'line': b"-- Checking for one of the modules 'libuvc'\n"}
[7.043712] (-) TimerEvent: {}
[7.044776] (astra_camera) StderrLine: {'line': b'\x1b[31mCMake Error at /usr/share/cmake-3.22/Modules/FindPkgConfig.cmake:890 (message):\n'}
[7.045959] (astra_camera) StderrLine: {'line': b"  None of the required 'libuvc' found\n"}
[7.046210] (astra_camera) StderrLine: {'line': b'Call Stack (most recent call first):\n'}
[7.046391] (astra_camera) StderrLine: {'line': b'  CMakeLists.txt:44 (pkg_search_module)\n'}
[7.046594] (astra_camera) StderrLine: {'line': b'\n'}
[7.046751] (astra_camera) StderrLine: {'line': b'\x1b[0m\n'}
[7.046899] (astra_camera) StderrLine: {'line': b'\x1b[31mCMake Error at CMakeLists.txt:46 (message):\n'}
[7.047045] (astra_camera) StderrLine: {'line': b'  libuvc is not found\n'}
[7.047187] (astra_camera) StderrLine: {'line': b'\n'}
[7.047322] (astra_camera) StderrLine: {'line': b'\x1b[0m\n'}
[7.047464] (astra_camera) StdoutLine: {'line': b'-- Configuring incomplete, errors occurred!\n'}
[7.047644] (astra_camera) StdoutLine: {'line': b'See also "/workspaces/isaac_ros-dev/software/library_ws/build/astra_camera/CMakeFiles/CMakeOutput.log".\n'}
[7.047791] (astra_camera) StdoutLine: {'line': b'See also "/workspaces/isaac_ros-dev/software/library_ws/build/astra_camera/CMakeFiles/CMakeError.log".\n'}
[7.083223] (astra_camera) CommandEnded: {'returncode': 1}
[7.143982] (-) TimerEvent: {}
[7.188655] (astra_camera) JobEnded: {'identifier': 'astra_camera', 'rc': 1}
[7.200571] (-) EventReactorShutdown: {}
