Performing C SOURCE FILE Test CMAKE_HAVE_LIBC_PTHREAD failed with the following output:
Change Dir: /workspaces/isaac_ros-dev/software/library_ws/build/astra_camera/CMakeFiles/CMakeTmp

Run Build Command(s):/usr/bin/make -f Makefile cmTC_5213e/fast && /usr/bin/make  -f CMakeFiles/cmTC_5213e.dir/build.make CMakeFiles/cmTC_5213e.dir/build
make[1]: Entering directory '/workspaces/isaac_ros-dev/software/library_ws/build/astra_camera/CMakeFiles/CMakeTmp'
Building C object CMakeFiles/cmTC_5213e.dir/src.c.o
/usr/bin/cc -DCMAKE_HAVE_LIBC_PTHREAD  -fPIC -O3  -std=gnu11 -o CMakeFiles/cmTC_5213e.dir/src.c.o -c /workspaces/isaac_ros-dev/software/library_ws/build/astra_camera/CMakeFiles/CMakeTmp/src.c
Linking C executable cmTC_5213e
/usr/bin/cmake -E cmake_link_script CMakeFiles/cmTC_5213e.dir/link.txt --verbose=1
/usr/bin/cc  -fPIC -O3  CMakeFiles/cmTC_5213e.dir/src.c.o -o cmTC_5213e 
/usr/bin/ld: CMakeFiles/cmTC_5213e.dir/src.c.o: in function `main':
src.c:(.text.startup+0x30): undefined reference to `pthread_create'
/usr/bin/ld: src.c:(.text.startup+0x38): undefined reference to `pthread_detach'
/usr/bin/ld: src.c:(.text.startup+0x40): undefined reference to `pthread_cancel'
/usr/bin/ld: src.c:(.text.startup+0x4c): undefined reference to `pthread_join'
collect2: error: ld returned 1 exit status
make[1]: *** [CMakeFiles/cmTC_5213e.dir/build.make:99: cmTC_5213e] Error 1
make[1]: Leaving directory '/workspaces/isaac_ros-dev/software/library_ws/build/astra_camera/CMakeFiles/CMakeTmp'
make: *** [Makefile:127: cmTC_5213e/fast] Error 2


Source file was:
#include <pthread.h>

static void* test_func(void* data)
{
  return data;
}

int main(void)
{
  pthread_t thread;
  pthread_create(&thread, NULL, test_func, NULL);
  pthread_detach(thread);
  pthread_cancel(thread);
  pthread_join(thread, NULL);
  pthread_atfork(NULL, NULL, NULL);
  pthread_exit(NULL);

  return 0;
}

Determining if the function pthread_create exists in the pthreads failed with the following output:
Change Dir: /workspaces/isaac_ros-dev/software/library_ws/build/astra_camera/CMakeFiles/CMakeTmp

Run Build Command(s):/usr/bin/make -f Makefile cmTC_212f4/fast && /usr/bin/make  -f CMakeFiles/cmTC_212f4.dir/build.make CMakeFiles/cmTC_212f4.dir/build
make[1]: Entering directory '/workspaces/isaac_ros-dev/software/library_ws/build/astra_camera/CMakeFiles/CMakeTmp'
Building C object CMakeFiles/cmTC_212f4.dir/CheckFunctionExists.c.o
/usr/bin/cc   -fPIC -O3 -DCHECK_FUNCTION_EXISTS=pthread_create -std=gnu11 -o CMakeFiles/cmTC_212f4.dir/CheckFunctionExists.c.o -c /usr/share/cmake-3.22/Modules/CheckFunctionExists.c
Linking C executable cmTC_212f4
/usr/bin/cmake -E cmake_link_script CMakeFiles/cmTC_212f4.dir/link.txt --verbose=1
/usr/bin/cc  -fPIC -O3 -DCHECK_FUNCTION_EXISTS=pthread_create CMakeFiles/cmTC_212f4.dir/CheckFunctionExists.c.o -o cmTC_212f4  -lpthreads 
/usr/bin/ld: cannot find -lpthreads
collect2: error: ld returned 1 exit status
make[1]: *** [CMakeFiles/cmTC_212f4.dir/build.make:99: cmTC_212f4] Error 1
make[1]: Leaving directory '/workspaces/isaac_ros-dev/software/library_ws/build/astra_camera/CMakeFiles/CMakeTmp'
make: *** [Makefile:127: cmTC_212f4/fast] Error 2



